9.70 7.88 4.46 4/3234 15762
9.70 7.88 4.46 4/3259 15837
9.48 7.87 4.48 5/3261 15863
9.48 7.87 4.48 3/3254 15883
9.48 7.87 4.48 3/3253 15903
9.48 7.87 4.48 2/3242 15926
9.48 7.87 4.48 2/3241 15945
9.28 7.85 4.49 2/3241 15966
9.28 7.85 4.49 7/3245 15989
9.28 7.85 4.49 2/3248 16015
9.28 7.85 4.49 6/3248 16042
9.28 7.85 4.49 4/3248 16062
9.42 7.91 4.53 4/3247 16081
9.42 7.91 4.53 2/3246 16100
9.42 7.91 4.53 7/3246 16119
9.42 7.91 4.53 4/3246 16138
9.42 7.91 4.53 4/3246 16157
9.23 7.89 4.54 2/3246 16176
9.23 7.89 4.54 5/3246 16195
9.23 7.89 4.54 6/3246 16214
9.23 7.89 4.54 4/3246 16233
9.23 7.89 4.54 5/3246 16252
9.21 7.91 4.57 12/3246 16274
9.21 7.91 4.57 3/3252 16301
9.21 7.91 4.57 5/3244 16321
9.21 7.91 4.57 4/3244 16340
9.21 7.91 4.57 1/3244 16359
9.03 7.89 4.58 10/3244 16378
9.03 7.89 4.58 4/3244 16397
9.03 7.89 4.58 4/3244 16416
9.03 7.89 4.58 6/3244 16435
9.03 7.89 4.58 12/3244 16454
9.03 7.89 4.58 9/3235 16473
8.87 7.88 4.59 3/3221 16492
8.87 7.88 4.59 8/3221 16512
8.87 7.88 4.59 3/3221 16531
8.87 7.88 4.59 4/3221 16550
8.96 7.91 4.62 4/3217 16571
8.96 7.91 4.62 3/3203 16602
8.96 7.91 4.62 7/3203 16621
8.96 7.91 4.62 7/3203 16640
8.96 7.91 4.62 5/3200 16659
8.96 7.91 4.62 8/3200 16678
8.96 7.93 4.64 9/3197 16697
8.96 7.93 4.64 2/3203 16723
8.96 7.93 4.64 6/3203 16744
8.96 7.93 4.64 5/3196 16764
8.96 7.93 4.64 6/3196 16783
8.80 7.92 4.66 5/3196 16802
8.80 7.92 4.66 2/3196 16821
8.80 7.92 4.66 2/3198 16842
8.80 7.92 4.66 5/3198 16861
8.82 7.93 4.68 4/3197 16882
8.82 7.93 4.68 6/3197 16901
8.82 7.93 4.68 8/3195 16920
8.82 7.93 4.68 4/3195 16939
8.82 7.93 4.68 5/3195 16958
8.67 7.92 4.69 6/3186 16979
8.67 7.92 4.69 6/3185 16998
8.67 7.92 4.69 2/3176 17017
8.67 7.92 4.69 5/3176 17036
8.67 7.92 4.69 3/3174 17055
8.67 7.92 4.69 3/3172 17074
9.10 8.02 4.74 5/3170 17093
9.10 8.02 4.74 3/3165 17112
9.10 8.02 4.74 7/3165 17131
9.10 8.02 4.74 7/3172 17158
9.10 8.02 4.74 7/3165 17180
8.85 7.99 4.75 5/3166 17201
8.85 7.99 4.75 5/3164 17220
8.85 7.99 4.75 3/3164 17239
8.85 7.99 4.75 4/3164 17258
8.85 7.99 4.75 2/3165 17278
8.87 8.00 4.77 3/3165 17297
8.87 8.00 4.77 2/3165 17316
8.87 8.00 4.77 2/3165 17335
8.87 8.00 4.77 4/3165 17354
8.87 8.00 4.77 3/3165 17373
8.88 8.02 4.80 5/3165 17392
8.88 8.02 4.80 5/3165 17411
8.88 8.02 4.80 3/3165 17431
8.88 8.02 4.80 5/3165 17450
8.88 8.02 4.80 2/3165 17471
8.73 8.00 4.81 4/3165 17490
8.73 8.00 4.81 1/3165 17509
8.73 8.00 4.81 3/3165 17528
8.73 8.00 4.81 4/3165 17547
8.73 8.00 4.81 5/3172 17574
8.91 8.05 4.84 5/3172 17594
8.91 8.05 4.84 6/3165 17613
8.91 8.05 4.84 7/3165 17632
8.91 8.05 4.84 6/3165 17651
8.91 8.05 4.84 5/3158 17673
9.08 8.10 4.88 5/3158 17692
9.08 8.10 4.88 6/3158 17715
9.08 8.10 4.88 4/3158 17734
9.08 8.10 4.88 7/3158 17753
9.08 8.10 4.88 7/3158 17774
9.15 8.13 4.90 5/3158 17801
9.15 8.13 4.90 8/3158 17824
9.15 8.13 4.90 4/3158 17843
9.15 8.13 4.90 6/3158 17862
9.15 8.13 4.90 6/3158 17881
9.30 8.18 4.94 6/3158 17901
9.30 8.18 4.94 3/3158 17920
9.30 8.18 4.94 5/3158 17939
9.30 8.18 4.94 8/3158 17958
9.30 8.18 4.94 8/2993 17979
9.68 8.28 4.99 7/2896 18005
9.68 8.28 4.99 5/2900 18029
9.68 8.28 4.99 4/2893 18049
9.68 8.28 4.99 5/2893 18068
9.68 8.28 4.99 4/2893 18089
9.54 8.27 5.00 7/2896 18112
9.54 8.27 5.00 4/2896 18132
9.54 8.27 5.00 7/2896 18151
9.54 8.27 5.00 6/2896 18170
9.54 8.27 5.00 4/2896 18190
9.34 8.25 5.01 5/2896 18209
9.34 8.25 5.01 4/2896 18228
9.34 8.25 5.01 4/2896 18247
9.34 8.25 5.01 5/2896 18266
9.34 8.25 5.01 4/2896 18285
9.07 8.21 5.02 4/2896 18304
9.07 8.21 5.02 7/2896 18323
9.07 8.21 5.02 5/2896 18342
9.07 8.21 5.02 4/2896 18362
9.07 8.21 5.02 5/2896 18383
8.90 8.19 5.03 2/2896 18402
8.90 8.19 5.03 6/2896 18421
8.90 8.19 5.03 6/2903 18448
8.90 8.19 5.03 3/2896 18468
8.90 8.19 5.03 11/2896 18487
8.67 8.16 5.03 8/2896 18506
8.67 8.16 5.03 5/2896 18525
8.67 8.16 5.03 6/2896 18544
8.67 8.16 5.03 4/2896 18563
8.67 8.16 5.03 8/2897 18584
8.70 8.17 5.06 8/2897 18603
8.70 8.17 5.06 6/2897 18622
8.70 8.17 5.06 4/2897 18641
8.70 8.17 5.06 6/2897 18660
8.70 8.17 5.06 5/2897 18681
9.36 8.32 5.12 4/2897 18700
9.36 8.32 5.12 1/2897 18719
9.36 8.32 5.12 5/2897 18738
9.36 8.32 5.12 4/2897 18757
9.36 8.32 5.12 5/2897 18776
9.33 8.33 5.14 4/2897 18795
