648.50 2187.82
649.44 2190.96
650.43 2194.37
651.43 2198.26
652.44 2202.28
653.44 2206.67
654.44 2210.93
655.44 2214.94
656.43 2218.76
657.43 2222.31
658.43 2225.98
659.43 2229.57
660.43 2233.16
661.42 2236.67
662.43 2240.18
663.43 2243.70
664.42 2247.12
665.44 2250.47
666.43 2253.89
667.43 2257.38
668.43 2260.72
669.43 2264.19
670.44 2267.59
671.42 2270.56
672.43 2273.62
673.44 2276.74
674.43 2280.05
675.44 2283.44
676.44 2286.82
677.43 2290.11
678.42 2293.46
679.44 2296.91
680.43 2300.25
681.43 2303.60
682.44 2306.95
683.43 2310.21
684.43 2313.59
685.44 2316.87
686.43 2320.05
687.43 2323.40
688.43 2326.72
689.43 2330.10
690.43 2333.36
691.44 2336.63
692.43 2339.89
693.43 2342.82
694.42 2345.87
695.43 2349.14
696.43 2352.46
697.44 2355.87
698.45 2359.17
699.43 2362.47
700.44 2365.81
701.43 2369.02
702.43 2372.37
703.47 2375.84
704.43 2378.99
705.42 2382.28
706.43 2385.56
707.43 2388.87
708.42 2392.19
709.43 2395.46
710.44 2398.79
711.42 2401.90
712.44 2405.20
713.43 2408.50
714.43 2411.42
715.43 2414.31
716.43 2417.55
717.44 2420.74
718.43 2424.04
719.43 2427.22
720.43 2430.43
721.42 2433.71
722.44 2436.83
723.43 2440.12
724.43 2443.22
725.44 2446.28
726.43 2449.45
727.44 2452.25
728.46 2455.28
729.45 2458.27
730.44 2461.21
731.44 2464.20
732.44 2467.33
733.44 2470.44
734.44 2473.56
735.43 2476.47
736.44 2479.19
737.43 2482.16
738.43 2485.26
739.44 2488.47
740.43 2491.54
741.43 2494.58
742.43 2497.65
743.43 2500.74
744.44 2503.90
745.44 2507.07
746.44 2510.03
747.44 2513.15
748.44 2516.28
749.43 2519.34
750.44 2522.54
751.44 2525.51
752.44 2528.62
753.44 2531.76
754.44 2534.60
755.43 2535.87
756.43 2537.70
757.44 2540.07
758.44 2542.96
759.43 2545.99
760.44 2549.15
761.44 2552.15
762.44 2555.11
763.43 2558.17
764.43 2561.21
765.44 2564.09
766.43 2567.13
767.44 2570.14
768.44 2573.19
769.45 2576.26
770.43 2579.25
771.44 2582.26
772.44 2585.25
773.44 2588.28
774.43 2591.33
775.43 2594.18
776.44 2597.01
777.43 2600.02
778.43 2602.83
779.44 2605.57
780.44 2608.56
781.44 2611.50
782.44 2614.60
783.44 2617.55
784.44 2620.51
785.44 2623.42
786.44 2626.32
787.43 2629.36
788.43 2632.36
789.44 2635.39
790.44 2638.48
791.44 2641.18
792.43 2644.17
793.43 2647.23
794.44 2650.22
795.44 2653.25
796.44 2656.24
