10.17 9.10 8.60 4/2866 14978
10.17 9.10 8.60 5/2888 15051
10.07 9.10 8.61 2/2878 15076
10.07 9.10 8.61 4/2878 15095
10.07 9.10 8.61 2/2877 15114
10.07 9.10 8.61 3/2866 15137
10.07 9.10 8.61 6/2867 15157
9.75 9.05 8.59 3/2870 15179
9.75 9.05 8.59 2/2870 15198
9.75 9.05 8.59 5/2871 15227
9.75 9.05 8.59 6/2871 15254
9.75 9.05 8.59 2/2871 15274
9.53 9.01 8.58 3/2870 15293
9.53 9.01 8.58 5/2876 15320
9.53 9.01 8.58 6/2869 15340
9.53 9.01 8.58 4/2869 15359
9.53 9.01 8.58 6/2869 15378
9.49 9.01 8.59 1/2869 15397
9.49 9.01 8.59 2/2869 15416
9.49 9.01 8.59 4/2869 15435
9.49 9.01 8.59 5/2870 15455
9.49 9.01 8.59 1/2870 15474
9.21 8.96 8.57 3/2869 15493
9.21 8.96 8.57 3/2868 15513
9.21 8.96 8.57 2/2869 15536
9.21 8.96 8.57 5/2869 15555
9.21 8.96 8.57 10/2869 15574
8.87 8.90 8.55 5/2869 15593
8.87 8.90 8.55 2/2869 15612
8.87 8.90 8.55 9/2869 15631
8.87 8.90 8.55 4/2869 15650
8.87 8.90 8.55 4/2869 15669
8.96 8.91 8.56 4/2867 15688
8.96 8.91 8.56 3/2861 15707
8.96 8.91 8.56 7/2868 15735
8.96 8.91 8.56 5/2868 15754
8.96 8.91 8.56 6/2861 15774
8.88 8.90 8.56 6/2861 15793
8.88 8.90 8.56 5/2854 15812
8.88 8.90 8.56 5/2854 15831
8.88 8.90 8.56 5/2853 15850
8.88 8.90 8.56 5/2853 15869
8.73 8.87 8.55 3/2853 15888
8.73 8.87 8.55 5/2852 15907
8.73 8.87 8.55 6/2851 15926
8.73 8.87 8.55 5/2851 15945
8.73 8.87 8.55 5/2851 15966
8.75 8.87 8.55 3/2851 15985
8.75 8.87 8.55 2/2851 16004
8.75 8.87 8.55 3/2851 16023
8.75 8.87 8.55 5/2851 16042
8.75 8.87 8.55 6/2851 16061
8.69 8.86 8.55 8/2850 16080
8.69 8.86 8.55 7/2850 16099
8.69 8.86 8.55 7/2866 16134
8.69 8.86 8.55 11/2918 16212
8.69 8.86 8.55 5/2926 16240
9.28 8.97 8.59 5/2923 16269
9.28 8.97 8.59 5/2920 16289
9.28 8.97 8.59 2/2916 16308
9.28 8.97 8.59 5/2909 16328
9.28 8.97 8.59 5/2909 16347
9.34 8.99 8.59 3/2905 16367
9.34 8.99 8.59 5/2902 16386
9.34 8.99 8.59 2/2900 16405
9.34 8.99 8.59 6/2900 16424
9.34 8.99 8.59 5/2900 16443
9.39 9.01 8.60 8/2900 16465
9.39 9.01 8.60 9/2900 16484
9.39 9.01 8.60 3/2900 16504
9.39 9.01 8.60 9/2900 16523
9.39 9.01 8.60 6/2900 16546
9.52 9.04 8.62 12/2904 16581
9.52 9.04 8.62 4/2903 16600
9.52 9.04 8.62 4/2899 16619
9.52 9.04 8.62 4/2899 16638
9.52 9.04 8.62 3/2899 16657
9.64 9.07 8.63 5/2906 16684
9.64 9.07 8.63 4/2906 16704
9.64 9.07 8.63 5/2899 16723
9.64 9.07 8.63 4/2899 16742
9.64 9.07 8.63 2/2899 16762
9.43 9.04 8.62 2/2899 16781
9.43 9.04 8.62 3/2899 16800
9.43 9.04 8.62 2/2899 16819
9.43 9.04 8.62 4/2899 16838
9.43 9.04 8.62 4/2899 16857
9.31 9.02 8.62 5/2899 16876
9.31 9.02 8.62 5/2899 16895
9.31 9.02 8.62 9/2899 16914
9.31 9.02 8.62 6/2899 16933
9.31 9.02 8.62 4/2899 16952
9.05 8.97 8.60 2/2900 16973
9.05 8.97 8.60 4/2900 16992
9.05 8.97 8.60 3/2900 17011
9.05 8.97 8.60 4/2898 17030
9.05 8.97 8.60 3/2906 17057
9.12 8.99 8.61 6/2906 17076
9.12 8.99 8.61 8/2913 17102
9.12 8.99 8.61 6/2913 17122
9.12 8.99 8.61 4/2906 17142
9.12 8.99 8.61 4/2906 17161
9.19 9.01 8.62 3/2906 17180
9.19 9.01 8.62 4/2906 17199
9.19 9.01 8.62 2/2906 17218
9.19 9.01 8.62 5/2906 17238
9.19 9.01 8.62 5/2906 17257
9.10 8.99 8.61 3/2906 17276
9.10 8.99 8.61 8/2906 17295
9.10 8.99 8.61 3/2907 17315
9.10 8.99 8.61 3/2907 17334
9.10 8.99 8.61 7/2907 17353
8.93 8.96 8.61 7/2907 17373
8.93 8.96 8.61 5/2907 17392
8.93 8.96 8.61 6/2907 17411
8.93 8.96 8.61 4/2902 17430
8.93 8.96 8.61 6/2902 17450
8.85 8.94 8.60 4/2898 17469
8.85 8.94 8.60 2/2898 17488
8.85 8.94 8.60 6/2898 17507
8.85 8.94 8.60 5/2895 17534
8.85 8.94 8.60 4/2886 17554
8.87 8.94 8.60 3/2884 17574
8.87 8.94 8.60 9/2884 17593
8.87 8.94 8.60 5/2884 17612
8.87 8.94 8.60 4/2884 17631
8.87 8.94 8.60 3/2884 17650
8.72 8.91 8.60 5/2884 17669
8.72 8.91 8.60 4/2884 17690
8.72 8.91 8.60 9/2884 17709
8.72 8.91 8.60 2/2884 17728
8.72 8.91 8.60 4/2884 17755
8.50 8.86 8.58 4/2883 17778
8.50 8.86 8.58 5/2883 17797
8.50 8.86 8.58 4/2809 17816
8.50 8.86 8.58 13/2850 17889
8.50 8.86 8.58 2/2886 17962
8.54 8.86 8.58 10/2886 17981
8.54 8.86 8.58 3/2886 18001
8.54 8.86 8.58 5/2886 18021
8.54 8.86 8.58 2/2885 18040
8.54 8.86 8.58 4/2881 18061
8.34 8.81 8.57 3/2880 18081
8.34 8.81 8.57 2/2880 18101
8.34 8.81 8.57 3/2880 18120
8.34 8.81 8.57 3/2880 18143
8.34 8.81 8.57 6/2880 18170
8.39 8.82 8.57 2/2879 18189
8.39 8.82 8.57 2/2879 18211
