25768.93 98551.44
25769.89 98554.64
25770.88 98558.37
25771.88 98562.57
25772.87 98566.84
25773.87 98571.38
25774.87 98575.46
25775.87 98579.64
25776.88 98583.80
25777.88 98587.59
25778.87 98591.25
25779.87 98594.94
25780.87 98598.56
25781.88 98602.07
25782.88 98605.37
25783.87 98608.92
25784.87 98612.51
25785.88 98616.07
25786.88 98619.60
25787.87 98623.06
25788.87 98626.51
25789.87 98629.98
25790.87 98633.36
25791.88 98636.71
25792.87 98639.90
25793.87 98643.20
25794.88 98646.56
25795.88 98649.84
25796.88 98653.12
25797.88 98656.32
25798.89 98659.56
25799.88 98662.77
25800.88 98665.99
25801.87 98669.12
25802.87 98672.17
25803.88 98675.06
25804.87 98677.93
25805.88 98681.12
25806.88 98684.16
25807.87 98687.22
25808.87 98690.36
25809.87 98693.49
25810.87 98696.59
25811.87 98699.65
25812.88 98702.77
25813.88 98705.90
25814.87 98708.92
25815.87 98711.99
25816.87 98715.04
25817.88 98718.16
25818.87 98721.24
25819.87 98724.27
25820.87 98727.30
25821.89 98730.38
25822.88 98733.28
25823.87 98734.74
25824.88 98737.09
25825.88 98739.48
25826.87 98742.38
25827.88 98745.25
25828.89 98748.17
25829.88 98751.09
25830.88 98753.97
25831.87 98756.79
25832.88 98759.76
25833.88 98762.57
25834.88 98765.47
25835.91 98768.37
25836.88 98770.90
25837.88 98773.43
25838.88 98776.27
25839.87 98779.03
25840.87 98781.68
25841.88 98784.58
25842.88 98787.41
25843.88 98790.54
25844.88 98793.41
25845.87 98796.01
25846.89 98798.58
25847.87 98801.31
25848.90 98804.29
25849.88 98807.02
25850.88 98809.74
25851.89 98812.63
25852.88 98815.40
25853.90 98818.28
25854.88 98821.13
25855.88 98823.89
25856.88 98826.73
25857.88 98829.50
25858.88 98832.34
25859.89 98835.26
25860.87 98838.00
25861.88 98840.66
25862.88 98843.59
25863.88 98846.55
25864.88 98849.49
25865.88 98852.41
25866.88 98855.34
25867.88 98857.88
25868.87 98860.52
25869.90 98863.52
25870.88 98866.33
25871.87 98869.15
25872.89 98872.06
25873.87 98874.90
25874.89 98877.84
25875.88 98880.70
25876.88 98883.54
25877.87 98886.27
25878.88 98889.22
25879.88 98892.10
25880.88 98895.00
25881.88 98897.88
25882.88 98900.67
25883.88 98903.58
25884.87 98906.32
25885.88 98909.26
25886.88 98912.11
25887.88 98914.86
25888.89 98917.36
25889.87 98919.95
25890.87 98922.77
25891.87 98925.61
25892.88 98928.52
25893.88 98931.45
25894.91 98934.42
25895.88 98937.26
25896.88 98940.02
25897.89 98942.89
25898.87 98945.60
25899.88 98948.46
25900.88 98951.07
25901.90 98953.78
25902.88 98956.17
25903.87 98958.07
25904.89 98958.78
25905.88 98961.53
25906.88 98964.20
25907.88 98967.80
25908.89 98971.45
25909.88 98975.02
25910.88 98978.61
25911.88 98982.30
25912.89 98986.08
25913.88 98989.78
25914.88 98993.49
25915.88 98997.37
25916.89 99001.14
