9.56 8.56 6.51 5/3060 19413
9.56 8.56 6.51 5/3081 19486
9.56 8.56 6.51 4/3078 19507
9.56 8.56 6.51 2/3078 19526
9.28 8.52 6.51 4/3077 19546
9.28 8.52 6.51 4/3066 19569
9.28 8.52 6.51 2/3066 19590
9.28 8.52 6.51 3/3069 19612
9.28 8.52 6.51 4/3070 19632
9.09 8.49 6.51 1/3071 19660
9.09 8.49 6.51 1/3071 19687
9.09 8.49 6.51 3/3078 19714
9.09 8.49 6.51 3/3077 19734
9.09 8.49 6.51 1/3069 19754
9.33 8.55 6.54 8/3069 19773
9.33 8.55 6.54 5/3069 19792
9.33 8.55 6.54 2/3069 19811
9.33 8.55 6.54 4/3069 19830
9.33 8.55 6.54 6/3069 19849
9.30 8.56 6.56 4/3069 19868
9.30 8.56 6.56 4/3069 19887
9.30 8.56 6.56 4/3069 19908
9.30 8.56 6.56 1/3068 19927
9.30 8.56 6.56 6/3068 19946
9.28 8.57 6.57 5/3068 19965
9.28 8.57 6.57 5/3068 19985
9.28 8.57 6.57 5/3068 20004
9.28 8.57 6.57 3/3068 20023
9.28 8.57 6.57 5/3068 20042
9.17 8.56 6.58 6/3068 20061
9.17 8.56 6.58 3/3065 20080
9.17 8.56 6.58 5/3064 20099
9.17 8.56 6.58 6/3071 20125
9.17 8.56 6.58 5/3071 20145
9.00 8.53 6.58 6/3064 20165
9.00 8.53 6.58 6/3064 20184
9.00 8.53 6.58 5/3062 20205
9.00 8.53 6.58 4/3062 20225
9.00 8.53 6.58 8/3062 20244
8.84 8.51 6.58 13/3062 20263
8.84 8.51 6.58 7/3062 20282
8.84 8.51 6.58 5/3062 20301
8.84 8.51 6.58 5/3062 20320
8.84 8.51 6.58 2/3062 20339
8.61 8.46 6.58 7/3061 20358
8.61 8.46 6.58 3/3061 20377
8.61 8.46 6.58 6/3061 20396
8.61 8.46 6.58 3/3061 20415
8.61 8.46 6.58 9/3061 20435
8.56 8.46 6.59 7/3061 20454
8.56 8.46 6.59 3/3061 20473
8.56 8.46 6.59 3/3061 20494
8.56 8.46 6.59 2/3060 20513
8.56 8.46 6.59 4/3060 20532
8.52 8.45 6.59 7/3067 20559
8.52 8.45 6.59 4/3060 20579
8.52 8.45 6.59 5/3060 20598
8.52 8.45 6.59 3/3057 20617
8.52 8.45 6.59 5/3056 20636
8.47 8.44 6.60 3/3049 20655
8.47 8.44 6.60 7/3047 20675
8.47 8.44 6.60 4/3046 20694
8.47 8.44 6.60 3/3042 20713
8.47 8.44 6.60 3/3040 20732
8.52 8.45 6.62 8/3038 20752
8.52 8.45 6.62 2/3038 20771
8.52 8.45 6.62 5/3036 20792
8.52 8.45 6.62 4/3036 20811
8.52 8.45 6.62 8/3036 20830
8.48 8.44 6.62 7/3036 20857
8.48 8.44 6.62 5/3036 20880
8.48 8.44 6.62 4/3036 20900
8.48 8.44 6.62 4/3036 20919
8.48 8.44 6.62 4/3036 20938
8.44 8.43 6.63 7/3036 20957
8.44 8.43 6.63 5/3043 20984
8.44 8.43 6.63 6/3043 21003
8.44 8.43 6.63 4/3035 21023
8.44 8.43 6.63 7/3035 21042
8.40 8.43 6.64 3/3035 21061
8.40 8.43 6.64 6/3035 21080
8.40 8.43 6.64 1/3035 21101
8.40 8.43 6.64 5/3035 21120
8.40 8.43 6.64 5/3035 21140
8.21 8.39 6.63 5/3035 21159
8.21 8.39 6.63 8/3035 21178
8.21 8.39 6.63 3/3035 21197
8.21 8.39 6.63 8/3035 21216
8.21 8.39 6.63 3/3035 21235
7.95 8.33 6.63 4/3035 21254
7.95 8.33 6.63 4/3035 21273
7.95 8.33 6.63 4/3035 21292
7.95 8.33 6.63 5/3035 21311
7.95 8.33 6.63 6/3013 21330
7.88 8.31 6.63 6/3013 21350
7.88 8.31 6.63 9/3013 21369
7.88 8.31 6.63 5/3013 21390
7.88 8.31 6.63 7/3020 21417
7.88 8.31 6.63 4/3013 21437
7.89 8.30 6.64 3/3013 21456
7.89 8.30 6.64 3/3013 21475
7.89 8.30 6.64 5/3013 21494
7.89 8.30 6.64 8/3014 21514
7.89 8.30 6.64 6/3014 21533
8.06 8.33 6.65 7/3014 21552
8.06 8.33 6.65 7/3014 21571
8.06 8.33 6.65 8/3014 21591
8.06 8.33 6.65 4/3014 21610
8.06 8.33 6.65 9/3014 21629
8.45 8.41 6.69 4/3014 21648
8.45 8.41 6.69 3/3012 21667
8.45 8.41 6.69 5/3013 21689
8.45 8.41 6.69 2/3013 21708
8.45 8.41 6.69 5/3014 21728
8.58 8.44 6.71 5/3016 21749
8.58 8.44 6.71 10/3016 21768
8.58 8.44 6.71 7/3016 21787
8.58 8.44 6.71 16/2856 21826
8.58 8.44 6.71 7/2739 21853
8.77 8.48 6.73 3/2696 21872
8.77 8.48 6.73 8/2689 21892
8.77 8.48 6.73 6/2689 21911
8.77 8.48 6.73 7/2689 21930
8.77 8.48 6.73 6/2689 21949
8.87 8.50 6.75 3/2689 21969
8.87 8.50 6.75 3/2689 21988
8.87 8.50 6.75 3/2691 22012
8.87 8.50 6.75 8/2691 22031
8.87 8.50 6.75 5/2691 22050
8.72 8.48 6.75 6/2691 22078
8.72 8.48 6.75 5/2691 22101
8.72 8.48 6.75 6/2691 22120
8.72 8.48 6.75 6/2691 22139
8.72 8.48 6.75 5/2691 22158
8.66 8.47 6.76 8/2691 22177
8.66 8.47 6.76 7/2691 22196
8.66 8.47 6.76 3/2691 22215
8.66 8.47 6.76 3/2691 22234
8.66 8.47 6.76 7/2691 22253
8.77 8.50 6.77 9/2691 22272
8.77 8.50 6.77 8/2698 22300
8.77 8.50 6.77 3/2691 22320
8.77 8.50 6.77 4/2691 22339
8.77 8.50 6.77 4/2688 22358
8.79 8.50 6.79 5/2689 22378
8.79 8.50 6.79 5/2689 22397
8.79 8.50 6.79 5/2689 22416
8.79 8.50 6.79 5/2689 22435
8.79 8.50 6.79 6/2689 22454
