1337.51 4756.59
1338.42 4759.57
1339.41 4763.42
1340.41 4767.53
1341.40 4771.66
1342.41 4776.07
1343.40 4780.17
1344.40 4784.13
1345.41 4788.22
1346.41 4791.82
1347.40 4795.40
1348.40 4798.92
1349.40 4802.13
1350.40 4805.53
1351.40 4809.02
1352.40 4812.47
1353.40 4815.87
1354.39 4819.32
1355.40 4822.84
1356.40 4826.10
1357.41 4829.51
1358.40 4832.83
1359.40 4836.06
1360.41 4839.39
1361.41 4842.48
1362.40 4845.62
1363.41 4848.83
1364.41 4852.03
1365.40 4855.19
1366.41 4858.46
1367.40 4861.59
1368.40 4864.74
1369.40 4867.93
1370.41 4870.74
1371.41 4873.67
1372.40 4876.79
1373.41 4879.92
1374.40 4883.04
1375.40 4886.12
1376.40 4889.22
1377.40 4892.34
1378.41 4895.41
1379.41 4898.47
1380.40 4901.48
1381.40 4904.57
1382.41 4907.65
1383.42 4910.66
1384.40 4913.71
1385.40 4916.61
1386.41 4919.65
1387.40 4922.64
1388.40 4925.65
1389.41 4928.66
1390.41 4931.69
1391.41 4934.39
1392.40 4936.98
1393.40 4939.90
1394.41 4942.90
1395.41 4945.87
1396.40 4948.83
1397.40 4951.78
1398.42 4954.82
1399.45 4957.76
1400.40 4960.57
1401.41 4963.54
1402.41 4966.49
1403.41 4969.46
1404.40 4972.44
1405.41 4975.45
1406.41 4978.38
1407.41 4981.33
1408.42 4984.32
1409.40 4987.23
1410.40 4990.16
1411.40 4993.18
1412.43 4996.44
1413.42 4998.80
1414.40 5001.05
1415.41 5003.47
1416.41 5006.35
1417.41 5009.14
1418.40 5012.01
1419.41 5014.99
1420.41 5017.77
1421.41 5020.74
1422.40 5023.49
1423.40 5026.36
1424.42 5029.41
1425.41 5032.25
1426.41 5035.09
1427.40 5037.99
1428.40 5040.83
1429.41 5043.87
1430.41 5046.73
1431.40 5049.62
1432.41 5052.50
1433.40 5055.29
1434.40 5057.75
1435.42 5060.37
1436.41 5063.22
1437.40 5066.08
1438.41 5068.88
1439.41 5071.76
1440.41 5074.64
1441.41 5077.46
1442.41 5080.32
1443.41 5082.82
1444.40 5085.53
1445.41 5088.38
1446.41 5091.29
1447.40 5094.22
1448.46 5097.26
1449.43 5099.96
1450.42 5102.79
1451.41 5105.54
1452.44 5108.48
1453.43 5111.14
1454.43 5112.12
1455.41 5113.04
1456.41 5114.65
1457.40 5117.35
1458.41 5120.29
1459.41 5123.18
1460.41 5126.05
1461.41 5128.69
1462.40 5131.52
1463.42 5134.29
1464.42 5137.19
1465.42 5140.06
1466.42 5142.76
1467.41 5145.62
1468.41 5148.52
1469.41 5151.44
1470.41 5154.08
1471.41 5156.96
1472.41 5159.85
1473.40 5162.66
1474.40 5165.59
1475.42 5168.45
1476.41 5171.31
1477.41 5173.84
1478.41 5176.37
1479.42 5179.38
1480.40 5182.10
1481.42 5184.94
1482.41 5187.91
1483.41 5190.67
1484.41 5193.62
1485.41 5196.53
