9.34 9.63 8.61 3/3060 4022
9.34 9.63 8.61 20/3081 4129
9.34 9.63 8.61 3/3074 4171
9.34 9.63 8.61 2/3072 4208
9.34 9.63 8.61 2/3065 4233
9.07 9.57 8.60 2/3054 4273
9.07 9.57 8.60 2/3054 4297
9.07 9.57 8.60 2/3056 4331
9.07 9.57 8.60 5/3056 4352
9.07 9.57 8.60 1/3057 4383
8.83 9.51 8.59 4/3057 4414
8.83 9.51 8.59 8/3057 4441
8.83 9.51 8.59 10/3056 4466
8.83 9.51 8.59 1/3055 4489
8.83 9.51 8.59 4/3055 4513
8.92 9.52 8.59 5/3055 4539
8.92 9.52 8.59 4/3055 4558
8.92 9.52 8.59 6/3055 4579
8.92 9.52 8.59 6/3062 4607
8.92 9.52 8.59 3/3061 4629
9.73 9.67 8.65 1/3055 4648
9.73 9.67 8.65 2/3055 4680
9.73 9.67 8.65 2/3054 4717
9.73 9.67 8.65 4/3054 4745
9.67 9.66 8.65 3/3054 4766
9.67 9.66 8.65 3/3054 4791
9.67 9.66 8.65 6/3054 4812
9.67 9.66 8.65 5/3054 4833
9.67 9.66 8.65 5/3053 4853
9.67 9.66 8.65 5/3052 4873
9.70 9.67 8.66 6/3052 4896
9.70 9.67 8.66 3/3052 4924
9.70 9.67 8.66 3/3052 4944
9.70 9.67 8.66 4/3052 4966
9.70 9.67 8.66 4/3052 4985
9.64 9.66 8.66 2/3057 5015
9.64 9.66 8.66 5/3057 5038
9.64 9.66 8.66 9/3058 5086
9.64 9.66 8.66 6/3058 5136
9.64 9.66 8.66 8/3065 5166
9.59 9.65 8.66 8/3065 5192
9.59 9.65 8.66 4/3058 5215
9.59 9.65 8.66 7/3058 5235
9.59 9.65 8.66 5/3058 5257
9.59 9.65 8.66 6/3057 5280
9.46 9.62 8.66 4/3057 5301
9.46 9.62 8.66 3/3057 5321
9.46 9.62 8.66 5/3057 5349
9.46 9.62 8.66 7/3057 5373
9.46 9.62 8.66 6/3057 5398
9.42 9.61 8.66 6/3057 5422
9.42 9.61 8.66 5/3057 5445
9.42 9.61 8.66 3/3056 5465
9.42 9.61 8.66 2/3050 5484
9.42 9.61 8.66 4/3051 5504
9.71 9.66 8.68 3/3051 5523
9.71 9.66 8.68 6/3051 5542
9.71 9.66 8.68 10/3049 5561
9.71 9.66 8.68 6/3045 5580
9.71 9.66 8.68 9/3044 5599
9.49 9.62 8.68 4/3043 5621
9.49 9.62 8.68 7/3050 5650
9.49 9.62 8.68 5/3041 5673
9.49 9.62 8.68 3/3037 5692
9.49 9.62 8.68 4/3035 5715
9.37 9.59 8.67 2/3035 5734
9.37 9.59 8.67 4/3035 5754
9.37 9.59 8.67 3/3035 5774
9.37 9.59 8.67 3/3036 5794
9.37 9.59 8.67 4/3034 5814
9.50 9.62 8.68 15/2918 5856
9.50 9.62 8.68 4/2899 5883
9.50 9.62 8.68 5/2899 5903
9.50 9.62 8.68 2/2898 5922
9.50 9.62 8.68 9/2898 5941
9.62 9.64 8.70 5/2898 5962
9.62 9.64 8.70 6/2898 5982
9.62 9.64 8.70 5/2898 6001
9.62 9.64 8.70 6/2898 6020
9.62 9.64 8.70 4/2898 6041
10.54 9.83 8.76 5/2898 6060
10.54 9.83 8.76 5/2898 6079
10.54 9.83 8.76 6/2905 6106
10.54 9.83 8.76 3/2905 6126
10.54 9.83 8.76 3/2898 6146
10.25 9.78 8.75 13/2919 6186
10.25 9.78 8.75 6/2919 6206
10.25 9.78 8.75 6/2919 6225
10.25 9.78 8.75 5/2919 6244
10.25 9.78 8.75 3/2919 6264
9.91 9.72 8.74 7/2919 6285
9.91 9.72 8.74 5/2919 6304
9.91 9.72 8.74 8/2919 6342
9.91 9.72 8.74 4/2919 6363
9.91 9.72 8.74 2/2919 6384
9.84 9.71 8.74 5/2916 6403
9.84 9.71 8.74 9/2915 6424
9.84 9.71 8.74 2/2916 6456
9.84 9.71 8.74 4/2916 6486
9.84 9.71 8.74 7/2916 6517
9.85 9.71 8.75 6/2914 6536
9.85 9.71 8.75 7/2914 6556
9.85 9.71 8.75 7/2914 6575
9.85 9.71 8.75 8/2914 6594
10.18 9.78 8.77 7/2921 6624
10.18 9.78 8.77 6/2914 6644
10.18 9.78 8.77 6/2914 6664
10.18 9.78 8.77 5/2914 6684
10.18 9.78 8.77 5/2914 6704
10.18 9.78 8.77 10/2914 6726
10.09 9.77 8.78 4/2914 6745
10.09 9.77 8.78 4/2914 6765
10.09 9.77 8.78 5/2914 6787
10.09 9.77 8.78 6/2914 6806
10.09 9.77 8.78 2/2914 6827
10.64 9.89 8.82 3/2914 6846
10.64 9.89 8.82 2/2914 6865
10.64 9.89 8.82 4/2914 6884
10.64 9.89 8.82 5/2913 6903
10.64 9.89 8.82 3/2913 6927
10.91 9.96 8.85 4/2913 6951
10.91 9.96 8.85 3/2913 6970
10.91 9.96 8.85 5/2913 6990
10.91 9.96 8.85 5/2913 7009
10.91 9.96 8.85 7/2913 7028
10.84 9.96 8.85 5/2846 7055
10.84 9.96 8.85 14/2842 7081
10.84 9.96 8.85 28/2991 7291
10.84 9.96 8.85 9/3049 7386
10.84 9.96 8.85 19/3058 7422
11.33 10.08 8.90 8/3068 7453
11.33 10.08 8.90 4/3068 7473
11.33 10.08 8.90 6/3052 7494
11.33 10.08 8.90 3/3052 7514
11.33 10.08 8.90 6/3048 7535
11.87 10.21 8.95 4/3048 7556
11.87 10.21 8.95 4/3049 7576
11.87 10.21 8.95 1/3049 7603
11.87 10.21 8.95 4/3049 7642
11.87 10.21 8.95 8/3049 7686
11.32 10.12 8.93 2/3049 7705
11.32 10.12 8.93 4/3049 7724
11.32 10.12 8.93 2/3049 7745
11.32 10.12 8.93 1/3049 7764
11.32 10.12 8.93 3/3048 7784
11.13 10.10 8.93 4/3047 7803
11.13 10.10 8.93 6/3047 7824
11.13 10.10 8.93 6/3047 7843
11.13 10.10 8.93 3/3046 7864
