2267.69 7330.68
2268.62 7333.83
2269.60 7337.64
2270.59 7341.62
2271.60 7345.82
2272.60 7350.30
2273.60 7354.51
2274.60 7358.44
2275.59 7362.46
2276.59 7366.17
2277.59 7369.75
2278.59 7373.32
2279.60 7376.88
2280.58 7380.35
2281.59 7383.95
2282.59 7387.44
2283.59 7390.99
2284.58 7394.39
2285.58 7397.67
2286.60 7400.69
2287.61 7403.91
2288.59 7407.19
2289.59 7410.47
2290.59 7413.66
2291.59 7416.84
2292.59 7420.01
2293.59 7423.16
2294.59 7426.28
2295.59 7429.40
2296.60 7432.47
2297.59 7435.55
2298.59 7438.69
2299.60 7441.75
2300.60 7444.58
2301.59 7447.61
2302.61 7450.59
2303.59 7453.50
2304.59 7456.41
2305.59 7459.31
2306.60 7462.27
2307.59 7464.91
2308.59 7467.64
2309.60 7470.59
2310.63 7473.52
2311.59 7476.36
2312.60 7479.28
2313.59 7482.19
2314.61 7485.12
2315.59 7487.91
2316.60 7490.86
2317.60 7493.73
2318.59 7496.57
2319.60 7499.46
2320.60 7502.27
2321.60 7505.10
2322.60 7507.89
2323.60 7510.67
2324.64 7513.69
2325.60 7516.39
2326.59 7519.18
2327.65 7522.22
2328.61 7524.71
2329.60 7527.28
2330.60 7530.04
2331.59 7532.90
2332.60 7535.81
2333.59 7538.65
2334.59 7541.54
2335.60 7544.34
2336.60 7547.18
2337.61 7549.24
2338.60 7550.70
2339.60 7552.78
2340.59 7555.42
2341.60 7558.27
2342.59 7561.12
2343.59 7563.88
2344.59 7566.69
2345.60 7569.45
2346.60 7572.21
2347.59 7575.04
2348.60 7577.84
2349.62 7580.47
2350.60 7581.70
2351.59 7584.21
2352.59 7586.99
2353.60 7589.87
2354.59 7592.73
2355.59 7595.52
2356.59 7598.39
2357.59 7601.31
2358.60 7604.17
2359.59 7607.09
2360.59 7609.91
2361.60 7612.75
2362.59 7615.52
2363.60 7618.35
2364.60 7621.05
2365.59 7623.74
2366.60 7626.58
2367.59 7629.35
2368.60 7632.24
2369.59 7634.96
2370.59 7637.64
2371.91 7640.36
2372.59 7641.58
2373.60 7644.00
2374.62 7646.63
2375.60 7649.37
2376.59 7652.23
2377.60 7655.12
2378.60 7657.91
2379.60 7660.68
2380.60 7663.37
2381.61 7666.26
2382.59 7669.15
2383.60 7671.93
2384.59 7674.74
2385.64 7677.73
2386.60 7680.37
2387.60 7683.17
2388.61 7686.00
2389.60 7688.77
2390.61 7691.49
2391.60 7694.21
2392.67 7696.60
2393.61 7698.16
2394.63 7698.36
2395.63 7698.62
2396.60 7699.30
2397.60 7700.74
2398.60 7703.63
2399.59 7706.66
2400.60 7709.77
2401.60 7713.04
2402.62 7716.27
2403.60 7719.09
2404.60 7722.03
2405.61 7725.12
2406.62 7728.15
2407.60 7731.34
2408.60 7734.63
2409.59 7737.88
2410.60 7740.96
2411.60 7744.24
2412.60 7747.41
2413.60 7750.71
2414.59 7753.90
2415.61 7757.15
