8.56 8.12 6.94 7/3182 8090
8.56 8.12 6.94 2/3185 8112
9.08 8.24 6.98 7/3185 8131
9.08 8.24 6.98 6/3184 8150
9.08 8.24 6.98 3/3173 8175
9.08 8.24 6.98 3/3173 8194
9.08 8.24 6.98 3/3176 8216
8.99 8.23 6.99 3/3178 8238
8.99 8.23 6.99 3/3178 8269
8.99 8.23 6.99 3/3179 8289
8.99 8.23 6.99 4/3179 8308
8.99 8.23 6.99 14/3184 8336
8.67 8.18 6.98 3/3184 8355
8.67 8.18 6.98 3/3177 8375
8.67 8.18 6.98 5/3177 8394
8.67 8.18 6.98 6/3177 8413
8.67 8.18 6.98 4/3177 8432
8.46 8.14 6.97 7/3177 8451
8.46 8.14 6.97 3/3177 8470
8.46 8.14 6.97 3/3177 8491
8.46 8.14 6.97 5/3177 8510
8.46 8.14 6.97 1/3176 8529
8.50 8.16 6.98 3/3176 8548
8.50 8.16 6.98 7/3176 8568
8.50 8.16 6.98 4/3176 8587
8.50 8.16 6.98 6/3179 8612
8.50 8.16 6.98 3/3179 8631
8.30 8.12 6.98 2/3144 8651
8.30 8.12 6.98 4/3144 8670
8.30 8.12 6.98 4/3144 8689
8.30 8.12 6.98 6/3144 8708
8.28 8.12 6.98 5/3144 8727
8.28 8.12 6.98 8/3151 8754
8.28 8.12 6.98 3/3144 8777
8.28 8.12 6.98 3/3144 8796
8.28 8.12 6.98 4/3144 8815
8.89 8.25 7.03 4/3144 8834
8.89 8.25 7.03 6/3155 8880
8.89 8.25 7.03 10/3158 8916
8.89 8.25 7.03 6/3156 8935
8.89 8.25 7.03 5/3156 8954
9.14 8.31 7.06 4/3156 8973
9.14 8.31 7.06 7/3171 9013
9.14 8.31 7.06 5/3171 9032
9.14 8.31 7.06 5/3171 9059
9.14 8.31 7.06 2/3171 9079
9.13 8.32 7.07 8/3171 9098
9.13 8.32 7.07 4/3174 9125
9.13 8.32 7.07 5/3174 9146
9.13 8.32 7.07 10/3174 9165
9.13 8.32 7.07 6/3157 9184
9.12 8.33 7.08 4/3157 9207
9.12 8.33 7.08 8/3162 9233
9.12 8.33 7.08 4/3168 9260
9.12 8.33 7.08 4/3168 9279
9.12 8.33 7.08 4/3176 9316
8.95 8.31 7.08 3/3175 9336
8.95 8.31 7.08 10/3162 9355
8.95 8.31 7.08 6/3160 9374
8.95 8.31 7.08 5/3159 9393
8.95 8.31 7.08 4/3159 9416
8.87 8.31 7.09 4/3155 9435
8.87 8.31 7.09 5/3114 9455
8.87 8.31 7.09 4/3114 9476
8.87 8.31 7.09 8/3112 9495
8.87 8.31 7.09 8/3113 9515
8.80 8.30 7.09 6/3117 9539
8.80 8.30 7.09 7/3090 9560
8.80 8.30 7.09 8/3090 9579
8.80 8.30 7.09 7/3090 9598
8.80 8.30 7.09 4/3090 9617
8.82 8.31 7.10 4/3090 9636
8.82 8.31 7.10 4/3090 9655
8.82 8.31 7.10 5/3090 9674
8.82 8.31 7.10 7/3094 9697
8.82 8.31 7.10 5/3097 9720
9.00 8.36 7.12 6/3090 9742
9.00 8.36 7.12 7/3090 9761
9.00 8.36 7.12 6/3090 9782
9.00 8.36 7.12 5/3090 9801
9.00 8.36 7.12 4/3090 9821
9.00 8.37 7.13 5/3092 9842
9.00 8.37 7.13 3/3092 9861
9.00 8.37 7.13 4/3092 9880
9.00 8.37 7.13 9/3092 9899
9.00 8.37 7.13 7/3092 9918
9.00 8.38 7.14 3/3092 9937
9.00 8.38 7.14 4/3092 9956
9.00 8.38 7.14 5/3092 9975
9.00 8.38 7.14 4/3092 9994
9.00 8.38 7.14 6/3092 10013
9.16 8.42 7.16 4/3092 10032
9.16 8.42 7.16 7/3093 10053
9.16 8.42 7.16 5/3093 10074
9.16 8.42 7.16 5/3093 10093
9.16 8.42 7.16 7/3093 10112
9.47 8.50 7.20 4/3101 10140
9.47 8.50 7.20 4/3100 10160
9.47 8.50 7.20 4/3094 10181
9.47 8.50 7.20 5/3093 10200
9.47 8.50 7.20 9/3093 10219
9.51 8.52 7.21 5/3093 10238
9.51 8.52 7.21 3/3089 10257
9.51 8.52 7.21 5/3105 10295
9.51 8.52 7.21 7/3103 10326
9.51 8.52 7.21 6/3103 10345
9.55 8.55 7.23 6/3103 10364
9.55 8.55 7.23 2/3101 10383
9.55 8.55 7.23 8/3101 10404
9.55 8.55 7.23 3/3101 10423
9.55 8.55 7.23 3/3101 10442
9.58 8.57 7.24 9/3101 10461
9.58 8.57 7.24 3/3101 10480
9.58 8.57 7.24 5/3101 10499
9.58 8.57 7.24 3/3101 10518
9.58 8.57 7.24 7/3101 10538
9.62 8.60 7.26 3/3101 10557
9.62 8.60 7.26 15/3106 10581
9.62 8.60 7.26 3/3029 10608
9.62 8.60 7.26 18/3066 10718
9.62 8.60 7.26 2/3072 10749
10.13 8.72 7.30 10/3072 10769
10.13 8.72 7.30 4/3066 10789
10.13 8.72 7.30 4/3066 10810
10.13 8.72 7.30 5/3065 10829
10.13 8.72 7.30 3/3062 10849
9.88 8.69 7.30 4/3062 10871
9.88 8.69 7.30 7/3062 10890
9.88 8.69 7.30 10/3062 10909
9.88 8.69 7.30 4/3062 10936
9.88 8.69 7.30 5/3062 10959
9.81 8.70 7.31 4/3062 10979
9.81 8.70 7.31 1/3062 10998
9.81 8.70 7.31 3/3063 11018
9.81 8.70 7.31 3/3063 11037
9.81 8.70 7.31 4/3063 11057
9.74 8.70 7.32 2/3063 11076
9.74 8.70 7.32 3/3063 11095
9.74 8.70 7.32 4/3063 11117
9.74 8.70 7.32 2/3065 11139
9.74 8.70 7.32 1/3072 11173
10.08 8.79 7.36 1/3071 11192
10.08 8.79 7.36 3/3072 11212
10.08 8.79 7.36 4/3071 11231
10.08 8.79 7.36 4/3071 11250
10.08 8.79 7.36 3/3071 11270
10.00 8.80 7.37 3/3071 11289
