1779.92 6745.58
1780.80 6749.08
1781.84 6753.35
1782.77 6757.25
1783.78 6761.73
1784.77 6765.86
1785.77 6769.70
1786.76 6773.46
1787.76 6777.22
1788.77 6781.03
1789.77 6784.73
1790.77 6788.49
1791.78 6791.77
1792.77 6795.15
1793.78 6798.82
1794.77 6802.41
1795.76 6805.95
1796.77 6809.55
1797.79 6813.09
1798.78 6816.51
1799.77 6819.85
1800.78 6823.08
1801.77 6826.34
1802.78 6829.58
1803.78 6832.85
1804.94 6836.37
1805.78 6839.01
1806.78 6842.18
1808.79 6848.57
1809.77 6851.49
1810.78 6854.67
1811.78 6857.68
1812.88 6860.78
1813.76 6863.08
1814.78 6866.08
1815.78 6869.01
1816.77 6871.96
1817.79 6874.62
1818.78 6876.44
1819.79 6878.72
1820.78 6881.20
1821.80 6883.80
1822.79 6886.29
1823.78 6888.80
1824.77 6891.56
1825.76 6894.39
1826.77 6897.26
1827.76 6900.00
1828.76 6902.75
1829.76 6905.42
1830.77 6908.08
1831.77 6910.81
1832.77 6913.55
1833.77 6916.18
1834.77 6918.55
1835.76 6921.11
1836.77 6923.83
1837.78 6926.52
1838.77 6929.13
1839.77 6931.75
1840.78 6934.31
1841.78 6936.96
1842.78 6939.48
1843.77 6942.20
1844.78 6944.90
1845.77 6947.61
1846.77 6949.88
1847.78 6951.88
1848.77 6953.92
1849.77 6956.05
1850.77 6958.48
1851.78 6961.24
1852.78 6964.09
1853.78 6966.77
1854.79 6969.32
1855.78 6971.50
1856.78 6973.77
1857.77 6976.43
1858.78 6979.17
1859.78 6981.73
1860.78 6984.39
1861.77 6986.92
1862.77 6989.57
1863.78 6992.22
1864.77 6994.83
1865.77 6997.33
1866.76 6999.93
1867.77 7002.44
1868.77 7005.05
1869.77 7007.64
1870.77 7010.25
1871.78 7012.91
1872.78 7015.16
1873.77 7017.47
1874.76 7019.88
1875.78 7022.33
1876.77 7024.48
1877.77 7026.72
1878.76 7029.05
1879.78 7031.57
1880.77 7034.13
1881.78 7036.69
1882.77 7039.26
1883.78 7041.80
1884.77 7044.30
1885.77 7046.94
1886.77 7049.33
1887.77 7051.91
1888.78 7054.51
1889.89 7057.26
1890.76 7059.55
1891.78 7062.17
1892.77 7064.74
1893.77 7067.14
1894.77 7069.20
1895.76 7071.61
1896.77 7074.21
1897.78 7076.74
1898.81 7078.11
1899.81 7078.56
1900.78 7079.82
1901.79 7082.19
1902.78 7085.09
1903.77 7088.61
1904.77 7092.04
1905.78 7095.62
1906.78 7099.06
1907.77 7102.67
1908.78 7106.26
1909.78 7109.76
1910.77 7113.35
1911.77 7116.95
1912.77 7120.49
1913.77 7124.10
1914.77 7127.70
1915.77 7131.32
1916.77 7134.87
1917.78 7138.21
1918.78 7141.61
1919.78 7144.62
1920.77 7146.53
1921.77 7149.57
1922.77 7152.99
1923.78 7156.27
1924.77 7159.83
1925.78 7163.32
1926.77 7166.96
