8.60 8.83 8.90 2/2909 17013
8.60 8.83 8.90 4/2928 17078
8.60 8.83 8.90 1/2930 17110
8.60 8.83 8.90 6/2930 17131
8.60 8.83 8.90 1/2930 17150
8.47 8.79 8.89 2/2919 17173
8.47 8.79 8.89 3/2919 17192
8.47 8.79 8.89 2/2919 17211
8.47 8.79 8.89 3/2928 17241
8.47 8.79 8.89 2/2930 17270
8.36 8.76 8.88 4/2923 17294
8.36 8.76 8.88 1/2923 17313
8.36 8.76 8.88 1/2923 17332
8.36 8.76 8.88 3/2921 17352
8.36 8.76 8.88 4/2922 17372
8.49 8.79 8.89 4/2922 17391
8.49 8.79 8.89 5/2921 17410
8.49 8.79 8.89 4/2921 17429
8.49 8.79 8.89 5/2921 17449
8.49 8.79 8.89 2/2921 17470
8.61 8.81 8.89 3/2921 17489
8.61 8.81 8.89 3/2921 17508
8.61 8.81 8.89 4/2921 17527
8.61 8.81 8.89 6/2921 17546
8.61 8.81 8.89 4/2921 17565
8.64 8.81 8.89 3/2921 17585
8.64 8.81 8.89 5/2920 17604
8.64 8.81 8.89 6/2920 17623
8.64 8.81 8.89 7/2919 17642
8.64 8.81 8.89 3/2919 17662
8.43 8.76 8.88 6/2923 17689
8.43 8.76 8.88 2/2916 17709
8.43 8.76 8.88 6/2916 17728
8.43 8.76 8.88 6/2916 17747
8.43 8.76 8.88 7/2916 17766
8.23 8.72 8.86 3/2916 17785
8.23 8.72 8.86 3/2916 17804
8.23 8.72 8.86 4/2916 17824
8.23 8.72 8.86 3/2916 17847
8.23 8.72 8.86 4/2916 17874
8.06 8.67 8.85 4/2916 17893
8.06 8.67 8.85 4/2916 17913
8.06 8.67 8.85 5/2917 17933
8.06 8.67 8.85 6/2917 17952
8.06 8.67 8.85 2/2916 17971
8.13 8.68 8.85 4/2917 17993
8.13 8.68 8.85 4/2915 18012
8.13 8.68 8.85 2/2914 18031
8.13 8.68 8.85 5/2912 18050
8.13 8.68 8.85 4/2912 18070
7.96 8.63 8.83 4/2912 18089
7.96 8.63 8.83 4/2919 18116
7.96 8.63 8.83 5/2911 18136
7.96 8.63 8.83 4/2909 18155
7.96 8.63 8.83 7/2909 18174
7.96 8.62 8.83 6/2909 18193
7.96 8.62 8.83 7/2909 18212
7.96 8.62 8.83 4/2909 18232
7.96 8.62 8.83 2/2907 18251
7.96 8.62 8.83 6/2902 18270
7.97 8.61 8.82 4/2900 18290
7.97 8.61 8.82 3/2900 18309
7.97 8.61 8.82 4/2900 18328
7.97 8.61 8.82 4/2895 18349
7.97 8.61 8.82 3/2893 18368
8.05 8.62 8.82 6/2893 18387
8.05 8.62 8.82 5/2893 18406
8.05 8.62 8.82 8/2893 18425
8.05 8.62 8.82 3/2898 18451
8.05 8.62 8.82 6/2898 18470
8.21 8.64 8.83 7/2898 18489
8.21 8.64 8.83 5/2898 18508
8.21 8.64 8.83 2/2917 18548
8.21 8.64 8.83 7/2917 18568
8.21 8.64 8.83 7/2910 18588
8.11 8.61 8.82 5/2910 18607
8.11 8.61 8.82 5/2909 18626
8.11 8.61 8.82 5/2909 18645
8.11 8.61 8.82 12/2909 18665
8.11 8.61 8.82 5/2908 18684
8.10 8.60 8.81 2/2907 18703
8.10 8.60 8.81 7/2907 18722
8.10 8.60 8.81 5/2906 18741
8.10 8.60 8.81 5/2906 18761
8.10 8.60 8.81 4/2848 18781
8.65 8.71 8.85 7/2714 18801
8.65 8.71 8.85 3/2714 18820
8.65 8.71 8.85 7/2714 18839
8.65 8.71 8.85 9/2714 18858
8.65 8.71 8.85 10/2714 18877
8.68 8.71 8.85 3/2714 18896
8.68 8.71 8.85 4/2714 18915
8.68 8.71 8.85 4/2714 18934
8.68 8.71 8.85 6/2714 18953
8.68 8.71 8.85 7/2721 18980
8.55 8.69 8.84 2/2714 19002
8.55 8.69 8.84 4/2714 19021
8.55 8.69 8.84 2/2714 19040
8.55 8.69 8.84 5/2714 19067
8.55 8.69 8.84 2/2714 19091
8.66 8.71 8.85 6/2714 19110
8.66 8.71 8.85 7/2714 19130
8.66 8.71 8.85 4/2714 19149
8.66 8.71 8.85 2/2714 19168
8.66 8.71 8.85 3/2714 19187
8.45 8.66 8.83 2/2714 19206
8.45 8.66 8.83 8/2714 19225
8.45 8.66 8.83 7/2714 19245
8.45 8.66 8.83 3/2714 19265
8.45 8.66 8.83 5/2714 19284
8.49 8.67 8.83 6/2714 19303
8.49 8.67 8.83 4/2714 19322
8.49 8.67 8.83 3/2714 19341
8.49 8.67 8.83 3/2714 19361
8.49 8.67 8.83 5/2714 19380
8.53 8.67 8.83 4/2721 19407
8.53 8.67 8.83 5/2720 19427
8.53 8.67 8.83 6/2714 19447
8.53 8.67 8.83 4/2714 19466
8.53 8.67 8.83 5/2714 19486
8.73 8.71 8.84 8/2714 19506
8.73 8.71 8.84 6/2714 19525
8.73 8.71 8.84 4/2716 19546
8.73 8.71 8.84 2/2716 19566
8.73 8.71 8.84 4/2716 19585
8.91 8.75 8.86 4/2716 19604
8.91 8.75 8.86 4/2716 19623
8.91 8.75 8.86 4/2716 19642
8.91 8.75 8.86 4/2696 19661
8.91 8.75 8.86 6/2696 19680
8.84 8.74 8.85 4/2696 19700
8.84 8.74 8.85 4/2696 19719
8.84 8.74 8.85 7/2696 19738
8.84 8.74 8.85 9/2696 19757
8.84 8.74 8.85 4/2696 19776
8.85 8.74 8.85 5/2696 19796
8.85 8.74 8.85 6/2703 19822
8.85 8.74 8.85 7/2703 19842
8.85 8.74 8.85 4/2696 19862
8.85 8.74 8.85 4/2696 19881
8.79 8.73 8.85 5/2697 19902
8.79 8.73 8.85 27/2696 20015
8.79 8.73 8.85 9/2802 20167
8.79 8.73 8.85 11/2814 20207
8.79 8.73 8.85 3/2813 20226
9.44 8.87 8.89 3/2813 20247
9.44 8.87 8.89 4/2808 20266
9.44 8.87 8.89 8/2796 20290
9.44 8.87 8.89 1/2796 20313
9.44 8.87 8.89 3/2796 20339
9.09 8.80 8.87 3/2796 20360
9.09 8.80 8.87 7/2796 20387
9.09 8.80 8.87 7/2796 20421
9.09 8.80 8.87 3/2796 20467
9.09 8.80 8.87 2/2796 20494
8.76 8.74 8.85 5/2796 20514
8.76 8.74 8.85 3/2796 20533
8.76 8.74 8.85 4/2796 20556
8.76 8.74 8.85 3/2797 20577
8.76 8.74 8.85 3/2796 20597
8.70 8.73 8.84 3/2796 20619
8.70 8.73 8.84 2/2784 20640
8.70 8.73 8.84 3/2784 20660
8.70 8.73 8.84 7/2784 20679
8.70 8.73 8.84 3/2784 20698
8.48 8.68 8.83 3/2784 20724
8.48 8.68 8.83 2/2784 20760
8.48 8.68 8.83 4/2784 20780
8.48 8.68 8.83 2/2784 20799
8.48 8.68 8.83 4/2784 20819
8.36 8.65 8.82 6/2784 20840
8.36 8.65 8.82 6/2783 20859
8.36 8.65 8.82 4/2783 20879
8.36 8.65 8.82 5/2783 20898
8.36 8.65 8.82 5/2783 20917
8.57 8.69 8.83 2/2783 20937
8.57 8.69 8.83 2/2783 20956
8.57 8.69 8.83 2/2781 20975
8.57 8.69 8.83 2/2781 20994
8.57 8.69 8.83 1/2782 21015
8.29 8.63 8.81 6/2787 21043
8.29 8.63 8.81 1/2788 21063
8.29 8.63 8.81 4/2788 21082
8.29 8.63 8.81 2/2788 21102
8.29 8.63 8.81 1/2788 21121
8.10 8.59 8.79 3/2788 21141
8.10 8.59 8.79 1/2788 21160
8.10 8.59 8.79 7/2788 21179
8.10 8.59 8.79 4/2788 21198
8.10 8.59 8.79 7/2788 21218
8.02 8.56 8.78 7/2788 21237
8.02 8.56 8.78 3/2788 21256
8.02 8.56 8.78 1/2788 21276
8.02 8.56 8.78 8/2788 21295
8.02 8.56 8.78 2/2788 21315
8.33 8.62 8.80 9/2788 21334
8.33 8.62 8.80 4/2788 21353
8.33 8.62 8.80 2/2788 21372
8.33 8.62 8.80 2/2788 21391
8.33 8.62 8.80 6/2788 21411
8.15 8.57 8.79 2/2789 21432
8.15 8.57 8.79 4/2787 21452
8.15 8.57 8.79 5/2776 21471
8.15 8.57 8.79 1/2774 21490
8.15 8.57 8.79 7/2774 21510
8.22 8.58 8.79 2/2774 21530
8.22 8.58 8.79 5/2774 21549
8.22 8.58 8.79 1/2767 21569
8.22 8.58 8.79 2/2767 21588
8.22 8.58 8.79 4/2766 21608
8.12 8.55 8.78 2/2766 21627
8.12 8.55 8.78 4/2766 21646
8.12 8.55 8.78 4/2766 21665
8.12 8.55 8.78 1/2766 21684
8.12 8.55 8.78 7/2766 21704
7.87 8.50 8.76 3/2766 21723
7.87 8.50 8.76 6/2765 21742
7.87 8.50 8.76 1/2765 21762
7.87 8.50 8.76 5/2765 21781
7.87 8.50 8.76 3/2765 21805
7.80 8.47 8.75 1/2765 21832
7.80 8.47 8.75 2/2766 21853
7.80 8.47 8.75 6/2765 21873
7.80 8.47 8.75 2/2765 21892
7.80 8.47 8.75 1/2765 21912
8.22 8.55 8.77 2/2764 21931
8.22 8.55 8.77 3/2765 21954
8.22 8.55 8.77 5/2765 21973
8.22 8.55 8.77 3/2765 21993
8.22 8.55 8.77 1/2765 22013
7.88 8.47 8.75 2/2765 22032
7.88 8.47 8.75 1/2765 22051
7.88 8.47 8.75 2/2762 22070
7.88 8.47 8.75 1/2762 22089
7.88 8.47 8.75 10/2762 22109
8.45 8.58 8.78 7/2762 22128
8.45 8.58 8.78 4/2762 22147
8.45 8.58 8.78 2/2762 22166
8.45 8.58 8.78 3/2762 22186
8.45 8.58 8.78 3/2762 22205
8.33 8.55 8.77 2/2762 22225
8.33 8.55 8.77 3/2762 22244
8.33 8.55 8.77 3/2763 22265
8.33 8.55 8.77 5/2762 22287
8.33 8.55 8.77 4/2762 22306
8.31 8.54 8.76 1/2762 22325
8.31 8.54 8.76 1/2762 22344
8.31 8.54 8.76 1/2762 22363
8.31 8.54 8.76 1/2762 22383
