11149.54 38486.34
11150.50 38489.61
11151.48 38493.36
11152.49 38497.57
11153.48 38501.70
11154.47 38506.20
11155.48 38510.45
11156.48 38514.66
11157.48 38518.60
11158.48 38522.49
11159.48 38526.07
11160.48 38529.93
11161.47 38533.63
11162.47 38537.33
11163.47 38540.93
11164.47 38544.50
11165.48 38548.18
11166.47 38551.68
11167.48 38555.26
11168.48 38558.82
11169.47 38562.24
11170.48 38565.81
11171.48 38569.25
11172.47 38572.57
11173.48 38575.91
11174.47 38579.19
11175.48 38582.53
11176.48 38585.88
11177.48 38589.09
11178.48 38592.28
11179.48 38595.27
11180.48 38598.22
11181.48 38601.39
11182.48 38604.62
11183.49 38607.79
11184.48 38610.96
11185.47 38614.13
11186.47 38617.32
11187.48 38620.50
11188.48 38623.65
11189.48 38626.84
11190.48 38630.01
11191.47 38633.16
11192.48 38636.30
11193.48 38639.34
11194.48 38642.51
11195.49 38645.68
11196.48 38648.78
11197.48 38651.88
11198.48 38654.99
11199.47 38658.04
11200.48 38661.02
11201.48 38663.71
11202.47 38666.72
11203.49 38669.80
11204.48 38672.69
11205.48 38675.76
11206.48 38678.73
11207.49 38681.78
11208.48 38684.78
11209.49 38687.71
11210.48 38690.69
11211.49 38693.69
11212.48 38696.58
11213.48 38699.55
11214.48 38702.52
11215.49 38705.55
11216.49 38708.50
11217.52 38711.25
11218.48 38714.04
11219.49 38717.01
11220.48 38719.95
11221.48 38722.68
11222.48 38725.39
11223.49 38728.13
11224.49 38731.29
11225.48 38734.25
11226.48 38737.14
11227.48 38740.13
11228.49 38743.05
11229.47 38745.95
11230.49 38748.95
11231.48 38751.90
11232.49 38754.71
11233.50 38756.96
11234.49 38758.38
11235.48 38760.54
11236.48 38762.89
11237.49 38764.72
11238.50 38767.17
11239.48 38769.05
11240.48 38771.67
11241.48 38774.55
11242.48 38777.47
11243.48 38779.93
11244.48 38782.55
11245.48 38785.51
11246.48 38788.40
11247.48 38791.24
11248.48 38794.13
11249.49 38796.98
11250.48 38799.88
11251.48 38802.85
11252.47 38805.71
11253.49 38808.64
11254.48 38811.50
11255.48 38814.44
11256.47 38817.35
11257.49 38820.33
11258.49 38823.24
11259.49 38826.13
11260.48 38829.05
11261.48 38831.95
11262.48 38834.89
11263.47 38837.75
11264.49 38840.48
11265.49 38843.08
11266.49 38845.94
11267.48 38848.85
11268.48 38851.74
11269.49 38854.62
11270.49 38857.53
11271.49 38860.41
11272.49 38863.24
11273.49 38866.09
11274.49 38868.98
11275.49 38871.86
11276.48 38874.72
11277.50 38877.68
11278.49 38880.44
11279.49 38883.26
11280.48 38886.18
11281.48 38889.13
11282.49 38892.08
11283.48 38894.93
11284.49 38897.80
11285.49 38900.73
11286.48 38903.22
11287.49 38905.95
11288.49 38908.86
11289.48 38911.54
11290.50 38913.29
11291.50 38913.66
11292.51 38914.78
11293.49 38917.23
11294.48 38920.94
11295.48 38924.69
11296.48 38928.46
11297.48 38932.06
11298.49 38935.68
11299.49 38939.41
11300.48 38943.01
11301.49 38946.74
11302.49 38950.43
11303.49 38954.17
11304.50 38957.96
11305.48 38961.78
11306.49 38965.60
11307.48 38969.45
11308.48 38973.29
11309.49 38976.98
11310.49 38980.76
11311.48 38984.37
11312.50 38988.14
11313.49 38991.88
11314.48 38995.57
11315.48 38999.21
11316.49 39002.87
11317.50 39006.64
11318.49 39010.48
11319.49 39014.33
11320.49 39018.14
11321.48 39021.99
11322.49 39025.73
11323.49 39029.54
11324.48 39033.26
11325.48 39037.16
11326.49 39041.13
11327.49 39044.96
11328.49 39048.73
11329.48 39052.51
11330.48 39056.14
11331.50 39059.81
11332.49 39063.56
11333.50 39067.37
11334.49 39071.15
11335.48 39074.98
11336.50 39078.77
11337.50 39082.48
11338.49 39086.11
11339.49 39089.76
11340.48 39093.37
11341.49 39097.07
11342.49 39100.91
11343.49 39104.47
11344.49 39108.16
11345.49 39111.83
11346.48 39115.49
11347.49 39119.17
11348.49 39122.92
11349.48 39126.71
11350.48 39130.49
11351.49 39134.29
11352.49 39138.00
11353.49 39141.71
11354.49 39145.57
11355.48 39149.43
11356.48 39153.27
11357.48 39156.92
11358.49 39160.62
11359.50 39164.54
11360.49 39168.42
11361.49 39172.30
11362.48 39176.16
11363.49 39180.08
11364.49 39183.99
11365.49 39187.61
11366.48 39191.45
11367.49 39195.28
11368.48 39198.81
11369.50 39202.47
11370.50 39206.26
11371.50 39210.12
11372.49 39213.94
11373.48 39217.78
11374.49 39221.59
11375.50 39225.24
11376.49 39228.98
11377.49 39232.67
11378.48 39236.45
11379.50 39240.28
11380.50 39244.03
11381.49 39247.82
11382.49 39251.66
11383.49 39255.51
11384.49 39259.33
11385.49 39262.98
11386.49 39266.74
11387.50 39270.69
11388.50 39274.51
11389.48 39278.23
11390.50 39282.03
11391.49 39285.88
11392.49 39289.69
11393.49 39293.51
11394.49 39297.47
11395.49 39301.40
11396.49 39305.38
11397.50 39309.28
