9.43 9.43 8.94 3/2890 27779
10.12 9.57 8.99 7/2908 27841
10.12 9.57 8.99 5/2913 27880
10.12 9.57 8.99 1/2911 27899
10.12 9.57 8.99 3/2913 27925
10.12 9.57 8.99 2/2902 27960
9.87 9.53 8.98 3/2903 27980
9.87 9.53 8.98 2/2901 27999
9.87 9.53 8.98 5/2904 28021
9.87 9.53 8.98 3/2904 28041
9.87 9.53 8.98 5/2912 28069
9.88 9.54 8.98 2/2912 28090
9.88 9.54 8.98 2/2905 28109
9.88 9.54 8.98 3/2905 28128
9.88 9.54 8.98 7/2904 28147
9.88 9.54 8.98 5/2904 28166
9.65 9.49 8.97 2/2904 28185
9.65 9.49 8.97 6/2902 28204
9.65 9.49 8.97 4/2903 28227
9.65 9.49 8.97 3/2902 28246
9.65 9.49 8.97 3/2902 28265
9.52 9.47 8.97 5/2902 28284
9.52 9.47 8.97 4/2902 28304
9.52 9.47 8.97 4/2902 28323
9.52 9.47 8.97 2/2902 28343
9.52 9.47 8.97 8/2902 28362
9.23 9.41 8.95 5/2902 28381
9.23 9.41 8.95 1/2901 28400
9.23 9.41 8.95 4/2901 28419
9.23 9.41 8.95 6/2901 28438
9.23 9.41 8.95 16/2901 28457
9.21 9.40 8.95 8/2905 28480
9.21 9.40 8.95 4/2908 28503
9.21 9.40 8.95 4/2901 28523
9.21 9.40 8.95 2/2901 28543
9.21 9.40 8.95 6/2901 28562
8.96 9.35 8.93 2/2901 28581
8.96 9.35 8.93 5/2901 28600
8.96 9.35 8.93 5/2901 28619
8.96 9.35 8.93 7/2901 28638
8.96 9.35 8.93 6/2901 28658
8.88 9.33 8.93 2/2901 28678
8.88 9.33 8.93 2/2901 28697
8.88 9.33 8.93 4/2900 28716
8.88 9.33 8.93 8/2899 28735
8.88 9.33 8.93 3/2899 28755
8.65 9.27 8.91 4/2899 28774
8.65 9.27 8.91 4/2899 28793
8.65 9.27 8.91 6/2899 28812
8.65 9.27 8.91 5/2899 28831
8.65 9.27 8.91 5/2899 28850
8.52 9.23 8.90 4/2899 28869
8.52 9.23 8.90 3/2898 28888
8.52 9.23 8.90 7/2905 28915
8.52 9.23 8.90 5/2901 28939
8.52 9.23 8.90 7/2903 28961
8.64 9.25 8.91 5/2903 28980
8.64 9.25 8.91 6/2916 29013
8.64 9.25 8.91 4/2914 29032
8.64 9.25 8.91 2/2910 29051
8.64 9.25 8.91 2/2910 29070
8.58 9.22 8.90 6/2908 29089
8.58 9.22 8.90 6/2907 29108
8.58 9.22 8.90 3/2903 29127
8.58 9.22 8.90 10/2900 29150
8.58 9.22 8.90 6/2900 29177
8.86 9.27 8.92 5/2900 29196
8.86 9.27 8.92 2/2900 29215
8.86 9.27 8.92 5/2900 29234
8.86 9.27 8.92 3/2898 29254
8.86 9.27 8.92 4/2898 29273
9.03 9.30 8.93 2/2898 29292
9.03 9.30 8.93 3/2898 29311
9.03 9.30 8.93 7/2898 29330
9.03 9.30 8.93 16/2873 29356
9.03 9.30 8.93 5/2736 29377
9.27 9.34 8.95 10/2729 29397
9.27 9.34 8.95 6/2729 29416
9.27 9.34 8.95 6/2729 29435
9.27 9.34 8.95 3/2729 29454
9.27 9.34 8.95 11/2729 29474
9.17 9.32 8.94 6/2729 29493
9.17 9.32 8.94 6/2729 29512
9.17 9.32 8.94 5/2729 29531
9.17 9.32 8.94 3/2729 29550
9.17 9.32 8.94 5/2729 29569
9.23 9.33 8.95 7/2730 29589
9.23 9.33 8.95 5/2730 29608
9.23 9.33 8.95 7/2730 29627
9.23 9.33 8.95 7/2730 29646
9.23 9.33 8.95 9/2730 29665
9.37 9.36 8.96 6/2730 29684
9.37 9.36 8.96 9/2730 29704
9.37 9.36 8.96 3/2730 29723
9.37 9.36 8.96 12/2730 29742
9.37 9.36 8.96 8/2730 29762
9.75 9.44 8.99 14/2737 29789
9.75 9.44 8.99 6/2729 29809
9.75 9.44 8.99 6/2729 29828
9.75 9.44 8.99 5/2729 29847
9.75 9.44 8.99 2/2729 29866
9.93 9.48 9.00 5/2729 29885
9.93 9.48 9.00 6/2729 29904
9.93 9.48 9.00 8/2729 29923
9.93 9.48 9.00 8/2729 29944
9.93 9.48 9.00 7/2729 29964
9.77 9.46 9.00 4/2729 29983
9.77 9.46 9.00 2/2729 30002
9.77 9.46 9.00 5/2730 30022
9.77 9.46 9.00 13/2648 30043
9.77 9.46 9.00 7/2766 30207
10.19 9.55 9.03 12/2790 30258
10.19 9.55 9.03 1/2813 30307
10.19 9.55 9.03 3/2813 30326
10.19 9.55 9.03 5/2813 30345
10.19 9.55 9.03 1/2804 30365
10.10 9.54 9.03 8/2804 30387
10.10 9.54 9.03 3/2801 30408
10.10 9.54 9.03 3/2802 30430
10.10 9.54 9.03 5/2802 30449
10.10 9.54 9.03 6/2802 30480
9.85 9.50 9.02 7/2806 30524
9.85 9.50 9.02 7/2802 30551
9.85 9.50 9.02 3/2802 30570
9.85 9.50 9.02 2/2802 30589
9.85 9.50 9.02 1/2802 30608
9.54 9.44 9.00 2/2802 30628
9.54 9.44 9.00 3/2802 30648
9.54 9.44 9.00 8/2802 30667
9.54 9.44 9.00 2/2802 30686
9.54 9.44 9.00 3/2802 30705
9.66 9.47 9.01 5/2802 30725
9.66 9.47 9.01 3/2802 30744
9.66 9.47 9.01 4/2802 30763
9.66 9.47 9.01 1/2800 30782
9.66 9.47 9.01 4/2800 30801
9.52 9.44 9.01 4/2800 30821
9.52 9.44 9.01 2/2800 30840
9.52 9.44 9.01 1/2801 30861
9.52 9.44 9.01 3/2800 30881
9.52 9.44 9.01 3/2800 30902
9.56 9.45 9.01 4/2800 30922
9.56 9.45 9.01 3/2800 30942
9.56 9.45 9.01 3/2800 30961
9.56 9.45 9.01 5/2800 30980
9.56 9.45 9.01 2/2800 30999
9.60 9.46 9.02 3/2800 31019
9.60 9.46 9.02 2/2800 31038
9.60 9.46 9.02 2/2800 31057
