26495.91 100807.21
26496.88 100810.58
26497.86 100814.14
26498.86 100818.23
26499.86 100822.36
26500.85 100826.64
26501.86 100831.08
26502.85 100835.22
26503.85 100839.18
26504.86 100843.39
26505.85 100847.01
26506.86 100850.32
26507.85 100853.78
26508.86 100857.33
26509.86 100860.85
26510.86 100864.37
26511.85 100867.90
26512.85 100871.28
26513.86 100874.67
26514.86 100878.01
26515.86 100881.36
26516.86 100884.71
26517.85 100887.92
26518.85 100891.05
26519.85 100894.19
26520.86 100897.39
26521.85 100900.48
26522.85 100903.57
26523.86 100906.74
26524.86 100909.76
26525.86 100912.86
26526.85 100915.92
26527.87 100918.58
26528.85 100921.16
26529.85 100924.10
26530.86 100927.15
26531.86 100930.13
26532.85 100933.02
26533.86 100935.98
26534.86 100938.91
26535.85 100941.87
26536.86 100944.87
26537.86 100947.80
26538.86 100950.63
26539.86 100953.58
26540.86 100956.46
26541.85 100959.34
26542.86 100962.27
26543.86 100965.15
26544.86 100967.98
26545.86 100970.90
26546.86 100973.81
26547.87 100976.77
26548.87 100979.41
26549.87 100981.67
26550.85 100984.19
26551.87 100986.88
26552.89 100989.65
26553.87 100992.37
26554.88 100995.25
26555.88 100998.11
26556.86 101000.92
26557.86 101003.73
26558.86 101006.39
26559.86 101009.26
26560.87 101012.04
26561.86 101014.92
26562.86 101017.76
26563.86 101020.56
26564.86 101023.41
26565.87 101026.30
26566.86 101029.15
26567.90 101031.97
26568.86 101034.60
26569.89 101037.05
26570.87 101038.30
26571.86 101040.36
26572.85 101043.07
26573.85 101045.78
26574.91 101048.73
26575.87 101050.98
26576.86 101052.92
26577.86 101055.21
26578.86 101057.30
26579.86 101059.88
26580.85 101062.55
26581.86 101065.41
26582.87 101067.46
26583.85 101069.32
26584.86 101071.92
26585.89 101073.91
26586.87 101075.68
26587.86 101077.83
26588.86 101080.11
26589.86 101082.77
26590.86 101085.54
26591.86 101087.71
26592.87 101089.30
26593.87 101092.16
26594.86 101095.04
26595.86 101097.76
26596.86 101100.60
26597.87 101103.36
26598.86 101106.07
26599.87 101108.84
26600.90 101111.60
26601.94 101114.46
26602.86 101116.95
26603.87 101119.52
26604.87 101121.18
26605.89 101121.66
26606.86 101122.70
26607.86 101123.56
26608.87 101127.25
26609.87 101131.07
26610.85 101134.54
26611.86 101138.29
26612.86 101141.94
26613.87 101145.41
26614.86 101149.27
26615.86 101152.93
26616.86 101156.64
26617.87 101160.43
26618.87 101164.12
26619.86 101167.95
26620.87 101171.73
26621.87 101175.36
26622.86 101179.23
26623.89 101183.17
26624.86 101186.76
26625.86 101190.51
26626.87 101194.27
26627.87 101197.92
26628.86 101201.73
26629.87 101205.66
26630.88 101209.54
26631.86 101213.33
26632.87 101217.20
26633.87 101221.03
26634.87 101224.74
26635.86 101228.41
26636.87 101232.19
26637.87 101236.01
26638.87 101239.70
26639.87 101243.50
26640.86 101247.24
26641.86 101251.01
26642.87 101254.71
26643.87 101258.32
