8.08 2.92 1.06 2/3174 5981
8.08 2.92 1.06 2/3175 6022
8.08 2.92 1.06 7/3174 6042
8.08 2.92 1.06 2/3174 6062
8.08 2.92 1.06 4/3163 6085
8.31 3.06 1.12 4/3161 6104
8.31 3.06 1.12 2/3160 6123
8.31 3.06 1.12 4/3162 6145
8.31 3.06 1.12 2/3164 6170
8.45 3.17 1.16 2/3163 6200
8.45 3.17 1.16 2/3162 6223
8.45 3.17 1.16 3/3168 6250
8.45 3.17 1.16 3/3160 6270
8.45 3.17 1.16 2/3160 6289
8.45 3.17 1.16 1/3160 6308
8.33 3.23 1.20 2/3159 6327
8.33 3.23 1.20 2/3143 6346
8.33 3.23 1.20 1/3143 6365
8.33 3.23 1.20 4/3143 6384
8.33 3.23 1.20 2/3143 6403
8.22 3.30 1.23 3/3143 6422
8.22 3.30 1.23 14/3142 6442
8.22 3.30 1.23 1/3142 6461
8.22 3.30 1.23 4/3132 6480
8.22 3.30 1.23 4/3132 6501
8.20 3.38 1.26 6/3132 6520
8.20 3.38 1.26 3/3132 6539
8.20 3.38 1.26 2/3116 6558
8.20 3.38 1.26 3/3097 6577
8.20 3.38 1.26 10/3097 6596
8.43 3.50 1.32 6/3097 6615
8.43 3.50 1.32 2/3096 6634
8.43 3.50 1.32 2/3103 6661
8.43 3.50 1.32 4/3103 6681
8.43 3.50 1.32 2/3096 6701
8.23 3.54 1.34 6/3094 6720
8.23 3.54 1.34 2/3094 6739
8.23 3.54 1.34 3/3093 6758
8.23 3.54 1.34 5/3093 6777
8.23 3.54 1.34 6/3093 6802
8.38 3.65 1.39 4/3093 6829
8.38 3.65 1.39 3/3093 6848
8.38 3.65 1.39 1/3093 6867
8.38 3.65 1.39 5/3092 6886
8.38 3.65 1.39 3/3092 6906
8.27 3.71 1.42 8/3090 6925
8.27 3.71 1.42 10/3090 6944
8.27 3.71 1.42 8/3090 6963
8.27 3.71 1.42 2/3090 6982
8.27 3.71 1.42 6/3090 7001
8.08 3.75 1.44 2/3070 7021
8.08 3.75 1.44 5/3070 7040
8.08 3.75 1.44 1/3070 7059
8.08 3.75 1.44 14/3072 7080
8.08 3.75 1.44 4/3077 7107
8.24 3.85 1.49 1/3070 7127
8.24 3.85 1.49 2/3066 7147
8.24 3.85 1.49 2/3065 7166
8.24 3.85 1.49 5/3065 7185
8.24 3.85 1.49 5/3062 7204
8.30 3.94 1.53 3/3060 7224
8.30 3.94 1.53 9/3056 7243
8.30 3.94 1.53 3/3051 7262
8.30 3.94 1.53 3/3051 7281
8.30 3.94 1.53 2/3049 7300
8.11 3.97 1.55 1/3049 7319
8.11 3.97 1.55 1/3049 7338
8.11 3.97 1.55 3/3047 7358
8.11 3.97 1.55 1/3047 7377
8.11 3.97 1.55 2/3046 7398
8.35 4.09 1.61 1/3046 7417
8.35 4.09 1.61 5/3046 7436
8.35 4.09 1.61 4/3046 7455
8.35 4.09 1.61 4/3046 7474
8.35 4.09 1.61 6/3046 7493
8.24 4.14 1.63 3/3053 7520
8.24 4.14 1.63 5/3046 7540
8.24 4.14 1.63 5/3046 7559
8.24 4.14 1.63 2/3046 7578
8.24 4.14 1.63 11/3046 7598
8.06 4.17 1.66 3/3046 7617
8.06 4.17 1.66 2/3046 7636
8.06 4.17 1.66 7/3046 7655
8.06 4.17 1.66 8/3046 7674
8.06 4.17 1.66 2/3046 7695
8.21 4.26 1.70 4/3046 7714
8.21 4.26 1.70 3/3046 7733
8.21 4.26 1.70 3/3046 7752
8.21 4.26 1.70 1/3046 7771
8.21 4.26 1.70 9/3046 7790
8.12 4.31 1.73 6/3046 7810
8.12 4.31 1.73 2/3046 7829
8.12 4.31 1.73 2/3046 7848
8.12 4.31 1.73 1/3046 7867
8.12 4.31 1.73 4/3046 7886
8.11 4.37 1.77 3/3046 7905
8.11 4.37 1.77 4/3053 7935
8.11 4.37 1.77 15/3054 7955
8.11 4.37 1.77 5/3047 7975
8.11 4.37 1.77 4/3047 7996
8.50 4.52 1.83 3/3047 8023
8.50 4.52 1.83 3/3047 8046
8.50 4.52 1.83 2/3047 8066
8.50 4.52 1.83 6/3047 8085
8.50 4.52 1.83 2/3047 8104
9.02 4.69 1.90 5/3047 8123
9.02 4.69 1.90 2/3047 8142
9.02 4.69 1.90 2/3047 8161
9.02 4.69 1.90 10/3047 8180
9.02 4.69 1.90 6/3047 8199
9.18 4.79 1.95 4/3047 8218
9.18 4.79 1.95 2/3047 8237
9.18 4.79 1.95 2/3047 8256
9.18 4.79 1.95 5/3047 8275
9.18 4.79 1.95 2/3047 8297
9.08 4.85 1.98 12/3047 8316
9.08 4.85 1.98 4/3047 8335
9.08 4.85 1.98 6/3054 8361
9.08 4.85 1.98 2/3054 8381
9.08 4.85 1.98 7/3047 8401
9.24 4.95 2.03 4/3047 8421
9.24 4.95 2.03 2/3047 8440
9.24 4.95 2.03 1/3047 8459
9.24 4.95 2.03 3/3047 8478
9.24 4.95 2.03 3/3047 8497
8.82 4.93 2.04 5/3047 8516
8.82 4.93 2.04 3/3047 8536
8.82 4.93 2.04 4/3047 8555
8.82 4.93 2.04 4/3047 8574
8.82 4.93 2.04 4/3047 8595
8.75 4.99 2.07 5/3047 8614
8.75 4.99 2.07 5/3047 8633
8.75 4.99 2.07 4/3047 8652
8.75 4.99 2.07 8/3047 8671
8.75 4.99 2.07 3/3047 8690
8.85 5.07 2.11 8/3047 8709
8.85 5.07 2.11 3/3047 8728
8.85 5.07 2.11 5/3047 8747
8.85 5.07 2.11 2/3047 8767
8.85 5.07 2.11 5/3057 8797
8.62 5.08 2.14 2/3050 8817
8.62 5.08 2.14 3/3050 8836
8.62 5.08 2.14 6/3050 8855
8.62 5.08 2.14 6/3048 8874
8.62 5.08 2.14 1/3048 8895
8.41 5.10 2.16 4/3048 8914
8.41 5.10 2.16 3/3048 8933
8.41 5.10 2.16 2/3048 8952
8.41 5.10 2.16 4/3048 8971
