105.86 338.36
106.77 341.49
107.75 345.43
108.76 349.51
109.76 353.68
110.76 357.91
111.76 361.99
112.77 365.93
113.77 370.03
114.79 373.66
115.76 377.11
116.76 380.52
117.77 383.90
118.78 387.71
119.76 391.36
120.75 395.09
121.76 398.87
122.76 402.67
123.76 406.48
124.76 410.11
125.76 413.84
126.77 417.62
127.76 421.31
128.77 425.14
129.77 428.89
130.76 432.49
131.77 436.30
132.77 439.97
133.76 443.67
134.76 447.44
135.78 451.16
136.76 454.71
137.77 458.38
138.77 461.79
139.76 465.36
140.76 469.06
141.77 472.88
142.76 476.55
143.77 480.32
144.76 484.04
145.76 487.69
146.77 491.47
147.77 495.23
148.76 498.93
149.76 502.60
150.77 506.31
151.77 510.01
152.77 513.75
153.77 517.44
154.76 521.11
155.76 524.80
156.76 528.43
157.76 532.19
158.77 535.96
159.76 539.25
160.77 542.72
161.77 546.35
162.77 550.10
163.78 553.81
164.77 557.45
165.76 561.08
166.77 564.79
167.78 568.48
168.77 572.10
169.78 575.79
170.76 579.41
171.76 583.12
172.76 586.72
173.77 590.48
174.77 594.15
175.76 597.70
176.76 601.40
177.77 605.05
178.76 608.69
179.76 612.36
180.76 615.85
181.76 619.18
182.77 622.77
183.77 626.41
184.77 629.97
185.78 633.58
186.77 637.15
187.76 640.73
188.77 644.29
189.76 647.90
190.78 651.51
191.77 655.10
192.77 658.73
193.79 662.41
194.78 665.97
195.77 669.50
196.78 673.14
197.78 676.74
198.79 680.42
199.76 683.97
200.76 687.56
201.77 691.11
202.77 694.39
203.77 697.81
204.77 701.42
205.76 704.88
206.77 708.50
207.78 712.10
208.76 715.57
209.76 719.21
210.76 722.80
211.77 726.47
212.78 730.09
213.76 733.57
214.77 737.17
215.77 740.69
216.78 744.33
217.77 747.84
218.76 751.41
219.76 754.99
220.77 758.55
221.77 762.13
222.87 766.08
223.80 769.07
224.77 772.19
225.78 775.78
226.78 779.32
227.78 782.90
228.77 786.44
229.77 789.96
230.77 793.47
231.77 797.01
232.78 800.51
233.77 804.02
234.76 807.50
235.78 810.96
236.77 814.47
237.77 818.04
238.77 821.51
239.78 825.09
240.78 828.60
241.78 832.18
242.78 835.71
243.78 839.18
244.78 842.40
245.77 845.44
246.76 848.88
247.77 852.45
248.78 855.95
249.78 859.45
250.78 862.72
251.77 866.20
252.77 869.58
253.77 872.94
