10.43 10.07 8.96 4/3188 8137
10.43 10.07 8.96 2/3212 8211
10.43 10.07 8.96 3/3206 8232
10.43 10.07 8.96 10/3206 8252
10.43 10.07 8.96 1/3205 8271
10.32 10.05 8.96 4/3194 8294
10.32 10.05 8.96 3/3194 8313
10.32 10.05 8.96 3/3193 8332
10.32 10.05 8.96 1/3187 8354
10.32 10.05 8.96 7/3187 8387
10.05 10.00 8.95 6/3187 8414
10.05 10.00 8.95 3/3180 8435
10.05 10.00 8.95 2/3178 8454
10.05 10.00 8.95 4/3173 8473
10.05 10.00 8.95 5/3167 8492
9.89 9.97 8.95 3/3167 8513
9.89 9.97 8.95 3/3159 8533
9.89 9.97 8.95 4/3159 8552
9.89 9.97 8.95 2/3159 8571
9.89 9.97 8.95 7/3159 8590
9.74 9.93 8.94 3/3159 8609
9.74 9.93 8.94 2/3159 8628
9.74 9.93 8.94 5/3158 8648
9.74 9.93 8.94 4/3138 8667
9.74 9.93 8.94 5/3138 8686
9.68 9.92 8.94 6/3138 8705
9.68 9.92 8.94 3/3138 8724
9.68 9.92 8.94 2/3138 8743
9.68 9.92 8.94 3/3134 8762
9.68 9.92 8.94 4/3134 8781
9.38 9.85 8.93 3/3134 8802
9.38 9.85 8.93 8/3141 8829
9.38 9.85 8.93 4/3132 8849
9.38 9.85 8.93 7/3132 8868
9.38 9.85 8.93 2/3132 8889
9.35 9.84 8.93 4/3132 8908
9.35 9.84 8.93 4/3129 8927
9.35 9.84 8.93 5/3123 8946
9.35 9.84 8.93 2/3117 8969
9.35 9.84 8.93 6/3116 8996
9.40 9.84 8.93 4/3116 9015
9.40 9.84 8.93 3/3114 9034
9.40 9.84 8.93 13/3102 9053
9.40 9.84 8.93 3/3100 9072
9.40 9.84 8.93 10/3099 9091
9.45 9.84 8.94 5/3099 9112
9.45 9.84 8.94 4/3099 9132
9.45 9.84 8.94 2/3099 9151
9.45 9.84 8.94 2/3099 9170
9.45 9.84 8.94 8/3099 9189
9.26 9.80 8.93 8/3099 9208
9.26 9.80 8.93 5/3098 9227
9.26 9.80 8.93 3/3099 9254
9.26 9.80 8.93 5/3091 9274
9.26 9.80 8.93 5/3091 9293
9.15 9.77 8.92 3/3092 9313
9.15 9.77 8.92 2/3091 9332
9.15 9.77 8.92 5/3086 9352
9.15 9.77 8.92 4/3087 9372
9.15 9.77 8.92 5/3082 9391
9.22 9.77 8.93 4/3080 9412
9.22 9.77 8.93 4/3080 9431
9.22 9.77 8.93 2/3076 9450
9.22 9.77 8.93 10/3075 9469
9.22 9.77 8.93 8/3073 9488
9.12 9.74 8.92 6/3069 9507
9.12 9.74 8.92 5/3069 9526
9.12 9.74 8.92 4/3069 9545
9.12 9.74 8.92 3/3068 9567
9.12 9.74 8.92 5/3068 9587
8.95 9.69 8.91 6/3068 9606
8.95 9.69 8.91 6/3068 9625
8.95 9.69 8.91 7/3068 9644
8.95 9.69 8.91 6/3075 9671
8.95 9.69 8.91 2/3075 9690
9.04 9.70 8.92 2/3068 9712
9.04 9.70 8.92 4/3069 9732
9.04 9.70 8.92 6/3069 9751
9.04 9.70 8.92 2/3069 9770
9.04 9.70 8.92 4/3069 9789
9.12 9.70 8.92 4/3069 9809
9.12 9.70 8.92 5/3069 9828
9.12 9.70 8.92 6/3069 9847
9.12 9.70 8.92 5/3069 9866
9.12 9.70 8.92 5/3069 9885
9.35 9.74 8.94 5/3069 9904
9.35 9.74 8.94 8/3069 9923
9.35 9.74 8.94 2/3069 9942
9.35 9.74 8.94 5/3069 9961
9.35 9.74 8.94 7/3069 9980
9.72 9.81 8.97 4/3069 10001
9.72 9.81 8.97 3/3069 10020
9.72 9.81 8.97 4/3069 10040
9.72 9.81 8.97 4/3069 10059
9.72 9.81 8.97 5/3068 10079
9.50 9.77 8.96 2/3075 10106
9.50 9.77 8.96 3/3073 10137
9.50 9.77 8.96 4/3073 10159
9.50 9.77 8.96 5/3073 10182
9.50 9.77 8.96 7/3072 10210
9.46 9.75 8.96 4/3072 10230
9.46 9.75 8.96 4/3072 10249
9.46 9.75 8.96 3/3072 10269
9.46 9.75 8.96 8/3072 10289
9.46 9.75 8.96 4/3072 10308
9.50 9.76 8.96 4/3072 10330
9.50 9.76 8.96 4/3072 10349
9.50 9.76 8.96 5/3072 10370
9.50 9.76 8.96 3/3072 10389
9.50 9.76 8.96 7/3072 10408
9.46 9.75 8.96 4/3072 10427
9.46 9.75 8.96 2/3072 10446
9.46 9.75 8.96 4/3071 10465
9.46 9.75 8.96 6/2997 10484
9.46 9.75 8.96 22/3047 10581
9.51 9.75 8.97 3/3066 10637
9.51 9.75 8.97 10/3067 10659
9.51 9.75 8.97 5/3066 10679
9.51 9.75 8.97 6/3066 10698
9.51 9.75 8.97 7/3065 10717
9.79 9.80 8.99 4/3061 10738
9.79 9.80 8.99 3/3061 10758
9.79 9.80 8.99 11/3061 10777
9.79 9.80 8.99 3/3061 10796
9.79 9.80 8.99 13/3061 10819
9.56 9.76 8.98 2/3061 10846
9.56 9.76 8.98 9/3061 10869
9.56 9.76 8.98 1/3061 10888
9.56 9.76 8.98 11/3061 10907
9.56 9.76 8.98 10/3061 10926
9.36 9.71 8.97 3/3061 10945
9.36 9.71 8.97 5/3061 10965
9.36 9.71 8.97 5/3061 10984
9.36 9.71 8.97 3/3061 11003
9.36 9.71 8.97 3/3061 11022
10.05 9.85 9.02 10/3061 11043
10.05 9.85 9.02 5/3061 11063
10.05 9.85 9.02 13/3062 11084
10.05 9.85 9.02 5/3062 11105
10.05 9.85 9.02 3/3062 11125
9.97 9.83 9.02 1/3062 11145
9.97 9.83 9.02 3/3062 11164
9.97 9.83 9.02 2/3062 11183
9.97 9.83 9.02 7/3062 11202
9.97 9.83 9.02 2/3062 11221
9.73 9.79 9.01 8/3062 11241
9.73 9.79 9.01 10/3062 11260
9.73 9.79 9.01 3/3062 11279
9.73 9.79 9.01 4/3062 11298
