2447.17 7848.67
2448.11 7851.81
2449.10 7855.60
2450.10 7859.71
2451.10 7863.86
2452.09 7868.24
2453.10 7872.67
2454.09 7876.78
2455.10 7880.64
2456.09 7884.44
2457.10 7887.80
2458.09 7891.26
2459.10 7894.88
2460.09 7898.39
2461.10 7901.93
2462.10 7905.40
2463.08 7908.83
2464.09 7912.24
2465.10 7915.57
2466.09 7918.79
2467.10 7922.10
2468.09 7925.39
2469.10 7928.62
2470.10 7931.72
2471.09 7934.84
2472.10 7938.04
2473.09 7941.07
2474.10 7944.24
2475.09 7947.33
2476.10 7950.38
2477.09 7953.48
2478.10 7956.29
2479.09 7958.96
2480.10 7961.98
2481.10 7964.83
2482.10 7967.83
2483.09 7970.79
2484.09 7973.75
2485.10 7976.73
2486.10 7979.58
2487.11 7982.57
2488.09 7985.47
2489.10 7988.42
2490.11 7991.21
2491.09 7994.06
2492.10 7996.97
2493.09 7999.85
2494.10 8002.79
2495.09 8005.67
2496.10 8008.60
2497.10 8011.52
2498.10 8014.38
2499.17 8016.87
2500.10 8018.90
2501.10 8021.59
2502.10 8024.18
2503.10 8026.97
2504.10 8029.81
2505.09 8032.57
2506.10 8035.43
2507.09 8038.25
2508.09 8041.11
2509.10 8043.94
2510.09 8046.69
2511.09 8049.55
2512.10 8052.47
2513.10 8055.33
2514.09 8058.15
2515.10 8060.95
2516.09 8063.74
2517.11 8066.63
2518.10 8069.46
2519.10 8072.21
2520.11 8074.79
2521.09 8077.25
2522.13 8080.05
2523.10 8082.80
2524.11 8085.62
2525.10 8088.39
2526.09 8091.15
2527.12 8093.85
2528.12 8096.63
2529.10 8099.46
2530.10 8102.25
2531.10 8105.09
2532.11 8107.98
2533.12 8110.76
2534.11 8113.51
2535.09 8116.27
2536.10 8119.09
2537.10 8121.92
2538.11 8124.81
2539.10 8127.53
2540.09 8130.28
2541.10 8133.07
2542.11 8135.68
2543.10 8138.23
2544.09 8141.02
2545.10 8143.82
2546.10 8146.61
2547.10 8149.43
2548.09 8152.21
2549.10 8155.07
2550.10 8157.68
2551.09 8160.50
2552.10 8163.42
2553.09 8166.26
2554.10 8169.17
2555.10 8171.99
2556.10 8174.80
2557.09 8177.60
2558.10 8180.49
2559.11 8183.34
2560.12 8185.71
2561.11 8187.08
2562.11 8187.87
2563.12 8190.23
2564.10 8192.41
2565.09 8195.63
2566.10 8198.67
2567.09 8201.70
2568.11 8205.02
2569.10 8208.08
2570.10 8211.34
2571.11 8214.47
2572.09 8217.64
2573.10 8220.81
2574.10 8224.07
2575.11 8227.31
2576.09 8230.48
2577.11 8233.80
2578.10 8236.99
2579.10 8240.22
2580.11 8243.45
2581.09 8246.60
2582.10 8249.97
2583.11 8253.27
2584.10 8256.45
2585.11 8259.70
2586.09 8262.78
2587.10 8265.99
2588.11 8269.32
2589.10 8272.66
2590.10 8275.97
2591.10 8279.28
2592.10 8282.49
2593.10 8285.62
2594.09 8289.00
2595.10 8292.38
