9.02 8.87 8.44 5/2987 10459
9.02 8.87 8.44 3/2980 10481
9.02 8.87 8.44 17/2983 10504
9.26 8.92 8.46 5/2998 10544
9.26 8.92 8.46 2/2986 10567
9.26 8.92 8.46 2/2986 10587
9.26 8.92 8.46 2/2986 10619
9.26 8.92 8.46 3/2986 10654
9.00 8.87 8.45 4/2974 10685
9.00 8.87 8.45 3/2978 10716
9.00 8.87 8.45 1/2979 10744
9.00 8.87 8.45 2/2979 10763
9.00 8.87 8.45 5/2963 10784
8.76 8.83 8.43 2/2963 10803
8.76 8.83 8.43 2/2961 10823
8.76 8.83 8.43 7/2961 10842
8.76 8.83 8.43 6/2968 10869
8.76 8.83 8.43 2/2968 10889
8.70 8.81 8.43 7/2960 10909
8.70 8.81 8.43 4/2960 10928
8.70 8.81 8.43 2/2960 10947
8.70 8.81 8.43 6/2960 10966
8.70 8.81 8.43 2/2960 10985
8.88 8.85 8.44 8/2960 11004
8.88 8.85 8.44 4/2960 11023
8.88 8.85 8.44 3/2959 11043
8.88 8.85 8.44 1/2959 11062
8.88 8.85 8.44 3/2959 11083
8.57 8.78 8.43 4/2956 11102
8.57 8.78 8.43 4/2956 11121
8.57 8.78 8.43 7/2956 11140
8.57 8.78 8.43 1/2956 11159
8.57 8.78 8.43 6/2954 11178
8.68 8.80 8.43 1/2951 11201
8.68 8.80 8.43 7/2951 11220
8.68 8.80 8.43 1/2951 11239
8.68 8.80 8.43 1/2948 11258
8.68 8.80 8.43 3/2955 11285
8.79 8.82 8.44 5/2953 11305
8.79 8.82 8.44 2/2946 11325
8.79 8.82 8.44 4/2946 11344
8.79 8.82 8.44 4/2945 11363
8.79 8.82 8.44 4/2945 11384
8.57 8.78 8.43 2/2945 11403
8.57 8.78 8.43 5/2945 11422
8.57 8.78 8.43 4/2945 11441
8.57 8.78 8.43 2/2945 11460
8.57 8.78 8.43 3/2943 11479
8.52 8.76 8.43 1/2942 11499
8.52 8.76 8.43 2/2942 11518
8.52 8.76 8.43 7/2942 11537
8.52 8.76 8.43 9/2942 11556
8.52 8.76 8.43 4/2938 11575
8.40 8.73 8.42 1/2938 11594
8.40 8.73 8.42 2/2936 11613
8.40 8.73 8.42 3/2934 11632
8.40 8.73 8.42 2/2931 11651
8.40 8.73 8.42 3/2929 11672
8.29 8.71 8.41 4/2929 11691
8.29 8.71 8.41 3/2932 11718
8.29 8.71 8.41 5/2923 11739
8.29 8.71 8.41 1/2920 11758
8.29 8.71 8.41 5/2920 11777
8.18 8.68 8.40 3/2917 11796
8.18 8.68 8.40 2/2917 11815
8.18 8.68 8.40 4/2917 11835
8.18 8.68 8.40 3/2918 11856
8.18 8.68 8.40 2/2918 11875
8.17 8.67 8.40 2/2918 11894
8.17 8.67 8.40 5/2917 11913
8.17 8.67 8.40 3/2915 11932
8.17 8.67 8.40 5/2915 11952
8.17 8.67 8.40 2/2915 11973
8.31 8.69 8.41 3/2915 11992
8.31 8.69 8.41 5/2915 12011
8.31 8.69 8.41 4/2915 12030
8.31 8.69 8.41 6/2915 12049
8.31 8.69 8.41 5/2915 12068
8.13 8.64 8.40 6/2915 12087
8.13 8.64 8.40 1/2915 12106
8.13 8.64 8.40 3/2922 12133
8.13 8.64 8.40 8/2923 12153
8.13 8.64 8.40 6/2915 12173
8.12 8.63 8.39 3/2917 12194
8.12 8.63 8.39 1/2917 12213
8.12 8.63 8.39 6/2917 12232
8.12 8.63 8.39 6/2917 12251
8.12 8.63 8.39 2/2917 12272
8.27 8.66 8.40 3/2917 12291
8.27 8.66 8.40 1/2917 12310
8.27 8.66 8.40 4/2917 12329
8.27 8.66 8.40 2/2917 12348
8.27 8.66 8.40 2/2917 12367
8.33 8.66 8.41 3/2923 12394
8.33 8.66 8.41 5/2923 12414
8.33 8.66 8.41 5/2923 12433
8.33 8.66 8.41 1/2923 12452
8.33 8.66 8.41 2/2923 12471
8.38 8.67 8.41 3/2923 12490
8.38 8.67 8.41 1/2923 12509
8.38 8.67 8.41 5/2923 12528
8.38 8.67 8.41 10/2926 12550
8.38 8.67 8.41 2/2930 12576
8.27 8.64 8.40 3/2923 12596
8.27 8.64 8.40 6/2923 12615
8.27 8.64 8.40 11/2923 12635
8.27 8.64 8.40 3/2923 12654
8.27 8.64 8.40 1/2923 12673
8.01 8.58 8.38 6/2923 12692
8.01 8.58 8.38 6/2923 12711
8.01 8.58 8.38 5/2923 12730
8.01 8.58 8.38 2/2923 12749
8.01 8.58 8.38 2/2923 12768
8.09 8.59 8.39 3/2923 12787
8.09 8.59 8.39 2/2923 12806
8.09 8.59 8.39 9/2923 12825
8.09 8.59 8.39 6/2923 12844
8.09 8.59 8.39 5/2923 12866
8.00 8.56 8.38 1/2923 12885
8.00 8.56 8.38 4/2923 12904
8.00 8.56 8.38 7/2923 12923
8.00 8.56 8.38 3/2923 12942
8.00 8.56 8.38 2/2923 12961
8.08 8.57 8.38 6/2930 12988
8.08 8.57 8.38 2/2923 13008
8.08 8.57 8.38 5/2923 13027
8.08 8.57 8.38 8/2923 13047
8.08 8.57 8.38 2/2923 13066
7.99 8.54 8.38 7/2923 13086
7.99 8.54 8.38 2/2923 13105
7.99 8.54 8.38 3/2924 13125
7.99 8.54 8.38 6/2927 13147
7.99 8.54 8.38 3/2927 13168
8.16 8.56 8.38 5/2927 13187
8.16 8.56 8.38 8/2927 13206
8.16 8.56 8.38 2/2927 13225
8.16 8.56 8.38 2/2930 13247
8.16 8.56 8.38 4/2930 13266
7.90 8.51 8.37 5/2930 13285
7.90 8.51 8.37 2/2932 13307
7.90 8.51 8.37 1/2932 13326
7.90 8.51 8.37 3/2950 13363
7.90 8.51 8.37 5/2950 13382
7.67 8.45 8.35 5/2950 13401
7.67 8.45 8.35 7/2958 13428
7.67 8.45 8.35 6/2958 13448
7.67 8.45 8.35 1/2951 13468
