3048.65 12080.87
3049.60 12084.66
3051.51 12092.10
3052.52 12094.95
3053.51 12098.72
3054.50 12102.90
3055.50 12106.87
3056.52 12111.17
3057.51 12115.10
3058.51 12119.01
3059.51 12123.00
3060.51 12127.04
3061.50 12130.95
3062.50 12134.94
3063.52 12139.05
3064.51 12143.04
3065.51 12146.80
3066.51 12150.22
3067.52 12153.83
3068.51 12157.51
3069.52 12161.41
3070.51 12165.10
3071.52 12168.96
3072.52 12172.79
3073.51 12176.50
3074.51 12180.27
3075.51 12184.00
3076.51 12187.77
3077.51 12191.54
3078.52 12195.38
3079.52 12199.23
3080.51 12202.85
3081.50 12206.69
3082.51 12210.56
3083.52 12214.35
3084.51 12218.20
3085.52 12222.10
3086.52 12225.93
3087.51 12229.47
3088.51 12232.98
3089.52 12236.89
3090.51 12240.75
3091.51 12244.60
3092.51 12248.43
3093.51 12252.23
3094.50 12256.05
3095.52 12259.97
3096.52 12263.82
3097.52 12267.62
3098.52 12271.44
3099.52 12275.35
3100.51 12279.17
3101.51 12283.00
3102.52 12286.89
3103.51 12290.62
3104.51 12294.45
3105.51 12298.27
3106.50 12302.12
3107.51 12305.93
3108.52 12309.55
3109.52 12313.02
3110.51 12316.75
3111.50 12320.58
3112.52 12324.44
3113.51 12328.17
3114.53 12332.10
3115.51 12335.81
3116.51 12339.63
3117.52 12343.44
3118.51 12347.13
3119.51 12350.96
3120.51 12354.71
3121.51 12358.57
3122.51 12362.41
3123.51 12366.20
3124.51 12370.06
3125.51 12373.90
3126.53 12377.80
3127.52 12381.54
3128.51 12385.24
3129.51 12388.95
3130.51 12392.34
3131.52 12396.05
3132.52 12399.83
3133.51 12403.57
3134.51 12407.40
3135.52 12411.27
3136.51 12415.00
3137.50 12418.81
3138.51 12422.59
3139.51 12426.37
3140.51 12430.20
3141.52 12434.09
3142.51 12437.84
3143.51 12441.60
3144.52 12445.45
3145.52 12449.22
3146.52 12453.05
3147.51 12456.83
3148.52 12460.64
3149.52 12464.46
3150.51 12468.15
3151.52 12471.77
3152.51 12475.32
3153.51 12479.09
3154.51 12482.83
3155.51 12486.60
3156.52 12490.47
3157.51 12494.23
3158.51 12497.96
3159.52 12501.87
3160.52 12505.61
3161.52 12509.46
3162.52 12513.27
3163.52 12517.01
3164.51 12520.78
3165.51 12524.56
3166.51 12528.30
3167.52 12532.12
3168.52 12535.80
3169.51 12539.56
3170.51 12543.17
3171.52 12546.99
3172.51 12550.63
3173.51 12553.98
3174.52 12557.73
3175.51 12561.46
3176.51 12565.24
3177.52 12569.06
3178.52 12572.79
3179.51 12576.36
3180.51 12579.98
3181.55 12583.94
3182.52 12587.62
3183.52 12591.40
3184.52 12595.15
3185.51 12598.82
3186.52 12602.64
3187.51 12606.30
3188.52 12610.00
3189.52 12613.83
3190.52 12617.49
3191.51 12621.19
3192.51 12624.95
3193.51 12628.58
3194.53 12631.14
3195.52 12634.27
