7.58 8.58 8.50 4/2919 18351
7.58 8.58 8.50 3/2936 18414
7.58 8.58 8.50 5/2946 18451
7.58 8.58 8.50 2/2946 18472
7.30 8.50 8.48 2/2945 18491
7.30 8.50 8.48 3/2941 18522
7.30 8.50 8.48 5/2936 18542
7.30 8.50 8.48 2/2934 18561
7.30 8.50 8.48 1/2937 18583
7.11 8.44 8.46 2/2939 18609
7.11 8.44 8.46 6/2939 18640
7.11 8.44 8.46 3/2939 18659
7.11 8.44 8.46 2/2938 18678
7.11 8.44 8.46 1/2937 18697
7.26 8.45 8.46 2/2937 18716
7.26 8.45 8.46 6/2937 18735
7.26 8.45 8.46 5/2937 18754
7.26 8.45 8.46 3/2935 18773
7.26 8.45 8.46 3/2933 18792
7.32 8.45 8.46 1/2933 18811
7.32 8.45 8.46 6/2933 18830
7.32 8.45 8.46 4/2933 18849
7.32 8.45 8.46 3/2932 18868
7.32 8.45 8.46 7/2929 18888
7.46 8.46 8.46 4/2929 18907
7.46 8.46 8.46 5/2929 18926
7.46 8.46 8.46 5/2937 18956
7.46 8.46 8.46 5/2936 18975
7.46 8.46 8.46 3/2929 18995
7.42 8.43 8.45 2/2929 19014
7.42 8.43 8.45 7/2929 19033
7.42 8.43 8.45 5/2929 19052
7.42 8.43 8.45 6/2929 19071
7.42 8.43 8.45 4/2929 19090
7.47 8.42 8.45 4/2929 19110
7.47 8.42 8.45 6/2929 19129
7.47 8.42 8.45 5/2929 19148
7.47 8.42 8.45 3/2929 19167
7.47 8.42 8.45 2/2929 19186
7.67 8.45 8.46 3/2929 19205
7.67 8.45 8.46 4/2929 19224
7.67 8.45 8.46 4/2929 19243
7.67 8.45 8.46 5/2929 19263
7.67 8.45 8.46 5/2929 19282
7.70 8.44 8.45 5/2928 19302
7.70 8.44 8.45 6/2928 19322
7.70 8.44 8.45 4/2928 19341
7.70 8.44 8.45 5/2928 19360
7.70 8.44 8.45 7/2935 19387
7.72 8.43 8.45 4/2928 19407
7.72 8.43 8.45 8/2928 19427
7.72 8.43 8.45 2/2928 19446
7.72 8.43 8.45 5/2927 19465
7.72 8.43 8.45 6/2927 19484
7.90 8.46 8.46 7/2927 19504
8.46 8.56 8.49 5/2902 19549
8.46 8.56 8.49 3/2902 19568
8.59 8.58 8.50 7/2914 19599
8.59 8.58 8.50 6/2628 19620
8.59 8.58 8.50 9/2604 19639
8.59 8.58 8.50 4/2604 19658
8.59 8.58 8.50 5/2604 19677
8.70 8.61 8.51 6/2604 19696
8.70 8.61 8.51 7/2604 19715
8.70 8.61 8.51 3/2604 19734
8.70 8.61 8.51 5/2604 19753
8.70 8.61 8.51 4/2604 19772
8.64 8.60 8.51 7/2604 19791
8.64 8.60 8.51 6/2612 19819
8.64 8.60 8.51 4/2612 19839
8.64 8.60 8.51 4/2605 19860
8.64 8.60 8.51 4/2605 19879
8.59 8.59 8.50 4/2604 19898
8.59 8.59 8.50 7/2604 19917
8.59 8.59 8.50 7/2604 19936
8.59 8.59 8.50 6/2604 19955
8.59 8.59 8.50 9/2604 19974
9.18 8.71 8.54 4/2604 19993
9.18 8.71 8.54 5/2604 20012
9.18 8.71 8.54 11/2604 20031
9.18 8.71 8.54 4/2604 20050
9.18 8.71 8.54 5/2604 20070
9.49 8.78 8.57 2/2605 20090
9.49 8.78 8.57 4/2605 20109
9.49 8.78 8.57 3/2605 20128
9.49 8.78 8.57 3/2605 20147
9.49 8.78 8.57 4/2605 20166
9.21 8.73 8.55 6/2605 20185
9.21 8.73 8.55 2/2605 20204
9.21 8.73 8.55 4/2605 20223
9.21 8.73 8.55 4/2612 20250
9.21 8.73 8.55 4/2605 20270
9.35 8.77 8.57 5/2606 20290
9.35 8.77 8.57 10/2606 20310
9.35 8.77 8.57 6/2606 20329
9.35 8.77 8.57 5/2606 20348
9.35 8.77 8.57 2/2606 20367
9.41 8.79 8.58 2/2606 20387
9.41 8.79 8.58 2/2606 20409
9.41 8.79 8.58 5/2533 20428
9.41 8.79 8.58 9/2605 20536
9.41 8.79 8.58 20/2761 20749
9.77 8.88 8.60 13/2787 20807
9.77 8.88 8.60 3/2812 20854
9.77 8.88 8.60 5/2812 20876
9.77 8.88 8.60 10/2804 20895
9.77 8.88 8.60 3/2787 20915
9.71 8.88 8.61 1/2787 20935
9.71 8.88 8.61 4/2783 20954
9.71 8.88 8.61 6/2789 20980
9.71 8.88 8.61 4/2789 21003
9.71 8.88 8.61 1/2790 21036
9.49 8.85 8.60 1/2789 21080
9.49 8.85 8.60 6/2790 21116
9.49 8.85 8.60 5/2790 21136
9.49 8.85 8.60 10/2790 21155
9.49 8.85 8.60 2/2790 21175
9.62 8.89 8.61 1/2790 21194
9.62 8.89 8.61 7/2790 21213
9.62 8.89 8.61 11/2789 21233
9.62 8.89 8.61 2/2789 21252
9.62 8.89 8.61 2/2789 21271
9.25 8.82 8.59 2/2789 21290
9.25 8.82 8.59 4/2789 21310
9.25 8.82 8.59 1/2789 21329
9.25 8.82 8.59 5/2789 21348
9.25 8.82 8.59 2/2789 21367
