25947.45 99102.76
25948.40 99105.98
25949.38 99109.52
25950.38 99113.72
25951.39 99117.80
25952.39 99122.09
25953.38 99126.28
25954.39 99130.42
25955.39 99134.41
25956.39 99138.52
25957.38 99142.13
25958.38 99145.68
25959.38 99149.16
25960.38 99152.75
25961.39 99156.39
25962.38 99159.97
25963.38 99163.53
25964.38 99167.11
25965.38 99170.57
25966.39 99174.05
25967.39 99177.48
25968.38 99180.80
25969.38 99184.14
25970.39 99187.33
25971.39 99190.57
25972.39 99193.85
25973.39 99196.93
25974.38 99199.81
25975.39 99202.72
25976.38 99205.87
25977.39 99209.08
25978.39 99212.15
25979.39 99215.29
25980.38 99218.43
25981.39 99221.53
25982.39 99224.64
25983.40 99227.77
25984.39 99230.80
25985.40 99233.89
25986.39 99236.93
25987.40 99240.02
25988.40 99242.95
25989.39 99245.92
25990.38 99248.91
25991.39 99251.90
25992.38 99254.84
25993.38 99257.80
25994.38 99260.78
25995.38 99263.46
25996.40 99266.14
25997.39 99269.05
25998.38 99271.93
25999.39 99274.81
26000.39 99277.72
26001.39 99280.63
26002.38 99283.45
26025.39 99351.46
26026.40 99354.19
26027.39 99355.88
26028.38 99357.77
26029.39 99360.37
26030.39 99363.23
26031.40 99365.83
26032.40 99368.58
26033.39 99371.36
26034.39 99374.18
26035.39 99377.02
26036.40 99379.83
26037.41 99382.73
26038.40 99384.20
26039.43 99385.68
26040.40 99387.79
26041.39 99390.67
26042.39 99393.49
26043.39 99395.66
26044.40 99397.63
26045.40 99399.43
26046.40 99401.37
26047.39 99404.12
26048.39 99406.79
26049.39 99409.61
26050.40 99412.40
26051.39 99415.17
26052.38 99417.99
26053.39 99420.71
26054.39 99423.52
26055.39 99426.34
26056.39 99429.15
26057.38 99431.98
26058.39 99434.73
26059.39 99437.26
26060.39 99439.80
26061.40 99442.59
26062.39 99445.23
26063.39 99447.98
26064.39 99450.52
26065.39 99453.28
26066.39 99456.13
26067.39 99458.94
26068.39 99461.27
26069.40 99462.68
26070.43 99462.76
26071.40 99463.33
26072.40 99464.51
26073.40 99468.12
26074.40 99471.82
26075.39 99475.23
26076.39 99478.83
26077.38 99482.42
26078.39 99485.86
26079.39 99489.38
26080.39 99492.77
26081.39 99496.23
26082.39 99499.79
26083.40 99503.52
26084.39 99507.29
26085.38 99511.07
26086.38 99514.82
26087.40 99518.58
26088.40 99522.18
26089.39 99525.81
26090.39 99529.48
26091.39 99533.09
26092.40 99536.82
26093.39 99540.58
26094.39 99544.17
26095.39 99547.80
