9.92 9.42 7.51 4/3180 20664
9.92 9.42 7.51 5/3204 20737
9.92 9.42 7.51 1/3198 20764
9.92 9.42 7.51 9/3198 20783
9.92 9.42 7.51 2/3197 20802
9.61 9.36 7.50 1/3186 20825
9.61 9.36 7.50 4/3186 20844
9.61 9.36 7.50 3/3186 20863
9.61 9.36 7.50 1/3189 20885
9.61 9.36 7.50 4/3190 20910
9.48 9.34 7.50 4/3190 20937
9.48 9.34 7.50 3/3190 20956
9.48 9.34 7.50 5/3189 20976
9.48 9.34 7.50 5/3188 20995
9.48 9.34 7.50 4/3196 21023
9.28 9.30 7.50 6/3189 21045
9.28 9.30 7.50 6/3189 21064
9.28 9.30 7.50 7/3189 21083
9.28 9.30 7.50 3/3189 21102
9.28 9.30 7.50 2/3189 21121
9.10 9.26 7.50 3/3189 21140
9.10 9.26 7.50 6/3188 21159
9.10 9.26 7.50 2/3187 21178
9.10 9.26 7.50 4/3187 21198
9.10 9.26 7.50 3/3187 21217
9.01 9.24 7.50 6/3187 21236
9.01 9.24 7.50 4/3187 21255
9.01 9.24 7.50 3/3180 21274
9.01 9.24 7.50 7/3180 21293
9.01 9.24 7.50 5/3180 21312
8.93 9.22 7.50 3/3180 21333
8.93 9.22 7.50 5/3180 21352
8.93 9.22 7.50 5/3155 21371
8.93 9.22 7.50 6/3149 21390
8.93 9.22 7.50 3/3150 21417
8.77 9.18 7.50 6/3157 21445
8.77 9.18 7.50 5/3156 21465
8.77 9.18 7.50 4/3146 21484
8.77 9.18 7.50 4/3144 21503
8.77 9.18 7.50 2/3140 21526
8.55 9.13 7.49 6/3140 21553
8.55 9.13 7.49 3/3139 21572
8.55 9.13 7.49 2/3139 21591
8.55 9.13 7.49 5/3139 21610
8.55 9.13 7.49 2/3138 21629
8.67 9.15 7.50 1/3138 21650
8.67 9.15 7.50 5/3138 21669
8.67 9.15 7.50 3/3137 21688
8.67 9.15 7.50 5/3137 21707
8.67 9.15 7.50 5/3137 21727
8.45 9.09 7.50 3/3137 21746
8.45 9.09 7.50 4/3136 21765
8.45 9.09 7.50 1/3136 21784
8.45 9.09 7.50 4/3136 21803
8.45 9.09 7.50 4/3130 21822
8.50 9.09 7.50 5/3130 21841
8.50 9.09 7.50 4/3137 21867
8.50 9.09 7.50 6/3135 21887
8.50 9.09 7.50 2/3127 21907
8.50 9.09 7.50 4/3121 21926
8.62 9.11 7.52 4/3117 21948
8.62 9.11 7.52 4/3117 21967
8.62 9.11 7.52 7/3112 21986
8.62 9.11 7.52 5/3109 22005
8.62 9.11 7.52 4/3105 22024
8.49 9.07 7.51 7/3105 22043
8.49 9.07 7.51 7/3106 22063
8.49 9.07 7.51 10/3104 22082
8.49 9.07 7.51 3/3104 22101
8.49 9.07 7.51 3/3104 22120
8.45 9.05 7.52 5/3104 22139
8.45 9.05 7.52 4/3104 22158
8.45 9.05 7.52 6/3104 22178
8.45 9.05 7.52 7/3104 22197
8.45 9.05 7.52 11/3104 22216
8.33 9.02 7.51 12/3104 22237
8.33 9.02 7.51 8/3104 22256
8.33 9.02 7.51 2/3104 22275
8.33 9.02 7.51 4/3111 22302
8.33 9.02 7.51 7/3104 22322
8.22 8.99 7.51 4/3104 22341
8.22 8.99 7.51 3/3104 22360
8.22 8.99 7.51 4/3104 22379
8.22 8.99 7.51 7/3104 22398
8.22 8.99 7.51 6/3104 22418
8.29 8.99 7.52 4/3104 22437
8.29 8.99 7.52 5/3104 22456
8.29 8.99 7.52 2/3104 22475
8.29 8.99 7.52 6/3104 22494
8.29 8.99 7.52 4/3104 22513
8.42 9.00 7.53 3/3104 22534
8.42 9.00 7.53 6/3104 22553
8.42 9.00 7.53 3/3105 22573
8.42 9.00 7.53 4/3103 22592
8.42 9.00 7.53 6/3100 22612
8.31 8.97 7.53 10/3100 22632
8.31 8.97 7.53 6/3100 22655
8.31 8.97 7.53 4/3082 22674
8.31 8.97 7.53 5/3082 22693
8.31 8.97 7.53 5/3087 22732
8.45 8.99 7.54 2/3087 22751
8.45 8.99 7.54 3/3080 22771
8.45 8.99 7.54 7/3080 22790
8.45 8.99 7.54 6/3080 22809
8.45 8.99 7.54 3/3080 22828
8.25 8.94 7.54 4/3080 22849
8.25 8.94 7.54 8/3080 22868
8.25 8.94 7.54 4/3080 22888
8.25 8.94 7.54 4/3080 22907
8.25 8.94 7.54 9/3080 22926
8.39 8.96 7.55 2/3080 22945
8.39 8.96 7.55 4/3080 22964
8.39 8.96 7.55 7/3080 22983
8.39 8.96 7.55 7/3079 23002
8.39 8.96 7.55 4/3079 23021
8.20 8.91 7.54 4/3079 23040
8.20 8.91 7.54 8/3079 23059
8.20 8.91 7.54 6/3079 23078
8.20 8.91 7.54 10/3079 23097
8.20 8.91 7.54 4/3079 23117
8.18 8.89 7.54 7/3079 23138
8.18 8.89 7.54 8/3086 23165
8.18 8.89 7.54 6/3079 23185
8.18 8.89 7.54 5/3079 23204
8.18 8.89 7.54 2/3080 23224
8.17 8.88 7.55 4/3080 23243
8.17 8.88 7.55 6/3080 23262
8.17 8.88 7.55 2/3080 23281
8.17 8.88 7.55 5/3080 23300
8.17 8.88 7.55 5/3080 23319
8.15 8.86 7.55 5/3062 23339
8.15 8.86 7.55 4/3062 23358
8.15 8.86 7.55 2/3062 23377
8.15 8.86 7.55 6/3062 23396
8.15 8.86 7.55 2/3062 23415
8.14 8.85 7.55 7/3062 23436
8.14 8.85 7.55 2/3062 23455
8.14 8.85 7.55 4/3062 23474
8.14 8.85 7.55 2/3062 23493
8.14 8.85 7.55 4/3063 23513
7.97 8.80 7.54 5/3064 23533
7.97 8.80 7.54 4/3064 23552
7.97 8.80 7.54 7/3071 23580
7.97 8.80 7.54 4/3064 23600
7.97 8.80 7.54 3/3064 23619
7.89 8.77 7.54 3/3064 23638
7.89 8.77 7.54 8/3064 23657
7.89 8.77 7.54 3/3064 23676
7.89 8.77 7.54 2/3064 23695
