1546.90 5251.87
1547.85 5254.95
1548.84 5258.44
1549.83 5262.48
1550.83 5266.56
1551.84 5270.95
1552.84 5275.31
1553.82 5279.34
1554.84 5283.01
1555.83 5286.87
1556.84 5290.60
1557.83 5294.31
1558.84 5297.90
1559.83 5301.38
1560.83 5304.66
1561.83 5307.83
1562.83 5311.30
1563.83 5314.77
1564.83 5318.14
1565.84 5321.49
1566.83 5324.83
1567.83 5328.19
1568.83 5331.53
1569.83 5334.76
1570.83 5338.04
1571.84 5341.25
1572.82 5344.49
1573.84 5347.81
1574.83 5351.01
1575.83 5354.19
1576.84 5357.49
1577.83 5360.69
1578.84 5363.95
1579.84 5367.00
1580.83 5370.13
1581.83 5373.13
1582.84 5375.99
1583.83 5379.04
1584.83 5382.14
1585.83 5385.13
1586.84 5388.22
1587.85 5391.34
1588.83 5394.39
1589.84 5397.40
1590.83 5400.43
1591.84 5403.52
1592.83 5406.55
1593.84 5409.63
1594.83 5412.65
1595.84 5415.64
1596.83 5418.61
1597.84 5421.65
1598.83 5424.65
1599.84 5427.62
1600.83 5430.62
1601.83 5433.57
1602.83 5436.60
1603.83 5439.22
1604.84 5442.04
1605.84 5445.09
1606.84 5448.03
1607.85 5451.10
1608.84 5454.10
1609.83 5456.96
1610.87 5459.89
1611.85 5462.66
1612.84 5465.70
1613.84 5468.72
1614.84 5471.73
1615.85 5474.62
1616.83 5477.30
1617.84 5480.10
1618.83 5482.78
1619.84 5485.40
1620.84 5488.40
1621.84 5491.26
1622.83 5494.01
1623.84 5496.84
1624.84 5499.33
1625.84 5501.88
1626.83 5504.75
1627.84 5507.69
1628.83 5510.72
1629.84 5513.53
1630.84 5516.39
1631.83 5519.28
1632.84 5522.27
1633.84 5525.24
1634.83 5528.12
1635.85 5531.02
1636.83 5533.86
1637.84 5536.80
1638.84 5539.71
1639.84 5542.58
1640.84 5545.48
1641.84 5548.41
1642.84 5551.23
1643.83 5554.12
1644.84 5557.09
1645.84 5559.75
1646.83 5562.30
1647.84 5565.16
1648.83 5568.07
1649.83 5570.81
1650.84 5573.75
1651.88 5576.81
1652.83 5579.55
1653.84 5582.41
1654.85 5585.38
1655.84 5588.23
1656.84 5591.16
1657.84 5594.04
1658.84 5596.93
1659.83 5599.76
1660.84 5602.74
1661.83 5605.59
1662.83 5608.55
1663.84 5611.46
1664.84 5614.30
1665.84 5617.21
1666.84 5619.98
1667.85 5622.04
1668.84 5624.59
1669.84 5627.41
1670.84 5630.36
1671.84 5633.35
1672.84 5636.31
1673.84 5639.25
1674.85 5642.24
1675.84 5645.18
1676.83 5648.09
1677.84 5650.98
1678.85 5654.01
1679.84 5656.85
1680.84 5659.81
1681.84 5662.76
1682.84 5665.69
1683.84 5668.66
1684.85 5671.54
1685.85 5674.38
1686.84 5677.33
1687.85 5680.24
1688.83 5682.87
1689.84 5685.39
1690.84 5688.30
1691.84 5691.23
1692.84 5694.14
1693.84 5697.04
1694.83 5699.97
1695.84 5702.88
