9.71 8.83 7.42 2/3147 11521
9.71 8.83 7.42 3/3149 11559
9.71 8.83 7.42 1/3148 11578
9.33 8.77 7.41 1/3154 11605
9.33 8.77 7.41 1/3136 11629
9.33 8.77 7.41 5/3136 11650
9.33 8.77 7.41 4/3138 11671
9.33 8.77 7.41 2/3139 11694
9.06 8.72 7.40 2/3141 11724
9.06 8.72 7.40 6/3141 11747
9.06 8.72 7.40 2/3141 11766
9.06 8.72 7.40 5/3140 11785
9.06 8.72 7.40 2/3138 11804
8.98 8.71 7.40 4/3138 11823
8.98 8.71 7.40 7/3138 11842
8.98 8.71 7.40 2/3138 11861
8.98 8.71 7.40 6/3138 11880
8.98 8.71 7.40 1/3138 11899
9.06 8.73 7.42 7/3138 11918
9.06 8.73 7.42 4/3138 11938
9.06 8.73 7.42 4/3138 11959
9.06 8.73 7.42 6/3135 11978
9.06 8.73 7.42 5/3134 11997
8.90 8.70 7.42 5/3131 12016
8.90 8.70 7.42 6/3138 12043
8.90 8.70 7.42 5/3138 12062
8.90 8.70 7.42 5/3129 12082
8.90 8.70 7.42 4/3129 12101
9.14 8.76 7.44 2/3127 12120
9.14 8.76 7.44 7/3127 12139
9.14 8.76 7.44 4/3127 12159
9.14 8.76 7.44 4/3127 12178
9.14 8.76 7.44 5/3127 12197
9.21 8.78 7.46 5/3127 12216
9.21 8.78 7.46 6/3127 12235
9.21 8.78 7.46 5/3127 12256
9.21 8.78 7.46 6/3127 12275
9.21 8.78 7.46 4/3127 12294
9.52 8.85 7.49 9/3127 12313
9.52 8.85 7.49 5/3127 12332
9.52 8.85 7.49 3/3127 12351
9.52 8.85 7.49 3/3127 12370
9.52 8.85 7.49 6/3127 12390
9.80 8.92 7.52 5/3126 12413
9.80 8.92 7.52 2/3126 12432
9.80 8.92 7.52 7/3126 12451
9.80 8.92 7.52 3/3133 12478
9.80 8.92 7.52 6/3126 12498
9.89 8.95 7.53 7/3126 12517
9.89 8.95 7.53 10/3126 12536
9.89 8.95 7.53 5/3126 12569
9.89 8.95 7.53 4/3125 12588
9.89 8.95 7.53 3/3125 12607
9.66 8.92 7.53 7/3126 12627
9.66 8.92 7.53 7/3126 12647
9.66 8.92 7.53 5/3126 12666
9.66 8.92 7.53 4/3124 12685
9.66 8.92 7.53 3/3123 12704
9.69 8.94 7.54 5/3112 12723
9.69 8.94 7.54 5/3107 12742
9.69 8.94 7.54 3/3107 12761
9.69 8.94 7.54 4/3102 12782
9.69 8.94 7.54 5/3098 12801
9.63 8.94 7.55 4/3098 12820
9.63 8.94 7.55 3/3096 12839
9.63 8.94 7.55 5/3096 12861
9.63 8.94 7.55 3/3096 12880
9.63 8.94 7.55 7/3101 12907
9.98 9.02 7.59 2/3100 12928
9.98 9.02 7.59 4/3094 12947
9.98 9.02 7.59 2/3094 12966
9.98 9.02 7.59 3/3094 12985
9.98 9.02 7.59 7/3094 13004
9.66 8.97 7.58 5/3094 13023
9.66 8.97 7.58 3/3094 13042
9.66 8.97 7.58 6/3094 13061
9.66 8.97 7.58 7/3094 13080
9.66 8.97 7.58 5/3094 13100
9.45 8.94 7.58 7/3093 13119
9.45 8.94 7.58 5/3094 13139
9.45 8.94 7.58 5/3094 13160
9.45 8.94 7.58 6/3094 13179
9.45 8.94 7.58 4/3094 13198
9.58 8.97 7.59 2/3094 13217
9.58 8.97 7.59 6/3094 13236
9.58 8.97 7.59 5/3094 13255
9.58 8.97 7.59 5/3094 13274
9.58 8.97 7.59 4/3099 13298
9.53 8.98 7.60 4/3106 13324
9.53 8.98 7.60 7/3106 13345
9.53 8.98 7.60 4/3099 13365
9.53 8.98 7.60 3/3099 13384
9.53 8.98 7.60 7/3099 13403
9.57 8.99 7.62 5/3099 13422
9.57 8.99 7.62 6/3099 13441
9.57 8.99 7.62 2/3099 13462
9.57 8.99 7.62 4/3099 13481
9.57 8.99 7.62 4/3099 13500
9.76 9.04 7.64 5/3099 13519
9.76 9.04 7.64 7/3099 13538
9.76 9.04 7.64 7/3099 13558
9.76 9.04 7.64 6/3099 13577
9.76 9.04 7.64 3/3099 13596
9.54 9.01 7.64 4/3099 13615
9.54 9.01 7.64 2/3099 13634
9.54 9.01 7.64 8/3099 13653
9.54 9.01 7.64 5/3099 13672
9.54 9.01 7.64 4/3099 13691
9.50 9.01 7.64 5/3099 13710
9.50 9.01 7.64 4/3099 13729
9.50 9.01 7.64 7/3105 13766
9.50 9.01 7.64 7/3098 13790
9.50 9.01 7.64 7/3099 13811
9.46 9.01 7.65 3/3099 13830
9.46 9.01 7.65 3/3099 13849
9.46 9.01 7.65 6/3098 13868
9.46 9.01 7.65 4/3098 13887
9.46 9.01 7.65 5/3024 13906
11.34 9.41 7.79 7/3075 14015
11.34 9.41 7.79 7/3079 14044
11.34 9.41 7.79 3/3080 14064
11.34 9.41 7.79 6/3080 14083
11.34 9.41 7.79 3/3080 14102
10.99 9.37 7.78 9/3079 14122
10.99 9.37 7.78 8/3079 14142
10.99 9.37 7.78 6/3079 14163
10.99 9.37 7.78 4/3079 14182
10.99 9.37 7.78 6/3079 14201
10.67 9.33 7.78 2/3079 14230
10.67 9.33 7.78 5/3079 14253
10.67 9.33 7.78 5/3079 14272
10.67 9.33 7.78 4/3080 14293
10.67 9.33 7.78 6/3079 14313
10.22 9.25 7.76 6/3079 14333
10.22 9.25 7.76 4/3079 14352
10.22 9.25 7.76 6/3079 14372
10.22 9.25 7.76 4/3079 14391
10.22 9.25 7.76 3/3079 14410
9.88 9.20 7.75 6/3079 14430
9.88 9.20 7.75 4/3079 14449
9.88 9.20 7.75 1/3080 14471
9.88 9.20 7.75 4/3080 14490
9.88 9.20 7.75 4/3080 14509
9.81 9.20 7.76 6/3079 14529
9.81 9.20 7.76 5/3079 14548
9.81 9.20 7.76 5/3079 14567
9.81 9.20 7.76 2/3079 14586
9.81 9.20 7.76 6/3077 14607
