1959.35 7273.77
1960.27 7276.93
1961.25 7280.91
1962.25 7284.91
1963.25 7288.98
1964.24 7293.04
1965.26 7297.18
1966.25 7301.06
1967.24 7304.98
1968.25 7308.60
1969.24 7312.14
1970.25 7315.72
1971.26 7319.19
1972.25 7322.69
1973.25 7326.11
1974.25 7329.51
1975.25 7332.93
1976.25 7336.29
1977.25 7339.64
1978.25 7342.88
1979.24 7346.08
1980.26 7349.39
1981.26 7352.57
1982.25 7355.66
1983.24 7358.61
1984.25 7361.28
1985.25 7364.08
1986.25 7367.04
1987.25 7370.07
1988.24 7373.03
1989.25 7375.99
1990.25 7378.90
1991.24 7381.85
1992.25 7384.80
1993.25 7387.76
1994.25 7390.73
1995.24 7393.59
1996.26 7396.57
1997.25 7399.48
1998.25 7402.34
1999.26 7405.15
2000.25 7407.99
2001.24 7410.80
2002.25 7413.61
2003.25 7416.40
2004.25 7419.17
2005.25 7421.68
2006.26 7424.26
2007.26 7427.04
2008.25 7429.78
2009.25 7432.45
2010.25 7435.19
2011.25 7438.01
2012.25 7440.82
2013.25 7443.53
2014.25 7446.27
2015.25 7449.01
2016.30 7451.76
2017.25 7454.11
2018.26 7456.54
2019.26 7458.88
2020.25 7461.54
2021.25 7464.33
2022.25 7467.06
2023.26 7469.79
2024.26 7472.51
2025.25 7475.20
2026.25 7477.62
2027.26 7479.97
2028.26 7482.57
2029.26 7485.24
2030.24 7487.92
2031.25 7490.66
2032.26 7493.42
2033.25 7496.06
2034.25 7498.99
2035.25 7501.64
2036.25 7504.32
2037.24 7506.99
2038.25 7509.74
2039.26 7512.38
2040.25 7515.04
2041.24 7517.73
2042.26 7520.40
2043.25 7523.02
2044.25 7525.70
2045.25 7528.10
2046.26 7530.82
2047.25 7533.60
2048.25 7536.03
2049.25 7538.47
2050.25 7541.28
2051.26 7544.12
2052.26 7546.87
2053.26 7549.63
2054.25 7552.30
2055.24 7555.03
2056.26 7557.76
2057.26 7560.53
2058.25 7563.25
2059.26 7565.90
2060.25 7568.62
2061.25 7571.34
2062.25 7574.00
2063.26 7576.82
2064.26 7579.52
2065.26 7582.15
2066.26 7584.93
2067.25 7587.72
2068.25 7590.48
2069.27 7592.90
2070.26 7595.28
2071.26 7597.97
2072.25 7600.73
2073.25 7603.53
2074.25 7606.25
2075.26 7608.99
2076.26 7611.13
2077.29 7612.02
2078.25 7613.11
2079.26 7614.98
2080.25 7618.23
2081.25 7621.83
2082.27 7625.33
2083.26 7628.92
2084.26 7632.44
2085.26 7636.02
2086.26 7639.57
2087.25 7642.98
2088.26 7646.43
2089.26 7649.69
2090.25 7653.27
2091.25 7656.85
2092.26 7660.46
2093.26 7664.05
2094.26 7667.63
2095.26 7671.28
2096.26 7674.82
2097.26 7678.27
2098.25 7681.88
2099.25 7685.46
2100.26 7688.83
2101.26 7692.40
2102.26 7695.89
2103.26 7699.37
2104.26 7702.94
2105.26 7706.54
2106.26 7710.11
2107.25 7713.65
