7.85 7.90 8.00 2/2881 28507
7.85 7.90 8.00 4/2901 28585
7.85 7.90 8.00 2/2895 28611
7.85 7.90 8.00 2/2894 28630
7.85 7.90 8.00 3/2895 28650
7.62 7.86 7.99 2/2884 28673
7.62 7.86 7.99 3/2885 28693
7.62 7.86 7.99 3/2888 28716
7.62 7.86 7.99 2/2889 28736
7.62 7.86 7.99 4/2893 28760
7.49 7.82 7.98 6/2878 28779
7.49 7.82 7.98 6/2884 28810
7.49 7.82 7.98 7/2879 28834
7.49 7.82 7.98 1/2876 28853
7.49 7.82 7.98 3/2876 28872
7.53 7.83 7.98 2/2876 28891
7.53 7.83 7.98 1/2876 28913
7.53 7.83 7.98 3/2875 28932
7.53 7.83 7.98 7/2875 28953
7.53 7.83 7.98 2/2876 28973
7.41 7.80 7.97 3/2876 28992
7.41 7.80 7.97 7/2875 29011
7.41 7.80 7.97 4/2875 29030
7.41 7.80 7.97 5/2875 29049
7.41 7.80 7.97 5/2875 29068
7.46 7.80 7.97 2/2875 29087
7.46 7.80 7.97 3/2875 29106
7.46 7.80 7.97 6/2875 29125
7.46 7.80 7.97 4/2875 29144
7.46 7.80 7.97 1/2860 29163
7.82 7.87 7.99 7/2860 29183
7.82 7.87 7.99 4/2860 29202
7.82 7.87 7.99 5/2867 29228
7.82 7.87 7.99 4/2867 29248
7.82 7.87 7.99 1/2860 29268
8.16 7.94 8.01 2/2860 29287
8.16 7.94 8.01 6/2860 29306
8.16 7.94 8.01 3/2860 29325
8.16 7.94 8.01 4/2861 29346
8.16 7.94 8.01 2/2861 29365
8.06 7.92 8.00 6/2861 29384
8.06 7.92 8.00 6/2860 29403
8.06 7.92 8.00 5/2860 29423
8.06 7.92 8.00 6/2860 29442
8.06 7.92 8.00 4/2859 29461
7.98 7.91 8.00 4/2859 29480
7.98 7.91 8.00 6/2859 29499
7.98 7.91 8.00 2/2859 29518
7.98 7.91 8.00 3/2859 29537
7.98 7.91 8.00 1/2859 29556
7.90 7.89 7.99 2/2858 29576
7.90 7.89 7.99 7/2857 29595
7.90 7.89 7.99 2/2857 29615
7.90 7.89 7.99 7/2858 29638
7.90 7.89 7.99 4/2865 29686
7.75 7.86 7.98 2/2859 29710
7.75 7.86 7.98 3/2859 29731
7.75 7.86 7.98 4/2856 29750
7.75 7.86 7.98 5/2855 29771
7.75 7.86 7.98 6/2850 29790
7.69 7.85 7.98 4/2850 29809
7.69 7.85 7.98 7/2850 29828
7.69 7.85 7.98 5/2844 29847
7.69 7.85 7.98 2/2844 29874
7.69 7.85 7.98 5/2843 29897
7.63 7.83 7.97 5/2843 29917
7.63 7.83 7.97 2/2843 29937
7.63 7.83 7.97 5/2843 29957
7.63 7.83 7.97 2/2873 30012
7.63 7.83 7.97 4/2871 30032
7.50 7.80 7.96 3/2871 30051
7.50 7.80 7.96 6/2871 30070
7.50 7.80 7.96 3/2871 30089
7.50 7.80 7.96 1/2871 30108
7.50 7.80 7.96 4/2871 30127
7.38 7.77 7.95 8/2878 30154
7.38 7.77 7.95 7/2877 30175
7.38 7.77 7.95 4/2871 30194
7.38 7.77 7.95 2/2871 30213
7.38 7.77 7.95 3/2871 30232
7.43 7.77 7.95 1/2871 30251
7.43 7.77 7.95 10/2871 30270
7.43 7.77 7.95 2/2871 30289
7.43 7.77 7.95 3/2871 30308
7.43 7.77 7.95 8/2871 30327
7.40 7.76 7.95 4/2871 30346
7.40 7.76 7.95 1/2871 30365
7.40 7.76 7.95 1/2871 30384
7.40 7.76 7.95 4/2871 30404
7.40 7.76 7.95 8/2871 30423
7.45 7.77 7.95 5/2871 30442
7.45 7.77 7.95 6/2871 30461
7.45 7.77 7.95 5/2871 30480
7.45 7.77 7.95 3/2871 30499
7.45 7.77 7.95 2/2871 30518
7.41 7.75 7.94 2/2871 30537
7.41 7.75 7.94 4/2878 30563
7.41 7.75 7.94 8/2878 30583
7.41 7.75 7.94 3/2871 30603
7.41 7.75 7.94 4/2871 30623
7.30 7.72 7.93 4/2871 30642
7.30 7.72 7.93 3/2871 30661
7.30 7.72 7.93 2/2871 30680
7.30 7.72 7.93 3/2871 30699
7.30 7.72 7.93 3/2871 30718
7.51 7.76 7.94 2/2871 30737
7.51 7.76 7.94 4/2871 30756
7.51 7.76 7.94 1/2871 30775
7.51 7.76 7.94 1/2871 30794
7.51 7.76 7.94 4/2871 30813
7.63 7.78 7.95 8/2871 30832
7.63 7.78 7.95 6/2871 30852
7.63 7.78 7.95 4/2871 30871
7.63 7.78 7.95 3/2871 30890
7.63 7.78 7.95 4/2871 30909
7.50 7.75 7.94 1/2871 30929
7.50 7.75 7.94 7/2871 30948
7.50 7.75 7.94 1/2879 30975
7.50 7.75 7.94 9/2887 31004
7.50 7.75 7.94 4/2880 31024
7.62 7.77 7.94 1/2880 31043
7.62 7.77 7.94 1/2880 31062
7.62 7.77 7.94 7/2880 31081
7.62 7.77 7.94 4/2880 31105
7.62 7.77 7.94 8/2880 31132
7.73 7.79 7.95 4/2880 31151
7.73 7.79 7.95 2/2880 31170
7.73 7.79 7.95 1/2880 31189
7.73 7.79 7.95 2/2874 31208
7.73 7.79 7.95 3/2871 31227
8.15 7.88 7.97 4/2871 31246
8.15 7.88 7.97 4/2871 31265
8.15 7.88 7.97 2/2871 31284
8.15 7.88 7.97 3/2857 31303
8.15 7.88 7.97 2/2857 31322
8.22 7.90 7.98 6/2857 31341
8.22 7.90 7.98 7/2857 31361
8.22 7.90 7.98 5/2857 31380
8.22 7.90 7.98 1/2857 31399
8.22 7.90 7.98 12/2864 31426
8.52 7.97 8.00 1/2864 31445
8.52 7.97 8.00 2/2857 31465
8.52 7.97 8.00 2/2857 31484
8.52 7.97 8.00 2/2857 31503
8.52 7.97 8.00 3/2857 31522
8.56 7.99 8.01 4/2857 31541
8.56 7.99 8.01 3/2857 31560
8.56 7.99 8.01 5/2857 31579
8.56 7.99 8.01 13/2856 31599
