24875.51 95535.45
24876.43 95538.65
24877.41 95542.27
24878.41 95546.33
24879.41 95550.55
24880.41 95554.95
24881.41 95558.94
24882.48 95563.30
24883.41 95567.06
24884.40 95570.81
24885.40 95574.51
24886.41 95578.14
24887.41 95581.39
24888.40 95585.07
24889.42 95588.86
24890.40 95592.56
24891.41 95596.46
24892.42 95600.27
24893.41 95604.09
24894.41 95607.88
24895.40 95611.60
24896.41 95615.54
24897.41 95619.27
24898.40 95623.02
24899.41 95626.82
24900.42 95630.63
24901.42 95634.43
24902.41 95638.08
24903.42 95641.91
24904.41 95645.57
24905.40 95649.26
24906.42 95653.07
24907.40 95656.56
24908.41 95659.96
24909.42 95663.53
24910.43 95667.30
24911.41 95670.92
24912.41 95674.70
24913.40 95678.35
24914.40 95682.08
24915.41 95685.89
24916.41 95689.59
24917.41 95693.23
24918.40 95696.86
24919.42 95700.61
24920.41 95704.32
24921.41 95707.99
24922.41 95711.72
24923.40 95715.33
24924.41 95719.00
24925.41 95722.72
24926.43 95726.49
24927.41 95730.03
24928.41 95733.78
24929.42 95737.25
24930.41 95740.42
24931.43 95744.24
24932.42 95747.87
24933.41 95751.60
24934.41 95755.27
24935.42 95758.96
24936.41 95762.60
24937.65 95767.14
24938.42 95769.87
24939.42 95773.45
24940.41 95777.04
24941.46 95780.96
24942.44 95784.54
24943.43 95787.60
24944.41 95791.09
24945.41 95794.78
24946.41 95798.47
24947.41 95802.13
24948.40 95805.74
24949.42 95809.46
24950.44 95813.16
24951.41 95816.34
24952.41 95819.92
24953.41 95823.55
24954.41 95827.18
24955.41 95830.87
24956.42 95834.51
24957.41 95838.04
24958.41 95841.58
24959.40 95845.13
24960.41 95848.77
24961.40 95852.41
24962.42 95856.08
24963.42 95859.73
24964.41 95863.23
24965.40 95866.82
24966.42 95870.48
24967.41 95873.93
24968.42 95877.63
24969.42 95881.29
24970.41 95884.85
24971.44 95888.51
24972.44 95891.78
24973.43 95895.17
24974.52 95899.17
24975.41 95902.39
24976.42 95906.05
24977.41 95909.57
24978.40 95913.12
24979.42 95916.79
24980.42 95920.30
24981.42 95923.90
24982.42 95927.53
24983.40 95930.93
24984.41 95934.59
24985.41 95938.20
24986.41 95941.78
24987.41 95945.33
24988.41 95948.93
24989.42 95952.54
24990.42 95956.14
24991.41 95959.68
24992.46 95963.27
24993.43 95966.13
24994.42 95968.86
24995.41 95972.41
24996.42 95976.02
24997.41 95979.45
24998.42 95982.99
24999.41 95986.39
25000.41 95989.90
25001.41 95993.32
25002.40 95996.79
25003.42 96000.39
25004.41 96003.83
25005.42 96007.40
25006.41 96010.96
25007.42 96014.44
25008.41 96017.90
25009.41 96021.41
25010.41 96024.93
25011.41 96028.45
25012.42 96031.79
25013.41 96035.28
25014.42 96038.59
25015.42 96040.98
25016.41 96044.09
25017.41 96047.59
25018.41 96051.14
25019.41 96054.62
25020.41 96058.23
25021.41 96061.71
25022.41 96065.25
25023.42 96068.78
