8.54 8.74 8.39 4/2928 8296
8.54 8.74 8.39 7/2957 8376
8.54 8.74 8.39 3/2955 8398
8.54 8.74 8.39 5/2956 8418
8.54 8.74 8.39 2/2956 8438
8.42 8.71 8.38 2/2945 8463
8.42 8.71 8.38 3/2944 8482
8.42 8.71 8.38 4/2944 8501
8.42 8.71 8.38 3/2947 8524
8.42 8.71 8.38 5/2958 8567
8.62 8.75 8.39 5/2951 8591
8.62 8.75 8.39 6/2951 8610
8.62 8.75 8.39 6/2950 8629
8.62 8.75 8.39 3/2949 8648
8.62 8.75 8.39 3/2949 8667
8.74 8.77 8.40 5/2949 8686
8.74 8.77 8.40 5/2949 8705
8.74 8.77 8.40 4/2949 8724
8.74 8.77 8.40 2/2949 8743
8.74 8.77 8.40 4/2949 8763
8.68 8.76 8.40 8/2949 8782
8.68 8.76 8.40 2/2949 8805
8.68 8.76 8.40 2/2948 8825
8.68 8.76 8.40 3/2948 8844
8.68 8.76 8.40 4/2948 8863
9.02 8.83 8.42 2/2948 8882
9.02 8.83 8.42 1/2948 8901
9.02 8.83 8.42 1/2948 8920
9.02 8.83 8.42 5/2948 8939
9.02 8.83 8.42 5/2948 8958
8.78 8.78 8.41 7/2955 8985
8.78 8.78 8.41 3/2954 9006
8.78 8.78 8.41 4/2944 9025
8.78 8.78 8.41 6/2943 9044
8.78 8.78 8.41 2/2943 9063
8.96 8.82 8.42 5/2943 9082
8.96 8.82 8.42 6/2943 9101
8.96 8.82 8.42 4/2941 9120
8.96 8.82 8.42 7/2941 9164
8.96 8.82 8.42 8/2940 9189
8.88 8.81 8.42 5/2940 9211
8.88 8.81 8.42 5/2940 9231
8.88 8.81 8.42 2/2940 9254
8.88 8.81 8.42 3/2940 9274
8.88 8.81 8.42 5/2939 9293
8.89 8.81 8.42 2/2939 9317
8.89 8.81 8.42 4/2939 9336
8.89 8.81 8.42 4/2939 9355
8.89 8.81 8.42 2/2939 9374
8.89 8.81 8.42 6/2939 9394
8.82 8.80 8.42 4/2939 9414
8.82 8.80 8.42 6/2946 9441
8.82 8.80 8.42 4/2945 9461
8.82 8.80 8.42 5/2938 9482
8.82 8.80 8.42 5/2967 9531
8.75 8.78 8.42 1/2967 9550
8.75 8.78 8.42 5/2967 9569
8.75 8.78 8.42 4/2965 9588
8.75 8.78 8.42 6/2964 9607
8.75 8.78 8.42 4/2960 9627
8.53 8.74 8.41 5/2958 9646
8.53 8.74 8.41 3/2958 9665
8.53 8.74 8.41 4/2955 9684
8.53 8.74 8.41 6/2951 9703
8.53 8.74 8.41 4/2951 9722
8.41 8.71 8.40 7/2951 9743
8.41 8.71 8.40 5/2951 9762
8.41 8.71 8.40 4/2949 9781
8.41 8.71 8.40 7/2949 9800
8.41 8.71 8.40 3/2949 9832
8.30 8.68 8.39 4/2949 9851
8.30 8.68 8.39 5/2949 9870
8.30 8.68 8.39 6/2949 9889
8.30 8.68 8.39 4/2956 9916
8.30 8.68 8.39 5/2949 9936
8.27 8.67 8.39 6/2949 9955
8.27 8.67 8.39 2/2949 9981
8.27 8.67 8.39 5/2949 10002
8.27 8.67 8.39 5/2949 10021
8.27 8.67 8.39 5/2949 10040
8.17 8.64 8.38 8/2949 10059
8.17 8.64 8.38 6/2949 10078
8.17 8.64 8.38 7/2949 10097
8.17 8.64 8.38 6/2949 10117
8.17 8.64 8.38 3/2949 10136
8.16 8.63 8.38 4/2949 10155
8.16 8.63 8.38 10/2949 10174
8.16 8.63 8.38 7/2949 10193
8.16 8.63 8.38 3/2946 10212
8.16 8.63 8.38 2/2946 10232
8.38 8.67 8.39 5/2946 10251
8.38 8.67 8.39 8/2946 10270
8.38 8.67 8.39 4/2946 10289
8.38 8.67 8.39 1/2946 10308
8.38 8.67 8.39 4/2953 10335
8.19 8.62 8.38 6/2953 10355
8.19 8.62 8.38 6/2946 10375
8.19 8.62 8.38 4/2946 10394
8.19 8.62 8.38 3/2946 10414
8.19 8.62 8.38 4/2946 10433
8.34 8.65 8.39 4/2946 10453
8.34 8.65 8.39 3/2946 10473
8.34 8.65 8.39 6/2946 10494
8.34 8.65 8.39 6/2946 10513
8.34 8.65 8.39 2/2931 10532
8.39 8.65 8.39 5/2931 10551
8.39 8.65 8.39 5/2932 10571
8.39 8.65 8.39 6/2929 10590
8.39 8.65 8.39 5/2930 10610
8.39 8.65 8.39 8/2930 10629
8.28 8.62 8.38 4/2930 10648
8.28 8.62 8.38 5/2930 10667
8.28 8.62 8.38 2/2930 10687
8.28 8.62 8.38 2/2930 10706
8.28 8.62 8.38 2/2930 10726
8.34 8.63 8.39 8/2932 10747
8.34 8.63 8.39 13/2880 10783
8.34 8.63 8.39 3/2705 10822
8.34 8.63 8.39 2/2705 10841
8.34 8.63 8.39 7/2705 10861
8.23 8.60 8.38 5/2705 10880
8.23 8.60 8.38 1/2699 10899
8.23 8.60 8.38 3/2695 10918
8.23 8.60 8.38 3/2695 10937
8.23 8.60 8.38 7/2695 10957
8.53 8.66 8.40 6/2695 10976
8.53 8.66 8.40 6/2695 10995
8.53 8.66 8.40 7/2712 11031
8.53 8.66 8.40 9/2712 11050
8.53 8.66 8.40 5/2712 11082
8.65 8.68 8.41 5/2712 11101
8.65 8.68 8.41 3/2712 11120
8.65 8.68 8.41 5/2715 11150
8.65 8.68 8.41 3/2715 11169
8.65 8.68 8.41 5/2715 11188
8.68 8.69 8.41 12/2715 11208
8.68 8.69 8.41 5/2723 11236
8.68 8.69 8.41 3/2722 11255
8.68 8.69 8.41 5/2715 11275
8.68 8.69 8.41 7/2715 11294
8.78 8.71 8.42 5/2715 11313
8.78 8.71 8.42 5/2715 11332
8.78 8.71 8.42 4/2715 11351
8.78 8.71 8.42 6/2715 11370
8.78 8.71 8.42 3/2715 11389
8.88 8.73 8.43 7/2715 11408
8.88 8.73 8.43 4/2715 11427
8.88 8.73 8.43 4/2715 11447
8.88 8.73 8.43 5/2715 11466
