25411.12 97421.91
25412.07 97425.10
25413.05 97428.83
25414.05 97433.04
25415.05 97437.20
25416.04 97441.67
25417.06 97445.96
25418.05 97449.95
25419.04 97454.00
25420.04 97457.61
25421.04 97461.02
25422.05 97464.84
25423.05 97468.54
25424.05 97472.24
25425.05 97475.80
25426.05 97479.40
25427.04 97483.02
25428.05 97486.56
25429.04 97490.18
25430.04 97493.62
25431.04 97497.12
25432.05 97500.64
25433.04 97503.99
25434.05 97507.49
25435.05 97510.99
25436.05 97514.40
25437.04 97517.88
25438.05 97521.37
25439.05 97524.80
25440.05 97528.30
25441.04 97531.61
25442.04 97534.76
25443.05 97537.95
25444.05 97541.40
25445.06 97544.95
25446.05 97548.47
25447.05 97551.95
25448.05 97555.30
25449.06 97558.86
25450.05 97562.35
25451.05 97565.81
25452.06 97569.30
25453.05 97572.74
25454.05 97576.15
25455.04 97579.68
25456.04 97583.11
25457.05 97586.59
25458.05 97589.98
25459.05 97593.35
25460.04 97596.81
25461.04 97600.09
25462.04 97603.51
25463.06 97606.66
25464.05 97609.71
25465.05 97613.04
25466.05 97616.50
25467.04 97619.90
25468.05 97623.36
25469.06 97626.79
25470.05 97630.21
25471.04 97633.63
25472.05 97637.03
25473.05 97640.46
25474.05 97643.77
25475.05 97647.11
25476.06 97650.56
25477.05 97653.89
25478.05 97657.24
25479.05 97660.63
25480.05 97663.76
25481.06 97667.18
25482.05 97670.47
25483.05 97673.82
25484.06 97676.98
25485.07 97679.91
25486.05 97683.37
25487.04 97686.75
25488.04 97690.03
25489.05 97693.44
25490.05 97696.68
25491.05 97700.01
25492.05 97703.40
25493.04 97706.61
25494.04 97709.90
25495.05 97713.23
25496.06 97716.51
25497.05 97719.87
25498.05 97723.10
25499.05 97726.38
25500.05 97729.66
25501.04 97732.91
25502.06 97736.30
25503.05 97739.49
25504.05 97742.71
25505.05 97745.97
25506.05 97748.85
25507.05 97752.01
25508.04 97755.27
25509.05 97758.48
25510.05 97761.83
25511.06 97765.13
25512.08 97768.26
25513.05 97771.50
25514.06 97774.42
25515.05 97777.66
25516.05 97780.93
25517.16 97784.26
25518.06 97787.10
25519.05 97790.30
25520.05 97793.38
25521.05 97796.70
25522.06 97799.82
25523.06 97803.05
25524.05 97805.91
25525.05 97808.82
25526.06 97812.15
25527.07 97813.10
25528.14 97814.09
25529.06 97816.86
25530.06 97819.82
25531.05 97822.84
25532.07 97826.01
25533.05 97828.97
25534.06 97832.12
25535.08 97835.20
25536.08 97837.99
25537.05 97840.98
25538.06 97843.60
25539.06 97846.27
25540.06 97849.27
25541.05 97851.90
25542.06 97855.14
25543.05 97858.13
25544.06 97861.16
25545.05 97864.38
25546.07 97867.60
25547.06 97870.48
25548.06 97873.19
25549.05 97876.23
25550.06 97879.45
25551.05 97882.68
25552.06 97885.82
25553.05 97889.02
25554.06 97892.03
25555.06 97895.17
25556.06 97898.40
25557.05 97901.46
25558.07 97904.67
25559.05 97907.81
