9.13 9.09 8.00 8/3071 17373
9.13 9.09 8.00 9/3102 17440
9.13 9.09 8.00 3/3101 17465
9.13 9.09 8.00 2/3100 17485
9.13 9.09 8.00 2/3099 17504
9.36 9.14 8.02 2/3099 17523
9.36 9.14 8.02 7/3099 17542
9.36 9.14 8.02 2/3099 17561
9.36 9.14 8.02 4/3103 17584
9.36 9.14 8.02 4/3104 17616
9.73 9.22 8.05 5/3104 17635
9.73 9.22 8.05 13/3104 17656
9.73 9.22 8.05 4/3103 17675
9.73 9.22 8.05 6/3102 17694
9.73 9.22 8.05 2/3102 17714
9.92 9.27 8.08 3/3102 17734
9.92 9.27 8.08 3/3102 17753
9.92 9.27 8.08 5/3102 17772
9.92 9.27 8.08 5/3102 17791
9.92 9.27 8.08 5/3102 17810
9.92 9.28 8.09 7/3102 17829
9.92 9.28 8.09 3/3102 17848
9.92 9.28 8.09 5/3101 17867
9.92 9.28 8.09 6/3102 17888
9.92 9.28 8.09 5/3101 17908
9.69 9.24 8.08 9/3101 17928
9.69 9.24 8.08 5/3101 17949
9.69 9.24 8.08 4/3101 17968
9.69 9.24 8.08 2/3101 17987
9.69 9.24 8.08 2/3101 18006
10.27 9.37 8.13 1/3101 18025
10.27 9.37 8.13 2/3098 18044
10.27 9.37 8.13 2/3097 18063
10.27 9.37 8.13 3/3097 18082
10.27 9.37 8.13 4/3097 18101
10.09 9.35 8.13 2/3097 18120
10.09 9.35 8.13 8/3095 18139
10.09 9.35 8.13 1/3095 18160
10.09 9.35 8.13 8/3095 18179
10.09 9.35 8.13 4/3095 18198
9.84 9.31 8.12 5/3095 18217
9.84 9.31 8.12 6/3095 18238
9.84 9.31 8.12 4/3095 18257
9.84 9.31 8.12 5/3095 18276
9.84 9.31 8.12 3/3092 18297
9.70 9.29 8.12 5/3091 18317
9.70 9.29 8.12 6/3091 18336
9.70 9.29 8.12 3/3091 18359
9.70 9.29 8.12 2/3091 18387
9.70 9.29 8.12 8/3089 18406
9.72 9.30 8.13 3/3089 18425
9.72 9.30 8.13 6/3088 18444
9.72 9.30 8.13 7/3088 18463
9.72 9.30 8.13 3/3088 18482
9.72 9.30 8.13 12/3088 18501
9.82 9.33 8.15 7/3088 18520
9.82 9.33 8.15 6/3088 18541
9.82 9.33 8.15 7/3086 18560
9.82 9.33 8.15 7/3083 18579
9.82 9.33 8.15 2/3077 18598
9.52 9.27 8.13 5/3075 18618
9.52 9.27 8.13 3/3075 18637
9.52 9.27 8.13 3/3070 18656
9.52 9.27 8.13 6/3068 18675
9.52 9.27 8.13 1/3066 18694
9.80 9.33 8.16 11/3072 18722
9.80 9.33 8.16 2/3069 18742
9.80 9.33 8.16 3/3069 18761
9.80 9.33 8.16 3/3069 18780
9.80 9.33 8.16 2/3069 18799
9.65 9.31 8.16 5/3069 18818
9.65 9.31 8.16 11/3069 18840
9.65 9.31 8.16 2/3069 18859
9.65 9.31 8.16 3/3069 18878
9.65 9.31 8.16 6/3069 18897
9.84 9.35 8.18 5/3069 18916
9.84 9.35 8.18 6/3069 18935
9.84 9.35 8.18 5/3069 18954
9.84 9.35 8.18 3/3069 18973
9.84 9.35 8.18 9/3069 18992
9.93 9.38 8.20 7/3069 19011
9.93 9.38 8.20 2/3070 19031
9.93 9.38 8.20 3/3070 19050
9.93 9.38 8.20 19/3070 19070
9.93 9.38 8.20 3/3070 19089
9.62 9.33 8.18 5/3070 19108
9.62 9.33 8.18 4/3071 19131
9.62 9.33 8.18 5/3070 19151
9.62 9.33 8.18 13/3070 19170
9.62 9.33 8.18 3/3070 19189
9.65 9.34 8.19 6/3070 19208
9.65 9.34 8.19 3/3068 19227
9.65 9.34 8.19 6/3076 19254
9.65 9.34 8.19 1/3075 19273
9.65 9.34 8.19 7/3075 19292
9.76 9.37 8.21 4/3075 19312
9.76 9.37 8.21 5/3076 19332
9.76 9.37 8.21 13/3076 19352
9.76 9.37 8.21 2/3076 19371
9.76 9.37 8.21 5/3076 19390
9.46 9.31 8.20 2/3076 19409
9.46 9.31 8.20 3/3076 19430
9.46 9.31 8.20 4/3076 19449
9.46 9.31 8.20 6/3076 19468
9.46 9.31 8.20 2/3082 19495
9.26 9.27 8.19 3/3082 19517
9.26 9.27 8.19 6/3082 19537
9.26 9.27 8.19 7/3085 19564
9.26 9.27 8.19 2/3084 19592
9.26 9.27 8.19 5/3084 19611
9.32 9.28 8.20 8/3084 19630
9.32 9.28 8.20 3/3083 19649
9.32 9.28 8.20 5/3083 19668
9.32 9.28 8.20 5/3083 19687
9.32 9.28 8.20 3/3083 19706
9.29 9.28 8.20 1/3083 19725
9.29 9.28 8.20 3/3083 19746
9.29 9.28 8.20 5/3083 19765
9.29 9.28 8.20 3/3083 19785
9.29 9.28 8.20 4/3083 19804
8.95 9.21 8.19 12/3083 19823
8.95 9.21 8.19 7/3083 19842
8.95 9.21 8.19 11/3083 19861
8.95 9.21 8.19 9/3083 19880
8.95 9.21 8.19 4/3083 19899
8.71 9.15 8.17 4/3082 19918
8.71 9.15 8.17 9/3080 19937
8.71 9.15 8.17 8/3080 19956
8.71 9.15 8.17 8/3100 19996
8.71 9.15 8.17 13/3100 20016
8.58 9.12 8.17 7/3097 20036
8.58 9.12 8.17 5/3097 20057
8.58 9.12 8.17 4/3097 20076
8.58 9.12 8.17 8/3097 20095
8.58 9.12 8.17 7/3097 20114
8.53 9.10 8.17 5/3097 20133
8.53 9.10 8.17 4/3097 20152
8.53 9.10 8.17 4/3097 20171
8.53 9.10 8.17 4/3097 20190
8.53 9.10 8.17 3/3097 20209
8.57 9.10 8.17 3/3095 20228
8.57 9.10 8.17 7/3095 20248
8.57 9.10 8.17 4/3095 20267
8.57 9.10 8.17 1/3096 20287
8.57 9.10 8.17 5/3096 20306
8.76 9.13 8.19 2/3096 20325
8.76 9.13 8.19 3/3096 20346
8.76 9.13 8.19 5/3096 20365
8.76 9.13 8.19 10/3096 20384
