2077.51 8063.35
2078.42 8065.95
2079.40 8069.17
2080.39 8072.73
2081.40 8076.51
2082.41 8080.45
2083.40 8084.15
2084.41 8087.62
2085.41 8091.02
2086.41 8094.24
2087.42 8097.32
2088.42 8100.31
2089.40 8103.20
2090.40 8106.13
2091.40 8109.02
2092.40 8111.90
2093.41 8115.02
2094.41 8118.09
2095.40 8121.12
2096.40 8124.25
2097.43 8127.39
2098.42 8130.51
2099.40 8133.57
2100.40 8136.63
2101.40 8139.72
2102.40 8142.79
2103.41 8145.85
2104.41 8149.01
2105.41 8152.01
2106.40 8155.07
2107.40 8158.22
2108.41 8161.31
2109.41 8164.36
2110.41 8167.42
2111.40 8170.43
2112.41 8173.56
2113.40 8176.62
2114.40 8179.65
2115.41 8182.73
2116.40 8185.68
2117.41 8188.91
2118.40 8191.96
2119.41 8194.96
2120.40 8197.96
2121.41 8200.96
2122.40 8203.97
2123.41 8207.12
2124.40 8210.06
2125.40 8213.15
2126.41 8216.19
2127.40 8219.21
2128.40 8222.34
2129.40 8225.25
2130.40 8228.35
2131.40 8231.38
2132.40 8234.36
2133.41 8237.45
2134.40 8240.44
2135.41 8243.46
2136.40 8246.47
2137.41 8249.50
2138.40 8252.51
2139.41 8255.52
2140.40 8258.39
2141.41 8261.34
2142.40 8264.23
2143.40 8267.08
2144.40 8270.15
2145.41 8273.15
2146.40 8276.14
2147.42 8279.20
2148.41 8282.05
2149.42 8285.00
2150.42 8287.91
2151.41 8290.83
2152.42 8294.05
2153.41 8296.91
2154.40 8299.85
2155.41 8302.87
2156.43 8305.82
2157.42 8308.79
2158.42 8311.71
2159.41 8314.54
2160.41 8317.47
2161.42 8320.32
2162.41 8323.27
2163.41 8326.23
2164.41 8329.04
2165.40 8331.98
2166.41 8334.82
2167.40 8337.68
2168.41 8340.67
2169.40 8343.39
2170.41 8346.34
2171.40 8349.19
2172.41 8352.04
2173.41 8354.98
2174.40 8357.81
2175.41 8360.73
2176.41 8363.71
2177.41 8366.59
2178.41 8369.56
2179.41 8372.42
2180.40 8375.19
2181.41 8378.12
2182.41 8381.01
2183.40 8383.65
2184.41 8386.54
2185.41 8389.33
2186.41 8392.12
2187.41 8395.04
2188.43 8397.87
2189.40 8400.61
2190.41 8403.51
2191.40 8406.33
2192.41 8409.25
2193.41 8412.07
2194.41 8414.89
2195.42 8417.74
2196.40 8420.47
2197.41 8423.36
2198.41 8426.19
2199.40 8428.89
2200.41 8431.67
2201.42 8434.36
2202.41 8437.12
2203.41 8439.96
2204.40 8442.67
2205.40 8445.40
2206.41 8448.17
2207.40 8450.85
2208.41 8453.66
2209.41 8456.42
2210.40 8459.17
2211.41 8462.00
2212.41 8464.74
2213.40 8467.48
2214.41 8470.10
2215.42 8472.44
2216.43 8475.23
2217.42 8477.50
2218.41 8480.08
2219.42 8482.69
2220.41 8484.33
2221.42 8487.05
2222.42 8489.71
2223.41 8491.99
2224.41 8494.70
2225.41 8496.85
