8.70 9.51 9.14 2/3154 30207
8.70 9.51 9.14 4/3157 30237
8.70 9.51 9.14 4/3159 30262
8.70 9.51 9.14 7/3160 30282
8.49 9.45 9.12 1/3160 30301
8.49 9.45 9.12 9/3160 30320
8.49 9.45 9.12 10/3159 30339
8.49 9.45 9.12 5/3158 30358
8.49 9.45 9.12 9/3158 30377
9.09 9.56 9.16 4/3158 30396
9.09 9.56 9.16 4/3158 30415
9.09 9.56 9.16 2/3158 30437
9.09 9.56 9.16 5/3158 30456
9.09 9.56 9.16 4/3158 30475
9.00 9.53 9.15 7/3163 30500
9.00 9.53 9.15 10/3163 30519
9.00 9.53 9.15 6/3144 30539
9.00 9.53 9.15 3/3144 30558
9.00 9.53 9.15 2/3139 30577
9.16 9.56 9.16 7/3139 30596
9.16 9.56 9.16 5/3139 30615
9.16 9.56 9.16 5/3125 30634
9.16 9.56 9.16 3/3125 30653
9.16 9.56 9.16 4/3125 30672
9.23 9.56 9.17 2/3125 30691
9.23 9.56 9.17 5/3125 30710
9.23 9.56 9.17 6/3125 30732
9.23 9.56 9.17 3/3125 30751
9.23 9.56 9.17 5/3125 30770
9.05 9.52 9.16 6/3125 30789
9.05 9.52 9.16 5/3124 30808
9.05 9.52 9.16 2/3124 30827
9.05 9.52 9.16 6/3122 30846
9.05 9.52 9.16 5/3122 30865
8.97 9.49 9.15 2/3123 30885
8.97 9.49 9.15 2/3123 30904
8.97 9.49 9.15 2/3127 30929
8.97 9.49 9.15 2/3126 30949
8.97 9.49 9.15 6/3122 30969
9.13 9.52 9.16 3/3122 30988
9.13 9.52 9.16 3/3122 31007
9.13 9.52 9.16 4/3120 31028
9.13 9.52 9.16 4/3119 31047
9.13 9.52 9.16 6/3119 31066
8.96 9.48 9.15 4/3119 31085
8.96 9.48 9.15 4/3111 31105
8.96 9.48 9.15 3/3110 31125
8.96 9.48 9.15 2/3105 31144
8.96 9.48 9.15 2/3105 31163
8.72 9.42 9.13 4/3105 31182
8.72 9.42 9.13 2/3104 31202
8.72 9.42 9.13 3/3104 31221
8.72 9.42 9.13 9/3104 31240
8.72 9.42 9.13 6/3104 31259
8.58 9.38 9.12 6/3104 31278
8.58 9.38 9.12 4/3101 31297
8.58 9.38 9.12 2/3101 31318
8.58 9.38 9.12 4/3106 31343
8.58 9.38 9.12 7/3106 31364
8.86 9.42 9.14 2/3101 31383
8.86 9.42 9.14 4/3101 31410
8.86 9.42 9.14 3/3101 31434
8.86 9.42 9.14 3/3101 31453
8.86 9.42 9.14 5/3101 31472
8.95 9.43 9.14 6/3101 31491
8.95 9.43 9.14 2/3101 31510
8.95 9.43 9.14 2/3100 31529
8.95 9.43 9.14 7/3100 31548
8.95 9.43 9.14 4/3100 31567
8.87 9.41 9.13 4/3100 31587
8.87 9.41 9.13 3/3100 31606
8.87 9.41 9.13 3/3100 31627
8.87 9.41 9.13 3/3100 31646
8.87 9.41 9.13 2/3100 31666
8.64 9.35 9.12 8/3100 31685
8.64 9.35 9.12 4/3100 31704
8.64 9.35 9.12 7/3100 31723
8.64 9.35 9.12 5/3100 31742
8.64 9.35 9.12 5/3105 31767
8.59 9.33 9.11 1/3105 31786
8.59 9.33 9.11 2/3100 31806
8.59 9.33 9.11 5/3100 31825
8.59 9.33 9.11 5/3100 31844
8.59 9.33 9.11 4/3100 31863
8.38 9.27 9.09 4/3100 31882
8.38 9.27 9.09 3/3100 31902
8.38 9.27 9.09 5/3100 31923
8.38 9.27 9.09 3/3100 31942
8.38 9.27 9.09 5/3100 31961
8.27 9.24 9.08 4/3100 31980
8.27 9.24 9.08 6/3100 31999
8.27 9.24 9.08 2/3100 32018
8.27 9.24 9.08 7/3100 32037
8.27 9.24 9.08 2/3100 32059
8.33 9.23 9.08 4/3100 32078
8.33 9.23 9.08 3/3100 32097
8.33 9.23 9.08 2/3100 32117
8.33 9.23 9.08 4/3100 32136
8.33 9.23 9.08 2/3100 32155
8.78 9.31 9.11 3/3100 32174
8.78 9.31 9.11 2/3105 32199
8.78 9.31 9.11 5/3104 32221
8.78 9.31 9.11 2/3100 32240
8.78 9.31 9.11 3/3100 32259
8.80 9.31 9.11 2/3100 32278
8.80 9.31 9.11 3/3100 32297
8.80 9.31 9.11 2/3100 32318
8.80 9.31 9.11 8/3100 32337
8.80 9.31 9.11 3/3100 32357
8.74 9.28 9.10 4/3100 32376
8.74 9.28 9.10 2/3108 32404
8.74 9.28 9.10 2/3108 32423
8.74 9.28 9.10 6/3107 32442
8.74 9.28 9.10 3/3107 32461
8.52 9.23 9.08 4/3106 32480
8.52 9.23 9.08 2/3105 32499
8.52 9.23 9.08 5/3105 32521
8.52 9.23 9.08 4/3105 32541
8.52 9.23 9.08 3/3105 32561
8.64 9.24 9.09 3/3105 32580
8.64 9.24 9.09 2/3105 32608
8.64 9.24 9.09 2/3110 32637
8.64 9.24 9.09 5/3110 32657
8.64 9.24 9.09 4/3105 32676
8.75 9.26 9.09 5/3105 32695
8.75 9.26 9.09 7/3105 32714
8.75 9.26 9.09 3/3104 32733
8.75 9.26 9.09 5/3104 32752
8.75 9.26 9.09 5/3104 353
8.61 9.22 9.08 6/3104 466
8.61 9.22 9.08 2/3098 485
8.61 9.22 9.08 2/3098 512
8.61 9.22 9.08 4/3098 547
8.61 9.22 9.08 4/3098 568
8.40 9.16 9.07 8/3098 680
8.40 9.16 9.07 2/3098 731
8.40 9.16 9.07 4/3098 765
8.40 9.16 9.07 5/3098 822
8.40 9.16 9.07 3/3098 855
8.12 9.09 9.04 6/3098 912
8.12 9.09 9.04 2/3099 962
8.12 9.09 9.04 2/3106 1026
8.12 9.09 9.04 3/3112 1074
8.12 9.09 9.04 3/3111 1151
7.95 9.04 9.03 6/3105 1188
7.95 9.04 9.03 3/3105 1236
7.95 9.04 9.03 5/3106 1340
7.95 9.04 9.03 2/3106 1393
7.95 9.04 9.03 3/3106 1423
7.80 8.99 9.01 4/3106 1445
7.80 8.99 9.01 2/3106 1482
7.80 8.99 9.01 5/3106 1530
7.80 8.99 9.01 5/3106 1569
7.80 8.99 9.01 2/3106 1611
7.81 8.98 9.00 2/3106 1670
7.81 8.98 9.00 4/3106 1714
7.81 8.98 9.00 2/3106 1771
7.81 8.98 9.00 7/3106 1796
7.81 8.98 9.00 12/3106 1844
7.83 8.96 9.00 3/3106 1872
7.83 8.96 9.00 3/3106 1903
7.83 8.96 9.00 2/3106 1931
7.83 8.96 9.00 4/3106 1958
7.83 8.96 9.00 5/3097 2005
7.76 8.93 8.99 2/3102 2046
7.76 8.93 8.99 8/3100 2078
7.76 8.93 8.99 5/3096 2114
7.76 8.93 8.99 4/3096 2158
7.76 8.93 8.99 2/3096 2201
7.70 8.89 8.98 5/3096 2231
7.70 8.89 8.98 5/3096 2253
7.70 8.89 8.98 6/3096 2307
7.70 8.89 8.98 3/3096 2327
7.70 8.89 8.98 3/3096 2349
7.56 8.85 8.96 2/3096 2371
7.56 8.85 8.96 3/3096 2391
7.56 8.85 8.96 7/3096 2428
7.56 8.85 8.96 5/3096 2463
7.56 8.85 8.96 6/3096 2489
7.52 8.81 8.95 3/3096 2522
7.52 8.81 8.95 7/3096 2549
7.52 8.81 8.95 5/3098 2597
7.52 8.81 8.95 5/3096 2624
7.52 8.81 8.95 5/3096 2660
7.40 8.77 8.93 7/3096 2684
