15063.57 61516.73
15064.53 61519.62
15065.52 61523.39
15066.52 61526.84
15067.52 61529.71
15068.52 61532.40
15069.51 61535.00
15070.52 61537.68
15071.52 61540.40
15072.52 61543.42
15073.52 61546.53
15074.52 61549.47
15075.51 61552.36
15076.52 61555.32
15077.52 61558.35
15078.51 61561.04
15079.52 61563.88
15080.52 61566.88
15081.52 61569.90
15082.52 61572.93
15083.52 61575.91
15084.52 61578.93
15085.52 61581.96
15086.52 61584.99
15087.52 61588.11
15088.53 61591.20
15089.53 61594.30
15090.52 61597.42
15091.52 61600.49
15092.52 61603.63
15093.52 61606.82
15094.52 61609.94
15095.53 61613.13
15096.52 61616.28
15097.51 61619.49
15098.51 61622.65
15099.53 61625.65
15100.53 61628.60
15101.52 61631.72
15102.52 61634.98
15103.51 61638.23
15104.53 61641.51
15105.52 61644.75
15106.52 61648.01
15107.51 61651.29
15108.52 61654.51
15109.51 61657.76
15110.52 61661.08
15111.52 61664.28
15112.52 61667.54
15113.53 61670.87
15114.53 61674.16
15115.53 61677.52
15116.52 61680.74
15117.53 61684.15
15118.53 61687.50
15119.53 61690.87
15120.53 61694.05
15121.53 61697.06
15122.52 61700.35
15123.51 61703.68
15124.53 61707.02
15125.52 61710.39
15126.52 61713.77
15127.51 61717.16
15128.53 61720.61
15129.53 61724.00
15130.51 61727.41
15131.53 61730.82
15132.52 61734.19
15133.51 61737.62
15134.51 61740.94
15135.53 61744.39
15136.53 61747.75
15137.52 61751.19
15138.52 61754.63
15139.52 61758.06
15140.53 61761.54
15141.52 61764.84
15142.52 61768.06
15143.52 61771.35
15144.51 61774.77
15145.53 61778.32
15146.52 61781.77
15147.52 61785.24
15148.52 61788.71
15149.53 61792.18
15150.52 61795.59
15151.53 61799.04
15152.52 61802.49
15153.52 61805.96
15154.52 61809.42
15155.53 61812.94
15156.53 61816.39
15157.52 61819.84
15158.52 61823.28
15159.52 61826.73
15160.52 61830.19
15161.51 61833.64
15162.52 61837.17
15163.53 61840.49
15164.52 61843.74
15165.52 61847.17
15166.52 61850.68
15167.53 61854.24
15168.52 61857.73
15169.52 61861.23
15170.52 61864.76
15171.53 61868.16
15172.53 61871.72
15173.52 61875.12
15174.53 61878.65
15175.53 61882.20
15176.52 61885.64
15177.54 61889.29
15178.53 61892.79
15179.53 61896.31
15180.53 61899.84
15181.52 61903.31
15182.52 61906.83
15183.53 61910.34
15184.59 61913.81
15185.53 61916.82
15186.52 61920.16
15187.52 61923.59
15188.52 61927.15
15189.52 61930.72
15190.53 61934.26
15191.53 61937.81
15192.52 61941.28
15193.52 61944.90
15194.54 61948.46
15195.52 61951.83
15196.52 61955.38
15197.53 61958.97
15198.53 61962.47
15199.55 61966.02
15200.52 61969.47
15201.52 61972.94
15202.52 61976.59
15203.52 61980.12
15204.53 61983.70
15205.53 61987.27
15206.52 61990.48
15207.53 61993.81
15208.52 61997.37
15209.53 62000.91
15210.52 62004.52
15211.52 62008.12
15212.52 62011.70
15213.53 62015.26
15214.53 62018.80
15215.52 62022.38
15216.52 62025.96
15217.52 62029.55
15218.52 62033.18
15219.53 62036.79
15220.52 62040.32
15221.53 62043.93
15222.53 62047.43
15223.52 62051.03
15224.53 62054.66
15225.54 62058.33
15226.53 62061.80
15227.53 62065.16
15228.53 62068.55
15229.52 62072.05
15230.53 62075.60
15231.53 62079.13
15232.52 62082.66
15233.52 62086.22
15234.52 62089.77
15235.52 62093.40
15236.53 62097.07
15237.54 62100.64
15238.53 62104.20
15239.53 62107.80
15240.52 62111.39
15241.53 62114.89
15242.53 62118.47
15243.53 62122.09
15244.53 62125.60
15245.54 62129.26
15246.53 62132.79
15247.52 62136.37
