8.64 9.29 9.81 6/3089 17743
8.64 9.29 9.81 3/3117 17821
8.64 9.29 9.81 1/3115 17843
8.67 9.29 9.80 4/3115 17863
8.67 9.29 9.80 3/3114 17882
8.67 9.29 9.80 4/3103 17905
8.67 9.29 9.80 2/3103 17925
8.67 9.29 9.80 2/3103 17946
8.46 9.23 9.78 2/3106 17983
8.46 9.23 9.78 3/3109 18014
8.46 9.23 9.78 1/3109 18037
8.46 9.23 9.78 3/3109 18056
8.46 9.23 9.78 1/3108 18075
8.34 9.20 9.77 4/3107 18096
8.34 9.20 9.77 7/3107 18115
8.34 9.20 9.77 3/3107 18134
8.34 9.20 9.77 1/3107 18153
8.34 9.20 9.77 1/3107 18172
8.63 9.24 9.78 2/3114 18213
8.63 9.24 9.78 2/3114 18233
8.63 9.24 9.78 2/3107 18252
8.63 9.24 9.78 2/3107 18271
8.63 9.24 9.78 5/3106 18290
8.50 9.20 9.76 3/3109 18317
8.50 9.20 9.76 2/3109 18336
8.50 9.20 9.76 3/3109 18356
8.50 9.20 9.76 2/3109 18376
8.50 9.20 9.76 5/3109 18416
8.46 9.18 9.75 4/3109 18443
8.46 9.18 9.75 5/3108 18488
8.46 9.18 9.75 6/3109 18510
8.46 9.18 9.75 5/3109 18529
8.46 9.18 9.75 1/3099 18548
8.83 9.25 9.77 5/3097 18567
8.83 9.25 9.77 2/3097 18587
8.83 9.25 9.77 8/3097 18606
8.83 9.25 9.77 2/3097 18626
8.83 9.25 9.77 4/3095 18645
9.00 9.28 9.78 4/3095 18664
9.00 9.28 9.78 7/3100 18688
9.00 9.28 9.78 5/3103 18712
9.00 9.28 9.78 3/3111 18754
9.00 9.28 9.78 5/3076 18872
8.84 9.24 9.76 13/3092 18917
8.84 9.24 9.76 9/3090 18945
8.84 9.24 9.76 5/3135 19041
8.84 9.24 9.76 1/3133 19063
8.84 9.24 9.76 2/3132 19089
10.46 9.15 7.78 11/3045 14171
10.46 9.15 7.78 6/3048 14193
10.46 9.15 7.78 8/3048 14212
10.46 9.15 7.78 2/3051 14234
10.18 9.11 7.78 1/3051 14253
10.18 9.11 7.78 4/3054 14275
10.18 9.11 7.78 3/3055 14303
10.18 9.11 7.78 2/3055 14326
10.18 9.11 7.78 8/3054 14346
10.48 9.20 7.81 7/3053 14365
10.48 9.20 7.81 5/3053 14386
10.48 9.20 7.81 4/3052 14405
10.48 9.20 7.81 3/3053 14426
10.48 9.20 7.81 2/3053 14445
10.13 9.14 7.80 2/3052 14465
10.13 9.14 7.80 2/3052 14484
10.13 9.14 7.80 1/3052 14503
10.13 9.14 7.80 1/3052 14522
10.13 9.14 7.80 4/3051 14541
9.87 9.11 7.80 4/3051 14560
9.87 9.11 7.80 3/3051 14580
9.87 9.11 7.80 2/3051 14599
9.87 9.11 7.80 6/3051 14618
9.87 9.11 7.80 4/3051 14638
10.05 9.16 7.82 5/3051 14657
10.05 9.16 7.82 6/3051 14678
10.05 9.16 7.82 2/3051 14697
10.05 9.16 7.82 6/3051 14716
10.05 9.16 7.82 4/3052 14736
9.88 9.14 7.82 5/3051 14755
9.88 9.14 7.82 5/3051 14774
9.88 9.14 7.82 9/3049 14795
9.88 9.14 7.82 4/3049 14814
9.88 9.14 7.82 6/3048 14833
9.57 9.08 7.81 5/3049 14854
9.57 9.08 7.81 1/3048 14874
9.57 9.08 7.81 4/3048 14894
9.57 9.08 7.81 3/3048 14913
9.57 9.08 7.81 10/3048 14932
10.01 9.18 7.85 4/3048 14951
10.01 9.18 7.85 3/3047 14972
10.01 9.18 7.85 3/3047 14991
10.01 9.18 7.85 9/3042 15010
10.01 9.18 7.85 1/3047 15037
9.76 9.15 7.85 6/3047 15056
9.76 9.15 7.85 18/3047 15075
9.76 9.15 7.85 1/3047 15094
9.76 9.15 7.85 3/3046 15122
9.76 9.15 7.85 4/3044 15144
9.38 9.08 7.83 5/3044 15163
9.38 9.08 7.83 5/3044 15182
9.38 9.08 7.83 2/3044 15201
9.38 9.08 7.83 4/3044 15220
9.38 9.08 7.83 1/3042 15239
9.43 9.09 7.84 1/3040 15259
9.43 9.09 7.84 2/3036 15282
9.43 9.09 7.84 2/3033 15302
9.43 9.09 7.84 3/3033 15321
9.43 9.09 7.84 6/3029 15340
9.24 9.06 7.84 6/3026 15359
9.24 9.06 7.84 3/3024 15378
9.24 9.06 7.84 3/3024 15397
9.24 9.06 7.84 9/3024 15416
9.24 9.06 7.84 3/3024 15435
9.06 9.02 7.83 2/3022 15454
9.06 9.02 7.83 2/3022 15473
9.06 9.02 7.83 4/3022 15493
9.06 9.02 7.83 2/3022 15512
9.06 9.02 7.83 8/3022 15531
8.97 9.01 7.83 1/3022 15550
8.97 9.01 7.83 2/3022 15571
8.97 9.01 7.83 4/3022 15590
8.97 9.01 7.83 5/3022 15609
8.97 9.01 7.83 6/3022 15628
9.30 9.07 7.86 12/3022 15647
9.30 9.07 7.86 7/3022 15666
9.30 9.07 7.86 3/3023 15687
9.30 9.07 7.86 8/3022 15708
9.30 9.07 7.86 14/3022 15727
9.35 9.09 7.87 12/3022 15746
9.35 9.09 7.87 7/3022 15765
9.35 9.09 7.87 4/3022 15784
9.35 9.09 7.87 2/3022 15803
9.35 9.09 7.87 2/3022 15822
9.24 9.07 7.88 10/3022 15841
9.24 9.07 7.88 2/3022 15862
9.24 9.07 7.88 2/3022 15881
9.24 9.07 7.88 5/3022 15900
9.24 9.07 7.88 12/3022 15919
9.39 9.10 7.89 6/3022 15939
9.39 9.10 7.89 15/3022 15958
9.39 9.10 7.89 2/3023 15978
9.39 9.10 7.89 2/3023 15997
9.39 9.10 7.89 3/3023 16016
9.27 9.08 7.89 1/3023 16035
9.27 9.08 7.89 12/3023 16054
9.27 9.08 7.89 1/3023 16074
9.27 9.08 7.89 2/3024 16095
9.27 9.08 7.89 6/3031 16125
9.09 9.05 7.89 5/3032 16145
9.09 9.05 7.89 1/3031 16167
9.09 9.05 7.89 6/3031 16186
9.09 9.05 7.89 4/3031 16205
9.09 9.05 7.89 5/3028 16224
9.48 9.13 7.92 4/3028 16244
9.48 9.13 7.92 3/3029 16267
9.48 9.13 7.92 10/3028 16286
9.48 9.13 7.92 2/3028 16313
9.48 9.13 7.92 1/3026 16336
9.29 9.10 7.92 5/3026 16355
9.29 9.10 7.92 7/3026 16374
9.29 9.10 7.92 2/3026 16393
9.29 9.10 7.92 9/3026 16413
9.29 9.10 7.92 1/3026 16432
9.18 9.08 7.92 2/3026 16451
9.18 9.08 7.92 8/3026 16472
9.18 9.08 7.92 1/3025 16491
9.18 9.08 7.92 4/3025 16510
9.18 9.08 7.92 12/3029 16534
9.01 9.04 7.91 6/3028 16554
9.01 9.04 7.91 7/3028 16573
9.01 9.04 7.91 4/3030 16598
9.01 9.04 7.91 2/3031 16618
9.01 9.04 7.91 4/3036 16643
8.77 8.99 7.90 2/3036 16662
8.77 8.99 7.90 5/3036 16681
8.77 8.99 7.90 6/3036 16700
8.77 8.99 7.90 6/3036 16719
8.77 8.99 7.90 5/3036 16738
9.03 9.04 7.92 2/3036 16757
9.03 9.04 7.92 6/3036 16778
9.03 9.04 7.92 3/3044 16805
9.03 9.04 7.92 5/3044 16824
9.03 9.04 7.92 4/3044 16843
8.94 9.02 7.92 4/3044 16862
8.94 9.02 7.92 5/3044 16881
8.94 9.02 7.92 3/3045 16902
8.94 9.02 7.92 5/3047 16923
8.94 9.02 7.92 5/3047 16942
9.11 9.06 7.94 5/3048 16963
9.11 9.06 7.94 2/3047 16983
9.11 9.06 7.94 9/3047 17002
9.11 9.06 7.94 2/3047 17021
9.11 9.06 7.94 8/3047 17040
9.26 9.09 7.96 6/3047 17059
9.26 9.09 7.96 3/3047 17080
9.26 9.09 7.96 3/3047 17099
9.26 9.09 7.96 5/3055 17126
9.26 9.09 7.96 3/3055 17146
