5906.82 18575.14
5907.79 18578.34
5908.76 18581.92
5909.76 18586.03
5910.76 18590.08
5911.77 18594.62
5912.77 18598.93
5913.76 18603.03
5914.77 18607.16
5915.76 18610.97
5916.77 18614.49
5917.76 18618.17
5918.77 18621.92
5919.76 18625.65
5920.76 18629.34
5921.75 18633.08
5922.77 18637.00
5923.77 18640.85
5924.75 18644.55
5925.77 18648.18
5926.76 18651.79
5927.77 18655.69
5928.78 18659.66
5929.76 18663.37
5930.75 18667.20
5931.77 18671.03
5932.75 18674.80
5933.77 18678.74
5934.77 18682.53
5935.77 18686.29
5936.77 18690.05
5937.76 18693.69
5938.76 18697.55
5939.76 18701.44
5940.76 18705.29
5941.77 18709.21
5942.77 18713.06
5943.76 18716.83
5944.76 18720.61
5945.77 18724.33
5946.77 18727.73
5947.77 18730.22
5948.76 18731.66
5949.79 18733.67
5950.77 18734.79
5951.77 18737.69
5952.76 18741.35
5953.77 18745.39
1897.87 7527.21
1898.73 7530.50
1899.70 7534.06
1900.71 7537.54
1901.71 7541.02
1902.72 7544.21
1903.71 7546.98
1904.71 7550.10
1905.71 7553.21
1906.71 7556.47
1907.71 7559.64
1908.71 7562.78
1909.72 7566.06
1910.72 7569.23
1911.71 7572.46
1912.71 7575.68
1913.72 7578.84
1914.71 7582.07
1915.71 7585.24
1916.72 7588.43
1917.70 7591.59
1918.71 7594.76
1919.72 7597.96
1920.71 7601.11
1921.71 7604.26
1922.71 7607.38
1923.71 7610.56
1924.71 7613.66
1925.72 7616.88
1926.71 7620.00
1927.74 7623.29
1928.78 7626.50
1929.73 7629.39
1930.71 7632.45
1931.72 7635.41
1932.71 7638.46
1933.72 7641.67
1934.71 7644.69
1935.71 7647.87
1936.72 7651.06
1937.71 7654.08
1938.71 7657.12
1939.71 7660.21
1940.72 7663.26
1941.72 7666.44
1942.72 7669.47
1943.72 7672.53
1944.71 7675.50
1945.72 7678.55
1946.72 7681.64
1947.73 7684.75
1948.75 7687.77
1949.72 7690.82
1950.71 7693.85
1951.72 7697.03
1952.72 7700.12
1953.75 7703.19
1954.73 7706.25
1955.73 7709.34
1956.71 7712.32
1957.71 7715.46
1958.71 7718.43
1959.72 7721.62
1960.72 7724.68
1961.71 7727.69
1962.72 7730.85
1963.71 7733.82
1964.72 7736.94
1965.71 7740.01
1966.74 7743.11
1967.74 7746.18
1968.74 7749.30
1969.73 7752.22
1970.71 7755.26
1971.72 7758.33
1972.73 7761.43
1973.73 7764.47
1974.75 7767.42
1975.75 7770.42
1976.72 7773.17
1977.75 7776.24
1978.72 7779.15
1979.71 7782.15
1980.72 7785.11
1981.71 7788.13
1982.72 7791.11
1983.72 7794.12
1984.72 7797.16
1985.72 7800.13
1986.71 7803.06
1987.72 7806.08
1988.71 7808.80
1989.74 7811.86
1990.71 7814.74
1991.72 7817.66
1992.72 7820.69
1993.71 7823.58
1994.72 7826.50
1995.72 7829.35
1996.72 7832.11
1997.72 7835.05
1998.72 7837.92
1999.71 7840.85
2000.72 7843.73
2001.78 7846.49
2002.71 7848.35
2003.72 7850.43
2004.72 7852.83
2005.71 7855.76
2006.72 7858.68
2007.71 7861.61
2008.71 7864.42
2009.71 7867.31
2010.72 7870.27
2011.72 7873.22
2012.72 7876.10
2013.72 7878.99
2014.71 7881.73
2015.72 7884.62
2016.72 7887.41
2017.72 7890.32
2018.72 7893.16
2019.71 7896.01
2020.72 7898.85
2021.71 7901.73
2022.71 7904.57
2023.72 7907.43
2024.72 7910.33
2025.72 7913.12
2026.71 7915.97
2027.72 7918.81
2028.72 7921.43
2029.72 7924.07
2030.71 7926.93
2031.72 7929.81
2032.72 7932.65
2033.73 7935.47
2034.72 7938.22
2035.73 7941.03
2036.72 7943.74
2037.73 7946.48
2038.73 7949.16
2039.72 7951.93
2040.72 7954.81
2041.71 7957.65
2042.72 7960.52
2043.72 7963.18
2044.71 7965.83
2045.71 7968.51
