11.07 9.94 8.47 2/3107 30889
11.07 9.94 8.47 3/3118 30928
11.07 9.94 8.47 4/3118 30947
11.07 9.94 8.47 1/3117 30966
11.15 9.98 8.49 3/3106 30989
11.15 9.98 8.49 4/3113 31016
11.15 9.98 8.49 4/3113 31036
11.15 9.98 8.49 1/3109 31059
11.15 9.98 8.49 2/3110 31083
10.90 9.94 8.49 8/3111 31111
10.90 9.94 8.49 2/3110 31130
10.90 9.94 8.49 1/3098 31149
10.90 9.94 8.49 4/3097 31168
10.90 9.94 8.49 9/3096 31187
10.74 9.93 8.49 5/3091 31208
10.74 9.93 8.49 7/3091 31227
10.74 9.93 8.49 1/3087 31246
10.74 9.93 8.49 5/3087 31266
10.74 9.93 8.49 3/3083 31285
10.52 9.90 8.49 4/3083 31304
10.52 9.90 8.49 2/3083 31323
10.52 9.90 8.49 4/3082 31342
10.52 9.90 8.49 3/3065 31361
10.52 9.90 8.49 3/3061 31380
10.40 9.88 8.49 4/3059 31399
10.40 9.88 8.49 8/3056 31418
10.40 9.88 8.49 5/3056 31437
10.40 9.88 8.49 6/3063 31464
10.40 9.88 8.49 5/3054 31484
10.45 9.90 8.51 8/3054 31506
10.45 9.90 8.51 5/3050 31525
10.45 9.90 8.51 4/3050 31544
10.45 9.90 8.51 3/3050 31564
10.45 9.90 8.51 5/3050 31583
10.41 9.90 8.52 4/3047 31602
10.41 9.90 8.52 4/3047 31621
10.41 9.90 8.52 3/3047 31640
10.41 9.90 8.52 3/3047 31663
10.41 9.90 8.52 3/3047 31690
10.06 9.84 8.50 5/3045 31709
10.06 9.84 8.50 2/3045 31729
10.06 9.84 8.50 2/3045 31748
10.06 9.84 8.50 4/3045 31767
10.06 9.84 8.50 7/3044 31786
10.06 9.84 8.51 2/3044 31807
10.06 9.84 8.51 4/3044 31826
10.06 9.84 8.51 5/3044 31845
10.06 9.84 8.51 2/3043 31864
10.06 9.84 8.51 7/3050 31891
9.81 9.79 8.50 9/3050 31911
9.81 9.79 8.50 8/3043 31930
9.81 9.79 8.50 6/3042 31949
9.81 9.79 8.50 7/3042 31969
9.81 9.79 8.50 3/3042 31988
10.31 9.90 8.54 7/3042 32007
10.31 9.90 8.54 3/3045 32033
10.31 9.90 8.54 4/3045 32052
10.31 9.90 8.54 5/3043 32071
10.31 9.90 8.54 5/3040 32090
9.96 9.83 8.53 7/3037 32111
9.96 9.83 8.53 4/3033 32130
9.96 9.83 8.53 2/3033 32149
9.96 9.83 8.53 6/3029 32168
9.96 9.83 8.53 5/3027 32188
10.04 9.85 8.54 11/3027 32207
10.04 9.85 8.54 3/3025 32226
10.04 9.85 8.54 3/3025 32245
10.04 9.85 8.54 6/3026 32265
10.04 9.85 8.54 3/3026 32284
9.80 9.80 8.53 11/3029 32306
9.80 9.80 8.53 2/3039 32336
9.80 9.80 8.53 14/2939 32361
9.80 9.80 8.53 9/2814 32411
9.80 9.80 8.53 5/2829 32454
9.58 9.76 8.53 5/2828 32475
9.58 9.76 8.53 8/2828 32495
9.58 9.76 8.53 4/2828 32514
9.58 9.76 8.53 8/2829 32534
9.58 9.76 8.53 4/2825 32555
9.45 9.73 8.52 5/2825 32574
9.45 9.73 8.52 5/2826 32594
9.45 9.73 8.52 5/2826 32613
9.45 9.73 8.52 4/2846 32653
9.45 9.73 8.52 6/2848 32687
9.41 9.71 8.53 7/2856 32714
9.41 9.71 8.53 6/2856 32733
9.41 9.71 8.53 6/2858 32755
9.41 9.71 8.53 5/2854 463
9.41 9.71 8.53 6/2854 495
9.62 9.75 8.55 5/2854 517
9.62 9.75 8.55 7/2847 543
9.62 9.75 8.55 6/2854 583
9.62 9.75 8.55 4/2873 740
9.62 9.75 8.55 5/2867 787
9.49 9.72 8.54 2/2872 845
9.49 9.72 8.54 5/2872 883
9.49 9.72 8.54 6/2871 958
9.49 9.72 8.54 4/2867 1017
9.49 9.72 8.54 5/2867 1059
9.37 9.69 8.54 5/2867 1093
9.37 9.69 8.54 8/2867 1161
9.37 9.69 8.54 3/2867 1202
9.37 9.69 8.54 5/2884 1354
9.37 9.69 8.54 4/2884 1412
9.18 9.65 8.53 4/2884 1447
9.18 9.65 8.53 8/2884 1468
9.18 9.65 8.53 4/2884 1503
9.18 9.65 8.53 4/2880 1548
9.18 9.65 8.53 4/2880 1581
9.25 9.66 8.54 5/2880 1631
9.25 9.66 8.54 2/2880 1702
9.25 9.66 8.54 11/2880 1734
9.25 9.66 8.54 8/2887 1813
9.25 9.66 8.54 8/2887 1852
9.39 9.68 8.55 3/2880 1888
9.39 9.68 8.55 7/2877 1910
9.39 9.68 8.55 7/2802 1931
9.39 9.68 8.55 32/2898 2272
9.39 9.68 8.55 25/2954 2410
9.60 9.72 8.57 17/2988 2523
9.60 9.72 8.57 8/2993 2556
9.60 9.72 8.57 4/2993 2602
9.60 9.72 8.57 7/2985 2641
9.60 9.72 8.57 8/2981 2667
9.87 9.77 8.60 8/2977 2726
9.87 9.77 8.60 4/2977 2752
9.87 9.77 8.60 5/2979 2788
9.87 9.77 8.60 3/2979 2826
9.87 9.77 8.60 11/2979 2932
9.88 9.78 8.60 4/2978 2976
9.88 9.78 8.60 3/2978 3043
9.88 9.78 8.60 8/2978 3079
9.88 9.78 8.60 7/2978 3101
9.88 9.78 8.60 2/2978 3121
9.57 9.71 8.59 1/2979 3167
9.57 9.71 8.59 1/2977 3241
9.57 9.71 8.59 2/2977 3291
9.57 9.71 8.59 2/2977 3314
9.57 9.71 8.59 6/2977 3348
9.68 9.73 8.60 3/2977 3389
9.68 9.73 8.60 12/2977 3423
9.68 9.73 8.60 4/2977 3461
9.68 9.73 8.60 1/2977 3539
9.68 9.73 8.60 1/2977 3569
9.55 9.70 8.60 6/2977 3618
9.55 9.70 8.60 6/2977 3654
9.55 9.70 8.60 8/2977 3687
9.55 9.70 8.60 4/2977 3708
9.55 9.70 8.60 4/2976 3728
