2088.45 6821.07
2089.36 6824.28
2090.35 6828.22
2091.32 6832.30
2092.35 6836.70
2093.30 6840.94
2094.31 6844.82
2095.30 6848.39
2096.31 6852.44
2097.30 6855.91
2098.30 6859.60
2099.31 6863.16
2100.30 6866.65
2101.32 6870.31
2102.31 6873.75
2103.31 6877.24
2104.31 6880.69
2105.31 6883.96
2106.30 6887.23
2107.31 6890.57
2108.30 6893.79
2109.31 6897.07
2110.30 6900.14
2111.31 6903.28
2112.32 6906.33
2113.32 6909.38
2114.31 6912.41
2115.31 6915.26
2116.32 6917.95
2117.31 6920.94
2118.30 6923.95
2119.30 6926.93
2120.31 6929.83
2121.32 6932.78
2122.31 6935.78
2123.31 6938.67
2124.30 6941.58
2125.31 6944.46
2126.32 6947.32
2127.32 6950.20
2128.31 6953.04
2129.31 6955.91
2130.31 6958.70
2131.31 6961.59
2132.31 6964.49
2133.32 6967.35
2134.30 6970.19
2135.31 6973.05
2136.30 6975.77
2137.31 6978.33
2138.31 6981.09
2139.32 6983.95
2140.31 6986.69
2141.31 6989.54
2142.31 6992.39
2143.31 6995.16
2144.30 6997.96
2145.45 7001.00
2146.32 7003.41
2147.36 7006.18
2148.31 7008.82
2149.31 7011.67
2150.31 7014.32
2151.32 7017.15
2152.31 7019.95
2153.32 7022.77
2154.30 7025.58
2155.31 7028.40
2156.30 7031.16
2157.31 7033.98
2158.32 7036.44
2159.40 7038.43
2160.32 7039.01
2161.31 7040.63
2162.31 7043.35
2163.32 7046.09
2164.31 7048.77
2165.31 7051.36
2166.31 7053.87
2167.31 7056.48
2168.31 7059.01
2169.32 7061.31
2170.31 7063.96
2171.32 7066.45
2172.33 7068.59
2173.30 7070.93
2174.32 7073.51
2175.31 7075.76
2176.33 7078.47
2177.33 7081.22
2178.46 7084.28
2179.32 7086.25
2180.31 7088.63
2181.32 7091.19
2182.31 7093.82
2183.32 7096.57
2184.32 7099.23
2185.31 7101.85
2186.32 7104.59
2187.32 7107.32
2188.31 7110.07
2189.32 7112.82
2190.33 7115.43
2191.31 7117.96
2192.34 7120.61
2193.37 7123.41
2194.32 7126.11
2195.31 7128.79
2196.37 7131.72
2197.31 7134.33
2198.32 7137.09
2199.33 7139.80
2200.39 7142.67
2201.31 7144.72
2202.32 7147.29
2203.31 7149.98
2204.33 7152.23
2205.35 7152.70
2206.32 7152.94
2207.32 7153.51
2208.31 7154.67
2209.32 7157.32
2210.32 7160.21
2211.32 7163.48
2212.32 7166.68
2213.31 7169.80
2214.32 7172.71
2215.31 7175.66
2216.32 7178.68
2217.32 7181.74
2218.32 7184.78
2219.32 7187.94
2220.31 7190.91
2221.32 7194.17
2222.31 7197.28
2223.31 7200.40
2224.32 7203.68
2225.31 7206.81
2226.31 7209.89
2227.31 7213.15
2228.31 7216.46
2229.32 7219.65
2230.32 7222.70
2231.31 7225.91
2232.32 7229.12
2233.32 7232.32
2234.32 7235.60
2235.31 7238.74
2236.32 7241.91
