9.48 7.43 4.10 6/3033 6106
9.28 7.42 4.12 11/3086 6186
9.28 7.42 4.12 4/3107 6256
9.28 7.42 4.12 7/3094 6276
9.28 7.42 4.12 2/3086 6296
9.28 7.42 4.12 1/3086 6315
9.10 7.41 4.14 3/3075 6339
9.10 7.41 4.14 2/3075 6361
9.10 7.41 4.14 2/3076 6383
9.10 7.41 4.14 2/3083 6424
9.10 7.41 4.14 6/3078 6452
9.01 7.42 4.16 1/3074 6471
9.01 7.42 4.16 8/3074 6490
9.01 7.42 4.16 4/3073 6509
9.01 7.42 4.16 4/3071 6528
9.01 7.42 4.16 9/3071 6547
8.69 7.38 4.16 6/3071 6566
8.69 7.38 4.16 5/3056 6586
8.69 7.38 4.16 4/3056 6605
8.69 7.38 4.16 2/3056 6624
8.69 7.38 4.16 5/3056 6643
8.63 7.39 4.18 3/3055 6662
8.63 7.39 4.18 7/3055 6683
8.63 7.39 4.18 6/3055 6702
8.63 7.39 4.18 1/3055 6721
8.63 7.39 4.18 2/3055 6740
8.42 7.37 4.19 2/3055 6759
8.42 7.37 4.19 2/3055 6778
8.42 7.37 4.19 3/3035 6798
8.42 7.37 4.19 5/3035 6818
8.42 7.37 4.19 9/3042 6844
8.55 7.41 4.22 1/3042 6864
8.55 7.41 4.22 4/3035 6884
8.55 7.41 4.22 4/3035 6903
8.55 7.41 4.22 4/3035 6922
8.55 7.41 4.22 5/3018 6942
8.51 7.42 4.24 4/3018 6961
8.51 7.42 4.24 1/3018 6982
8.51 7.42 4.24 5/3018 7001
8.51 7.42 4.24 2/3018 7020
8.51 7.42 4.24 1/3018 7039
8.38 7.42 4.26 5/3018 7059
8.38 7.42 4.26 3/3018 7078
8.38 7.42 4.26 13/3018 7097
8.38 7.42 4.26 1/3017 7116
8.38 7.42 4.26 6/3017 7135
8.27 7.41 4.27 4/3017 7154
8.27 7.41 4.27 4/3017 7173
8.27 7.41 4.27 6/3017 7192
8.27 7.41 4.27 2/3017 7211
8.27 7.41 4.27 6/3017 7230
8.17 7.40 4.29 4/3002 7249
8.17 7.40 4.29 2/3009 7279
8.17 7.40 4.29 8/3002 7299
8.17 7.40 4.29 8/3002 7318
8.17 7.40 4.29 6/3002 7337
8.16 7.41 4.31 1/3000 7356
8.16 7.41 4.31 7/2998 7375
8.16 7.41 4.31 7/2997 7394
8.16 7.41 4.31 2/2993 7413
8.16 7.41 4.31 4/2989 7433
8.22 7.44 4.33 1/2982 7452
8.22 7.44 4.33 3/2978 7471
8.22 7.44 4.33 5/2976 7490
8.22 7.44 4.33 1/2974 7510
8.22 7.44 4.33 4/2962 7529
8.37 7.48 4.37 5/2959 7548
8.37 7.48 4.37 6/2958 7570
8.37 7.48 4.37 7/2956 7589
8.37 7.48 4.37 4/2956 7608
8.37 7.48 4.37 4/2956 7627
8.42 7.51 4.39 3/2956 7654
8.42 7.51 4.39 6/2956 7677
8.42 7.51 4.39 4/2963 7704
8.42 7.51 4.39 1/2962 7724
8.42 7.51 4.39 1/2956 7744
8.38 7.52 4.41 6/2956 7763
8.38 7.52 4.41 5/2956 7782
8.38 7.52 4.41 5/2956 7801
8.38 7.52 4.41 8/2956 7820
8.38 7.52 4.41 7/2957 7840
8.38 7.52 4.41 6/2957 7859
8.27 7.51 4.42 4/2957 7880
8.27 7.51 4.42 5/2957 7899
8.27 7.51 4.42 2/2957 7918
8.27 7.51 4.42 3/2957 7937
8.17 7.50 4.44 3/2957 7957
8.17 7.50 4.44 6/2957 7976
8.17 7.50 4.44 2/2957 7995
8.17 7.50 4.44 2/2957 8014
8.17 7.50 4.44 3/2957 8033
8.17 7.50 4.44 1/2957 8052
8.08 7.49 4.45 6/2957 8071
8.08 7.49 4.45 4/2957 8090
8.08 7.49 4.45 4/2964 8116
8.08 7.49 4.45 6/2964 8136
7.91 7.46 4.46 1/2957 8156
7.91 7.46 4.46 3/2957 8177
7.91 7.46 4.46 2/2957 8197
7.91 7.46 4.46 4/2957 8216
7.91 7.46 4.46 3/2957 8235
8.64 7.62 4.53 4/2957 8254
8.64 7.62 4.53 4/2957 8273
8.64 7.62 4.53 5/2957 8292
8.64 7.62 4.53 8/2957 8311
8.64 7.62 4.53 2/2957 8330
8.64 7.62 4.53 2/2957 8349
8.83 7.68 4.56 4/2957 8368
8.83 7.68 4.56 4/2957 8387
8.83 7.68 4.56 4/2957 8406
8.83 7.68 4.56 5/2957 8426
8.83 7.68 4.56 2/2957 8445
8.84 7.70 4.59 1/2957 8464
8.84 7.70 4.59 3/2957 8485
8.84 7.70 4.59 1/2957 8504
8.84 7.70 4.59 2/2957 8523
8.84 7.70 4.59 8/2964 8550
8.69 7.69 4.60 7/2957 8570
8.69 7.69 4.60 4/2957 8589
8.69 7.69 4.60 4/2957 8608
8.69 7.69 4.60 4/2957 8627
8.69 7.69 4.60 5/2957 8647
8.56 7.68 4.61 1/2957 8666
8.56 7.68 4.61 2/2957 8685
8.56 7.68 4.61 3/2957 8704
8.56 7.68 4.61 6/2957 8723
8.56 7.68 4.61 4/2957 8742
8.35 7.65 4.62 4/2957 8762
8.35 7.65 4.62 2/2957 8786
8.35 7.65 4.62 2/2957 8805
8.35 7.65 4.62 2/2957 8824
8.35 7.65 4.62 8/2957 8847
8.65 7.72 4.66 2/2957 8874
8.65 7.72 4.66 1/2957 8894
8.65 7.72 4.66 2/2957 8913
8.65 7.72 4.66 2/2957 8932
8.65 7.72 4.66 1/2957 8951
8.75 7.76 4.69 2/2964 8978
8.75 7.76 4.69 4/2964 8998
8.75 7.76 4.69 1/2957 9017
8.75 7.76 4.69 4/2957 9036
8.75 7.76 4.69 1/2957 9056
8.61 7.75 4.70 6/2957 9075
8.61 7.75 4.70 1/2957 9096
8.61 7.75 4.70 1/2957 9116
8.61 7.75 4.70 5/2956 9135
8.61 7.75 4.70 5/2956 9154
8.81 7.80 4.74 9/2956 9173
8.81 7.80 4.74 6/2956 9192
