614.52 2280.33
615.46 2282.24
616.44 2284.52
617.45 2288.33
618.44 2292.37
619.44 2296.37
620.45 2300.62
621.44 2304.46
622.44 2308.25
623.44 2312.07
624.44 2315.38
625.44 2318.95
626.45 2322.64
627.44 2326.33
628.45 2330.18
629.45 2333.77
630.44 2337.50
631.45 2341.34
632.45 2345.09
633.44 2348.86
634.44 2352.64
635.45 2356.46
636.47 2360.36
637.46 2363.99
638.44 2367.62
639.46 2371.56
640.45 2375.31
641.46 2379.00
642.45 2382.71
643.46 2386.47
644.45 2390.18
645.44 2393.60
646.46 2397.28
647.44 2401.04
648.44 2404.80
649.46 2408.68
650.44 2412.43
651.45 2416.24
652.44 2420.05
653.45 2423.83
654.44 2427.62
655.46 2431.49
656.45 2435.25
657.45 2438.97
658.46 2442.72
659.45 2446.43
660.45 2450.22
661.45 2453.84
662.44 2457.60
663.45 2461.41
664.44 2465.16
665.44 2468.85
666.45 2472.35
667.45 2475.75
668.45 2479.53
669.45 2483.32
670.45 2487.13
671.45 2490.69
672.44 2494.33
673.45 2498.14
674.45 2501.85
675.45 2505.59
676.44 2509.35
677.45 2513.07
678.45 2516.70
679.45 2520.48
680.44 2524.19
681.45 2527.97
682.45 2531.57
683.44 2535.29
684.44 2539.01
685.45 2542.71
686.45 2546.37
687.44 2550.01
688.46 2553.37
689.45 2556.92
690.45 2560.76
691.45 2564.50
692.45 2568.15
693.45 2571.87
694.45 2575.64
695.44 2579.23
696.45 2582.95
697.45 2586.59
698.45 2590.23
699.45 2593.92
700.45 2597.70
701.45 2601.29
702.45 2604.93
703.45 2608.61
704.45 2612.28
705.44 2615.95
706.45 2619.71
707.46 2623.45
708.44 2627.05
709.44 2630.39
710.46 2633.86
711.45 2637.53
712.45 2641.09
713.45 2644.77
714.46 2648.46
715.45 2652.06
716.44 2655.76
717.44 2659.36
718.44 2662.98
719.46 2666.74
720.45 2670.33
721.46 2674.04
722.45 2677.62
723.44 2681.21
724.46 2684.90
725.46 2688.50
726.46 2692.18
727.45 2695.83
728.46 2699.47
729.45 2703.09
730.44 2706.47
731.46 2709.62
732.45 2713.24
733.45 2716.87
734.45 2720.50
735.46 2724.20
736.45 2727.83
737.45 2731.45
738.45 2735.03
739.46 2738.67
740.45 2742.27
741.45 2745.83
742.46 2749.35
743.45 2752.94
744.44 2756.49
745.46 2760.10
746.45 2763.66
747.45 2767.20
748.45 2770.80
749.45 2774.43
750.45 2778.03
751.46 2781.61
752.45 2784.72
753.45 2788.13
754.45 2791.78
755.44 2795.28
756.46 2798.90
757.45 2802.41
758.46 2805.96
759.45 2809.49
760.44 2812.94
761.46 2816.43
762.45 2819.95
