9.24 9.24 6.72 3/3032 26094
9.24 9.24 6.72 2/3044 26164
9.24 9.24 6.72 8/3042 26187
8.98 9.18 6.72 2/3041 26207
8.98 9.18 6.72 3/3041 26226
8.98 9.18 6.72 4/3031 26249
8.98 9.18 6.72 2/3031 26268
8.98 9.18 6.72 3/3031 26287
9.22 9.23 6.74 2/3034 26309
9.22 9.23 6.74 4/3036 26344
9.22 9.23 6.74 2/3036 26363
9.22 9.23 6.74 4/3035 26382
9.22 9.23 6.74 4/3042 26409
9.36 9.26 6.77 3/3034 26429
9.36 9.26 6.77 4/3034 26448
9.36 9.26 6.77 4/3034 26468
9.36 9.26 6.77 3/3034 26487
9.36 9.26 6.77 2/3034 26508
9.25 9.24 6.77 4/3034 26527
9.25 9.24 6.77 7/3034 26546
9.25 9.24 6.77 2/3034 26566
9.25 9.24 6.77 11/3033 26585
9.25 9.24 6.77 4/3033 26604
9.39 9.27 6.80 9/3033 26623
9.39 9.27 6.80 4/3033 26642
9.39 9.27 6.80 3/3033 26661
9.39 9.27 6.80 6/3033 26680
9.39 9.27 6.80 7/3033 26699
9.68 9.33 6.83 4/3033 26718
9.68 9.33 6.83 4/3033 26737
9.68 9.33 6.83 12/3033 26756
9.68 9.33 6.83 11/3020 26775
9.68 9.33 6.83 4/3020 26797
9.87 9.37 6.86 4/3027 26832
9.87 9.37 6.86 4/3027 26855
9.87 9.37 6.86 3/3020 26875
9.87 9.37 6.86 3/3016 26894
9.87 9.37 6.86 6/3016 26913
9.88 9.38 6.88 4/3022 26940
9.88 9.38 6.88 6/3022 26959
9.88 9.38 6.88 9/3022 26978
9.88 9.38 6.88 2/3022 26997
9.88 9.38 6.88 5/3021 27016
9.81 9.38 6.89 7/3021 27036
9.81 9.38 6.89 4/3020 27055
9.81 9.38 6.89 4/3020 27074
9.81 9.38 6.89 6/3020 27093
9.81 9.38 6.89 6/3020 27114
9.98 9.42 6.91 6/3020 27133
9.98 9.42 6.91 6/3020 27152
9.98 9.42 6.91 6/3020 27171
9.98 9.42 6.91 6/3019 27190
9.98 9.42 6.91 3/3019 27210
9.83 9.40 6.92 2/3017 27229
9.83 9.40 6.92 8/3017 27249
9.83 9.40 6.92 4/3024 27276
9.83 9.40 6.92 3/3016 27296
9.83 9.40 6.92 2/3014 27315
9.68 9.37 6.93 4/3011 27334
9.68 9.37 6.93 2/3006 27353
9.68 9.37 6.93 4/3006 27372
9.68 9.37 6.93 3/3004 27391
9.68 9.37 6.93 8/3000 27412
9.79 9.40 6.95 7/3000 27431
9.79 9.40 6.95 2/3000 27450
9.79 9.40 6.95 2/3000 27469
9.79 9.40 6.95 4/3000 27489
9.79 9.40 6.95 3/3000 27508
9.72 9.39 6.96 7/2998 27527
9.72 9.39 6.96 8/2998 27546
9.72 9.39 6.96 7/2998 27565
9.72 9.39 6.96 5/2998 27584
9.72 9.39 6.96 5/2998 27603
9.90 9.44 6.99 5/2998 27622
9.90 9.44 6.99 5/2998 27641
9.90 9.44 6.99 2/2998 27660
9.90 9.44 6.99 4/3012 27694
9.90 9.44 6.99 7/3012 27717
10.15 9.50 7.02 4/3005 27736
10.15 9.50 7.02 4/3005 27755
10.15 9.50 7.02 5/3005 27774
10.15 9.50 7.02 3/3005 27793
10.15 9.50 7.02 7/3005 27812
10.62 9.61 7.07 3/3005 27831
10.62 9.61 7.07 4/3005 27850
10.62 9.61 7.07 3/3005 27869
10.62 9.61 7.07 6/3005 27888
10.62 9.61 7.07 5/3004 27907
10.65 9.63 7.09 4/3004 27926
10.65 9.63 7.09 4/3004 27946
10.65 9.63 7.09 2/2995 27968
10.65 9.63 7.09 4/2997 27989
10.65 9.63 7.09 3/2997 28010
10.84 9.69 7.12 6/2996 28033
10.84 9.69 7.12 6/2996 28060
10.84 9.69 7.12 4/2996 28079
10.84 9.69 7.12 7/2996 28098
10.84 9.69 7.12 7/3002 28123
10.85 9.71 7.14 5/3000 28144
10.85 9.71 7.14 5/2993 28164
10.85 9.71 7.14 5/2993 28184
10.85 9.71 7.14 4/2993 28203
10.85 9.71 7.14 3/2993 28222
11.19 9.80 7.19 5/2991 28241
11.19 9.80 7.19 5/2991 28260
11.19 9.80 7.19 7/2991 28279
11.19 9.80 7.19 5/2991 28298
11.19 9.80 7.19 6/2991 28319
10.85 9.75 7.18 6/2991 28338
10.85 9.75 7.18 7/2991 28357
10.85 9.75 7.18 11/2991 28376
10.85 9.75 7.18 5/2991 28396
10.85 9.75 7.18 5/2917 28416
12.46 10.10 7.31 17/2986 28545
12.46 10.10 7.31 2/2986 28567
12.46 10.10 7.31 3/2986 28587
12.46 10.10 7.31 12/2986 28606
12.46 10.10 7.31 6/2986 28625
12.03 10.05 7.31 5/2985 28644
12.03 10.05 7.31 7/2982 28665
12.03 10.05 7.31 6/2981 28686
12.03 10.05 7.31 7/2980 28705
12.03 10.05 7.31 3/2980 28726
11.62 10.00 7.31 4/2979 28754
11.62 10.00 7.31 8/2979 28777
11.62 10.00 7.31 10/2979 28797
11.62 10.00 7.31 2/2979 28816
11.62 10.00 7.31 2/2979 28835
11.57 10.02 7.33 4/2979 28854
11.57 10.02 7.33 1/2979 28873
11.57 10.02 7.33 3/2979 28893
11.57 10.02 7.33 11/2979 28912
11.57 10.02 7.33 3/2980 28932
11.21 9.97 7.33 5/2980 28951
11.21 9.97 7.33 1/2980 28971
11.21 9.97 7.33 2/2980 28991
11.21 9.97 7.33 13/2980 29010
11.21 9.97 7.33 3/2980 29031
10.87 9.92 7.32 7/2980 29051
10.87 9.92 7.32 1/2980 29070
10.87 9.92 7.32 4/2981 29092
10.87 9.92 7.32 2/2980 29112
10.87 9.92 7.32 5/2980 29131
10.80 9.92 7.34 2/2980 29150
10.80 9.92 7.34 4/2980 29169
10.80 9.92 7.34 2/2980 29189
10.80 9.92 7.34 5/2980 29209
10.80 9.92 7.34 4/2980 29228
10.66 9.90 7.35 1/2979 29247
