1193.41 3787.95
1194.36 3791.26
1195.34 3794.87
1196.33 3798.86
1197.33 3802.88
1198.33 3807.26
1199.33 3811.28
1200.33 3815.36
1201.33 3819.31
1202.33 3823.15
1203.33 3826.74
1204.33 3830.34
1205.33 3833.62
1206.33 3836.79
1207.33 3840.22
1208.33 3843.54
1209.33 3846.99
1210.34 3850.38
1211.33 3853.60
1212.33 3856.95
1213.33 3860.10
1214.33 3863.26
1215.33 3866.46
1216.33 3869.58
1217.33 3872.70
1218.33 3875.74
1219.34 3878.78
1220.33 3881.83
1221.33 3884.88
1222.33 3887.96
1223.34 3890.98
1224.34 3894.00
1225.33 3896.94
1226.33 3899.79
1227.34 3902.39
1228.33 3905.14
1229.33 3908.10
1230.33 3911.03
1231.33 3913.93
1232.33 3916.88
1233.33 3919.70
1234.34 3922.62
1235.33 3925.48
1236.33 3928.24
1237.33 3931.08
1238.33 3933.89
1239.33 3936.77
1240.33 3939.62
1241.33 3942.45
1242.33 3945.19
1243.34 3948.00
1244.33 3950.77
1245.34 3953.61
1246.33 3956.36
1247.34 3959.18
1248.34 3961.71
1249.33 3964.20
1250.34 3967.02
1251.33 3969.80
1252.33 3972.61
1253.39 3975.40
1254.34 3978.00
1255.33 3980.64
1256.33 3982.96
1257.33 3985.57
1258.34 3988.34
1259.33 3991.07
1260.34 3993.90
1261.33 3996.62
1262.33 3999.40
1263.33 4002.08
1264.34 4004.84
1265.33 4007.51
1266.34 4010.17
1267.33 4012.95
1268.33 4015.81
1269.33 4018.28
1270.34 4020.59
1271.33 4023.22
1272.34 4026.05
1273.34 4028.86
1274.34 4031.66
1275.34 4034.43
1276.34 4036.84
1277.33 4039.41
1278.34 4042.22
1279.34 4045.01
1280.34 4047.81
1281.34 4050.59
1282.34 4053.37
1283.34 4056.04
1284.34 4058.83
1285.34 4061.52
1286.34 4064.17
1287.33 4066.90
1288.34 4069.66
1289.33 4072.39
1290.34 4075.18
1291.34 4077.56
1292.34 4080.09
1293.33 4082.80
1294.33 4085.53
1295.34 4088.28
1296.34 4090.92
1297.33 4093.74
1298.34 4096.58
1299.34 4099.38
1300.34 4102.17
1301.34 4104.92
1302.35 4107.75
1303.34 4110.49
1304.37 4113.35
1305.34 4115.44
1306.36 4116.10
1307.33 4117.92
1308.35 4119.97
1309.34 4123.27
1310.34 4126.74
1311.34 4130.00
1312.34 4133.47
1313.34 4136.95
1314.34 4140.48
1315.34 4144.05
1316.34 4147.42
1317.35 4150.73
1318.34 4154.12
1319.34 4157.58
1320.34 4161.12
1321.34 4164.65
1322.34 4168.12
1323.34 4171.52
1324.34 4174.95
1325.34 4178.42
1326.34 4181.88
1327.34 4185.39
1328.34 4188.86
1329.34 4192.29
1330.34 4195.78
1331.34 4199.13
1332.34 4202.38
1333.34 4205.79
1334.34 4209.23
1335.34 4212.75
1336.34 4216.10
1337.34 4219.53
1338.34 4223.00
1339.34 4226.44
1340.35 4229.91
1341.35 4233.39
