9.42 8.84 8.71 2/2980 24008
9.42 8.84 8.71 21/2980 24044
9.23 8.81 8.70 7/2985 24071
9.23 8.81 8.70 6/3010 24133
9.23 8.81 8.70 2/3032 24190
9.23 8.81 8.70 3/3032 24209
9.23 8.81 8.70 4/3033 24229
9.45 8.87 8.72 4/3023 24254
9.45 8.87 8.72 1/3023 24273
9.45 8.87 8.72 4/3023 24292
9.45 8.87 8.72 3/3026 24314
9.45 8.87 8.72 5/3042 24353
9.10 8.80 8.70 1/3042 24384
9.10 8.80 8.70 2/3042 24403
9.10 8.80 8.70 5/3042 24422
9.10 8.80 8.70 8/3041 24441
9.10 8.80 8.70 3/3041 24461
8.85 8.75 8.69 4/3048 24488
8.85 8.75 8.69 5/3048 24507
8.85 8.75 8.69 1/3041 24527
8.85 8.75 8.69 5/3041 24546
8.85 8.75 8.69 3/3041 24565
8.62 8.71 8.67 3/3041 24584
8.62 8.71 8.67 1/3041 24603
8.62 8.71 8.67 3/3041 24622
8.62 8.71 8.67 3/3041 24641
8.62 8.71 8.67 7/3041 24660
8.49 8.68 8.66 5/3039 24679
8.49 8.68 8.66 2/3038 24699
8.49 8.68 8.66 3/3038 24718
8.49 8.68 8.66 6/3038 24737
8.49 8.68 8.66 4/3038 24756
8.13 8.60 8.64 6/3038 24775
8.13 8.60 8.64 8/3038 24794
8.13 8.60 8.64 6/3039 24814
8.13 8.60 8.64 3/3039 24833
8.13 8.60 8.64 4/3039 24852
7.96 8.56 8.62 9/3039 24871
7.96 8.56 8.62 4/3039 24890
7.96 8.56 8.62 4/3046 24918
7.96 8.56 8.62 4/3039 24938
7.96 8.56 8.62 4/3039 24957
7.88 8.53 8.61 2/3039 24976
7.88 8.53 8.61 3/3039 24999
7.88 8.53 8.61 5/3040 25019
7.88 8.53 8.61 3/3040 25038
7.88 8.53 8.61 5/3039 25057
8.05 8.56 8.62 7/3039 25076
8.05 8.56 8.62 7/3039 25095
8.05 8.56 8.62 4/3039 25114
8.05 8.56 8.62 3/3039 25134
8.05 8.56 8.62 11/3039 25165
7.97 8.53 8.61 12/3039 25184
7.97 8.53 8.61 9/3039 25203
7.97 8.53 8.61 11/3036 25222
7.97 8.53 8.61 3/3036 25241
7.97 8.53 8.61 4/3036 25260
8.13 8.55 8.62 7/3036 25279
8.13 8.55 8.62 6/3036 25298
8.13 8.55 8.62 2/3034 25317
8.13 8.55 8.62 7/3027 25346
8.13 8.55 8.62 8/3021 25366
8.04 8.53 8.61 7/3016 25385
8.04 8.53 8.61 8/3016 25405
8.04 8.53 8.61 4/3016 25424
8.04 8.53 8.61 9/3016 25443
8.04 8.53 8.61 5/3016 25462
7.96 8.50 8.60 7/3015 25481
7.96 8.50 8.60 2/3015 25500
7.96 8.50 8.60 6/3015 25519
7.96 8.50 8.60 4/3015 25538
7.96 8.50 8.60 5/3014 25557
7.88 8.48 8.59 5/3012 25576
7.88 8.48 8.59 4/3012 25595
7.88 8.48 8.59 3/3012 25615
7.88 8.48 8.59 5/3012 25634
7.88 8.48 8.59 8/3012 25654
7.97 8.49 8.60 5/3012 25673
7.97 8.49 8.60 4/3012 25692
7.97 8.49 8.60 5/3012 25711
7.97 8.49 8.60 4/3012 25730
7.97 8.49 8.60 7/3019 25756
8.05 8.50 8.60 3/3019 25776
8.05 8.50 8.60 3/3012 25796
8.05 8.50 8.60 5/3012 25815
8.05 8.50 8.60 6/3012 25834
8.05 8.50 8.60 3/3012 25854
8.21 8.52 8.61 3/3012 25873
8.21 8.52 8.61 2/3012 25892
8.21 8.52 8.61 4/3012 25912
8.21 8.52 8.61 5/3012 25932
8.21 8.52 8.61 3/3012 25951
8.19 8.51 8.60 5/3012 25970
8.19 8.51 8.60 8/3012 25989
8.19 8.51 8.60 6/3012 26008
8.19 8.51 8.60 4/3011 26027
8.19 8.51 8.60 6/3012 26047
8.18 8.50 8.60 5/3012 26066
8.18 8.50 8.60 6/3011 26088
8.18 8.50 8.60 3/3010 26107
8.18 8.50 8.60 2/3010 26126
8.18 8.50 8.60 3/3010 26145
8.00 8.46 8.59 5/3011 26165
8.00 8.46 8.59 12/3017 26192
8.00 8.46 8.59 4/3010 26212
8.00 8.46 8.59 3/3010 26231
8.00 8.46 8.59 5/3010 26250
8.64 8.59 8.63 9/3010 26269
8.64 8.59 8.63 5/3010 26288
8.64 8.59 8.63 7/3010 26308
8.64 8.59 8.63 6/3009 26327
8.64 8.59 8.63 7/3009 26346
9.15 8.69 8.66 2/3009 26369
9.15 8.69 8.66 5/3009 26396
9.15 8.69 8.66 5/3009 26415
9.15 8.69 8.66 7/3009 26434
9.15 8.69 8.66 5/3009 26453
9.06 8.68 8.66 6/3009 26472
9.06 8.68 8.66 5/3009 26491
9.06 8.68 8.66 9/3009 26510
9.06 8.68 8.66 2/3009 26530
9.06 8.68 8.66 3/3009 26550
8.89 8.65 8.65 5/3009 26569
8.89 8.65 8.65 5/3009 26588
8.89 8.65 8.65 11/2941 26614
8.89 8.65 8.65 8/2930 26639
8.89 8.65 8.65 7/2974 26729
8.82 8.64 8.64 6/2986 26760
8.82 8.64 8.64 8/2986 26779
8.82 8.64 8.64 3/2986 26799
8.82 8.64 8.64 2/2986 26818
8.82 8.64 8.64 2/2985 26837
8.92 8.67 8.65 4/2982 26857
8.92 8.67 8.65 4/2982 26877
