12052.82 41646.31
12053.78 41649.37
12054.75 41652.03
12055.75 41655.50
12056.75 41659.16
12057.75 41663.23
12058.76 41667.21
12059.75 41671.45
12060.75 41675.76
12061.75 41679.91
12062.74 41683.81
12063.75 41687.78
12064.75 41691.27
12065.74 41694.56
12066.74 41698.06
12067.74 41701.43
12068.74 41704.83
12069.74 41708.13
12070.75 41711.20
12071.75 41714.41
12072.76 41717.74
12073.75 41720.94
12074.75 41724.16
12075.74 41727.35
12076.75 41730.53
12077.76 41733.46
12078.75 41736.51
12079.75 41739.62
12080.75 41742.61
12081.75 41745.52
12082.76 41748.56
12083.76 41751.49
12084.75 41754.51
12085.75 41757.47
12086.75 41760.42
12087.74 41763.33
12088.76 41766.29
12089.75 41769.21
12090.75 41772.07
12091.75 41774.62
12092.75 41777.24
12093.74 41780.03
12094.74 41782.89
12095.74 41785.70
12096.74 41788.54
12097.74 41791.34
12098.74 41794.10
12099.75 41796.91
12100.76 41799.76
12101.76 41802.55
12102.76 41805.35
12103.74 41807.99
12104.76 41810.75
12105.75 41813.34
12106.75 41815.83
12107.76 41818.41
12108.75 41820.91
12109.75 41823.35
12110.77 41825.91
12111.76 41828.20
12112.76 41830.52
12113.75 41832.64
12114.75 41835.31
12115.76 41838.03
12116.76 41840.77
12117.75 41843.23
12118.75 41845.80
12119.75 41848.40
12120.75 41851.09
12121.75 41853.79
12122.75 41856.56
12123.75 41859.24
12124.75 41861.97
12125.76 41864.70
12126.76 41867.39
12127.75 41870.14
12128.76 41872.86
12129.76 41875.67
12130.76 41878.39
12131.76 41881.11
12132.75 41883.80
12133.76 41886.46
12134.75 41888.84
12135.76 41891.43
12136.76 41894.16
12137.76 41896.79
12138.75 41899.39
12139.76 41902.11
12140.75 41904.76
12141.76 41907.46
12142.76 41910.15
12143.75 41912.77
12144.74 41915.37
12145.75 41918.07
12146.76 41920.82
12147.75 41923.50
12148.75 41926.14
12149.75 41928.82
12150.75 41931.47
12151.75 41934.02
12152.76 41936.73
12153.75 41939.31
12154.75 41941.91
12155.75 41944.37
12156.75 41946.77
12157.75 41949.50
12158.76 41952.09
12159.76 41954.56
12160.75 41957.07
12161.75 41959.56
12162.74 41962.01
12163.75 41964.67
12164.75 41967.20
12165.75 41969.86
12166.75 41972.42
12167.76 41975.27
12168.76 41977.99
12169.76 41980.70
12170.76 41983.45
12171.75 41986.20
12172.75 41988.76
12173.75 41991.43
12174.75 41994.22
12175.75 41996.94
12177.11 41999.02
12177.75 41999.99
12178.77 42001.29
12179.76 42003.88
12180.76 42006.01
12181.75 42009.50
12182.76 42013.25
12183.75 42016.74
12184.76 42020.47
12185.75 42024.18
