9.18 4.04 1.54 5/2563 5839
9.73 4.24 1.62 3/2588 5886
9.73 4.24 1.62 9/2616 5942
9.73 4.24 1.62 1/2611 5990
9.73 4.24 1.62 6/2604 6010
9.73 4.24 1.62 3/2604 6029
9.59 4.30 1.65 2/2605 6051
9.59 4.30 1.65 4/2605 6071
9.59 4.30 1.65 7/2600 6090
9.59 4.30 1.65 2/2602 6111
9.59 4.30 1.65 5/2604 6133
9.54 4.38 1.69 7/2607 6156
9.54 4.38 1.69 6/2607 6177
9.54 4.38 1.69 7/2605 6196
9.54 4.38 1.69 4/2605 6216
9.54 4.38 1.69 3/2604 6235
9.42 4.44 1.72 8/2604 6254
9.42 4.44 1.72 6/2604 6274
9.46 4.53 1.77 2/2604 6300
9.35 4.59 1.80 3/2604 6319
9.35 4.59 1.80 4/2604 6338
9.35 4.59 1.80 2/2604 6358
9.35 4.59 1.80 2/2604 6379
9.35 4.59 1.80 2/2604 6399
9.16 4.63 1.83 6/2604 6420
9.16 4.63 1.83 5/2604 6439
9.16 4.63 1.83 3/2604 6458
9.16 4.63 1.83 5/2604 6478
9.16 4.63 1.83 11/2608 6501
8.91 4.65 1.85 7/2608 6521
8.91 4.65 1.85 1/2605 6542
8.91 4.65 1.85 6/2605 6561
8.91 4.65 1.85 5/2605 6580
8.91 4.65 1.85 4/2605 6600
8.99 4.74 1.90 5/2605 6619
8.99 4.74 1.90 5/2605 6638
8.99 4.74 1.90 2/2605 6657
8.99 4.74 1.90 5/2605 6676
8.99 4.74 1.90 4/2605 6695
8.99 4.81 1.94 2/2605 6714
8.99 4.81 1.94 3/2605 6734
8.99 4.81 1.94 4/2604 6753
8.99 4.81 1.94 2/2604 6772
8.99 4.81 1.94 6/2604 6791
9.07 4.90 1.98 4/2604 6811
9.07 4.90 1.98 11/2604 6830
9.07 4.90 1.98 2/2604 6849
9.07 4.90 1.98 6/2604 6868
9.07 4.90 1.98 7/2604 6887
8.91 4.93 2.01 3/2604 6906
8.91 4.93 2.01 2/2604 6926
8.91 4.93 2.01 8/2604 6945
8.91 4.93 2.01 10/2604 6966
8.91 4.93 2.01 1/2603 6986
8.84 4.99 2.04 1/2603 7005
8.84 4.99 2.04 10/2603 7024
8.84 4.99 2.04 5/2599 7043
8.84 4.99 2.04 6/2599 7062
8.84 4.99 2.04 3/2599 7081
8.53 4.99 2.06 4/2597 7100
8.53 4.99 2.06 6/2597 7120
8.53 4.99 2.06 4/2596 7139
8.53 4.99 2.06 6/2596 7158
8.53 4.99 2.06 5/2596 7177
8.65 5.07 2.10 4/2596 7196
8.65 5.07 2.10 1/2596 7215
8.65 5.07 2.10 3/2596 7234
8.65 5.07 2.10 2/2596 7253
8.65 5.07 2.10 7/2596 7272
8.75 5.15 2.14 4/2596 7291
8.75 5.15 2.14 3/2596 7310
8.75 5.15 2.14 3/2596 7329
8.75 5.15 2.14 3/2596 7348
8.75 5.15 2.14 6/2596 7368
8.69 5.20 2.17 10/2596 7388
8.69 5.20 2.17 6/2596 7407
8.69 5.20 2.17 6/2566 7426
8.69 5.20 2.17 5/2434 7452
8.69 5.20 2.17 7/2434 7471
8.64 5.25 2.20 4/2434 7490
8.64 5.25 2.20 5/2421 7509
8.64 5.25 2.20 6/2322 7548
8.64 5.25 2.20 9/2346 7597
8.64 5.25 2.20 8/2344 7616
8.67 5.31 2.24 3/2344 7635
8.67 5.31 2.24 3/2344 7654
8.67 5.31 2.24 6/2344 7673
8.67 5.31 2.24 8/2320 7692
8.67 5.31 2.24 4/2273 7713
8.77 5.39 2.28 6/2293 7753
8.77 5.39 2.28 5/2273 7773
8.77 5.39 2.28 6/2273 7792
8.77 5.39 2.28 5/2226 7812
8.77 5.39 2.28 6/2226 7831
8.95 5.48 2.33 8/2226 7850
8.95 5.48 2.33 6/2226 7869
8.95 5.48 2.33 4/2226 7888
8.95 5.48 2.33 1/2226 7907
8.95 5.48 2.33 5/2226 7926
9.36 5.62 2.39 9/2223 7964
9.36 5.62 2.39 4/2228 7996
9.36 5.62 2.39 6/2227 8015
9.36 5.62 2.39 6/2227 8034
9.36 5.62 2.39 5/2227 8053
9.97 5.81 2.47 7/2223 8072
9.97 5.81 2.47 5/2224 8093
9.97 5.81 2.47 8/2223 8112
9.97 5.81 2.47 4/2226 8134
9.97 5.81 2.47 4/2226 8153
9.73 5.83 2.50 5/2243 8189
9.73 5.83 2.50 8/2244 8211
9.73 5.83 2.50 2/2244 8230
9.73 5.83 2.50 7/2259 8264
9.73 5.83 2.50 6/2264 8293
9.75 5.90 2.54 2/2259 8312
9.75 5.90 2.54 9/2259 8331
9.75 5.90 2.54 5/2259 8350
9.75 5.90 2.54 3/2255 8369
9.75 5.90 2.54 4/2255 8389
9.37 5.88 2.55 4/2276 8430
9.37 5.88 2.55 8/2276 8450
9.37 5.88 2.55 4/2276 8469
9.37 5.88 2.55 5/2276 8488
9.37 5.88 2.55 3/2276 8507
9.42 5.95 2.59 12/2272 8526
9.42 5.95 2.59 3/2272 8545
9.42 5.95 2.59 5/2272 8564
9.42 5.95 2.59 6/2272 8583
9.42 5.95 2.59 10/2272 8602
9.79 6.09 2.65 5/2290 8641
9.79 6.09 2.65 9/2298 8670
9.79 6.09 2.65 2/2297 8689
9.79 6.09 2.65 5/2297 8708
9.79 6.09 2.65 5/2297 8727
10.13 6.22 2.71 4/2293 8746
10.13 6.22 2.71 2/2278 8767
10.13 6.22 2.71 4/2278 8786
10.13 6.22 2.71 8/2278 8805
10.13 6.22 2.71 3/2278 8824
10.13 6.22 2.71 3/2278 8843
9.96 6.25 2.74 6/2278 8862
9.96 6.25 2.74 5/2278 8881
