154.66 728.46
155.55 731.98
156.53 737.09
157.54 740.27
158.53 745.67
159.53 751.63
160.54 757.07
161.53 762.51
162.52 767.56
163.53 772.76
164.53 777.91
165.52 782.32
166.52 786.87
167.53 791.92
168.53 796.96
169.53 802.25
170.52 806.81
171.54 810.72
179.53 847.73
180.53 852.76
181.54 857.75
182.53 862.95
183.53 868.26
184.53 873.09
185.54 877.95
186.53 882.52
187.54 887.37
188.53 892.18
189.53 896.87
190.53 901.28
191.54 905.93
192.53 910.73
193.53 915.73
194.54 920.55
195.54 925.44
196.53 930.35
197.54 935.12
198.53 939.89
199.53 944.49
200.53 949.30
201.54 954.06
202.52 958.72
203.52 963.68
204.52 968.36
205.53 973.18
206.52 978.05
207.53 983.08
208.53 987.82
209.53 992.66
210.53 997.23
211.54 1002.02
212.53 1006.77
213.52 1011.59
214.52 1016.45
215.53 1021.28
216.54 1026.17
217.53 1030.97
218.52 1035.85
219.55 1040.93
220.55 1045.56
221.52 1050.26
222.53 1055.30
223.52 1060.14
224.54 1065.12
225.53 1069.92
226.52 1074.74
227.54 1079.81
228.53 1084.63
229.52 1089.27
230.53 1094.06
231.54 1099.03
232.53 1103.74
233.54 1108.69
234.52 1113.34
235.52 1118.30
236.54 1123.16
237.59 1128.08
238.52 1131.41
239.54 1136.11
240.52 1140.91
241.55 1145.41
242.54 1148.16
243.53 1152.26
244.54 1156.78
245.53 1161.31
246.52 1165.90
247.53 1170.40
248.64 1175.20
249.53 1178.13
250.53 1181.34
251.53 1185.44
252.54 1189.86
253.53 1193.66
254.52 1197.27
255.53 1201.52
256.53 1206.34
257.54 1211.02
258.52 1215.85
259.52 1220.28
260.54 1222.75
261.54 1225.70
262.53 1230.12
263.52 1234.74
264.52 1238.44
265.53 1242.76
266.54 1247.31
267.56 1251.80
268.53 1255.90
269.53 1260.89
270.53 1264.77
271.54 1268.73
272.54 1273.09
273.53 1277.59
274.55 1281.17
275.53 1285.53
276.53 1289.97
277.53 1294.69
278.56 1299.27
279.53 1303.67
280.53 1307.16
281.54 1311.39
282.54 1315.96
283.53 1320.27
284.52 1324.87
285.54 1329.45
286.54 1333.86
287.54 1338.47
288.54 1343.20
289.53 1347.41
290.54 1350.91
291.52 1354.73
292.54 1359.23
293.53 1363.77
294.53 1368.57
295.52 1373.29
296.54 1376.95
297.52 1381.22
298.53 1385.98
299.53 1390.59
300.53 1395.42
301.54 1399.89
302.53 1404.47
