7.91 8.51 8.36 4/2893 11918
7.91 8.51 8.36 1/2912 11983
7.91 8.51 8.36 5/2906 12014
7.91 8.51 8.36 1/2906 12035
7.91 8.51 8.36 1/2906 12054
7.91 8.51 8.36 1/2895 12077
7.76 8.46 8.35 3/2895 12096
7.76 8.46 8.35 3/2895 12115
7.76 8.46 8.35 3/2897 12137
7.76 8.46 8.35 4/2898 12166
7.76 8.46 8.35 5/2898 12193
8.02 8.51 8.37 2/2898 12212
8.02 8.51 8.37 7/2898 12231
8.02 8.51 8.37 1/2894 12250
8.02 8.51 8.37 5/2894 12269
8.02 8.51 8.37 3/2894 12289
8.10 8.52 8.37 2/2893 12308
8.10 8.52 8.37 7/2893 12327
8.10 8.52 8.37 3/2891 12346
8.10 8.52 8.37 5/2891 12365
8.10 8.52 8.37 5/2894 12387
8.33 8.56 8.38 2/2898 12411
8.33 8.56 8.38 5/2891 12434
8.33 8.56 8.38 5/2890 12453
8.33 8.56 8.38 2/2890 12472
8.33 8.56 8.38 4/2890 12491
8.30 8.55 8.38 7/2889 12511
8.30 8.55 8.38 3/2889 12530
8.30 8.55 8.38 3/2889 12549
8.30 8.55 8.38 2/2889 12569
8.30 8.55 8.38 5/2889 12588
8.52 8.59 8.39 5/2889 12608
8.52 8.59 8.39 6/2888 12627
8.52 8.59 8.39 2/2881 12646
8.52 8.59 8.39 3/2878 12665
8.52 8.59 8.39 5/2878 12684
8.40 8.56 8.39 5/2878 12703
8.40 8.56 8.39 2/2876 12722
8.40 8.56 8.39 5/2873 12743
8.40 8.56 8.39 4/2871 12762
8.40 8.56 8.39 4/2869 12783
8.77 8.64 8.41 4/2869 12802
8.77 8.64 8.41 4/2876 12829
8.77 8.64 8.41 2/2869 12849
8.77 8.64 8.41 4/2868 12868
8.77 8.64 8.41 2/2868 12887
8.70 8.62 8.41 3/2869 12907
8.70 8.62 8.41 4/2869 12926
8.70 8.62 8.41 5/2869 12945
8.70 8.62 8.41 3/2869 12965
8.70 8.62 8.41 2/2869 12985
8.73 8.63 8.41 2/2869 13004
8.73 8.63 8.41 6/2868 13023
8.73 8.63 8.41 4/2868 13042
8.73 8.63 8.41 7/2868 13061
8.73 8.63 8.41 5/2868 13080
8.51 8.59 8.40 5/2868 13099
8.51 8.59 8.40 7/2867 13118
8.51 8.59 8.40 4/2865 13137
8.51 8.59 8.40 3/2861 13156
8.51 8.59 8.40 5/2859 13176
8.63 8.61 8.41 5/2859 13195
8.63 8.61 8.41 8/2857 13215
8.63 8.61 8.41 7/2857 13242
8.63 8.61 8.41 5/2857 13261
8.63 8.61 8.41 2/2850 13281
8.50 8.58 8.40 6/2850 13301
8.50 8.58 8.40 4/2850 13320
8.79 8.64 8.42 5/2848 13359
8.79 8.64 8.42 7/2848 13379
8.57 8.60 8.41 4/2848 13400
8.57 8.60 8.41 4/2848 13419
8.57 8.60 8.41 3/2847 13438
8.57 8.60 8.41 4/2847 13458
8.57 8.60 8.41 5/2847 13477
8.60 8.61 8.41 6/2847 13497
8.60 8.61 8.41 3/2847 13517
8.60 8.61 8.41 5/2847 13536
8.60 8.61 8.41 5/2847 13555
8.60 8.61 8.41 4/2847 13574
8.71 8.63 8.42 16/2822 13593
8.71 8.63 8.42 5/2710 13614
8.71 8.63 8.42 4/2710 13633
8.71 8.63 8.42 14/2712 13654
8.71 8.63 8.42 7/2711 13673
8.90 8.67 8.44 5/2719 13701
8.90 8.67 8.44 11/2719 13720
8.90 8.67 8.44 4/2712 13740
8.90 8.67 8.44 6/2712 13760
8.90 8.67 8.44 4/2712 13779
8.74 8.64 8.43 5/2712 13798
8.74 8.64 8.43 5/2712 13817
8.74 8.64 8.43 7/2712 13836
8.74 8.64 8.43 4/2712 13855
8.74 8.64 8.43 3/2712 13874
9.01 8.70 8.45 3/2712 13893
9.01 8.70 8.45 6/2712 13912
9.01 8.70 8.45 7/2699 13931
9.01 8.70 8.45 4/2699 13950
9.01 8.70 8.45 7/2699 13971
9.17 8.74 8.46 4/2699 13990
9.17 8.74 8.46 4/2692 14009
9.17 8.74 8.46 3/2692 14028
9.17 8.74 8.46 6/2693 14048
9.17 8.74 8.46 7/2693 14067
9.23 8.76 8.47 5/2693 14086
9.23 8.76 8.47 4/2692 14105
9.23 8.76 8.47 5/2699 14132
9.23 8.76 8.47 7/2692 14152
9.23 8.76 8.47 5/2692 14183
9.13 8.75 8.47 5/2693 14203
9.13 8.75 8.47 3/2693 14223
9.13 8.75 8.47 2/2693 14242
9.13 8.75 8.47 8/2693 14261
9.13 8.75 8.47 5/2694 14281
8.96 8.72 8.46 3/2694 14300
8.96 8.72 8.46 4/2694 14319
8.96 8.72 8.46 7/2693 14338
8.96 8.72 8.46 3/2693 14357
8.96 8.72 8.46 3/2693 14376
9.21 8.77 8.48 4/2693 14395
9.21 8.77 8.48 4/2693 14414
9.21 8.77 8.48 3/2693 14434
9.21 8.77 8.48 4/2693 14453
9.21 8.77 8.48 2/2693 14472
9.03 8.74 8.47 3/2693 14491
9.03 8.74 8.47 4/2693 14510
9.03 8.74 8.47 5/2693 14529
