25590.39 98002.31
25591.34 98005.60
25592.33 98009.45
25593.31 98013.50
25594.32 98017.85
25595.31 98022.29
25596.31 98026.77
25597.31 98030.85
25598.32 98034.84
25599.31 98038.69
25600.32 98042.47
25601.32 98046.20
25602.32 98049.91
25603.31 98053.59
25604.32 98057.06
25605.32 98060.65
25606.31 98064.23
25607.30 98067.77
25608.31 98071.36
25609.31 98074.89
25610.31 98078.36
25611.31 98081.56
25612.31 98084.59
25613.31 98088.02
25614.31 98091.44
25615.31 98094.86
25616.31 98098.19
25617.32 98101.55
25618.31 98104.79
25619.30 98108.12
25620.32 98111.50
25621.31 98114.81
25622.31 98118.09
25623.32 98121.40
25624.33 98124.78
25625.32 98128.06
25626.31 98131.26
25627.31 98134.46
25628.31 98137.61
25629.32 98140.89
25630.32 98144.13
25631.31 98147.27
25632.31 98150.26
25633.32 98153.09
25634.32 98156.18
25635.31 98159.35
25636.31 98162.47
25637.32 98165.61
25638.32 98168.71
25639.31 98171.86
25640.31 98174.87
25641.31 98178.03
25642.32 98181.17
25643.32 98184.27
25644.31 98187.29
25645.32 98190.38
25646.32 98193.55
25647.31 98196.64
25648.32 98199.79
25649.32 98202.90
25650.32 98205.94
25651.31 98209.06
25652.32 98212.15
25653.32 98215.09
25654.32 98217.85
25655.31 98220.78
25656.32 98223.94
25657.32 98226.87
25679.35 98294.44
25680.32 98297.38
25681.33 98300.34
25682.32 98303.25
25683.32 98306.20
25684.31 98309.18
25685.31 98312.27
25686.33 98315.28
25687.31 98318.20
25688.32 98321.19
25689.32 98324.17
25690.31 98327.15
25691.32 98330.06
25692.34 98331.36
25693.31 98333.46
25694.34 98335.83
25695.33 98337.83
25696.36 98339.60
25697.31 98340.80
25698.32 98343.25
25699.31 98346.19
25700.32 98349.20
25701.31 98352.18
25702.31 98354.96
25703.32 98357.92
25704.32 98360.73
25705.31 98363.67
25706.31 98366.72
25707.32 98369.67
25708.31 98372.58
25709.31 98375.57
25710.32 98378.32
25711.33 98381.30
25712.32 98384.21
25713.32 98387.05
25714.31 98390.05
25715.33 98393.06
25716.33 98396.08
25717.33 98399.06
25718.32 98401.52
25719.31 98404.25
25720.32 98407.13
25721.31 98409.94
25722.32 98412.98
25723.31 98415.87
25724.33 98418.92
25725.32 98421.92
25726.31 98424.84
25727.32 98427.89
25728.32 98430.79
25729.32 98433.59
25730.32 98436.65
25731.32 98439.51
25732.33 98442.51
25733.32 98445.26
25734.32 98448.20
25735.31 98451.20
25736.32 98454.08
25737.31 98456.95
25738.33 98459.95
