9.05 9.16 8.23 2/3110 20620
9.05 9.16 8.23 2/3141 20683
9.12 9.18 8.24 4/3144 20713
9.12 9.18 8.24 3/3144 20732
9.12 9.18 8.24 1/3143 20752
9.12 9.18 8.24 1/3143 20771
9.12 9.18 8.24 2/3143 20790
9.03 9.16 8.24 6/3143 20809
9.03 9.16 8.24 2/3146 20831
9.03 9.16 8.24 5/3148 20861
9.03 9.16 8.24 6/3148 20884
9.03 9.16 8.24 6/3148 20903
9.11 9.17 8.25 4/3147 20922
9.11 9.17 8.25 2/3146 20943
9.11 9.17 8.25 4/3147 20964
9.11 9.17 8.25 2/3146 20984
9.11 9.17 8.25 10/3146 21003
9.02 9.15 8.25 4/3146 21022
9.02 9.15 8.25 6/3146 21041
9.02 9.15 8.25 11/3146 21060
9.02 9.15 8.25 6/3146 21080
9.02 9.15 8.25 3/3146 21099
9.18 9.18 8.26 4/3145 21118
9.18 9.18 8.26 10/3145 21137
9.18 9.18 8.26 8/3145 21156
9.18 9.18 8.26 3/3145 21175
9.18 9.18 8.26 3/3145 21194
9.49 9.25 8.29 4/3145 21213
9.49 9.25 8.29 15/3145 21234
9.49 9.25 8.29 3/3145 21253
9.49 9.25 8.29 2/3145 21272
9.49 9.25 8.29 3/3145 21291
9.61 9.28 8.30 5/3142 21311
9.61 9.28 8.30 4/3141 21330
9.61 9.28 8.30 1/3141 21349
9.61 9.28 8.30 4/3142 21370
9.61 9.28 8.30 4/3141 21390
10.44 9.45 8.37 4/3139 21409
10.44 9.45 8.37 7/3139 21428
10.44 9.45 8.37 2/3139 21448
10.44 9.45 8.37 3/3139 21467
10.44 9.45 8.37 15/3139 21486
10.48 9.48 8.38 8/3139 21505
10.48 9.48 8.38 2/3139 21526
10.48 9.48 8.38 6/3138 21546
10.48 9.48 8.38 2/3138 21565
10.48 9.48 8.38 6/3143 21591
10.61 9.52 8.40 5/3143 21610
10.61 9.52 8.40 5/3143 21629
10.61 9.52 8.40 4/3143 21656
10.61 9.52 8.40 7/3143 21679
10.61 9.52 8.40 4/3143 21698
10.32 9.48 8.39 3/3142 21717
10.32 9.48 8.39 8/3142 21736
10.32 9.48 8.39 2/3142 21755
10.32 9.48 8.39 2/3142 21775
10.32 9.48 8.39 5/3143 21796
10.29 9.49 8.40 4/3140 21816
10.29 9.49 8.40 2/3140 21837
10.29 9.49 8.40 1/3133 21856
10.29 9.49 8.40 10/3133 21875
10.29 9.49 8.40 5/3131 21894
10.35 9.51 8.41 3/3129 21913
10.35 9.51 8.41 9/3127 21932
10.35 9.51 8.41 3/3122 21951
10.35 9.51 8.41 3/3122 21970
10.35 9.51 8.41 3/3122 21989
10.08 9.47 8.41 3/3122 22009
10.08 9.47 8.41 2/3122 22028
10.08 9.47 8.41 8/3120 22047
10.08 9.47 8.41 3/3120 22066
10.08 9.47 8.41 6/3120 22085
9.99 9.46 8.41 11/3120 22106
9.99 9.46 8.41 7/3120 22125
9.99 9.46 8.41 3/3120 22144
9.99 9.46 8.41 8/3120 22163
10.15 9.51 8.43 4/3121 22184
10.15 9.51 8.43 13/3120 22205
10.15 9.51 8.43 4/3120 22224
10.15 9.51 8.43 2/3120 22243
10.15 9.51 8.43 3/3120 22262
9.98 9.48 8.43 7/3120 22281
9.98 9.48 8.43 10/3120 22300
9.98 9.48 8.43 13/3120 22319
9.98 9.48 8.43 5/3120 22338
9.98 9.48 8.43 3/3120 22357
10.54 9.61 8.47 5/3120 22378
10.54 9.61 8.47 4/3120 22397
10.54 9.61 8.47 2/3120 22416
10.54 9.61 8.47 5/3120 22436
10.54 9.61 8.47 4/3120 22455
10.98 9.71 8.51 7/3120 22474
10.98 9.71 8.51 6/3117 22493
10.98 9.71 8.51 9/3117 22512
10.98 9.71 8.51 5/3118 22532
10.98 9.71 8.51 2/3118 22551
10.98 9.73 8.53 5/3118 22570
10.98 9.73 8.53 8/3119 22592
10.98 9.73 8.53 7/3118 22612
10.98 9.73 8.53 4/3117 22631
10.98 9.73 8.53 3/3117 22651
10.90 9.74 8.54 8/3117 22672
10.90 9.74 8.54 7/3117 22691
10.90 9.74 8.54 3/3117 22710
10.90 9.74 8.54 4/3117 22729
10.90 9.74 8.54 3/3113 22748
10.91 9.76 8.55 6/3113 22771
10.91 9.76 8.55 6/3113 22790
10.91 9.76 8.55 7/3112 22817
10.91 9.76 8.55 4/3112 22840
10.91 9.76 8.55 10/3110 22859
10.84 9.76 8.56 1/3110 22878
10.84 9.76 8.56 7/3110 22898
10.84 9.76 8.56 5/3110 22917
10.84 9.76 8.56 4/3110 22936
10.84 9.76 8.56 3/3110 22955
10.93 9.80 8.58 6/3110 22974
10.93 9.80 8.58 3/3110 22995
10.93 9.80 8.58 5/3111 23016
10.93 9.80 8.58 3/3110 23036
10.93 9.80 8.58 2/3110 23055
10.70 9.77 8.57 4/3110 23074
10.70 9.77 8.57 1/3110 23093
10.70 9.77 8.57 5/3110 23112
10.70 9.77 8.57 7/3110 23132
10.70 9.77 8.57 8/3110 23151
10.40 9.72 8.56 11/3110 23170
10.40 9.72 8.56 6/3110 23189
10.40 9.72 8.56 3/3110 23208
10.40 9.72 8.56 2/3111 23228
10.40 9.72 8.56 4/3111 23247
10.29 9.71 8.57 9/3111 23266
10.29 9.71 8.57 2/3111 23287
10.29 9.71 8.57 12/3111 23306
10.29 9.71 8.57 7/3111 23325
10.29 9.71 8.57 5/3111 23344
10.43 9.75 8.58 5/3111 23364
10.43 9.75 8.58 8/3102 23383
10.43 9.75 8.58 8/3102 23402
10.43 9.75 8.58 7/3103 23423
10.43 9.75 8.58 8/3102 23443
10.87 9.85 8.62 9/3101 23462
10.87 9.85 8.62 12/3104 23484
10.87 9.85 8.62 5/3104 23503
10.87 9.85 8.62 7/3104 23522
10.87 9.85 8.62 6/3104 23541
10.88 9.87 8.64 7/3104 23560
10.88 9.87 8.64 5/3104 23581
