2255.71 8588.30
2256.66 8591.11
2257.64 8594.39
2258.64 8597.88
2259.64 8601.41
2260.65 8605.29
2261.64 8609.10
2262.65 8612.63
2263.64 8615.63
2264.65 8618.98
2265.65 8621.95
2266.64 8624.94
2267.65 8627.94
2268.65 8630.76
2269.64 8633.56
2270.65 8636.36
2271.64 8639.22
2272.65 8642.10
2273.64 8644.86
2274.64 8647.77
2275.64 8650.77
2276.65 8653.75
2277.65 8656.87
2278.65 8659.83
2279.65 8662.78
2280.65 8665.81
2281.64 8668.78
2282.65 8671.82
2283.65 8674.82
2284.65 8677.76
2285.65 8680.72
2286.65 8683.71
2287.64 8686.62
2288.65 8689.61
2289.64 8692.40
2290.65 8695.38
2291.64 8698.26
2292.65 8701.17
2293.65 8704.16
2294.64 8706.99
2295.65 8709.94
2296.65 8712.95
2297.65 8715.88
2298.64 8718.80
2299.65 8721.65
2300.66 8724.60
2301.66 8727.56
2302.64 8730.51
2303.65 8733.39
2304.66 8736.34
2305.64 8739.16
2306.65 8742.11
2307.65 8745.10
2308.65 8747.99
2309.65 8750.92
2310.64 8753.81
2311.65 8756.73
2312.65 8759.67
2313.65 8762.52
2314.65 8765.41
2315.65 8768.28
2316.65 8771.15
2317.64 8774.05
2318.65 8776.94
2319.65 8779.69
2320.66 8782.61
2321.64 8785.39
2322.65 8788.25
2323.65 8791.17
2324.65 8793.95
2325.65 8796.81
2326.65 8799.71
2327.64 8802.55
2329.00 8806.42
2330.65 8811.37
2331.66 8814.28
2332.64 8817.01
2333.65 8819.82
2334.67 8822.67
2335.66 8825.44
2336.65 8828.31
2337.66 8830.89
2338.66 8833.69
2339.65 8836.25
2340.65 8838.84
2341.66 8841.69
2342.66 8844.43
2343.65 8846.95
2344.65 8849.75
2345.66 8851.93
2346.67 8854.62
2347.66 8857.35
2348.66 8859.92
2349.66 8862.61
2350.65 8865.38
2351.67 8868.06
2352.67 8870.87
2353.67 8873.55
2354.66 8876.07
2355.66 8878.81
2356.66 8881.51
2357.67 8884.29
2358.65 8886.93
2359.65 8889.49
2360.65 8892.26
2361.66 8894.96
2362.65 8897.62
2363.65 8900.36
2364.66 8903.03
2365.65 8905.66
2366.66 8908.38
2367.65 8910.77
2368.66 8913.51
2369.66 8915.72
2370.65 8918.34
2371.70 8921.18
2372.66 8923.66
2373.66 8926.32
2374.65 8928.91
2375.67 8931.51
2376.67 8934.18
2377.67 8936.79
2378.67 8939.41
2379.67 8941.62
2380.66 8943.28
2381.65 8945.43
2382.67 8947.87
2383.67 8949.99
2384.65 8952.60
2385.65 8954.99
2386.65 8957.60
2387.66 8960.29
2388.66 8962.73
2389.65 8965.21
2390.65 8967.76
2391.65 8970.29
2392.65 8972.93
2393.66 8975.45
2394.66 8977.97
2395.66 8980.49
2396.66 8982.94
2397.65 8985.44
2398.65 8987.93
2399.65 8990.28
2400.65 8992.87
2401.65 8995.41
2402.66 8997.97
2403.65 9000.49
