10.14 9.31 8.16 2/2854 6101
10.14 9.31 8.16 3/2869 6173
10.14 9.31 8.16 3/2863 6195
10.14 9.31 8.16 6/2865 6217
9.80 9.26 8.15 3/2864 6237
9.80 9.26 8.15 2/2849 6260
9.80 9.26 8.15 4/2854 6286
9.80 9.26 8.15 6/2857 6310
9.80 9.26 8.15 4/2851 6336
9.82 9.27 8.16 3/2851 6368
9.82 9.27 8.16 4/2851 6387
9.82 9.27 8.16 2/2851 6406
9.82 9.27 8.16 2/2850 6425
9.82 9.27 8.16 6/2849 6444
9.75 9.26 8.17 4/2849 6463
9.75 9.26 8.17 4/2849 6482
9.75 9.26 8.17 6/2849 6501
9.75 9.26 8.17 3/2849 6520
9.75 9.26 8.17 2/2849 6540
9.69 9.26 8.17 6/2849 6559
9.69 9.26 8.17 5/2849 6578
9.69 9.26 8.17 2/2849 6597
9.69 9.26 8.17 5/2848 6616
9.69 9.26 8.17 4/2848 6635
9.56 9.24 8.17 5/2848 6654
9.56 9.24 8.17 7/2848 6673
9.56 9.24 8.17 5/2848 6692
9.56 9.24 8.17 9/2848 6711
9.56 9.24 8.17 10/2855 6738
9.75 9.29 8.19 4/2848 6758
9.75 9.29 8.19 8/2847 6778
9.75 9.29 8.19 4/2847 6798
9.75 9.29 8.19 5/2847 6817
9.75 9.29 8.19 5/2847 6836
9.53 9.25 8.18 4/2847 6855
9.53 9.25 8.18 7/2847 6874
9.53 9.25 8.18 6/2847 6893
9.53 9.25 8.18 2/2847 6912
9.53 9.25 8.18 3/2847 6931
9.49 9.24 8.19 2/2847 6951
9.49 9.24 8.19 2/2847 6970
9.49 9.24 8.19 4/2847 6990
9.49 9.24 8.19 4/2847 7010
9.49 9.24 8.19 2/2847 7029
9.45 9.24 8.19 6/2846 7048
9.45 9.24 8.19 6/2846 7067
9.45 9.24 8.19 3/2846 7086
9.45 9.24 8.19 4/2846 7105
9.45 9.24 8.19 3/2846 7124
9.41 9.23 8.20 5/2853 7151
9.41 9.23 8.20 2/2852 7171
9.41 9.23 8.20 4/2845 7190
9.41 9.23 8.20 3/2845 7209
9.41 9.23 8.20 3/2845 7229
9.38 9.23 8.20 3/2845 7248
9.38 9.23 8.20 7/2845 7267
9.38 9.23 8.20 2/2845 7286
9.38 9.23 8.20 3/2843 7305
9.38 9.23 8.20 4/2842 7324
9.35 9.23 8.21 6/2839 7343
9.35 9.23 8.21 4/2836 7362
9.35 9.23 8.21 4/2811 7381
9.35 9.23 8.21 4/2808 7400
9.35 9.23 8.21 5/2804 7420
9.72 9.31 8.24 4/2804 7440
9.72 9.31 8.24 5/2804 7459
9.72 9.31 8.24 5/2802 7478
9.72 9.31 8.24 5/2802 7497
9.72 9.31 8.24 3/2804 7522
9.58 9.28 8.24 4/2804 7549
9.58 9.28 8.24 10/2809 7573
9.58 9.28 8.24 7/2811 7595
9.58 9.28 8.24 5/2804 7615
9.58 9.28 8.24 4/2804 7634
9.46 9.26 8.23 6/2805 7654
9.46 9.26 8.23 2/2807 7675
9.46 9.26 8.23 4/2807 7695
9.46 9.26 8.23 3/2809 7716
9.46 9.26 8.23 6/2812 7738
9.34 9.24 8.23 6/2812 7757
9.34 9.24 8.23 9/2812 7776
9.34 9.24 8.23 8/2812 7795
9.34 9.24 8.23 5/2812 7814
9.34 9.24 8.23 7/2815 7837
9.63 9.30 8.26 5/2815 7856
9.63 9.30 8.26 6/2825 7885
9.63 9.30 8.26 3/2825 7904
9.63 9.30 8.26 4/2825 7924
9.63 9.30 8.26 6/2825 7943
9.50 9.28 8.26 5/2825 7962
9.50 9.28 8.26 5/2825 7981
9.50 9.28 8.26 4/2825 8000
9.50 9.28 8.26 5/2832 8027
9.50 9.28 8.26 5/2738 8048
9.54 9.29 8.27 10/2710 8084
9.54 9.29 8.27 49/2679 8178
9.54 9.29 8.27 6/2744 8280
9.54 9.29 8.27 15/2761 8319
9.54 9.29 8.27 9/2768 8349
9.26 9.24 8.25 2/2764 8370
9.26 9.24 8.25 1/2760 8390
9.26 9.24 8.25 7/2759 8409
9.26 9.24 8.25 1/2759 8429
9.26 9.24 8.25 3/2757 8450
8.92 9.17 8.24 3/2757 8470
8.92 9.17 8.24 8/2757 8498
8.92 9.17 8.24 4/2757 8537
8.92 9.17 8.24 4/2757 8564
8.92 9.17 8.24 6/2757 8583
9.32 9.25 8.27 3/2757 8603
9.44 9.28 8.30 4/2757 8631
9.44 9.28 8.30 8/2756 8650
9.44 9.28 8.30 1/2757 8673
9.44 9.28 8.30 3/2757 8696
9.56 9.31 8.31 1/2757 8724
9.56 9.31 8.31 2/2757 8743
9.56 9.31 8.31 3/2757 8762
9.56 9.31 8.31 3/2757 8781
9.56 9.31 8.31 3/2757 8800
9.52 9.31 8.31 3/2758 8822
9.52 9.31 8.31 2/2758 8842
9.52 9.31 8.31 1/2757 8862
9.52 9.31 8.31 1/2757 8881
9.52 9.31 8.31 2/2757 8900
9.72 9.35 8.33 4/2757 8920
9.72 9.35 8.33 2/2757 8939
9.72 9.35 8.33 5/2757 8958
9.72 9.35 8.33 5/2757 8977
9.72 9.35 8.33 3/2757 8996
9.42 9.30 8.32 1/2757 9016
9.42 9.30 8.32 8/2757 9035
9.42 9.30 8.32 2/2757 9054
9.42 9.30 8.32 2/2758 9075
9.42 9.30 8.32 1/2758 9095
