2238.26 7464.06
2239.21 7467.15
2240.19 7471.06
2241.19 7475.34
2242.18 7479.64
2243.18 7483.93
2244.19 7488.18
2245.19 7492.03
2246.19 7496.02
2247.18 7499.75
2248.19 7503.44
2249.20 7507.10
2250.18 7510.67
2251.18 7514.25
2252.19 7517.83
2253.18 7521.30
2254.19 7524.75
2255.19 7528.23
2256.18 7531.61
2257.19 7534.88
2258.20 7538.19
2259.18 7541.44
2260.18 7544.71
2261.18 7547.88
2262.18 7551.05
2263.19 7554.26
2264.18 7557.33
2265.18 7560.37
2266.19 7563.27
2267.19 7565.97
2268.19 7568.91
2269.18 7571.81
2270.21 7574.86
2271.19 7577.74
2272.18 7580.68
2273.19 7583.62
2274.19 7586.44
2275.19 7589.28
2276.19 7592.14
2277.18 7594.98
2278.20 7597.85
2279.19 7600.64
2280.19 7603.29
2281.20 7606.11
2282.19 7608.96
2283.19 7611.79
2284.19 7614.60
2285.19 7617.40
2286.19 7620.16
2287.19 7622.86
2288.19 7625.37
2289.19 7628.11
2290.19 7630.92
2291.19 7633.51
2292.18 7636.25
2293.19 7639.08
2294.19 7641.79
2295.19 7644.56
2296.19 7647.34
2297.19 7650.11
2298.22 7652.85
2299.19 7655.54
2300.19 7657.95
2301.18 7660.36
2302.19 7663.14
2303.20 7665.94
2304.19 7668.61
2305.19 7671.35
2306.19 7674.14
2307.19 7676.86
2308.18 7679.68
2309.20 7682.06
2310.19 7684.58
2311.19 7687.38
2312.20 7690.15
2313.19 7692.94
2314.19 7695.56
2315.20 7698.33
2316.19 7700.98
2317.20 7703.67
2318.19 7706.20
2319.18 7708.96
2320.20 7711.69
2321.19 7714.30
2322.19 7717.10
2323.19 7719.82
2324.20 7722.55
2325.20 7725.12
2326.20 7727.83
2327.19 7730.54
2328.18 7733.25
2329.18 7735.98
2330.20 7738.51
2331.22 7740.08
2332.19 7742.23
2333.22 7743.31
2334.21 7743.83
2335.19 7745.23
2336.20 7747.06
2337.20 7750.58
2338.20 7754.22
2339.20 7757.80
2340.18 7761.53
2341.20 7765.03
2342.19 7768.76
2343.19 7772.49
2344.18 7776.04
2345.20 7779.82
2346.20 7783.37
2347.19 7786.86
2348.18 7790.33
2364.19 7850.41
2365.20 7854.13
2366.19 7857.92
2367.19 7861.63
2368.20 7865.50
2369.20 7869.22
2370.19 7872.88
2371.19 7876.62
2372.20 7880.47
2373.19 7884.24
2374.19 7887.97
2375.19 7891.78
2376.20 7895.65
2377.20 7899.36
2378.19 7903.03
2379.19 7906.67
2380.20 7910.28
2381.19 7913.80
2382.20 7917.54
2383.20 7921.30
2384.19 7925.01
2385.19 7928.75
2386.19 7932.31
