Current Battery Service state:
  AC powered: true
  USB powered: false
  Wireless powered: false
  Max charging current: 2800000
  Max charging voltage: 5000000
  Charge counter: 2607180
  status: 2
  health: 2
  present: true
  level: 44
  scale: 100
  voltage: 3894
  temperature: 250
  technology: Li-ion
Current Battery Service state:
  AC powered: true
  USB powered: false
  Wireless powered: false
  Max charging current: 2800000
  Max charging voltage: 5000000
  Charge counter: 2607516
  status: 2
  health: 2
  present: true
  level: 44
  scale: 100
  voltage: 3901
  temperature: 250
  technology: Li-ion
Current Battery Service state:
  AC powered: true
  USB powered: false
  Wireless powered: false
  Max charging current: 2800000
  Max charging voltage: 5000000
  Charge counter: 2607814
  status: 2
  health: 2
  present: true
  level: 44
  scale: 100
  voltage: 3900
  temperature: 250
  technology: Li-ion
Current Battery Service state:
  AC powered: true
  USB powered: false
  Wireless powered: false
  Max charging current: 2800000
  Max charging voltage: 5000000
  Charge counter: 2607814
  status: 2
  health: 2
  present: true
  level: 44
  scale: 100
  voltage: 3900
  temperature: 250
  technology: Li-ion
Current Battery Service state:
  AC powered: true
  USB powered: false
  Wireless powered: false
  Max charging current: 2800000
  Max charging voltage: 5000000
  Charge counter: 2607814
  status: 2
  health: 2
  present: true
  level: 44
  scale: 100
  voltage: 3900
  temperature: 250
  technology: Li-ion
Current Battery Service state:
  AC powered: true
  USB powered: false
  Wireless powered: false
  Max charging current: 2800000
  Max charging voltage: 5000000
  Charge counter: 2607814
  status: 2
  health: 2
  present: true
  level: 44
  scale: 100
  voltage: 3900
  temperature: 250
  technology: Li-ion
Current Battery Service state:
  AC powered: true
  USB powered: false
  Wireless powered: false
  Max charging current: 2800000
  Max charging voltage: 5000000
  Charge counter: 2607814
  status: 2
  health: 2
  present: true
  level: 44
  scale: 100
  voltage: 3900
  temperature: 250
  technology: Li-ion
Current Battery Service state:
  AC powered: true
  USB powered: false
  Wireless powered: false
  Max charging current: 2800000
  Max charging voltage: 5000000
  Charge counter: 2607814
  status: 2
  health: 2
  present: true
  level: 44
  scale: 100
  voltage: 3900
  temperature: 250
  technology: Li-ion
Current Battery Service state:
  AC powered: true
  USB powered: false
  Wireless powered: false
  Max charging current: 2800000
  Max charging voltage: 5000000
  Charge counter: 2607814
  status: 2
  health: 2
  present: true
  level: 44
  scale: 100
  voltage: 3900
  temperature: 250
  technology: Li-ion
Current Battery Service state:
  AC powered: true
  USB powered: false
  Wireless powered: false
  Max charging current: 2800000
  Max charging voltage: 5000000
  Charge counter: 2610005
  status: 2
  health: 2
  present: true
  level: 44
  scale: 100
  voltage: 3897
  temperature: 250
  technology: Li-ion
Current Battery Service state:
  AC powered: true
  USB powered: false
  Wireless powered: false
  Max charging current: 2800000
  Max charging voltage: 5000000
  Charge counter: 2610313
  status: 2
  health: 2
  present: true
  level: 44
  scale: 100
  voltage: 3899
  temperature: 250
  technology: Li-ion
Current Battery Service state:
  AC powered: true
  USB powered: false
  Wireless powered: false
  Max charging current: 2800000
  Max charging voltage: 5000000
  Charge counter: 2610313
  status: 2
  health: 2
  present: true
  level: 44
  scale: 100
  voltage: 3899
  temperature: 250
  technology: Li-ion
Current Battery Service state:
  AC powered: true
  USB powered: false
  Wireless powered: false
  Max charging current: 2950000
  Max charging voltage: 5000000
  Charge counter: 2610857
  status: 2
  health: 2
  present: true
  level: 44
  scale: 100
  voltage: 3895
  temperature: 250
  technology: Li-ion
Current Battery Service state:
  AC powered: true
  USB powered: false
  Wireless powered: false
  Max charging current: 2850000
  Max charging voltage: 5000000
  Charge counter: 2611044
  status: 2
  health: 2
  present: true
  level: 44
  scale: 100
  voltage: 3879
  temperature: 250
  technology: Li-ion
Current Battery Service state:
  AC powered: true
  USB powered: false
  Wireless powered: false
  Max charging current: 2850000
  Max charging voltage: 5000000
  Charge counter: 2611044
  status: 2
  health: 2
  present: true
  level: 44
  scale: 100
  voltage: 3879
  temperature: 250
  technology: Li-ion
Current Battery Service state:
  AC powered: true
  USB powered: false
  Wireless powered: false
  Max charging current: 2850000
  Max charging voltage: 5000000
  Charge counter: 2611044
  status: 2
  health: 2
  present: true
  level: 44
  scale: 100
  voltage: 3879
  temperature: 250
  technology: Li-ion
Current Battery Service state:
  AC powered: true
  USB powered: false
  Wireless powered: false
  Max charging current: 2850000
  Max charging voltage: 5000000
  Charge counter: 2611044
  status: 2
  health: 2
  present: true
  level: 44
  scale: 100
  voltage: 3879
  temperature: 250
  technology: Li-ion
Current Battery Service state:
  AC powered: true
  USB powered: false
  Wireless powered: false
  Max charging current: 2800000
  Max charging voltage: 5000000
  Charge counter: 2611995
  status: 2
  health: 2
  present: true
  level: 44
  scale: 100
  voltage: 3885
  temperature: 250
  technology: Li-ion
Current Battery Service state:
  AC powered: true
  USB powered: false
  Wireless powered: false
  Max charging current: 2800000
  Max charging voltage: 5000000
  Charge counter: 2611995
  status: 2
  health: 2
  present: true
  level: 44
  scale: 100
  voltage: 3885
  temperature: 250
  technology: Li-ion
Current Battery Service state:
  AC powered: true
  USB powered: false
  Wireless powered: false
  Max charging current: 2800000
  Max charging voltage: 5000000
  Charge counter: 2611995
  status: 2
  health: 2
  present: true
  level: 44
  scale: 100
  voltage: 3885
  temperature: 250
  technology: Li-ion
Current Battery Service state:
  AC powered: true
  USB powered: false
  Wireless powered: false
  Max charging current: 2800000
  Max charging voltage: 5000000
  Charge counter: 2612673
  status: 2
  health: 2
  present: true
  level: 44
  scale: 100
  voltage: 3882
  temperature: 250
  technology: Li-ion
Current Battery Service state:
  AC powered: true
  USB powered: false
  Wireless powered: false
  Max charging current: 2800000
  Max charging voltage: 5000000
  Charge counter: 2612908
  status: 2
  health: 2
  present: true
  level: 44
  scale: 100
  voltage: 3885
  temperature: 250
  technology: Li-ion
Current Battery Service state:
  AC powered: true
  USB powered: false
  Wireless powered: false
  Max charging current: 2800000
  Max charging voltage: 5000000
  Charge counter: 2612908
  status: 2
  health: 2
  present: true
  level: 44
  scale: 100
  voltage: 3885
  temperature: 250
  technology: Li-ion
Current Battery Service state:
  AC powered: true
  USB powered: false
  Wireless powered: false
  Max charging current: 2800000
  Max charging voltage: 5000000
  Charge counter: 2613403
  status: 2
  health: 2
  present: true
  level: 44
  scale: 100
  voltage: 3894
  temperature: 250
  technology: Li-ion
Current Battery Service state:
  AC powered: true
  USB powered: false
  Wireless powered: false
  Max charging current: 2800000
  Max charging voltage: 5000000
  Charge counter: 2613609
  status: 2
  health: 2
  present: true
  level: 44
  scale: 100
  voltage: 3883
  temperature: 250
  technology: Li-ion
Current Battery Service state:
  AC powered: true
  USB powered: false
  Wireless powered: false
  Max charging current: 2800000
  Max charging voltage: 5000000
  Charge counter: 2613609
  status: 2
  health: 2
  present: true
  level: 44
  scale: 100
  voltage: 3883
  temperature: 250
  technology: Li-ion
Current Battery Service state:
  AC powered: true
  USB powered: false
  Wireless powered: false
  Max charging current: 2800000
  Max charging voltage: 5000000
  Charge counter: 2613866
  status: 2
  health: 2
  present: true
  level: 44
  scale: 100
  voltage: 3889
  temperature: 250
  technology: Li-ion
Current Battery Service state:
  AC powered: true
  USB powered: false
  Wireless powered: false
  Max charging current: 2800000
  Max charging voltage: 5000000
  Charge counter: 2613866
  status: 2
  health: 2
  present: true
  level: 44
  scale: 100
  voltage: 3889
  temperature: 250
  technology: Li-ion
Current Battery Service state:
  AC powered: true
  USB powered: false
  Wireless powered: false
  Max charging current: 2800000
  Max charging voltage: 5000000
  Charge counter: 2613866
  status: 2
  health: 2
  present: true
  level: 44
  scale: 100
  voltage: 3889
  temperature: 250
  technology: Li-ion
Current Battery Service state:
  AC powered: true
  USB powered: false
  Wireless powered: false
  Max charging current: 2800000
  Max charging voltage: 5000000
  Charge counter: 2613866
  status: 2
  health: 2
  present: true
  level: 44
  scale: 100
  voltage: 3889
  temperature: 250
  technology: Li-ion
Current Battery Service state:
  AC powered: true
  USB powered: false
  Wireless powered: false
  Max charging current: 2850000
  Max charging voltage: 5000000
  Charge counter: 2615023
  status: 2
  health: 2
  present: true
  level: 44
  scale: 100
  voltage: 3889
  temperature: 250
  technology: Li-ion
Current Battery Service state:
  AC powered: true
  USB powered: false
  Wireless powered: false
  Max charging current: 2850000
  Max charging voltage: 5000000
  Charge counter: 2615023
  status: 2
  health: 2
  present: true
  level: 44
  scale: 100
  voltage: 3889
  temperature: 250
  technology: Li-ion
Current Battery Service state:
  AC powered: true
  USB powered: false
  Wireless powered: false
  Max charging current: 2850000
  Max charging voltage: 5000000
  Charge counter: 2615023
  status: 2
  health: 2
  present: true
  level: 44
  scale: 100
  voltage: 3889
  temperature: 250
  technology: Li-ion
Current Battery Service state:
  AC powered: true
  USB powered: false
  Wireless powered: false
  Max charging current: 2850000
  Max charging voltage: 5000000
  Charge counter: 2615023
  status: 2
  health: 2
  present: true
  level: 44
  scale: 100
  voltage: 3889
  temperature: 250
  technology: Li-ion
Current Battery Service state:
  AC powered: true
  USB powered: false
  Wireless powered: false
  Max charging current: 2850000
  Max charging voltage: 5000000
  Charge counter: 2616016
  status: 2
  health: 2
  present: true
  level: 44
  scale: 100
  voltage: 3895
  temperature: 250
  technology: Li-ion
Current Battery Service state:
  AC powered: true
  USB powered: false
  Wireless powered: false
  Max charging current: 2850000
  Max charging voltage: 5000000
  Charge counter: 2616239
  status: 2
  health: 2
  present: true
  level: 44
  scale: 100
  voltage: 3887
  temperature: 247
  technology: Li-ion
Current Battery Service state:
  AC powered: true
  USB powered: false
  Wireless powered: false
  Max charging current: 2850000
  Max charging voltage: 5000000
  Charge counter: 2616239
  status: 2
  health: 2
  present: true
  level: 44
  scale: 100
  voltage: 3887
  temperature: 247
  technology: Li-ion
Current Battery Service state:
  AC powered: true
  USB powered: false
  Wireless powered: false
  Max charging current: 2850000
  Max charging voltage: 5000000
  Charge counter: 2616239
  status: 2
  health: 2
  present: true
  level: 44
  scale: 100
  voltage: 3887
  temperature: 247
  technology: Li-ion
Current Battery Service state:
  AC powered: true
  USB powered: false
  Wireless powered: false
  Max charging current: 2850000
  Max charging voltage: 5000000
  Charge counter: 2616239
  status: 2
  health: 2
  present: true
  level: 44
  scale: 100
  voltage: 3887
  temperature: 247
  technology: Li-ion
Current Battery Service state:
  AC powered: true
  USB powered: false
  Wireless powered: false
  Max charging current: 2850000
  Max charging voltage: 5000000
  Charge counter: 2616239
  status: 2
  health: 2
  present: true
  level: 44
  scale: 100
  voltage: 3887
  temperature: 247
  technology: Li-ion
Current Battery Service state:
  AC powered: true
  USB powered: false
  Wireless powered: false
  Max charging current: 2800000
  Max charging voltage: 5000000
  Charge counter: 2617515
  status: 2
  health: 2
  present: true
  level: 44
  scale: 100
  voltage: 3888
  temperature: 247
  technology: Li-ion
Current Battery Service state:
  AC powered: true
  USB powered: false
  Wireless powered: false
  Max charging current: 2800000
  Max charging voltage: 5000000
  Charge counter: 2617515
  status: 2
  health: 2
  present: true
  level: 44
  scale: 100
  voltage: 3888
  temperature: 247
  technology: Li-ion
Current Battery Service state:
  AC powered: true
  USB powered: false
  Wireless powered: false
  Max charging current: 2800000
  Max charging voltage: 5000000
  Charge counter: 2617972
  status: 2
  health: 2
  present: true
  level: 44
  scale: 100
  voltage: 3884
  temperature: 247
  technology: Li-ion
Current Battery Service state:
  AC powered: true
  USB powered: false
  Wireless powered: false
  Max charging current: 2800000
  Max charging voltage: 5000000
  Charge counter: 2617972
  status: 2
  health: 2
  present: true
  level: 44
  scale: 100
  voltage: 3884
  temperature: 247
  technology: Li-ion
Current Battery Service state:
  AC powered: true
  USB powered: false
  Wireless powered: false
  Max charging current: 2800000
  Max charging voltage: 5000000
  Charge counter: 2618440
  status: 2
  health: 2
  present: true
  level: 44
  scale: 100
  voltage: 3885
  temperature: 247
  technology: Li-ion
Current Battery Service state:
  AC powered: true
  USB powered: false
  Wireless powered: false
  Max charging current: 2800000
  Max charging voltage: 5000000
  Charge counter: 2618695
  status: 2
  health: 2
  present: true
  level: 44
  scale: 100
  voltage: 3891
  temperature: 247
  technology: Li-ion
Current Battery Service state:
  AC powered: true
  USB powered: false
  Wireless powered: false
  Max charging current: 2800000
  Max charging voltage: 5000000
  Charge counter: 2618695
  status: 2
  health: 2
  present: true
  level: 44
  scale: 100
  voltage: 3891
  temperature: 247
  technology: Li-ion
Current Battery Service state:
  AC powered: true
  USB powered: false
  Wireless powered: false
  Max charging current: 2800000
  Max charging voltage: 5000000
  Charge counter: 2618695
  status: 2
  health: 2
  present: true
  level: 44
  scale: 100
  voltage: 3891
  temperature: 247
  technology: Li-ion
Current Battery Service state:
  AC powered: true
  USB powered: false
  Wireless powered: false
  Max charging current: 2800000
  Max charging voltage: 5000000
  Charge counter: 2618695
  status: 2
  health: 2
  present: true
  level: 44
  scale: 100
  voltage: 3891
  temperature: 247
  technology: Li-ion
Current Battery Service state:
  AC powered: true
  USB powered: false
  Wireless powered: false
  Max charging current: 2800000
  Max charging voltage: 5000000
  Charge counter: 2618695
  status: 2
  health: 2
  present: true
  level: 44
  scale: 100
  voltage: 3891
  temperature: 247
  technology: Li-ion
Current Battery Service state:
  AC powered: true
  USB powered: false
  Wireless powered: false
  Max charging current: 2850000
  Max charging voltage: 5000000
  Charge counter: 2619908
  status: 2
  health: 2
  present: true
  level: 44
  scale: 100
  voltage: 3890
  temperature: 247
  technology: Li-ion
Current Battery Service state:
  AC powered: true
  USB powered: false
  Wireless powered: false
  Max charging current: 2800000
  Max charging voltage: 5000000
  Charge counter: 2620168
  status: 2
  health: 2
  present: true
  level: 44
  scale: 100
  voltage: 3891
  temperature: 247
  technology: Li-ion
Current Battery Service state:
  AC powered: true
  USB powered: false
  Wireless powered: false
  Max charging current: 2800000
  Max charging voltage: 5000000
  Charge counter: 2620168
  status: 2
  health: 2
  present: true
  level: 44
  scale: 100
  voltage: 3891
  temperature: 247
  technology: Li-ion
Current Battery Service state:
  AC powered: true
  USB powered: false
  Wireless powered: false
  Max charging current: 2800000
  Max charging voltage: 5000000
  Charge counter: 2620168
  status: 2
  health: 2
  present: true
  level: 44
  scale: 100
  voltage: 3891
  temperature: 247
  technology: Li-ion
Current Battery Service state:
  AC powered: true
  USB powered: false
  Wireless powered: false
  Max charging current: 2800000
  Max charging voltage: 5000000
  Charge counter: 2620168
  status: 2
  health: 2
  present: true
  level: 44
  scale: 100
  voltage: 3891
  temperature: 247
  technology: Li-ion
Current Battery Service state:
  AC powered: true
  USB powered: false
  Wireless powered: false
  Max charging current: 2800000
  Max charging voltage: 5000000
  Charge counter: 2620168
  status: 2
  health: 2
  present: true
  level: 44
  scale: 100
  voltage: 3891
  temperature: 247
  technology: Li-ion
Current Battery Service state:
  AC powered: true
  USB powered: false
  Wireless powered: false
  Max charging current: 2800000
  Max charging voltage: 5000000
  Charge counter: 2621331
  status: 2
  health: 2
  present: true
  level: 44
  scale: 100
  voltage: 3893
  temperature: 250
  technology: Li-ion
Current Battery Service state:
  AC powered: true
  USB powered: false
  Wireless powered: false
  Max charging current: 2800000
  Max charging voltage: 5000000
  Charge counter: 2621331
  status: 2
  health: 2
  present: true
  level: 44
  scale: 100
  voltage: 3893
  temperature: 250
  technology: Li-ion
Current Battery Service state:
  AC powered: true
  USB powered: false
  Wireless powered: false
  Max charging current: 2800000
  Max charging voltage: 5000000
  Charge counter: 2621819
  status: 2
  health: 2
  present: true
  level: 44
  scale: 100
  voltage: 3893
  temperature: 250
  technology: Li-ion
Current Battery Service state:
  AC powered: true
  USB powered: false
  Wireless powered: false
  Max charging current: 2800000
  Max charging voltage: 5000000
  Charge counter: 2621819
  status: 2
  health: 2
  present: true
  level: 44
  scale: 100
  voltage: 3893
  temperature: 250
  technology: Li-ion
Current Battery Service state:
  AC powered: true
  USB powered: false
  Wireless powered: false
  Max charging current: 2800000
  Max charging voltage: 5000000
  Charge counter: 2622528
  status: 2
  health: 2
  present: true
  level: 44
  scale: 100
  voltage: 3887
  temperature: 250
  technology: Li-ion
Current Battery Service state:
  AC powered: true
  USB powered: false
  Wireless powered: false
  Max charging current: 2800000
  Max charging voltage: 5000000
  Charge counter: 2622528
  status: 2
  health: 2
  present: true
  level: 44
  scale: 100
  voltage: 3887
  temperature: 250
  technology: Li-ion
Current Battery Service state:
  AC powered: true
  USB powered: false
  Wireless powered: false
  Max charging current: 2800000
  Max charging voltage: 5000000
  Charge counter: 2622528
  status: 2
  health: 2
  present: true
  level: 44
  scale: 100
  voltage: 3887
  temperature: 250
  technology: Li-ion
Current Battery Service state:
  AC powered: true
  USB powered: false
  Wireless powered: false
  Max charging current: 2850000
  Max charging voltage: 5000000
  Charge counter: 2623043
  status: 2
  health: 2
  present: true
  level: 44
  scale: 100
  voltage: 3893
  temperature: 252
  technology: Li-ion
Current Battery Service state:
  AC powered: true
  USB powered: false
  Wireless powered: false
  Max charging current: 2850000
  Max charging voltage: 5000000
  Charge counter: 2623043
  status: 2
  health: 2
  present: true
  level: 44
  scale: 100
  voltage: 3893
  temperature: 252
  technology: Li-ion
Current Battery Service state:
  AC powered: true
  USB powered: false
  Wireless powered: false
  Max charging current: 2850000
  Max charging voltage: 5000000
  Charge counter: 2623043
  status: 2
  health: 2
  present: true
  level: 44
  scale: 100
  voltage: 3893
  temperature: 252
  technology: Li-ion
Current Battery Service state:
  AC powered: true
  USB powered: false
  Wireless powered: false
  Max charging current: 2800000
  Max charging voltage: 5000000
  Charge counter: 2623754
  status: 2
  health: 2
  present: true
  level: 44
  scale: 100
  voltage: 3890
  temperature: 252
  technology: Li-ion
Current Battery Service state:
  AC powered: true
  USB powered: false
  Wireless powered: false
  Max charging current: 2800000
  Max charging voltage: 5000000
  Charge counter: 2624034
  status: 2
  health: 2
  present: true
  level: 44
  scale: 100
  voltage: 3896
  temperature: 252
  technology: Li-ion
Current Battery Service state:
  AC powered: true
  USB powered: false
  Wireless powered: false
  Max charging current: 2800000
  Max charging voltage: 5000000
  Charge counter: 2624034
  status: 2
  health: 2
  present: true
  level: 44
  scale: 100
  voltage: 3896
  temperature: 252
  technology: Li-ion
Current Battery Service state:
  AC powered: true
  USB powered: false
  Wireless powered: false
  Max charging current: 2800000
  Max charging voltage: 5000000
  Charge counter: 2624034
  status: 2
  health: 2
  present: true
  level: 44
  scale: 100
  voltage: 3896
  temperature: 252
  technology: Li-ion
Current Battery Service state:
  AC powered: true
  USB powered: false
  Wireless powered: false
  Max charging current: 2800000
  Max charging voltage: 5000000
  Charge counter: 2625063
  status: 2
  health: 2
  present: true
  level: 44
  scale: 100
  voltage: 3897
  temperature: 250
  technology: Li-ion
Current Battery Service state:
  AC powered: true
  USB powered: false
  Wireless powered: false
  Max charging current: 2800000
  Max charging voltage: 5000000
  Charge counter: 2625063
  status: 2
  health: 2
  present: true
  level: 44
  scale: 100
  voltage: 3897
  temperature: 250
  technology: Li-ion
Current Battery Service state:
  AC powered: true
  USB powered: false
  Wireless powered: false
  Max charging current: 2800000
  Max charging voltage: 5000000
  Charge counter: 2625302
  status: 2
  health: 2
  present: true
  level: 44
  scale: 100
  voltage: 3891
  temperature: 250
  technology: Li-ion
Current Battery Service state:
  AC powered: true
  USB powered: false
  Wireless powered: false
  Max charging current: 2800000
  Max charging voltage: 5000000
  Charge counter: 2625302
  status: 2
  health: 2
  present: true
  level: 44
  scale: 100
  voltage: 3891
  temperature: 250
  technology: Li-ion
Current Battery Service state:
  AC powered: true
  USB powered: false
  Wireless powered: false
  Max charging current: 2800000
  Max charging voltage: 5000000
  Charge counter: 2626071
  status: 2
  health: 2
  present: true
  level: 44
  scale: 100
  voltage: 3892
  temperature: 250
  technology: Li-ion
Current Battery Service state:
  AC powered: true
  USB powered: false
  Wireless powered: false
  Max charging current: 2800000
  Max charging voltage: 5000000
  Charge counter: 2626071
  status: 2
  health: 2
  present: true
  level: 44
  scale: 100
  voltage: 3892
  temperature: 250
  technology: Li-ion
Current Battery Service state:
  AC powered: true
  USB powered: false
  Wireless powered: false
  Max charging current: 2750000
  Max charging voltage: 5000000
  Charge counter: 2626554
  status: 2
  health: 2
  present: true
  level: 44
  scale: 100
  voltage: 3892
  temperature: 250
  technology: Li-ion
Current Battery Service state:
  AC powered: true
  USB powered: false
  Wireless powered: false
  Max charging current: 2750000
  Max charging voltage: 5000000
  Charge counter: 2627032
  status: 2
  health: 2
  present: true
  level: 44
  scale: 100
  voltage: 3895
  temperature: 250
  technology: Li-ion
Current Battery Service state:
  AC powered: true
  USB powered: false
  Wireless powered: false
  Max charging current: 2750000
  Max charging voltage: 5000000
  Charge counter: 2627032
  status: 2
  health: 2
  present: true
  level: 44
  scale: 100
  voltage: 3895
  temperature: 250
  technology: Li-ion
Current Battery Service state:
  AC powered: true
  USB powered: false
  Wireless powered: false
  Max charging current: 2750000
  Max charging voltage: 5000000
  Charge counter: 2627032
  status: 2
  health: 2
  present: true
  level: 44
  scale: 100
  voltage: 3895
  temperature: 250
  technology: Li-ion
Current Battery Service state:
  AC powered: true
  USB powered: false
  Wireless powered: false
  Max charging current: 2750000
  Max charging voltage: 5000000
  Charge counter: 2627753
  status: 2
  health: 2
  present: true
  level: 44
  scale: 100
  voltage: 3888
  temperature: 250
  technology: Li-ion
Current Battery Service state:
  AC powered: true
  USB powered: false
  Wireless powered: false
  Max charging current: 2750000
  Max charging voltage: 5000000
  Charge counter: 2627753
  status: 2
  health: 2
  present: true
  level: 44
  scale: 100
  voltage: 3888
  temperature: 250
  technology: Li-ion
Current Battery Service state:
  AC powered: true
  USB powered: false
  Wireless powered: false
  Max charging current: 2750000
  Max charging voltage: 5000000
  Charge counter: 2628283
  status: 2
  health: 2
  present: true
  level: 44
  scale: 100
  voltage: 3891
  temperature: 250
  technology: Li-ion
Current Battery Service state:
  AC powered: true
  USB powered: false
  Wireless powered: false
  Max charging current: 2750000
  Max charging voltage: 5000000
  Charge counter: 2628283
  status: 2
  health: 2
  present: true
  level: 44
  scale: 100
  voltage: 3891
  temperature: 250
  technology: Li-ion
Current Battery Service state:
  AC powered: true
  USB powered: false
  Wireless powered: false
  Max charging current: 2750000
  Max charging voltage: 5000000
  Charge counter: 2628283
  status: 2
  health: 2
  present: true
  level: 44
  scale: 100
  voltage: 3891
  temperature: 250
  technology: Li-ion
Current Battery Service state:
  AC powered: true
  USB powered: false
  Wireless powered: false
  Max charging current: 2750000
  Max charging voltage: 5000000
  Charge counter: 2628283
  status: 2
  health: 2
  present: true
  level: 44
  scale: 100
  voltage: 3891
  temperature: 250
  technology: Li-ion
Current Battery Service state:
  AC powered: true
  USB powered: false
  Wireless powered: false
  Max charging current: 2750000
  Max charging voltage: 5000000
  Charge counter: 2628283
  status: 2
  health: 2
  present: true
  level: 44
  scale: 100
  voltage: 3891
  temperature: 250
  technology: Li-ion
Current Battery Service state:
  AC powered: true
  USB powered: false
  Wireless powered: false
  Max charging current: 2750000
  Max charging voltage: 5000000
  Charge counter: 2628283
  status: 2
  health: 2
  present: true
  level: 44
  scale: 100
  voltage: 3891
  temperature: 250
  technology: Li-ion
Current Battery Service state:
  AC powered: true
  USB powered: false
  Wireless powered: false
  Max charging current: 2750000
  Max charging voltage: 5000000
  Charge counter: 2629825
  status: 2
  health: 2
  present: true
  level: 45
  scale: 100
  voltage: 3896
  temperature: 250
  technology: Li-ion
Current Battery Service state:
  AC powered: true
  USB powered: false
  Wireless powered: false
  Max charging current: 2850000
  Max charging voltage: 5000000
  Charge counter: 2629825
  status: 2
  health: 2
  present: true
  level: 45
  scale: 100
  voltage: 3896
  temperature: 250
  technology: Li-ion
Current Battery Service state:
  AC powered: true
  USB powered: false
  Wireless powered: false
  Max charging current: 2800000
  Max charging voltage: 5000000
  Charge counter: 2630355
  status: 2
  health: 2
  present: true
  level: 45
  scale: 100
  voltage: 3900
  temperature: 250
  technology: Li-ion
Current Battery Service state:
  AC powered: true
  USB powered: false
  Wireless powered: false
  Max charging current: 2800000
  Max charging voltage: 5000000
  Charge counter: 2630355
  status: 2
  health: 2
  present: true
  level: 45
  scale: 100
  voltage: 3900
  temperature: 250
  technology: Li-ion
Current Battery Service state:
  AC powered: true
  USB powered: false
  Wireless powered: false
  Max charging current: 2800000
  Max charging voltage: 5000000
  Charge counter: 2630355
  status: 2
  health: 2
  present: true
  level: 45
  scale: 100
  voltage: 3900
  temperature: 250
  technology: Li-ion
Current Battery Service state:
  AC powered: true
  USB powered: false
  Wireless powered: false
  Max charging current: 2800000
  Max charging voltage: 5000000
  Charge counter: 2630355
  status: 2
  health: 2
  present: true
  level: 45
  scale: 100
  voltage: 3900
  temperature: 250
  technology: Li-ion
Current Battery Service state:
  AC powered: true
  USB powered: false
  Wireless powered: false
  Max charging current: 2800000
  Max charging voltage: 5000000
  Charge counter: 2630355
  status: 2
  health: 2
  present: true
  level: 45
  scale: 100
  voltage: 3900
  temperature: 250
  technology: Li-ion
Current Battery Service state:
  AC powered: true
  USB powered: false
  Wireless powered: false
  Max charging current: 2800000
  Max charging voltage: 5000000
  Charge counter: 2630355
  status: 2
  health: 2
  present: true
  level: 45
  scale: 100
  voltage: 3900
  temperature: 250
  technology: Li-ion
Current Battery Service state:
  AC powered: true
  USB powered: false
  Wireless powered: false
  Max charging current: 2800000
  Max charging voltage: 5000000
  Charge counter: 2630355
  status: 2
  health: 2
  present: true
  level: 45
  scale: 100
  voltage: 3900
  temperature: 250
  technology: Li-ion
Current Battery Service state:
  AC powered: true
  USB powered: false
  Wireless powered: false
  Max charging current: 2800000
  Max charging voltage: 5000000
  Charge counter: 2630355
  status: 2
  health: 2
  present: true
  level: 45
  scale: 100
  voltage: 3900
  temperature: 250
  technology: Li-ion
Current Battery Service state:
  AC powered: true
  USB powered: false
  Wireless powered: false
  Max charging current: 2800000
  Max charging voltage: 5000000
  Charge counter: 2630355
  status: 2
  health: 2
  present: true
  level: 45
  scale: 100
  voltage: 3900
  temperature: 250
  technology: Li-ion
Current Battery Service state:
  AC powered: true
  USB powered: false
  Wireless powered: false
  Max charging current: 2800000
  Max charging voltage: 5000000
  Charge counter: 2632751
  status: 2
  health: 2
  present: true
  level: 45
  scale: 100
  voltage: 3901
  temperature: 250
  technology: Li-ion
Current Battery Service state:
  AC powered: true
  USB powered: false
  Wireless powered: false
  Max charging current: 2800000
  Max charging voltage: 5000000
  Charge counter: 2632982
  status: 2
  health: 2
  present: true
  level: 45
  scale: 100
  voltage: 3892
  temperature: 250
  technology: Li-ion
Current Battery Service state:
  AC powered: true
  USB powered: false
  Wireless powered: false
  Max charging current: 2800000
  Max charging voltage: 5000000
  Charge counter: 2632982
  status: 2
  health: 2
  present: true
  level: 45
  scale: 100
  voltage: 3892
  temperature: 250
  technology: Li-ion
Current Battery Service state:
  AC powered: true
  USB powered: false
  Wireless powered: false
  Max charging current: 2800000
  Max charging voltage: 5000000
  Charge counter: 2632982
  status: 2
  health: 2
  present: true
  level: 45
  scale: 100
  voltage: 3892
  temperature: 250
  technology: Li-ion
Current Battery Service state:
  AC powered: true
  USB powered: false
  Wireless powered: false
  Max charging current: 2800000
  Max charging voltage: 5000000
  Charge counter: 2633498
  status: 2
  health: 2
  present: true
  level: 45
  scale: 100
  voltage: 3894
  temperature: 250
  technology: Li-ion
Current Battery Service state:
  AC powered: true
  USB powered: false
  Wireless powered: false
  Max charging current: 2800000
  Max charging voltage: 5000000
  Charge counter: 2633498
  status: 2
  health: 2
  present: true
  level: 45
  scale: 100
  voltage: 3894
  temperature: 250
  technology: Li-ion
Current Battery Service state:
  AC powered: true
  USB powered: false
  Wireless powered: false
  Max charging current: 2800000
  Max charging voltage: 5000000
  Charge counter: 2633498
  status: 2
  health: 2
  present: true
  level: 45
  scale: 100
  voltage: 3894
  temperature: 250
  technology: Li-ion
Current Battery Service state:
  AC powered: true
  USB powered: false
  Wireless powered: false
  Max charging current: 2800000
  Max charging voltage: 5000000
  Charge counter: 2633498
  status: 2
  health: 2
  present: true
  level: 45
  scale: 100
  voltage: 3894
  temperature: 250
  technology: Li-ion
Current Battery Service state:
  AC powered: true
  USB powered: false
  Wireless powered: false
  Max charging current: 2800000
  Max charging voltage: 5000000
  Charge counter: 2634586
  status: 2
  health: 2
  present: true
  level: 45
  scale: 100
  voltage: 3898
  temperature: 250
  technology: Li-ion
Current Battery Service state:
  AC powered: true
  USB powered: false
  Wireless powered: false
  Max charging current: 2800000
  Max charging voltage: 5000000
  Charge counter: 2634586
  status: 2
  health: 2
  present: true
  level: 45
  scale: 100
  voltage: 3898
  temperature: 250
  technology: Li-ion
Current Battery Service state:
  AC powered: true
  USB powered: false
  Wireless powered: false
  Max charging current: 2800000
  Max charging voltage: 5000000
  Charge counter: 2634586
  status: 2
  health: 2
  present: true
  level: 45
  scale: 100
  voltage: 3898
  temperature: 250
  technology: Li-ion
Current Battery Service state:
  AC powered: true
  USB powered: false
  Wireless powered: false
  Max charging current: 2800000
  Max charging voltage: 5000000
  Charge counter: 2635663
  status: 2
  health: 2
  present: true
  level: 45
  scale: 100
  voltage: 3902
  temperature: 250
  technology: Li-ion
Current Battery Service state:
  AC powered: true
  USB powered: false
  Wireless powered: false
  Max charging current: 2800000
  Max charging voltage: 5000000
  Charge counter: 2635663
  status: 2
  health: 2
  present: true
  level: 45
  scale: 100
  voltage: 3902
  temperature: 250
  technology: Li-ion
Current Battery Service state:
  AC powered: true
  USB powered: false
  Wireless powered: false
  Max charging current: 2800000
  Max charging voltage: 5000000
  Charge counter: 2635663
  status: 2
  health: 2
  present: true
  level: 45
  scale: 100
  voltage: 3902
  temperature: 250
  technology: Li-ion
Current Battery Service state:
  AC powered: true
  USB powered: false
  Wireless powered: false
  Max charging current: 2800000
  Max charging voltage: 5000000
  Charge counter: 2635663
  status: 2
  health: 2
  present: true
  level: 45
  scale: 100
  voltage: 3902
  temperature: 250
  technology: Li-ion
Current Battery Service state:
  AC powered: true
  USB powered: false
  Wireless powered: false
  Max charging current: 2800000
  Max charging voltage: 5000000
  Charge counter: 2635663
  status: 2
  health: 2
  present: true
  level: 45
  scale: 100
  voltage: 3902
  temperature: 250
  technology: Li-ion
Current Battery Service state:
  AC powered: true
  USB powered: false
  Wireless powered: false
  Max charging current: 2900000
  Max charging voltage: 5000000
  Charge counter: 2636998
  status: 2
  health: 2
  present: true
  level: 45
  scale: 100
  voltage: 3898
  temperature: 250
  technology: Li-ion
Current Battery Service state:
  AC powered: true
  USB powered: false
  Wireless powered: false
  Max charging current: 2800000
  Max charging voltage: 5000000
  Charge counter: 2637290
  status: 2
  health: 2
  present: true
  level: 45
  scale: 100
  voltage: 3899
  temperature: 250
  technology: Li-ion
Current Battery Service state:
  AC powered: true
  USB powered: false
  Wireless powered: false
  Max charging current: 2800000
  Max charging voltage: 5000000
  Charge counter: 2637290
  status: 2
  health: 2
  present: true
  level: 45
  scale: 100
  voltage: 3899
  temperature: 250
  technology: Li-ion
Current Battery Service state:
  AC powered: true
  USB powered: false
  Wireless powered: false
  Max charging current: 2800000
  Max charging voltage: 5000000
  Charge counter: 2637801
  status: 2
  health: 2
  present: true
  level: 45
  scale: 100
  voltage: 3894
  temperature: 250
  technology: Li-ion
Current Battery Service state:
  AC powered: true
  USB powered: false
  Wireless powered: false
  Max charging current: 2800000
  Max charging voltage: 5000000
  Charge counter: 2637801
  status: 2
  health: 2
  present: true
  level: 45
  scale: 100
  voltage: 3894
  temperature: 250
  technology: Li-ion
Current Battery Service state:
  AC powered: true
  USB powered: false
  Wireless powered: false
  Max charging current: 2800000
  Max charging voltage: 5000000
  Charge counter: 2638305
  status: 2
  health: 2
  present: true
  level: 45
  scale: 100
  voltage: 3894
  temperature: 250
  technology: Li-ion
Current Battery Service state:
  AC powered: true
  USB powered: false
  Wireless powered: false
  Max charging current: 2800000
  Max charging voltage: 5000000
  Charge counter: 2638592
  status: 2
  health: 2
  present: true
  level: 45
  scale: 100
  voltage: 3901
  temperature: 250
  technology: Li-ion
Current Battery Service state:
  AC powered: true
  USB powered: false
  Wireless powered: false
  Max charging current: 2800000
  Max charging voltage: 5000000
  Charge counter: 2638592
  status: 2
  health: 2
  present: true
  level: 45
  scale: 100
  voltage: 3901
  temperature: 250
  technology: Li-ion
Current Battery Service state:
  AC powered: true
  USB powered: false
  Wireless powered: false
  Max charging current: 2800000
  Max charging voltage: 5000000
  Charge counter: 2639126
  status: 2
  health: 2
  present: true
  level: 45
  scale: 100
  voltage: 3900
  temperature: 250
  technology: Li-ion
Current Battery Service state:
  AC powered: true
  USB powered: false
  Wireless powered: false
  Max charging current: 2800000
  Max charging voltage: 5000000
  Charge counter: 2639373
  status: 2
  health: 2
  present: true
  level: 45
  scale: 100
  voltage: 3895
  temperature: 247
  technology: Li-ion
Current Battery Service state:
  AC powered: true
  USB powered: false
  Wireless powered: false
  Max charging current: 2800000
  Max charging voltage: 5000000
  Charge counter: 2639373
  status: 2
  health: 2
  present: true
  level: 45
  scale: 100
  voltage: 3895
  temperature: 247
  technology: Li-ion
Current Battery Service state:
  AC powered: true
  USB powered: false
  Wireless powered: false
  Max charging current: 2800000
  Max charging voltage: 5000000
  Charge counter: 2639373
  status: 2
  health: 2
  present: true
  level: 45
  scale: 100
  voltage: 3895
  temperature: 247
  technology: Li-ion
Current Battery Service state:
  AC powered: true
  USB powered: false
  Wireless powered: false
  Max charging current: 2800000
  Max charging voltage: 5000000
  Charge counter: 2639373
  status: 2
  health: 2
  present: true
  level: 45
  scale: 100
  voltage: 3895
  temperature: 247
  technology: Li-ion
Current Battery Service state:
  AC powered: true
  USB powered: false
  Wireless powered: false
  Max charging current: 2850000
  Max charging voltage: 5000000
  Charge counter: 2640466
  status: 2
  health: 2
  present: true
  level: 45
  scale: 100
  voltage: 3900
  temperature: 247
  technology: Li-ion
Current Battery Service state:
  AC powered: true
  USB powered: false
  Wireless powered: false
  Max charging current: 2800000
  Max charging voltage: 5000000
  Charge counter: 2640711
  status: 2
  health: 2
  present: true
  level: 45
  scale: 100
  voltage: 3895
  temperature: 247
  technology: Li-ion
Current Battery Service state:
  AC powered: true
  USB powered: false
  Wireless powered: false
  Max charging current: 2800000
  Max charging voltage: 5000000
  Charge counter: 2641004
  status: 2
  health: 2
  present: true
  level: 45
  scale: 100
  voltage: 3902
  temperature: 247
  technology: Li-ion
Current Battery Service state:
  AC powered: true
  USB powered: false
  Wireless powered: false
  Max charging current: 2800000
  Max charging voltage: 5000000
  Charge counter: 2641184
  status: 2
  health: 2
  present: true
  level: 45
  scale: 100
  voltage: 3882
  temperature: 247
  technology: Li-ion
Current Battery Service state:
  AC powered: true
  USB powered: false
  Wireless powered: false
  Max charging current: 2800000
  Max charging voltage: 5000000
  Charge counter: 2641184
  status: 2
  health: 2
  present: true
  level: 45
  scale: 100
  voltage: 3882
  temperature: 247
  technology: Li-ion
Current Battery Service state:
  AC powered: true
  USB powered: false
  Wireless powered: false
  Max charging current: 2800000
  Max charging voltage: 5000000
  Charge counter: 2641477
  status: 2
  health: 2
  present: true
  level: 45
  scale: 100
  voltage: 3901
  temperature: 247
  technology: Li-ion
Current Battery Service state:
  AC powered: true
  USB powered: false
  Wireless powered: false
  Max charging current: 2800000
  Max charging voltage: 5000000
  Charge counter: 2641477
  status: 2
  health: 2
  present: true
  level: 45
  scale: 100
  voltage: 3901
  temperature: 247
  technology: Li-ion
Current Battery Service state:
  AC powered: true
  USB powered: false
  Wireless powered: false
  Max charging current: 2800000
  Max charging voltage: 5000000
  Charge counter: 2641477
  status: 2
  health: 2
  present: true
  level: 45
  scale: 100
  voltage: 3901
  temperature: 247
  technology: Li-ion
Current Battery Service state:
  AC powered: true
  USB powered: false
  Wireless powered: false
  Max charging current: 2800000
  Max charging voltage: 5000000
  Charge counter: 2641477
  status: 2
  health: 2
  present: true
  level: 45
  scale: 100
  voltage: 3901
  temperature: 247
  technology: Li-ion
Current Battery Service state:
  AC powered: true
  USB powered: false
  Wireless powered: false
  Max charging current: 2800000
  Max charging voltage: 5000000
  Charge counter: 2641477
  status: 2
  health: 2
  present: true
  level: 45
  scale: 100
  voltage: 3901
  temperature: 247
  technology: Li-ion
Current Battery Service state:
  AC powered: true
  USB powered: false
  Wireless powered: false
  Max charging current: 2800000
  Max charging voltage: 5000000
  Charge counter: 2641477
  status: 2
  health: 2
  present: true
  level: 45
  scale: 100
  voltage: 3901
  temperature: 247
  technology: Li-ion
Current Battery Service state:
  AC powered: true
  USB powered: false
  Wireless powered: false
  Max charging current: 2800000
  Max charging voltage: 5000000
  Charge counter: 2643310
  status: 2
  health: 2
  present: true
  level: 45
  scale: 100
  voltage: 3899
  temperature: 250
  technology: Li-ion
Current Battery Service state:
  AC powered: true
  USB powered: false
  Wireless powered: false
  Max charging current: 2800000
  Max charging voltage: 5000000
  Charge counter: 2643310
  status: 2
  health: 2
  present: true
  level: 45
  scale: 100
  voltage: 3899
  temperature: 250
  technology: Li-ion
Current Battery Service state:
  AC powered: true
  USB powered: false
  Wireless powered: false
  Max charging current: 2800000
  Max charging voltage: 5000000
  Charge counter: 2643552
  status: 2
  health: 2
  present: true
  level: 45
  scale: 100
  voltage: 3895
  temperature: 250
  technology: Li-ion
Current Battery Service state:
  AC powered: true
  USB powered: false
  Wireless powered: false
  Max charging current: 2800000
  Max charging voltage: 5000000
  Charge counter: 2644088
  status: 2
  health: 2
  present: true
  level: 45
  scale: 100
  voltage: 3894
  temperature: 247
  technology: Li-ion
Current Battery Service state:
  AC powered: true
  USB powered: false
  Wireless powered: false
  Max charging current: 2800000
  Max charging voltage: 5000000
  Charge counter: 2644088
  status: 2
  health: 2
  present: true
  level: 45
  scale: 100
  voltage: 3894
  temperature: 247
  technology: Li-ion
Current Battery Service state:
  AC powered: true
  USB powered: false
  Wireless powered: false
  Max charging current: 2800000
  Max charging voltage: 5000000
  Charge counter: 2644393
  status: 2
  health: 2
  present: true
  level: 45
  scale: 100
  voltage: 3903
  temperature: 247
  technology: Li-ion
Current Battery Service state:
  AC powered: true
  USB powered: false
  Wireless powered: false
  Max charging current: 2800000
  Max charging voltage: 5000000
  Charge counter: 2644393
  status: 2
  health: 2
  present: true
  level: 45
  scale: 100
  voltage: 3903
  temperature: 247
  technology: Li-ion
Current Battery Service state:
  AC powered: true
  USB powered: false
  Wireless powered: false
  Max charging current: 2800000
  Max charging voltage: 5000000
  Charge counter: 2644393
  status: 2
  health: 2
  present: true
  level: 45
  scale: 100
  voltage: 3903
  temperature: 247
  technology: Li-ion
Current Battery Service state:
  AC powered: true
  USB powered: false
  Wireless powered: false
  Max charging current: 2800000
  Max charging voltage: 5000000
  Charge counter: 2644393
  status: 2
  health: 2
  present: true
  level: 45
  scale: 100
  voltage: 3903
  temperature: 247
  technology: Li-ion
Current Battery Service state:
  AC powered: true
  USB powered: false
  Wireless powered: false
  Max charging current: 2800000
  Max charging voltage: 5000000
  Charge counter: 2645418
  status: 2
  health: 2
  present: true
  level: 45
  scale: 100
  voltage: 3895
  temperature: 247
  technology: Li-ion
