8.34 6.50 3.12 4/3221 8554
8.34 6.50 3.12 2/3246 8626
8.34 6.50 3.12 3/3244 8648
8.87 6.64 3.19 3/3244 8667
8.87 6.64 3.19 6/3244 8686
8.87 6.64 3.19 2/3231 8707
8.87 6.64 3.19 2/3231 8726
8.87 6.64 3.19 5/3230 8745
8.96 6.70 3.22 3/3228 8767
8.96 6.70 3.22 3/3229 8795
8.96 6.70 3.22 8/3230 8824
8.96 6.70 3.22 5/3230 8851
8.96 6.70 3.22 2/3230 8879
9.13 6.77 3.27 1/3228 8906
9.13 6.77 3.27 4/3227 8926
9.13 6.77 3.27 6/3226 8946
9.13 6.77 3.27 1/3225 8965
9.13 6.77 3.27 3/3225 8987
9.12 6.81 3.30 5/3224 9006
9.12 6.81 3.30 4/3220 9026
9.12 6.81 3.30 8/3221 9047
9.12 6.81 3.30 3/3218 9066
9.12 6.81 3.30 5/3215 9086
9.27 6.88 3.34 4/3214 9105
9.27 6.88 3.34 12/3213 9125
9.27 6.88 3.34 6/3210 9144
9.27 6.88 3.34 5/3206 9164
9.27 6.88 3.34 1/3205 9183
9.41 6.95 3.38 2/3203 9202
9.41 6.95 3.38 3/3200 9225
9.41 6.95 3.38 5/3199 9248
9.41 6.95 3.38 1/3193 9267
9.41 6.95 3.38 6/3188 9286
9.45 7.00 3.42 7/3183 9306
9.45 7.00 3.42 4/3181 9326
9.45 7.00 3.42 3/3181 9345
9.45 7.00 3.42 3/3181 9364
9.45 7.00 3.42 1/3181 9383
9.26 7.00 3.44 6/3181 9402
9.26 7.00 3.44 4/3181 9422
9.26 7.00 3.44 3/3180 9441
9.26 7.00 3.44 2/3179 9460
9.26 7.00 3.44 5/3179 9479
9.32 7.05 3.47 6/3179 9498
9.32 7.05 3.47 4/3178 9519
9.32 7.05 3.47 11/3178 9538
9.32 7.05 3.47 5/3178 9557
9.32 7.05 3.47 3/3178 9576
9.13 7.05 3.49 2/3178 9595
9.13 7.05 3.49 5/3177 9615
9.13 7.05 3.49 2/3176 9634
9.13 7.05 3.49 2/3176 9653
9.13 7.05 3.49 5/3176 9672
8.96 7.05 3.51 3/3176 9691
8.96 7.05 3.51 7/3176 9712
8.96 7.05 3.51 9/3176 9731
8.96 7.05 3.51 7/3174 9750
8.96 7.05 3.51 2/3171 9769
9.12 7.11 3.55 8/3170 9788
9.12 7.11 3.55 3/3166 9808
9.12 7.11 3.55 5/3164 9827
9.12 7.11 3.55 2/3162 9846
9.12 7.11 3.55 3/3160 9865
9.67 7.26 3.62 3/3158 9885
9.67 7.26 3.62 7/3156 9904
9.67 7.26 3.62 2/3149 9924
9.67 7.26 3.62 8/3149 9943
9.67 7.26 3.62 12/3149 9962
9.38 7.24 3.63 4/3149 9982
9.38 7.24 3.63 4/3149 10001
9.38 7.24 3.63 3/3149 10020
9.38 7.24 3.63 5/3149 10039
9.38 7.24 3.63 8/3149 10066
9.91 7.39 3.70 13/3149 10094
9.91 7.39 3.70 10/3149 10125
9.91 7.39 3.70 12/3149 10148
9.91 7.39 3.70 6/3149 10176
9.91 7.39 3.70 21/3149 10199
9.76 7.40 3.72 7/3149 10219
9.76 7.40 3.72 5/3149 10238
9.76 7.40 3.72 8/3149 10257
9.76 7.40 3.72 4/3148 10276
9.76 7.40 3.72 8/3148 10295
9.86 7.46 3.76 8/3148 10315
9.86 7.46 3.76 6/3148 10334
9.86 7.46 3.76 2/3148 10353
9.86 7.46 3.76 3/3148 10374
9.86 7.46 3.76 2/3148 10393
9.79 7.48 3.79 4/3148 10414
9.79 7.48 3.79 4/3148 10433
9.79 7.48 3.79 2/3145 10452
9.79 7.48 3.79 2/3141 10471
9.79 7.48 3.79 4/3141 10490
9.81 7.52 3.82 5/3141 10510
9.81 7.52 3.82 5/3141 10529
9.81 7.52 3.82 3/3139 10548
9.81 7.52 3.82 5/3139 10567
9.81 7.52 3.82 5/3138 10587
9.82 7.56 3.86 3/3138 10607
9.82 7.56 3.86 9/3138 10626
9.82 7.56 3.86 4/3138 10645
9.82 7.56 3.86 3/3137 10664
9.82 7.56 3.86 8/3137 10683
10.00 7.64 3.90 4/3135 10703
10.00 7.64 3.90 5/3135 10722
10.00 7.64 3.90 6/3134 10741
10.00 7.64 3.90 7/3134 10760
10.00 7.64 3.90 3/3134 10779
9.76 7.63 3.92 8/3134 10799
9.76 7.63 3.92 4/3134 10818
9.76 7.63 3.92 4/3134 10838
9.76 7.63 3.92 7/3134 10857
9.76 7.63 3.92 5/3134 10877
9.45 7.60 3.93 6/3134 10896
9.45 7.60 3.93 3/3134 10915
9.45 7.60 3.93 7/3134 10934
9.45 7.60 3.93 6/3134 10953
9.45 7.60 3.93 6/3128 10973
9.34 7.61 3.95 4/3129 10993
9.34 7.61 3.95 3/3129 11012
9.34 7.61 3.95 4/3129 11031
9.34 7.61 3.95 6/3129 11051
9.34 7.61 3.95 4/3129 11071
9.39 7.65 3.98 4/3129 11090
9.39 7.65 3.98 4/3129 11109
9.39 7.65 3.98 7/3129 11128
9.39 7.65 3.98 8/3129 11147
9.39 7.65 3.98 4/3129 11167
9.12 7.62 3.99 11/3129 11186
9.12 7.62 3.99 8/3129 11205
9.12 7.62 3.99 4/3129 11224
9.12 7.62 3.99 6/3129 11243
9.12 7.62 3.99 4/3129 11271
9.51 7.73 4.05 2/3129 11298
9.51 7.73 4.05 4/3129 11325
9.51 7.73 4.05 6/3129 11353
9.51 7.73 4.05 6/3129 11380
9.51 7.73 4.05 3/3123 11400
9.39 7.73 4.07 5/3123 11419
9.39 7.73 4.07 6/3123 11438
9.39 7.73 4.07 4/3123 11457
9.39 7.73 4.07 2/3123 11476
9.39 7.73 4.07 2/3121 11496
9.68 7.82 4.12 1/3121 11515
9.68 7.82 4.12 4/3121 11534
9.68 7.82 4.12 2/3121 11553
9.68 7.82 4.12 2/3121 11574
9.68 7.82 4.12 2/3117 11594
9.38 7.79 4.13 5/3117 11613
