368.22 1962.88
369.13 1967.91
370.11 1973.30
371.09 1979.13
372.09 1985.38
373.09 1991.51
374.09 1997.50
375.09 2003.03
376.09 2008.56
377.10 2014.05
378.10 2018.58
379.09 2023.32
380.10 2027.65
381.09 2031.69
382.09 2035.86
383.10 2040.01
384.10 2044.36
385.11 2048.51
386.10 2053.00
387.09 2057.46
388.10 2061.71
389.10 2065.87
390.09 2070.14
391.10 2074.43
392.09 2078.78
393.09 2083.21
394.09 2087.60
395.09 2092.28
396.09 2096.91
397.09 2101.27
398.11 2105.53
399.10 2109.86
400.09 2114.37
401.09 2119.02
402.10 2123.53
403.09 2127.99
404.09 2132.50
405.10 2137.31
406.09 2141.95
407.09 2146.31
408.10 2150.92
409.10 2155.65
410.09 2160.32
411.09 2164.99
412.09 2169.58
413.09 2174.16
414.09 2178.84
415.10 2183.54
416.09 2188.25
417.09 2192.77
418.10 2197.43
419.09 2201.94
420.09 2206.35
421.09 2210.94
422.11 2215.41
423.09 2219.83
424.09 2224.16
425.10 2228.85
426.10 2233.38
427.09 2237.85
428.09 2242.37
429.10 2246.93
430.10 2251.53
431.09 2256.03
432.10 2260.85
433.09 2265.49
434.11 2270.42
435.09 2275.02
436.09 2279.98
437.09 2284.63
438.10 2289.49
439.10 2294.22
440.10 2298.88
441.09 2303.31
442.10 2307.46
443.09 2311.73
444.09 2316.33
445.09 2321.26
446.09 2325.88
447.09 2330.72
448.10 2335.50
449.10 2340.04
450.10 2344.80
451.09 2349.20
452.09 2354.05
453.10 2358.88
454.09 2363.48
455.09 2368.35
456.10 2373.14
457.09 2377.82
458.09 2382.70
459.09 2387.34
460.09 2392.05
461.10 2396.86
462.10 2401.76
463.09 2406.57
464.09 2411.43
465.10 2416.12
466.09 2420.80
467.09 2425.51
468.10 2430.22
469.09 2434.88
470.09 2439.60
471.10 2444.31
472.10 2448.94
473.09 2453.44
474.10 2457.96
475.10 2462.16
476.10 2466.36
477.09 2470.47
478.09 2474.76
479.10 2479.02
480.09 2483.29
481.10 2487.53
482.09 2491.74
483.09 2496.05
484.10 2500.46
485.10 2504.95
486.09 2509.50
487.10 2514.15
488.09 2518.57
489.09 2523.20
490.09 2527.75
491.09 2532.31
492.10 2537.05
493.10 2541.74
494.10 2546.53
495.09 2551.23
496.10 2555.92
497.10 2560.35
498.09 2564.63
499.09 2568.75
500.10 2573.29
501.10 2577.87
502.09 2582.22
503.10 2586.49
504.10 2590.92
505.09 2595.26
506.11 2599.96
507.10 2604.63
508.09 2609.34
509.11 2614.29
510.10 2618.99
511.10 2623.71
512.11 2628.79
513.10 2633.52
514.09 2638.34
515.10 2642.96
516.10 2647.56
