10.75 9.12 6.56 3/3183 13765
10.75 9.12 6.56 2/3207 13839
10.75 9.12 6.56 9/3205 13862
10.69 9.14 6.58 3/3205 13882
10.69 9.14 6.58 4/3204 13901
10.69 9.14 6.58 3/3193 13924
10.69 9.14 6.58 2/3193 13943
10.69 9.14 6.58 6/3193 13962
10.56 9.13 6.59 2/3196 13984
10.56 9.13 6.59 4/3198 14009
10.56 9.13 6.59 14/3205 14045
10.56 9.13 6.59 2/3198 14065
10.56 9.13 6.59 2/3197 14084
10.35 9.12 6.60 6/3196 14104
10.35 9.12 6.60 7/3196 14125
10.35 9.12 6.60 4/3196 14144
10.35 9.12 6.60 6/3196 14163
10.35 9.12 6.60 1/3196 14182
10.57 9.18 6.63 2/3196 14201
10.57 9.18 6.63 2/3196 14220
10.57 9.18 6.63 7/3196 14239
10.57 9.18 6.63 2/3196 14258
10.57 9.18 6.63 6/3195 14278
10.68 9.23 6.66 4/3195 14297
10.68 9.23 6.66 6/3194 14316
10.68 9.23 6.66 3/3192 14335
10.68 9.23 6.66 2/3192 14354
10.68 9.23 6.66 2/3192 14373
10.95 9.31 6.70 3/3192 14392
10.95 9.31 6.70 1/3192 14413
10.95 9.31 6.70 10/3190 14432
10.95 9.31 6.70 3/3197 14459
10.95 9.31 6.70 8/3197 14483
11.11 9.37 6.73 1/3183 14507
11.11 9.37 6.73 2/3183 14526
11.11 9.37 6.73 2/3183 14545
11.11 9.37 6.73 4/3183 14564
11.11 9.37 6.73 4/3183 14587
10.86 9.35 6.74 9/3179 14614
10.86 9.35 6.74 3/3179 14633
10.86 9.35 6.74 8/3179 14652
10.86 9.35 6.74 4/3179 14671
10.86 9.35 6.74 6/3179 14690
10.39 9.27 6.73 3/3179 14709
10.39 9.27 6.73 2/3178 14730
10.39 9.27 6.73 2/3184 14758
10.39 9.27 6.73 2/3184 14777
10.39 9.27 6.73 4/3184 14796
9.96 9.20 6.72 3/3184 14815
9.96 9.20 6.72 2/3184 14834
9.96 9.20 6.72 1/3184 14853
9.96 9.20 6.72 2/3184 14872
9.96 9.20 6.72 3/3190 14898
9.80 9.18 6.73 2/3190 14918
9.80 9.18 6.73 3/3183 14938
9.80 9.18 6.73 1/3180 14957
9.80 9.18 6.73 4/3180 14977
9.80 9.18 6.73 2/3178 14996
9.66 9.16 6.74 3/3178 15015
9.66 9.16 6.74 2/3172 15036
9.66 9.16 6.74 3/3168 15055
9.66 9.16 6.74 3/3168 15074
9.66 9.16 6.74 2/3164 15093
9.53 9.14 6.74 6/3162 15112
9.53 9.14 6.74 5/3158 15131
9.53 9.14 6.74 5/3158 15150
9.53 9.14 6.74 4/3158 15169
9.53 9.14 6.74 4/3158 15188
9.48 9.14 6.75 3/3156 15208
9.48 9.14 6.75 2/3157 15228
9.48 9.14 6.75 10/3157 15247
9.48 9.14 6.75 2/3157 15266
9.48 9.14 6.75 7/3157 15285
9.52 9.15 6.77 2/3157 15304
9.52 9.15 6.77 1/3164 15333
9.52 9.15 6.77 1/3157 15353
9.52 9.15 6.77 13/3157 15372
9.16 9.08 6.76 8/3157 15393
9.16 9.08 6.76 5/3157 15412
9.23 9.10 6.78 6/3157 15431
9.23 9.10 6.78 2/3157 15450
9.23 9.10 6.78 7/3157 15469
9.23 9.10 6.78 6/3157 15488
8.97 9.05 6.78 4/3157 15507
8.97 9.05 6.78 3/3157 15528
8.97 9.05 6.78 2/3157 15547
8.97 9.05 6.78 8/3157 15567
8.97 9.05 6.78 2/3157 15587
9.37 9.13 6.81 3/3155 15607
9.37 9.13 6.81 8/3156 15630
9.37 9.13 6.81 2/3152 15657
9.37 9.13 6.81 3/3152 15677
9.37 9.13 6.81 5/3145 15700
9.10 9.08 6.81 7/3143 15727
9.10 9.08 6.81 2/3143 15746
9.10 9.08 6.81 10/3143 15765
9.10 9.08 6.81 4/3143 15784
9.10 9.08 6.81 3/3143 15804
9.09 9.08 6.82 12/3143 15823
9.09 9.08 6.82 9/3143 15844
9.09 9.08 6.82 1/3142 15863
9.09 9.08 6.82 2/3140 15882
9.09 9.08 6.82 5/3140 15901
8.69 8.99 6.81 5/3140 15920
8.69 8.99 6.81 4/3140 15939
8.69 8.99 6.81 6/3140 15958
8.69 8.99 6.81 2/3138 15977
8.69 8.99 6.81 3/3138 15996
8.79 9.01 6.82 2/3138 16015
8.79 9.01 6.82 5/3139 16036
8.79 9.01 6.82 4/3139 16055
8.79 9.01 6.82 7/3141 16076
8.79 9.01 6.82 4/3146 16101
8.73 8.99 6.83 8/3141 16123
8.73 8.99 6.83 4/3146 16149
8.73 8.99 6.83 4/3146 16168
8.73 8.99 6.83 8/3146 16187
8.73 8.99 6.83 2/3146 16206
8.83 9.01 6.85 1/3146 16225
8.83 9.01 6.85 5/3146 16244
8.83 9.01 6.85 2/3145 16264
8.83 9.01 6.85 6/3146 16284
8.83 9.01 6.85 3/3146 16303
8.84 9.01 6.86 8/3145 16322
8.84 9.01 6.86 5/3145 16341
8.84 9.01 6.86 2/3145 16360
8.84 9.01 6.86 4/3145 16379
8.84 9.01 6.86 2/3145 16398
8.94 9.03 6.88 4/3145 16417
8.94 9.03 6.88 3/3145 16438
8.94 9.03 6.88 7/3145 16457
8.94 9.03 6.88 5/3146 16477
8.94 9.03 6.88 3/3146 16497
9.34 9.11 6.92 59/3127 16526
9.34 9.11 6.92 5/3079 16549
9.34 9.11 6.92 4/3073 16568
9.34 9.11 6.92 6/3073 16587
9.34 9.11 6.92 6/3073 16606
9.47 9.14 6.94 6/3074 16626
9.47 9.14 6.94 3/3088 16659
9.47 9.14 6.94 2/3100 16690
9.47 9.14 6.94 4/3100 16709
9.47 9.14 6.94 4/3100 16728
9.36 9.12 6.94 4/3100 16748
