1188.04 4109.25
1188.98 4112.32
1189.98 4115.98
1190.96 4119.87
1191.97 4123.96
1192.96 4128.35
1193.96 4132.64
1194.97 4136.53
1195.97 4140.49
1196.96 4144.26
1197.97 4147.78
1198.96 4150.96
1199.97 4154.56
1200.97 4157.99
1201.97 4161.45
1202.96 4164.89
1203.97 4168.46
1204.97 4171.90
1205.97 4175.38
1206.97 4178.95
1207.97 4182.57
1208.97 4186.13
1209.97 4189.75
1210.96 4193.28
1211.97 4196.87
1212.97 4200.47
1213.98 4204.08
1214.97 4207.64
1215.97 4211.24
1216.97 4214.91
1217.97 4218.62
1218.96 4222.06
1219.97 4225.43
1220.97 4228.72
1221.96 4232.20
1222.97 4235.89
1223.98 4239.55
1224.96 4243.07
1225.97 4246.69
1226.97 4250.32
1227.98 4253.99
1228.96 4257.54
1229.96 4261.10
1230.97 4264.66
1231.96 4268.22
1232.97 4271.84
1233.96 4275.35
1234.97 4279.01
1235.96 4282.57
1236.97 4286.30
1237.96 4289.88
1238.97 4293.41
1239.97 4297.03
1240.96 4300.29
1241.98 4303.77
1242.96 4307.32
1243.97 4310.89
1244.97 4314.45
1245.96 4318.03
1246.97 4321.64
1247.96 4325.23
1248.96 4328.76
1249.98 4332.43
1250.96 4335.84
1251.97 4339.44
1252.97 4343.04
1253.97 4346.57
1254.96 4350.14
1255.96 4353.68
1256.97 4357.24
1257.98 4360.85
1258.97 4364.32
1259.96 4367.84
1261.01 4371.53
1261.97 4374.63
1262.98 4377.94
1264.98 4385.04
1266.31 4389.79
1270.23 4403.91
1271.99 4410.13
1272.99 4413.61
1273.97 4417.06
1274.97 4420.57
1275.96 4424.02
1276.97 4427.61
1277.97 4431.01
1278.96 4434.39
1279.98 4437.89
1280.97 4441.31
1281.96 4444.80
1282.96 4448.15
1283.97 4451.26
1284.97 4454.59
1285.97 4458.00
1286.96 4461.40
1287.97 4464.88
1288.98 4468.28
1289.97 4471.65
1290.97 4475.01
1291.97 4478.38
1292.97 4481.83
1293.97 4485.25
1294.97 4488.69
1295.97 4492.16
1296.97 4495.47
1297.97 4498.90
1298.98 4502.27
1299.97 4505.61
1300.97 4509.06
1301.97 4512.44
1302.98 4515.83
1303.97 4519.15
1304.96 4522.13
1305.97 4525.28
1306.98 4528.65
1307.97 4531.96
1308.97 4535.31
1309.99 4538.60
1310.97 4541.80
1311.99 4545.13
1312.97 4548.25
1313.98 4551.54
1314.97 4554.91
1315.98 4558.25
1316.97 4561.56
1318.03 4565.06
1318.96 4568.08
1319.97 4571.50
1320.98 4574.82
1321.97 4578.06
1322.97 4581.37
1323.98 4584.68
1324.96 4587.88
1325.98 4590.74
1326.97 4591.92
1327.98 4595.05
1328.98 4598.10
1329.97 4601.43
1330.98 4603.67
1331.97 4606.12
1332.96 4609.47
1333.98 4612.77
1334.97 4615.97
1335.99 4619.29
