10.66 9.33 6.19 3/3048 22691
10.45 9.30 6.20 4/3068 22761
10.45 9.30 6.20 2/3058 22783
10.45 9.30 6.20 6/3064 22810
10.45 9.30 6.20 1/3058 22831
10.45 9.30 6.20 1/3047 22856
10.17 9.27 6.20 3/3047 22875
10.17 9.27 6.20 3/3047 22894
10.17 9.27 6.20 1/3050 22917
10.17 9.27 6.20 3/3051 22946
10.17 9.27 6.20 4/3051 22973
9.84 9.21 6.20 3/3050 22992
9.84 9.21 6.20 6/3049 23011
9.84 9.21 6.20 10/3048 23030
9.84 9.21 6.20 1/3048 23049
9.84 9.21 6.20 4/3048 23068
10.01 9.26 6.23 2/3048 23087
10.01 9.26 6.23 5/3048 23106
10.01 9.26 6.23 6/3048 23125
10.01 9.26 6.23 9/3048 23145
10.01 9.26 6.23 6/3048 23166
9.77 9.22 6.23 8/3047 23185
9.77 9.22 6.23 5/3047 23204
9.77 9.22 6.23 2/3047 23223
9.77 9.22 6.23 2/3054 23250
9.77 9.22 6.23 2/3047 23270
9.63 9.20 6.24 11/3047 23289
9.63 9.20 6.24 4/3047 23308
9.63 9.20 6.24 5/3047 23327
9.63 9.20 6.24 4/3047 23346
9.63 9.20 6.24 2/3039 23365
9.42 9.16 6.25 5/3034 23385
9.42 9.16 6.25 5/3033 23404
9.42 9.16 6.25 5/3033 23423
9.42 9.16 6.25 4/3033 23442
9.42 9.16 6.25 4/3028 23463
9.30 9.14 6.26 7/3026 23490
9.30 9.14 6.26 6/3026 23513
9.30 9.14 6.26 1/3025 23532
9.30 9.14 6.26 6/3025 23551
9.30 9.14 6.26 3/3025 23570
9.12 9.11 6.26 6/3022 23589
9.12 9.11 6.26 5/3022 23609
9.12 9.11 6.26 5/3022 23628
9.12 9.11 6.26 5/3021 23647
9.12 9.11 6.26 5/3028 23674
9.27 9.14 6.29 5/3028 23693
9.27 9.14 6.29 4/3021 23713
9.27 9.14 6.29 4/3021 23732
9.27 9.14 6.29 5/3021 23751
9.27 9.14 6.29 7/3021 23772
9.09 9.10 6.29 4/3020 23791
9.09 9.10 6.29 4/3017 23810
9.09 9.10 6.29 5/3017 23829
9.09 9.10 6.29 7/3017 23849
9.09 9.10 6.29 3/3017 23869
8.92 9.07 6.30 3/3017 23888
8.92 9.07 6.30 6/3013 23907
8.92 9.07 6.30 5/3011 23926
8.92 9.07 6.30 5/3008 23945
8.92 9.07 6.30 9/3005 23964
9.17 9.12 6.33 5/3004 23983
9.17 9.12 6.33 7/3000 24002
9.17 9.12 6.33 3/2998 24021
9.17 9.12 6.33 2/2998 24040
9.17 9.12 6.33 4/2996 24061
9.47 9.18 6.36 6/2996 24081
9.47 9.18 6.36 6/3003 24108
9.47 9.18 6.36 9/2996 24128
9.47 9.18 6.36 4/2996 24147
9.47 9.18 6.36 8/2996 24166
9.36 9.16 6.37 8/2996 24185
9.36 9.16 6.37 5/2996 24204
9.36 9.16 6.37 4/2996 24223
9.36 9.16 6.37 3/2996 24242
9.36 9.16 6.37 4/2996 24261
9.49 9.19 6.40 8/2996 24280
9.49 9.19 6.40 2/2996 24300
9.49 9.19 6.40 9/2996 24319
9.49 9.19 6.40 3/2996 24338
9.49 9.19 6.40 10/2996 24359
9.61 9.22 6.42 10/2930 24391
9.61 9.22 6.42 5/2914 24410
9.61 9.22 6.42 15/2916 24431
9.61 9.22 6.42 7/2916 24450
9.61 9.22 6.42 3/2916 24469
9.64 9.24 6.44 8/2916 24488
9.64 9.24 6.44 4/2916 24507
9.64 9.24 6.44 12/2923 24534
9.64 9.24 6.44 8/2923 24554
9.64 9.24 6.44 2/2916 24574
9.51 9.22 6.45 8/2917 24594
9.51 9.22 6.45 7/2916 24613
9.51 9.22 6.45 5/2911 24636
9.51 9.22 6.45 8/2911 24655
9.51 9.22 6.45 5/2911 24676
9.63 9.25 6.47 9/2911 24703
9.63 9.25 6.47 7/2911 24726
9.63 9.25 6.47 4/2911 24745
9.63 9.25 6.47 8/2911 24764
9.63 9.25 6.47 9/2911 24784
9.74 9.27 6.50 3/2911 24803
9.74 9.27 6.50 6/2911 24822
9.74 9.27 6.50 8/2912 24842
9.74 9.27 6.50 6/2912 24861
9.74 9.27 6.50 3/2912 24880
9.60 9.25 6.51 4/2912 24899
9.60 9.25 6.51 7/2912 24918
9.60 9.25 6.51 3/2912 24937
9.60 9.25 6.51 8/2912 24956
9.60 9.25 6.51 6/2919 24985
9.63 9.27 6.53 4/2910 25005
9.63 9.27 6.53 3/2910 25025
9.63 9.27 6.53 5/2910 25044
9.63 9.27 6.53 5/2910 25063
9.63 9.27 6.53 17/2910 25083
9.74 9.29 6.55 6/2910 25102
9.74 9.29 6.55 2/2910 25121
9.74 9.29 6.55 5/2910 25140
9.74 9.29 6.55 5/2910 25159
9.74 9.29 6.55 5/2910 25178
9.68 9.29 6.56 7/2910 25197
9.68 9.29 6.56 3/2910 25216
9.68 9.29 6.56 4/2910 25236
9.68 9.29 6.56 5/2910 25255
9.68 9.29 6.56 6/2910 25276
9.39 9.23 6.56 4/2910 25295
9.39 9.23 6.56 4/2910 25314
9.39 9.23 6.56 4/2910 25333
9.39 9.23 6.56 4/2910 25352
9.39 9.23 6.56 5/2910 25371
9.44 9.25 6.58 2/2917 25398
9.44 9.25 6.58 5/2918 25419
9.44 9.25 6.58 2/2911 25438
9.44 9.25 6.58 4/2911 25458
9.44 9.25 6.58 6/2911 25477
9.32 9.23 6.59 7/2911 25496
9.32 9.23 6.59 5/2911 25515
9.32 9.23 6.59 6/2911 25534
9.32 9.23 6.59 2/2911 25553
9.32 9.23 6.59 4/2911 25574
9.21 9.21 6.60 4/2911 25593
9.21 9.21 6.60 5/2910 25612
9.21 9.21 6.60 4/2910 25631
9.21 9.21 6.60 7/2910 25650
9.21 9.21 6.60 12/2910 25669
9.28 9.22 6.61 3/2910 25689
9.28 9.22 6.61 7/2910 25708
9.28 9.22 6.61 4/2910 25727
