1010.39 3264.54
1011.33 3267.73
1012.30 3271.18
1013.31 3275.04
1014.31 3278.93
1015.31 3283.27
1016.31 3287.43
1017.31 3291.16
1018.31 3295.12
1019.30 3298.80
1020.30 3302.46
1021.30 3306.06
1022.30 3309.58
1023.31 3313.12
1024.31 3316.60
1025.30 3319.93
1026.31 3323.36
1027.31 3326.70
1028.31 3330.06
1029.30 3333.37
1030.31 3336.67
1031.30 3339.81
1032.31 3343.08
1033.31 3346.26
1034.31 3349.26
1035.31 3352.04
1036.31 3355.11
1037.30 3358.17
1038.30 3361.30
1039.31 3364.41
1040.32 3367.54
1041.30 3370.52
1042.31 3373.58
1043.30 3376.61
1044.30 3379.63
1045.31 3382.65
1046.32 3385.67
1047.32 3388.61
1048.31 3391.56
1049.31 3394.55
1050.31 3397.54
1051.31 3400.46
1052.31 3403.37
1053.31 3406.34
1054.31 3409.28
1055.33 3412.22
1056.32 3414.80
1057.31 3417.44
1058.31 3420.35
1059.31 3423.19
1060.31 3426.13
1061.32 3429.02
1062.31 3431.82
1063.31 3434.70
1064.31 3437.56
1065.32 3440.43
1066.31 3443.26
1067.32 3446.11
1068.32 3448.95
1069.32 3451.84
1070.32 3454.70
1071.32 3457.53
1072.31 3460.36
1073.31 3463.17
1074.33 3465.94
1075.35 3468.79
1076.32 3471.46
1077.33 3473.91
1078.31 3476.36
1079.32 3479.25
1080.31 3482.11
1081.32 3484.95
1082.32 3487.76
1083.32 3490.59
1084.33 3493.46
1085.32 3496.33
1086.32 3499.10
1087.32 3501.87
1088.31 3504.65
1089.31 3507.41
1090.33 3510.23
1091.36 3512.13
1092.31 3513.37
1093.32 3516.12
1094.32 3518.82
1095.39 3521.80
1096.32 3524.20
1097.31 3526.90
1098.33 3529.44
1099.31 3531.58
1100.32 3534.20
1101.31 3536.84
1102.32 3539.35
1103.31 3541.80
1104.31 3544.59
1105.34 3547.42
1106.31 3549.91
1107.31 3552.37
1108.31 3554.93
1109.31 3557.43
1110.31 3559.83
1111.31 3562.37
1112.31 3565.02
1113.31 3567.74
1114.31 3570.38
1115.31 3573.14
1116.31 3575.90
1117.31 3578.60
1118.31 3581.34
1119.31 3584.11
1120.31 3586.61
1121.31 3588.99
1122.31 3591.84
1123.31 3594.58
1124.42 3597.70
1125.32 3600.23
1126.32 3602.76
1127.32 3605.51
1128.32 3608.22
1129.31 3610.94
1130.31 3613.75
1131.31 3616.46
1132.31 3619.19
1133.31 3621.65
1134.31 3624.23
1135.31 3627.01
1136.32 3629.69
1137.31 3632.36
1138.31 3635.20
1139.31 3637.95
1140.32 3640.73
1141.32 3643.31
1142.32 3645.67
1143.31 3648.37
1144.31 3651.05
1145.31 3653.66
1146.32 3656.37
1147.31 3659.06
1148.31 3661.84
1149.31 3664.61
1150.31 3667.30
1151.31 3669.83
1152.31 3672.58
1153.31 3675.18
1154.31 3677.93
1155.31 3680.64
1156.31 3683.14
1157.31 3685.86
1158.31 3688.52
