8.93 9.20 8.99 3/2987 6203
8.93 9.20 8.99 3/3009 6284
8.94 9.19 8.99 3/3007 6306
8.94 9.19 8.99 3/3007 6326
8.94 9.19 8.99 4/3006 6345
8.94 9.19 8.99 2/2995 6368
8.94 9.19 8.99 2/2995 6387
8.78 9.16 8.98 4/2995 6406
8.78 9.16 8.98 4/2998 6428
8.78 9.16 8.98 4/3000 6457
8.78 9.16 8.98 3/3000 6480
8.78 9.16 8.98 3/2993 6500
9.12 9.22 9.01 5/2989 6519
9.12 9.22 9.01 13/2995 6546
9.12 9.22 9.01 3/2993 6566
9.12 9.22 9.01 5/2988 6585
9.12 9.22 9.01 1/2976 6604
9.35 9.27 9.02 10/2974 6623
9.35 9.27 9.02 2/2974 6642
9.35 9.27 9.02 7/2974 6661
9.35 9.27 9.02 5/2974 6681
9.35 9.27 9.02 3/2974 6700
9.40 9.28 9.03 1/2973 6719
9.40 9.28 9.03 4/2973 6739
9.40 9.28 9.03 5/2973 6758
9.40 9.28 9.03 5/2973 6777
9.40 9.28 9.03 4/2972 6796
9.13 9.22 9.01 3/2969 6815
9.13 9.22 9.01 3/2968 6834
9.13 9.22 9.01 3/2968 6853
9.13 9.22 9.01 2/2968 6872
9.13 9.22 9.01 4/2964 6891
8.96 9.19 9.00 10/2962 6910
8.96 9.19 9.00 3/2962 6929
8.96 9.19 9.00 5/2969 6956
8.96 9.19 9.00 7/2969 6976
8.96 9.19 9.00 3/2962 6996
8.72 9.13 8.98 2/2962 7015
8.72 9.13 8.98 5/2962 7034
8.72 9.13 8.98 4/2962 7053
8.72 9.13 8.98 2/2962 7072
8.72 9.13 8.98 3/2962 7093
8.50 9.08 8.97 4/2961 7112
8.50 9.08 8.97 1/2961 7131
8.50 9.08 8.97 2/2960 7150
8.50 9.08 8.97 7/2960 7169
8.50 9.08 8.97 3/2960 7189
8.46 9.06 8.96 3/2960 7208
8.46 9.06 8.96 4/2960 7227
8.46 9.06 8.96 2/2960 7247
8.46 9.06 8.96 4/2960 7266
8.46 9.06 8.96 4/2960 7285
8.51 9.06 8.96 3/2958 7304
8.51 9.06 8.96 3/2957 7323
8.51 9.06 8.96 5/2957 7342
8.51 9.06 8.96 2/2957 7361
8.51 9.06 8.96 5/2964 7396
8.39 9.03 8.95 6/2954 7421
8.39 9.03 8.95 3/2953 7440
8.39 9.03 8.95 4/2949 7459
8.39 9.03 8.95 6/2947 7478
8.39 9.03 8.95 5/2947 7497
8.27 8.99 8.94 4/2944 7516
8.27 8.99 8.94 7/2940 7539
8.27 8.99 8.94 4/2940 7558
8.27 8.99 8.94 4/2940 7577
8.27 8.99 8.94 3/2940 7596
8.33 8.99 8.94 2/2940 7615
8.33 8.99 8.94 4/2938 7634
8.33 8.99 8.94 5/2938 7654
8.33 8.99 8.94 8/2938 7673
8.33 8.99 8.94 5/2938 7692
9.11 9.14 8.99 3/2938 7711
9.11 9.14 8.99 4/2938 7730
9.11 9.14 8.99 8/2938 7749
9.11 9.14 8.99 5/2938 7768
9.11 9.14 8.99 4/2938 7787
9.10 9.14 8.99 9/2944 7815
9.10 9.14 8.99 3/2944 7835
9.10 9.14 8.99 1/2936 7854
9.10 9.14 8.99 1/2935 7874
9.10 9.14 8.99 7/2935 7894
9.09 9.14 8.99 2/2934 7913
9.09 9.14 8.99 5/2935 7933
9.09 9.14 8.99 2/2935 7952
9.09 9.14 8.99 3/2935 7971
9.09 9.14 8.99 6/2935 7990
9.48 9.22 9.02 6/2935 8011
9.48 9.22 9.02 6/2935 8030
9.48 9.22 9.02 4/2935 8049
9.48 9.22 9.02 4/2935 8068
9.48 9.22 9.02 5/2935 8087
9.44 9.22 9.02 4/2935 8106
9.44 9.22 9.02 5/2935 8126
9.44 9.22 9.02 4/2935 8145
9.44 9.22 9.02 2/2935 8164
9.44 9.22 9.02 4/2935 8183
9.49 9.23 9.02 5/2935 8202
9.49 9.23 9.02 6/2940 8226
9.49 9.23 9.02 5/2942 8248
9.49 9.23 9.02 3/2935 8268
9.49 9.23 9.02 4/2935 8287
9.29 9.19 9.01 8/2935 8306
9.29 9.19 9.01 8/2935 8325
9.29 9.19 9.01 2/2935 8345
9.29 9.19 9.01 20/2935 8364
9.29 9.19 9.01 2/2935 8383
9.27 9.19 9.01 3/2935 8402
9.27 9.19 9.01 12/2885 8423
9.27 9.19 9.01 5/2772 8456
9.27 9.19 9.01 5/2787 8500
9.27 9.19 9.01 7/2786 8519
9.16 9.17 9.01 2/2786 8538
9.16 9.17 9.01 7/2786 8557
9.16 9.17 9.01 3/2786 8576
9.16 9.17 9.01 8/2782 8595
9.16 9.17 9.01 5/2782 8624
9.15 9.17 9.01 5/2782 8647
9.15 9.17 9.01 6/2782 8666
9.15 9.17 9.01 3/2782 8685
9.15 9.17 9.01 4/2790 8714
9.15 9.17 9.01 1/2783 8734
8.90 9.11 8.99 4/2783 8753
8.90 9.11 8.99 4/2783 8772
8.90 9.11 8.99 5/2783 8791
8.90 9.11 8.99 3/2783 8810
8.90 9.11 8.99 5/2783 8829
8.91 9.11 8.99 3/2783 8849
8.91 9.11 8.99 3/2783 8868
8.91 9.11 8.99 5/2783 8887
8.91 9.11 8.99 6/2783 8906
8.91 9.11 8.99 3/2783 8925
8.67 9.06 8.97 2/2783 8944
8.67 9.06 8.97 6/2783 8963
8.67 9.06 8.97 1/2783 8982
8.67 9.06 8.97 4/2783 9001
8.67 9.06 8.97 3/2783 9020
8.54 9.03 8.96 5/2783 9039
8.54 9.03 8.96 5/2783 9059
8.54 9.03 8.96 2/2783 9078
8.54 9.03 8.96 2/2783 9098
8.54 9.03 8.96 3/2790 9125
8.66 9.04 8.97 6/2791 9145
8.66 9.04 8.97 6/2783 9164
8.66 9.04 8.97 4/2783 9183
8.66 9.04 8.97 4/2783 9202
8.66 9.04 8.97 4/2783 9221
8.60 9.02 8.96 4/2783 9240
8.60 9.02 8.96 6/2783 9259
8.60 9.02 8.96 4/2783 9278
8.60 9.02 8.96 2/2783 9298
8.60 9.02 8.96 6/2783 9317
8.64 9.02 8.96 4/2783 9336
8.64 9.02 8.96 4/2783 9355
8.64 9.02 8.96 2/2783 9374
8.64 9.02 8.96 8/2783 9393
8.64 9.02 8.96 2/2783 9412
8.50 8.99 8.95 2/2783 9431
8.50 8.99 8.95 5/2783 9450
8.50 8.99 8.95 4/2783 9470
8.50 8.99 8.95 4/2783 9489
8.50 8.99 8.95 4/2783 9508
8.38 8.96 8.94 4/2783 9528
8.38 8.96 8.94 2/2790 9555
8.38 8.96 8.94 7/2783 9575
8.38 8.96 8.94 2/2783 9594
8.38 8.96 8.94 4/2783 9613
8.35 8.94 8.94 10/2783 9632
8.35 8.94 8.94 5/2782 9651
8.35 8.94 8.94 3/2782 9670
8.35 8.94 8.94 6/2782 9689
8.35 8.94 8.94 3/2782 9708
8.57 8.98 8.95 7/2782 9727
8.57 8.98 8.95 4/2782 9746
8.57 8.98 8.95 8/2782 9766
8.57 8.98 8.95 5/2782 9785
8.57 8.98 8.95 3/2782 9817
8.60 8.98 8.95 3/2782 9836
8.60 8.98 8.95 10/2782 9855
8.60 8.98 8.95 4/2782 9874
8.60 8.98 8.95 4/2782 9893
8.60 8.98 8.95 5/2782 9912
8.55 8.96 8.94 4/2782 9931
8.55 8.96 8.94 6/2782 9950
8.55 8.96 8.94 6/2715 9977
8.55 8.96 8.94 10/2791 10107
8.55 8.96 8.94 3/2823 10164
9.31 9.11 8.99 11/2823 10194
9.31 9.11 8.99 1/2823 10213
9.31 9.11 8.99 1/2823 10234
9.31 9.11 8.99 7/2819 10254
9.31 9.11 8.99 2/2815 10273
9.04 9.06 8.98 6/2815 10293
9.04 9.06 8.98 2/2815 10312
9.04 9.06 8.98 3/2815 10332
9.04 9.06 8.98 4/2816 10356
9.04 9.06 8.98 5/2816 10395
9.20 9.09 8.99 3/2816 10419
9.20 9.09 8.99 7/2816 10438
9.20 9.09 8.99 5/2816 10458
9.20 9.09 8.99 2/2815 10478
9.20 9.09 8.99 3/2815 10497
9.02 9.06 8.98 1/2815 10516
9.02 9.06 8.98 1/2815 10536
9.02 9.06 8.98 5/2815 10555
9.02 9.06 8.98 4/2816 10576
9.02 9.06 8.98 7/2816 10595
9.10 9.07 8.98 3/2815 10615
9.10 9.07 8.98 9/2815 10635
9.10 9.07 8.98 1/2815 10655
9.10 9.07 8.98 3/2815 10674
9.10 9.07 8.98 2/2790 10693
8.77 9.00 8.96 4/2790 10712
8.77 9.00 8.96 1/2790 10732
8.77 9.00 8.96 6/2790 10754
8.77 9.00 8.96 3/2790 10773
8.77 9.00 8.96 2/2790 10792
8.79 9.00 8.96 4/2790 10811
8.79 9.00 8.96 2/2790 10831
8.79 9.00 8.96 4/2790 10850
8.79 9.00 8.96 4/2790 10870
8.79 9.00 8.96 3/2790 10889
8.97 9.04 8.97 1/2790 10908
8.97 9.04 8.97 4/2790 10928
8.97 9.04 8.97 3/2820 10991
8.97 9.04 8.97 1/2824 11022
8.97 9.04 8.97 1/2821 11041
9.45 9.14 9.00 2/2828 11068
9.45 9.14 9.00 1/2834 11098
9.45 9.14 9.00 3/2834 11117
9.45 9.14 9.00 2/2834 11136
9.45 9.14 9.00 9/2834 11156
9.34 9.12 9.00 3/2834 11175
9.34 9.12 9.00 7/2835 11196
9.34 9.12 9.00 2/2835 11215
9.34 9.12 9.00 1/2835 11234
9.34 9.12 9.00 5/2834 11264
9.07 9.06 8.98 3/2834 11283
9.07 9.06 8.98 9/2834 11303
9.07 9.06 8.98 3/2834 11322
9.07 9.06 8.98 1/2834 11341
9.07 9.06 8.98 1/2834 11360
8.90 9.03 8.97 7/2834 11379
8.90 9.03 8.97 2/2834 11402
8.90 9.03 8.97 3/2833 11421
8.90 9.03 8.97 4/2829 11440
8.90 9.03 8.97 2/2819 11459
9.23 9.10 8.99 5/2822 11482
9.23 9.10 8.99 6/2822 11503
