10591.76 36625.77
10592.66 36628.82
10593.64 36632.45
10594.64 36636.55
10595.67 36640.90
10596.64 36645.20
10597.64 36649.27
10598.64 36653.35
10599.64 36657.38
10600.65 36661.19
10601.65 36664.93
10602.65 36668.59
10603.65 36672.19
10604.66 36675.69
10605.66 36678.88
10606.65 36682.32
10607.64 36685.80
10608.65 36689.31
10609.66 36692.90
10610.65 36696.37
10611.64 36699.87
10612.65 36703.32
10613.65 36706.78
10614.65 36710.16
10615.65 36713.56
10616.65 36716.93
10617.65 36720.32
10618.64 36723.74
10619.64 36727.15
10620.66 36730.69
10621.65 36734.11
10622.66 36737.51
10623.65 36740.90
10624.65 36744.34
10625.64 36747.77
10626.66 36750.89
10627.66 36754.11
10628.66 36757.56
10629.65 36761.00
10630.64 36764.46
10631.65 36767.90
10632.65 36771.26
10633.64 36774.64
10634.65 36778.03
10635.65 36781.46
10636.65 36784.77
10637.64 36788.13
10638.65 36791.58
10639.64 36794.93
10640.65 36798.38
10641.64 36801.75
10642.64 36805.08
10643.64 36808.51
10644.65 36811.92
10645.64 36815.31
10646.65 36818.70
10647.65 36821.74
10648.65 36824.76
10649.64 36828.07
10650.65 36831.46
10651.65 36834.88
10652.64 36838.13
10653.65 36841.57
10654.65 36844.80
10655.64 36848.14
10656.64 36851.54
10657.65 36854.83
10658.65 36858.14
10659.64 36861.49
10660.66 36864.73
10661.64 36868.05
10662.69 36871.42
10663.65 36874.61
10664.65 36877.94
10665.64 36881.19
10666.65 36884.71
10667.64 36888.01
10668.65 36891.16
10669.65 36894.15
10670.65 36897.27
10671.65 36900.51
10672.65 36903.74
10673.66 36906.95
10674.65 36910.19
10675.65 36913.45
10676.64 36916.67
10677.66 36920.08
10678.66 36923.20
10679.65 36926.52
10680.66 36929.83
10681.68 36933.00
10682.65 36936.16
10683.67 36939.49
10684.66 36942.50
10685.65 36945.79
10686.67 36949.02
10687.65 36952.24
10688.65 36955.48
10689.65 36958.62
10690.66 36961.58
10691.65 36964.51
10692.66 36967.67
10693.66 36970.91
10694.65 36973.96
10695.65 36977.13
10696.65 36980.27
10697.66 36983.33
10698.65 36986.45
10699.65 36989.31
10700.65 36991.22
10701.65 36993.41
10702.66 36996.49
10703.65 36999.65
10704.66 37002.89
10705.65 37005.98
10706.65 37009.16
10707.66 37012.18
10708.65 37015.24
10709.65 37018.50
10710.65 37021.50
10711.65 37024.21
10712.65 37026.98
10713.65 37030.15
10714.65 37033.29
10715.66 37036.44
10716.65 37039.40
10717.64 37042.60
10718.67 37045.77
10719.66 37048.86
10720.66 37051.98
10721.66 37055.08
10722.66 37058.18
10723.65 37061.29
10724.65 37064.32
10725.65 37067.51
10726.65 37070.61
10727.66 37073.82
10728.65 37076.96
10729.66 37079.96
10730.66 37083.08
10731.65 37086.12
10732.65 37089.03
10733.66 37091.94
10734.65 37094.79
10735.66 37097.91
10736.68 37101.11
10737.66 37104.08
10738.67 37107.29
10739.67 37110.39
10740.66 37113.39
10741.65 37116.54
10742.66 37119.56
10743.65 37122.45
10744.66 37125.48
10745.65 37128.52
10746.66 37131.66
10747.65 37134.75
10748.66 37137.89
10749.66 37141.03
10750.65 37144.04
10751.65 37147.15
10752.65 37150.15
10753.66 37153.16
10754.65 37155.86
10755.65 37158.66
10756.66 37161.66
10757.66 37164.77
10758.66 37167.78
10759.66 37170.85
10760.65 37173.95
10761.66 37176.99
10762.65 37180.02
10763.65 37183.13
10764.65 37186.13
10765.66 37189.34
10766.66 37192.34
10767.68 37195.42
10768.65 37198.49
10769.66 37201.51
10770.65 37204.57
10771.66 37207.58
10772.66 37210.55
10773.65 37213.71
10774.66 37216.62
10775.67 37218.98
10776.75 37220.09
10777.65 37220.51
10778.66 37221.84
10779.66 37224.73
10780.66 37228.43
10781.67 37232.13
10782.66 37235.77
10783.67 37239.57
10784.66 37242.95
10785.65 37246.71
10786.66 37250.48
10787.66 37254.21
10788.66 37257.83
10789.65 37261.37
10790.65 37265.13
10791.66 37268.98
10792.66 37272.74
10793.66 37276.53
10794.66 37280.08
10795.66 37283.65
10796.66 37287.20
10797.65 37290.95
10798.65 37294.78
10799.70 37298.54
10800.66 37301.97
10801.65 37305.76
10802.66 37309.60
10803.66 37313.26
10804.66 37316.85
10805.65 37320.33
10806.66 37324.04
10807.65 37327.54
10808.67 37330.92
10809.66 37334.39
10810.66 37337.88
10811.66 37341.44
10812.67 37344.99
10813.67 37348.52
10814.66 37352.20
10815.67 37355.72
10816.66 37358.60
10817.65 37362.21
10818.66 37365.56
10819.68 37368.77
10820.66 37372.47
10821.65 37376.24
10822.66 37380.01
10823.67 37383.81
10824.67 37387.36
10825.66 37391.05
10826.66 37394.82
10827.66 37398.57
10828.67 37402.30
10829.67 37406.01
10830.67 37409.66
10831.66 37413.43
10832.66 37417.17
10833.66 37420.83
10834.67 37424.36
10835.66 37427.90
10836.66 37431.42
10837.67 37435.08
10838.66 37438.77
10839.66 37442.52
