9.34 9.12 9.01 2/2900 11730
9.34 9.12 9.01 3/2921 11801
9.34 9.12 9.01 2/2911 11824
9.15 9.09 8.99 1/2910 11843
9.15 9.09 8.99 3/2910 11862
9.15 9.09 8.99 3/2898 11886
9.15 9.09 8.99 6/2895 11905
9.15 9.09 8.99 2/2898 11927
8.90 9.04 8.98 3/2897 11947
8.90 9.04 8.98 4/2896 11980
8.90 9.04 8.98 8/2931 12044
8.90 9.04 8.98 4/2928 12064
8.90 9.04 8.98 1/2919 12084
8.82 9.02 8.97 6/2917 12103
8.82 9.02 8.97 5/2916 12123
8.82 9.02 8.97 8/2912 12142
8.82 9.02 8.97 4/2912 12162
8.82 9.02 8.97 5/2912 12182
8.84 9.02 8.97 1/2912 12201
8.84 9.02 8.97 6/2912 12220
8.84 9.02 8.97 6/2915 12242
8.84 9.02 8.97 3/2914 12261
8.84 9.02 8.97 4/2915 12281
8.77 9.00 8.97 2/2915 12300
8.77 9.00 8.97 5/2915 12319
8.77 9.00 8.97 7/2915 12338
8.77 9.00 8.97 3/2915 12357
8.77 9.00 8.97 5/2915 12376
8.87 9.02 8.97 2/2915 12395
8.87 9.02 8.97 2/2915 12415
8.87 9.02 8.97 8/2915 12435
8.87 9.02 8.97 5/2915 12454
8.87 9.02 8.97 8/2922 12481
8.64 8.97 8.96 2/2915 12501
8.64 8.97 8.96 4/2915 12520
8.64 8.97 8.96 7/2915 12539
8.64 8.97 8.96 2/2915 12558
8.64 8.97 8.96 1/2915 12577
8.59 8.95 8.95 1/2915 12596
8.59 8.95 8.95 4/2915 12618
8.59 8.95 8.95 4/2915 12638
8.59 8.95 8.95 2/2915 12658
8.59 8.95 8.95 9/2915 12677
8.94 9.02 8.97 5/2915 12696
8.94 9.02 8.97 2/2914 12715
8.94 9.02 8.97 3/2914 12734
8.94 9.02 8.97 9/2914 12753
8.94 9.02 8.97 5/2914 12772
8.79 8.98 8.96 6/2914 12791
8.79 8.98 8.96 3/2914 12810
8.79 8.98 8.96 4/2914 12829
8.79 8.98 8.96 3/2913 12848
8.79 8.98 8.96 7/2913 12869
8.64 8.95 8.95 4/2920 12896
8.64 8.95 8.95 4/2920 12916
8.64 8.95 8.95 5/2913 12935
8.64 8.95 8.95 3/2913 12954
8.64 8.95 8.95 3/2911 12973
8.51 8.92 8.94 5/2909 12992
8.51 8.92 8.94 4/2906 13011
8.51 8.92 8.94 2/2904 13030
8.51 8.92 8.94 5/2904 13049
8.51 8.92 8.94 4/2899 13068
8.39 8.89 8.93 3/2897 13088
8.39 8.89 8.93 5/2897 13107
8.39 8.89 8.93 8/2897 13127
8.39 8.89 8.93 8/2897 13146
8.39 8.89 8.93 6/2897 13165
8.28 8.85 8.92 7/2895 13184
8.28 8.85 8.92 3/2895 13203
8.28 8.85 8.92 6/2894 13222
8.28 8.85 8.92 3/2894 13241
8.28 8.85 8.92 4/2894 13260
8.10 8.81 8.90 5/2894 13279
8.10 8.81 8.90 6/2894 13298
8.10 8.81 8.90 7/2892 13326
8.10 8.81 8.90 2/2885 13350
8.10 8.81 8.90 6/2885 13377
8.01 8.78 8.89 5/2884 13396
8.01 8.78 8.89 5/2884 13415
8.01 8.78 8.89 6/2884 13434
8.01 8.78 8.89 3/2883 13453
8.01 8.78 8.89 4/2883 13472
8.49 8.86 8.92 5/2883 13491
8.49 8.86 8.92 4/2883 13510
8.49 8.86 8.92 5/2880 13531
8.49 8.86 8.92 3/2880 13551
8.49 8.86 8.92 4/2880 13570
8.37 8.83 8.91 5/2880 13589
8.37 8.83 8.91 5/2880 13612
8.37 8.83 8.91 2/2880 13631
8.37 8.83 8.91 2/2890 13662
8.37 8.83 8.91 4/2890 13681
8.34 8.82 8.91 4/2890 13700
8.34 8.82 8.91 2/2890 13719
8.34 8.82 8.91 9/2890 13738
8.34 8.82 8.91 4/2897 13765
8.34 8.82 8.91 3/2890 13785
8.23 8.79 8.90 7/2890 13805
8.23 8.79 8.90 8/2890 13824
8.23 8.79 8.90 3/2890 13843
8.23 8.79 8.90 6/2890 13864
8.23 8.79 8.90 3/2890 13883
8.45 8.82 8.91 4/2889 13902
8.45 8.82 8.91 11/2889 13921
8.45 8.82 8.91 5/2889 13940
8.45 8.82 8.91 3/2889 13959
8.45 8.82 8.91 6/2889 13978
8.50 8.83 8.91 2/2889 13997
8.50 8.83 8.91 3/2889 14017
8.50 8.83 8.91 4/2889 14036
8.50 8.83 8.91 7/2889 14055
8.50 8.83 8.91 6/2889 14074
8.46 8.81 8.90 6/2889 14093
8.46 8.81 8.90 7/2889 14112
8.46 8.81 8.90 3/2889 14131
8.46 8.81 8.90 5/2889 14151
8.46 8.81 8.90 9/2896 14178
8.58 8.83 8.91 5/2896 14197
8.58 8.83 8.91 4/2889 14217
8.58 8.83 8.91 5/2889 14236
8.58 8.83 8.91 7/2889 14256
8.58 8.83 8.91 8/2889 14275
8.53 8.82 8.90 10/2889 14294
8.53 8.82 8.90 5/2889 14313
8.53 8.82 8.90 17/2838 14375
8.53 8.82 8.90 7/2860 14426
8.53 8.82 8.90 9/2860 14445
8.57 8.82 8.91 4/2860 14464
8.57 8.82 8.91 2/2860 14483
8.57 8.82 8.91 2/2859 14504
8.57 8.82 8.91 1/2858 14523
8.57 8.82 8.91 7/2858 14543
8.69 8.84 8.91 5/2858 14562
8.69 8.84 8.91 3/2858 14581
8.69 8.84 8.91 6/2858 14605
8.69 8.84 8.91 10/2858 14636
8.69 8.84 8.91 15/2858 14655
8.95 8.89 8.93 7/2858 14674
8.95 8.89 8.93 1/2859 14696
8.95 8.89 8.93 6/2858 14717
8.95 8.89 8.93 2/2858 14736
8.95 8.89 8.93 2/2860 14757
8.88 8.88 8.92 1/2859 14776
8.88 8.88 8.92 3/2860 14801
8.88 8.88 8.92 4/2860 14820
8.88 8.88 8.92 3/2860 14839
8.88 8.88 8.92 1/2860 14858
9.29 8.97 8.95 7/2860 14877
9.29 8.97 8.95 1/2861 14898
9.29 8.97 8.95 3/2861 14917
9.29 8.97 8.95 4/2861 14936
9.29 8.97 8.95 3/2861 14955
9.02 8.92 8.93 4/2861 14974
9.02 8.92 8.93 3/2861 14994
9.02 8.92 8.93 5/2861 15013
9.02 8.92 8.93 3/2861 15033
9.02 8.92 8.93 4/2861 15052
8.94 8.90 8.93 3/2861 15071
8.94 8.90 8.93 4/2861 15091
8.94 8.90 8.93 3/2862 15112
8.94 8.90 8.93 2/2861 15133
8.94 8.90 8.93 1/2861 15152
9.03 8.92 8.93 2/2861 15171
9.03 8.92 8.93 5/2861 15191
9.03 8.92 8.93 1/2861 15210
9.03 8.92 8.93 3/2861 15229
9.03 8.92 8.93 4/2860 15248
8.70 8.85 8.91 1/2860 15267
8.70 8.85 8.91 5/2860 15287
8.70 8.85 8.91 3/2860 15306
8.70 8.85 8.91 3/2860 15326
8.70 8.85 8.91 2/2860 15345
8.57 8.82 8.90 2/2860 15364
8.57 8.82 8.90 9/2860 15385
8.57 8.82 8.90 6/2860 15404
8.57 8.82 8.90 5/2860 15423
8.57 8.82 8.90 2/2860 15442
9.16 8.94 8.94 8/2860 15461
9.16 8.94 8.94 4/2860 15481
9.16 8.94 8.94 1/2860 15500
9.16 8.94 8.94 4/2861 15521
9.16 8.94 8.94 5/2860 15541
9.23 8.96 8.95 9/2860 15560
9.23 8.96 8.95 6/2860 15581
9.23 8.96 8.95 3/2860 15600
9.23 8.96 8.95 3/2854 15619
9.23 8.96 8.95 6/2854 15638
9.21 8.96 8.95 2/2854 15657
9.21 8.96 8.95 12/2854 15677
9.21 8.96 8.95 3/2854 15696
9.21 8.96 8.95 3/2852 15715
9.21 8.96 8.95 2/2852 15734
9.19 8.96 8.95 6/2852 15754
9.19 8.96 8.95 1/2853 15774
9.19 8.96 8.95 2/2853 15793
9.19 8.96 8.95 6/2853 15817
9.19 8.96 8.95 2/2853 15848
9.02 8.93 8.94 9/2853 15868
9.02 8.93 8.94 7/2853 15887
9.02 8.93 8.94 5/2853 15906
9.02 8.93 8.94 5/2853 15925
9.02 8.93 8.94 5/2854 15946
9.10 8.95 8.94 2/2853 15967
9.10 8.95 8.94 2/2853 15986
9.10 8.95 8.94 2/2853 16005
9.10 8.95 8.94 7/2853 16024
9.10 8.95 8.94 7/2853 16044
9.49 9.03 8.97 4/2853 16064
9.49 9.03 8.97 4/2853 16083
9.49 9.03 8.97 2/2853 16102
9.49 9.03 8.97 5/2853 16121
9.49 9.03 8.97 4/2853 16140
9.21 8.98 8.95 4/2853 16160
9.21 8.98 8.95 2/2853 16179
9.21 8.98 8.95 2/2853 16198
9.21 8.98 8.95 2/2853 16217
9.21 8.98 8.95 1/2853 16236
8.95 8.93 8.94 8/2853 16256
8.95 8.93 8.94 5/2853 16276
8.95 8.93 8.94 6/2853 16295
8.95 8.93 8.94 5/2853 16315
8.95 8.93 8.94 4/2853 16334
8.64 8.86 8.92 3/2854 16356
8.64 8.86 8.92 1/2853 16376
8.64 8.86 8.92 7/2853 16395
8.64 8.86 8.92 4/2853 16414
8.64 8.86 8.92 7/2853 16433
8.42 8.82 8.90 2/2853 16453
8.42 8.82 8.90 2/2853 16472
8.42 8.82 8.90 3/2853 16492
8.42 8.82 8.90 2/2853 16511
8.42 8.82 8.90 8/2853 16530
8.47 8.82 8.90 1/2853 16550
8.47 8.82 8.90 3/2853 16569
8.47 8.82 8.90 3/2853 16588
8.47 8.82 8.90 4/2853 16607
8.47 8.82 8.90 6/2853 16626
8.51 8.82 8.90 1/2853 16646
8.51 8.82 8.90 3/2853 16665
8.51 8.82 8.90 4/2853 16684
8.51 8.82 8.90 4/2853 16703
8.51 8.82 8.90 4/2854 16724
8.95 8.91 8.93 4/2854 16743
8.95 8.91 8.93 3/2855 16765
8.95 8.91 8.93 4/2854 16785
8.95 8.91 8.93 3/2854 16806
8.95 8.91 8.93 3/2854 16826
9.04 8.93 8.94 2/2854 16845
