10871.19 37548.96
10872.14 37552.08
10873.12 37555.70
10874.11 37559.80
10875.13 37564.08
10876.12 37568.53
10877.12 37572.74
10878.11 37576.49
10879.13 37580.63
10880.11 37584.19
10881.12 37587.54
10882.12 37590.83
10883.12 37594.16
10884.13 37597.76
10885.12 37601.27
10886.12 37604.46
10887.11 37607.96
10888.11 37611.42
10889.13 37615.02
10890.12 37618.41
10891.13 37621.88
10892.13 37625.29
10893.12 37628.58
10894.12 37631.90
10895.11 37635.27
10896.13 37638.45
10897.11 37641.75
10898.11 37645.01
10899.12 37648.28
10900.12 37651.54
10901.12 37654.81
10902.13 37658.04
10903.12 37660.92
10904.11 37663.70
10905.12 37666.96
10906.12 37670.15
10907.12 37673.30
10908.12 37676.47
10909.12 37679.61
10910.11 37682.74
10911.11 37685.89
10912.13 37689.00
10913.12 37692.09
10914.12 37695.19
10915.11 37698.29
10916.11 37701.41
10917.12 37704.50
10918.11 37707.47
10919.12 37710.60
10920.12 37713.60
10921.12 37716.63
10922.11 37719.66
10923.12 37722.62
10924.12 37725.61
10925.14 37728.34
10926.12 37731.16
10927.11 37734.20
10928.12 37737.25
10929.12 37740.28
10930.13 37743.40
10931.11 37746.42
10932.13 37749.51
10933.12 37752.50
10934.12 37755.48
10935.12 37758.49
10936.12 37761.17
10937.13 37763.94
10938.12 37766.64
10939.12 37769.52
10940.12 37772.46
10941.12 37775.40
10942.12 37778.44
10943.13 37781.34
10944.12 37784.25
10945.11 37787.25
10946.13 37790.02
10947.13 37792.81
10948.12 37795.76
10949.11 37798.74
10950.12 37801.77
10951.12 37804.70
10952.12 37807.51
10953.12 37810.16
10954.11 37812.96
10955.13 37816.01
10956.12 37819.00
10957.12 37821.98
10958.11 37824.87
10959.13 37827.92
10960.12 37830.88
10961.12 37833.83
10962.13 37836.75
10963.12 37839.69
10964.12 37842.60
10965.12 37845.58
10966.13 37848.60
10967.12 37851.23
10968.13 37853.90
10969.12 37856.75
10970.12 37859.69
10971.12 37862.73
10972.13 37865.69
10973.13 37868.62
10974.12 37871.51
10975.12 37874.42
10976.12 37877.43
10977.13 37880.38
10978.12 37883.27
10979.12 37886.27
10980.13 37889.13
10981.12 37892.09
10982.12 37895.09
10983.12 37898.01
10984.12 37901.00
10985.13 37904.00
10986.12 37906.90
10987.13 37909.92
10988.13 37912.80
10989.13 37915.37
10990.12 37918.18
10991.12 37921.16
10992.12 37924.05
10993.13 37927.03
10994.12 37929.84
10995.12 37932.68
10996.14 37934.33
10997.12 37935.71
10998.13 37938.19
10999.13 37941.30
11000.13 37944.97
11001.13 37948.38
11002.12 37951.93
11003.13 37955.61
11004.13 37959.30
11005.12 37963.02
11006.12 37966.79
11007.13 37970.54
11008.12 37974.28
11009.13 37978.00
11010.13 37981.76
11011.13 37985.39
11012.12 37989.13
11013.13 37992.93
11014.12 37996.66
11015.13 38000.30
11016.13 38003.88
11017.13 38007.62
11018.13 38011.26
11019.13 38015.00
11020.13 38018.79
11021.13 38022.48
11022.16 38026.24
11023.13 38029.88
11024.13 38033.59
11025.12 38037.30
11026.12 38041.07
11027.14 38044.61
11028.13 38048.10
11029.13 38051.81
11030.12 38055.56
11031.12 38059.25
11032.14 38062.88
11033.14 38066.35
11034.13 38069.84
11035.13 38073.48
11036.12 38077.22
11037.13 38081.04
11038.13 38084.79
11039.13 38088.35
11040.13 38092.04
11041.13 38095.72
11042.13 38099.36
11043.12 38103.02
11044.12 38106.76
11045.13 38110.49
11046.12 38114.18
11047.14 38117.99
11048.13 38121.72
11049.13 38125.50
11050.12 38129.18
11051.13 38132.98
11052.13 38136.69
11053.13 38140.31
11054.12 38144.02
11055.13 38147.68
11056.13 38151.24
11057.12 38154.74
11058.13 38158.49
11059.13 38162.18
11060.13 38165.85
11061.13 38169.55
11062.12 38173.26
11063.13 38177.00
11064.13 38180.71
11065.13 38184.24
11066.12 38187.85
11067.14 38191.64
11068.13 38195.30
11069.13 38198.91
11070.12 38202.51
11071.13 38206.29
11072.13 38209.99
11073.13 38213.58
11074.14 38217.24
11075.13 38220.84
11076.13 38224.55
11077.14 38228.38
11078.14 38232.00
11079.13 38235.71
11080.13 38239.48
11081.13 38243.22
11082.13 38246.97
11083.13 38250.61
11084.13 38254.39
11085.13 38258.14
11086.14 38261.96
11087.14 38265.55
11088.13 38269.26
11089.14 38273.04
11090.13 38276.73
11091.13 38280.47
11092.14 38284.14
11093.13 38287.76
11094.13 38291.42
11095.13 38295.19
11096.13 38298.94
11097.12 38302.63
11098.14 38306.37
11099.13 38310.00
11100.13 38313.71
11101.14 38317.49
11102.14 38321.18
11103.13 38324.85
11104.13 38328.51
11105.13 38332.22
11106.13 38335.87
11107.13 38339.62
11108.13 38343.39
11109.13 38347.06
11110.13 38350.78
11111.12 38354.53
11112.14 38358.29
11113.14 38361.95
11114.13 38365.46
11115.13 38369.08
11116.14 38372.74
11117.13 38376.44
11118.13 38380.23
11119.13 38383.89
