9.45 9.06 6.84 2/3040 25584
9.45 9.06 6.84 7/3062 25656
9.45 9.06 6.84 3/3058 25676
9.17 9.01 6.84 5/3058 25699
9.17 9.01 6.84 3/3058 25718
9.17 9.01 6.84 2/3047 25742
9.17 9.01 6.84 2/3048 25762
9.17 9.01 6.84 6/3052 25785
9.16 9.01 6.85 4/3053 25805
9.16 9.01 6.85 4/3053 25832
9.16 9.01 6.85 8/3053 25855
9.16 9.01 6.85 4/3059 25882
9.16 9.01 6.85 2/3052 25902
9.30 9.04 6.87 2/3053 25922
9.30 9.04 6.87 2/3053 25941
9.30 9.04 6.87 4/3053 25961
9.30 9.04 6.87 2/3053 25980
9.30 9.04 6.87 5/3052 25999
9.36 9.06 6.89 5/3052 26020
9.36 9.06 6.89 4/3052 26039
9.36 9.06 6.89 5/3052 26058
9.36 9.06 6.89 3/3051 26077
9.36 9.06 6.89 2/3051 26096
9.09 9.01 6.88 2/3051 26115
9.09 9.01 6.88 4/3051 26134
9.09 9.01 6.88 2/3051 26153
9.09 9.01 6.88 6/3051 26173
9.09 9.01 6.88 4/3051 26192
8.84 8.96 6.88 2/3051 26211
8.84 8.96 6.88 3/3051 26230
8.84 8.96 6.88 3/3046 26249
8.84 8.96 6.88 2/3039 26268
8.84 8.96 6.88 2/3046 26295
8.86 8.96 6.89 9/3044 26317
8.86 8.96 6.89 4/3039 26336
8.86 8.96 6.89 2/3039 26355
8.86 8.96 6.89 2/3035 26375
8.86 8.96 6.89 3/3035 26394
8.71 8.93 6.89 4/3035 26413
8.71 8.93 6.89 5/3035 26432
8.71 8.93 6.89 3/3035 26451
8.71 8.93 6.89 5/3033 26470
8.71 8.93 6.89 2/3033 26489
8.57 8.89 6.89 4/3033 26508
8.57 8.89 6.89 3/3010 26527
8.57 8.89 6.89 3/3010 26546
8.57 8.89 6.89 2/3010 26565
8.57 8.89 6.89 4/3010 26585
8.44 8.86 6.89 3/3010 26607
8.44 8.86 6.89 3/3010 26626
8.44 8.86 6.89 3/3010 26645
8.44 8.86 6.89 5/3009 26664
8.44 8.86 6.89 3/3007 26687
8.25 8.81 6.89 6/3014 26721
8.25 8.81 6.89 3/3014 26741
8.25 8.81 6.89 3/3007 26761
8.25 8.81 6.89 3/3005 26780
8.25 8.81 6.89 4/3008 26807
8.31 8.82 6.90 3/3008 26827
8.31 8.82 6.90 2/3004 26846
8.31 8.82 6.90 2/3002 26865
8.31 8.82 6.90 4/3000 26884
8.31 8.82 6.90 3/2996 26903
8.04 8.75 6.89 2/2995 26924
8.04 8.75 6.89 3/2995 26943
8.04 8.75 6.89 3/2995 26962
8.04 8.75 6.89 6/2995 26981
8.04 8.75 6.89 3/2995 27000
7.96 8.73 6.89 4/2993 27019
7.96 8.73 6.89 6/2993 27039
7.96 8.73 6.89 4/2993 27058
7.96 8.73 6.89 2/2993 27077
7.96 8.73 6.89 3/2993 27096
8.04 8.73 6.90 3/2993 27115
8.04 8.73 6.90 2/2993 27134
8.04 8.73 6.90 3/3000 27161
8.04 8.73 6.90 3/2993 27181
8.04 8.73 6.90 4/2983 27200
7.96 8.70 6.90 2/2984 27222
7.96 8.70 6.90 5/2985 27243
7.96 8.70 6.90 2/2985 27262
7.96 8.70 6.90 4/2985 27281
7.96 8.70 6.90 6/2985 27300
8.28 8.76 6.93 6/2985 27319
8.28 8.76 6.93 8/2985 27338
8.28 8.76 6.93 2/2985 27357
8.28 8.76 6.93 2/2985 27376
8.28 8.76 6.93 7/2985 27395
8.18 8.73 6.93 4/2985 27414
8.18 8.73 6.93 3/2985 27433
8.18 8.73 6.93 6/2987 27455
8.18 8.73 6.93 6/2974 27474
8.18 8.73 6.93 4/2974 27493
8.08 8.70 6.93 7/2961 27514
8.08 8.70 6.93 2/2961 27533
8.08 8.70 6.93 5/2961 27552
8.08 8.70 6.93 8/2968 27579
8.08 8.70 6.93 4/2968 27599
8.00 8.67 6.93 4/2962 27619
8.00 8.67 6.93 3/2962 27638
8.00 8.67 6.93 6/2962 27657
8.00 8.67 6.93 3/2962 27677
8.00 8.67 6.93 2/2962 27697
7.92 8.64 6.93 2/2962 27716
7.92 8.64 6.93 2/2962 27735
7.92 8.64 6.93 6/2962 27754
7.92 8.64 6.93 3/2962 27773
7.92 8.64 6.93 4/2961 27793
7.84 8.62 6.93 2/2961 27814
7.84 8.62 6.93 4/2961 27833
7.84 8.62 6.93 2/2961 27852
7.84 8.62 6.93 2/2960 27875
7.84 8.62 6.93 5/2960 27898
7.70 8.57 6.93 4/2960 27925
7.70 8.57 6.93 3/2960 27944
7.70 8.57 6.93 4/2960 27963
7.70 8.57 6.93 6/2960 27982
7.70 8.57 6.93 3/2965 28008
7.72 8.56 6.93 13/2965 28028
7.72 8.56 6.93 2/2958 28048
7.72 8.56 6.93 3/2958 28067
7.72 8.56 6.93 6/2958 28086
7.72 8.56 6.93 3/2956 28106
7.90 8.59 6.95 6/2956 28127
7.90 8.59 6.95 4/2954 28146
7.90 8.59 6.95 6/2954 28165
7.90 8.59 6.95 7/2954 28184
7.90 8.59 6.95 2/2954 28203
7.99 8.59 6.96 2/2954 28222
7.99 8.59 6.96 2/2954 28241
7.99 8.59 6.96 4/2954 28260
7.99 8.59 6.96 3/2954 28279
7.99 8.59 6.96 3/2953 28299
8.31 8.65 6.99 3/2953 28318
8.31 8.65 6.99 2/2953 28337
8.31 8.65 6.99 2/2953 28356
8.31 8.65 6.99 5/2953 28375
8.31 8.65 6.99 2/2953 28394
8.29 8.64 7.00 4/2953 28415
8.29 8.64 7.00 5/2960 28442
8.29 8.64 7.00 5/2953 28462
8.29 8.64 7.00 4/2953 28481
8.29 8.64 7.00 6/2953 28500
8.26 8.63 7.00 5/2953 28520
8.26 8.63 7.00 2/2953 28539
8.26 8.63 7.00 8/2953 28558
8.26 8.63 7.00 2/2953 28577
8.26 8.63 7.00 7/2953 28596
8.08 8.58 7.00 2/2953 28615
