
06-27 11:32:54.285 25508 25528 I Unity   : [STATISTIC]Frame Number;Main Thread;PlayerLoop;System Used Memory;GC Reserved Memory;Total Reserved Memory;NFE Snapshot Tick;NFE Snapshot Size (bits);NFE RTT;NFE Jitter;Multiplay FPS;Multiplay BitRate In;Multiplay BitRate Out;Multiplay RTT (ms);Multiplay PacketLoss;GameServer Opencraft.Terrain.TerrainGenerationSystem;terrainMeshingSys;Number of Terrain Areas (Client);Number of Terrain Areas (Server);dtime;
06-27 11:32:54.336 25508 25528 I Unity   : [STATISTIC]292;0;0;0;0;0;0;0;0;0;0;0;0;0;0;0;0;0;0;0.01417349;
06-27 11:32:54.359 25508 25528 I Unity   : [STATISTIC]293;0;0;745656320;15769600;880333047;0;0;0;0;0;0;0;0;0;0;0;0;0;0.01417349;
06-27 11:32:54.634 25508 25528 I Unity   : [STATISTIC]294;282512031;282511354;749670400;15769600;880333047;0;0;0;0;0;0;0;0;0;0;0;0;0;0.02;
06-27 11:32:54.646 25508 25528 I Unity   : [STATISTIC]295;16377135;16376615;750895104;15769600;880333047;0;0;0;0;0;0;0;0;0;677;0;0;0;0.01638698;
06-27 11:32:54.653 25508 25528 I Unity   : [STATISTIC]296;6064844;6064271;751165440;15769600;880333047;0;0;0;0;0;0;0;0;0;677;0;0;0;0.006074635;
06-27 11:32:54.668 25508 25528 I Unity   : [STATISTIC]297;6723593;6723125;751689728;15769600;880333047;0;0;0;0;0;0;0;0;0;0;0;0;0;0.006731459;
06-27 11:32:54.682 25508 25528 I Unity   : [STATISTIC]298;15189166;15188646;759857152;15769600;920666359;0;0;0;0;0;0;0;0;0;0;0;0;0;0.01519828;
06-27 11:32:54.697 25508 25528 I Unity   : [STATISTIC]299;14566771;14566302;760958976;15769600;920666359;0;0;0;0;0;0;0;0;0;312;0;0;0;0.01457875;
06-27 11:32:54.709 25508 25528 I Unity   : [STATISTIC]300;14323594;14323020;758939648;15769600;918170519;0;0;0;0;0;0;0;0;0;416;0;0;0;0.0143312;
06-27 11:32:54.723 25508 25528 I Unity   : [STATISTIC]301;13564010;13563437;759775232;15769600;918435203;0;0;0;0;0;0;0;0;0;677;0;0;0;0.01357568;
06-27 11:32:54.738 25508 25528 I Unity   : [STATISTIC]302;13322188;13321459;759775232;15769600;918461827;0;0;0;0;0;0;0;0;0;521;0;0;0;0.01333365;
06-27 11:32:54.752 25508 25528 I Unity   : [STATISTIC]303;14394218;14393750;760651776;15769600;918461827;0;0;0;0;0;0;0;0;0;364;0;0;0;0.01440786;
06-27 11:32:54.767 25508 25528 I Unity   : [STATISTIC]304;13464114;13463490;761958400;15769600;918461827;0;0;0;0;0;0;0;0;0;0;0;0;0;0.01347115;
06-27 11:32:54.780 25508 25528 I Unity   : [STATISTIC]305;14836719;14836198;762425344;15769600;918461827;0;0;0;0;0;0;0;0;0;416;0;0;0;0.01484458;
06-27 11:32:54.795 25508 25528 I Unity   : [STATISTIC]306;24537396;24536719;763514880;15769600;918470019;0;0;0;0;0;0;0;0;0;2100833;0;0;27;0.0245451;
06-27 11:32:54.807 25508 25528 I Unity   : [STATISTIC]307;5434843;5434479;763760640;15769600;918470019;0;0;0;0;0;0;0;0;0;22760;0;0;27;0.005442812;
06-27 11:32:54.821 25508 25528 I Unity   : [STATISTIC]308;9477865;9477292;763760640;15769600;918470019;0;0;0;0;0;0;0;0;0;0;0;0;27;0.009485729;
06-27 11:32:54.835 25508 25528 I Unity   : [STATISTIC]309;15468906;15468334;762503168;15769600;917421443;0;0;0;0;0;0;0;0;0;0;0;0;27;0.01547115;
06-27 11:32:54.847 25508 25528 I Unity   : [STATISTIC]310;16267553;16266979;762503168;15769600;917421443;0;0;0;0;0;0;0;0;0;15521;0;0;27;0.01628734;
06-27 11:32:54.863 25508 25528 I Unity   : [STATISTIC]311;10410104;10409636;762818560;15769600;917421443;0;0;0;0;0;0;0;0;0;12083;0;0;27;0.01042963;
06-27 11:32:54.876 25508 25528 I Unity   : [STATISTIC]312;16852448;16851927;762818560;15769600;917421443;0;0;0;0;0;0;0;0;0;15573;0;0;27;0.01685943;
06-27 11:32:54.889 25508 25528 I Unity   : [STATISTIC]313;12934271;12933698;762818560;15769600;917421443;0;0;0;0;0;0;0;0;0;16927;0;0;27;0.01293297;
06-27 11:32:54.904 25508 25528 I Unity   : [STATISTIC]314;12485313;12484844;762818560;15769600;917421443;0;0;0;0;0;0;0;0;0;10729;0;0;27;0.01251245;
06-27 11:32:54.919 25508 25528 I Unity   : [STATISTIC]315;14118073;14117604;763056128;15769600;917421443;0;0;0;0;0;0;0;0;0;10885;0;0;27;0.01414641;
06-27 11:32:54.933 25508 25528 I Unity   : [STATISTIC]316;14303333;14302813;763056128;15769600;917421443;0;0;0;0;0;0;0;0;0;0;0;0;27;0.01430682;
06-27 11:32:54.946 25508 25528 I Unity   : [STATISTIC]317;14495573;14494843;763056128;15769600;917421443;0;0;0;0;0;0;0;0;0;10677;0;0;27;0.01452609;
06-27 11:32:54.959 25508 25528 I Unity   : [STATISTIC]318;14672240;14671875;763056128;15769600;917421443;0;0;0;0;0;0;0;0;0;44167;0;0;27;0.0146701;
06-27 11:32:54.974 25508 25528 I Unity   : [STATISTIC]319;11384219;11383907;763056128;15769600;917290479;0;0;0;0;0;0;0;0;0;12604;0;0;27;0.01141953;
06-27 11:32:54.987 25508 25528 I Unity   : [STATISTIC]320;16853438;16853073;763301888;15769600;917290479;0;0;0;0;0;0;0;0;0;13281;0;0;27;0.01686052;
06-27 11:32:55.000 25508 25528 I Unity   : [STATISTIC]321;12528073;12527656;763301888;15769600;917290479;0;0;0;0;0;0;0;0;0;14896;0;0;27;0.01253099;
06-27 11:32:55.017 25508 25528 I Unity   : [STATISTIC]322;10728906;10728177;763301888;15769600;917290479;0;0;0;0;0;0;0;0;0;0;0;0;27;0.01074849;
06-27 11:32:55.030 25508 25528 I Unity   : [STATISTIC]323;18185469;18184740;763301888;15769600;917290479;0;0;0;0;0;0;0;0;0;12657;0;0;27;0.01819557;
06-27 11:32:55.042 25508 25528 I Unity   : [STATISTIC]324;13909375;13909063;763559936;15769600;917290479;0;0;0;0;0;0;0;0;0;13646;0;0;27;0.01391396;
06-27 11:32:55.056 25508 25528 I Unity   : [STATISTIC]325;12183386;12183020;763559936;15769600;917290479;0;0;0;0;0;0;0;0;0;8489;0;0;27;0.01219505;
06-27 11:32:55.078 25508 25528 I Unity   : [STATISTIC]326;12809010;12808646;763559936;15769600;917290479;0;0;0;0;0;0;0;0;0;9167;0;0;27;0.01283922;
06-27 11:32:55.090 25508 25528 I Unity   : [STATISTIC]327;23221250;23220833;763559936;15769600;917290479;0;0;0;0;0;0;0;0;0;13854;0;0;27;0.02321901;
06-27 11:32:55.105 25508 25528 I Unity   : [STATISTIC]328;10855208;10854584;763559936;15769600;917290479;0;0;0;0;0;0;0;0;0;8438;0;0;27;0.010885;
06-27 11:32:55.120 25508 25528 I Unity   : [STATISTIC]329;14729844;14729375;763559936;15769600;917290479;0;0;0;0;0;0;0;0;0;9062;0;0;27;0.01474505;
06-27 11:32:55.134 25508 25528 I Unity   : [STATISTIC]330;15334948;15334375;763469824;15769600;917290479;0;0;0;0;0;0;0;0;0;0;0;0;27;0.01535047;
06-27 11:32:55.147 25508 25528 I Unity   : [STATISTIC]331;14517865;14517344;763469824;15769600;917290479;0;0;0;0;0;0;0;0;0;20416;0;0;27;0.0145287;
06-27 11:32:55.161 25508 25528 I Unity   : [STATISTIC]332;13590834;13590312;763715584;15769600;917290479;0;0;0;0;0;0;0;0;0;12865;0;0;27;0.01360036;
06-27 11:32:55.176 25508 25528 I Unity   : [STATISTIC]333;11919428;11918802;763715584;15769600;917290479;0;0;0;0;0;0;0;0;0;10104;0;0;27;0.01193802;
06-27 11:32:55.189 25508 25528 I Unity   : [STATISTIC]334;15933490;15933072;763715584;15769600;917290479;0;0;0;0;0;0;0;0;0;12395;0;0;27;0.01594359;
06-27 11:32:55.203 25508 25528 I Unity   : [STATISTIC]335;14040261;14039688;763715584;15769600;917290479;0;0;0;0;0;0;0;0;0;17135;0;0;27;0.01404276;
06-27 11:32:55.216 25508 25528 I Unity   : [STATISTIC]336;13626302;13625781;763977728;15769600;917290479;0;0;0;0;0;0;0;0;0;14896;0;0;27;0.01364495;
06-27 11:32:55.232 25508 25528 I Unity   : [STATISTIC]337;10706875;10706354;763977728;15769600;917290479;0;0;0;0;0;0;0;0;0;0;0;0;27;0.0107387;
06-27 11:32:55.246 25508 25528 I Unity   : [STATISTIC]338;18230885;18230313;763977728;15769600;917290479;0;0;0;0;0;0;0;0;0;12448;0;0;27;0.0182376;
06-27 11:32:55.261 25508 25528 I Unity   : [STATISTIC]339;12977292;12976823;763977728;15769600;917290479;0;0;0;0;0;0;0;0;0;11927;0;0;27;0.0129874;
06-27 11:32:55.275 25508 25528 I Unity   : [STATISTIC]340;16127865;16127083;763977728;15769600;917290479;0;0;0;0;0;0;0;0;0;10520;0;0;27;0.01612578;
06-27 11:32:55.288 25508 25528 I Unity   : [STATISTIC]341;13971093;13970573;764211200;15769600;917290479;0;0;0;0;0;0;0;0;0;11146;0;0;27;0.01399339;
06-27 11:32:55.303 25508 25528 I Unity   : [STATISTIC]342;12130990;12130677;764211200;15769600;917290479;0;0;0;0;0;0;0;0;0;10833;0;0;27;0.01216255;
06-27 11:32:55.318 25508 25528 I Unity   : [STATISTIC]343;14243333;14242657;764211200;15769600;917290479;0;0;0;0;0;0;0;0;0;0;0;0;27;0.01425198;
06-27 11:32:55.330 25508 25528 I Unity   : [STATISTIC]344;16556407;16555885;764211200;15769600;917290479;0;0;0;0;0;0;0;0;0;15208;0;0;27;0.01657135;
06-27 11:32:55.345 25508 25528 I Unity   : [STATISTIC]345;11663698;11663177;764456960;15769600;917290479;0;0;0;0;0;0;0;0;0;13282;0;0;27;0.0116762;
06-27 11:32:55.359 25508 25528 I Unity   : [STATISTIC]346;13562865;13562448;764456960;15769600;917290479;0;0;0;0;0;0;0;0;0;8542;0;0;27;0.01359573;
06-27 11:32:55.373 25508 25528 I Unity   : [STATISTIC]347;15295156;15294688;764444672;15769600;917290479;0;0;0;0;0;0;0;0;0;10886;0;0;27;0.01530141;
06-27 11:32:55.386 25508 25528 I Unity   : [STATISTIC]348;14460156;14459427;764444672;15769600;917290479;0;0;0;0;0;0;0;0;0;14687;0;0;27;0.01446839;
06-27 11:32:55.400 25508 25528 I Unity   : [STATISTIC]349;12142969;12142604;764624896;15769600;917290371;0;0;0;0;0;0;0;0;0;10729;0;0;27;0.01216125;
06-27 11:32:55.414 25508 25528 I Unity   : [STATISTIC]350;12286771;12286250;764624896;15769600;917290371;0;0;0;0;0;0;0;0;0;0;0;0;27;0.01232161;
06-27 11:32:55.427 25508 25528 I Unity   : [STATISTIC]351;16696563;16695834;764624896;15769600;917290371;0;0;0;0;0;0;0;0;0;12031;0;0;27;0.01669964;
06-27 11:32:55.483 25508 25528 I Unity   : [STATISTIC]352;13992240;13991927;764624896;15769600;917290371;0;0;0;0;0;0;0;0;0;9792;0;0;27;0.01400932;
06-27 11:32:55.511 25508 25528 I Unity   : [STATISTIC]353;69039062;69038333;755556352;15769600;919528643;0;0;0;0;0;0;0;0;0;9635;0;0;27;0.06905937;
06-27 11:32:55.732 25508 25528 I Unity   : [STATISTIC]354;229140781;229140312;1154519040;15769600;1808917699;0;0;0;0;0;0;0;0;0;1633699;0;0;27;0.2068067;
06-27 11:32:56.537 25508 25528 I Unity   : [STATISTIC]355;804834531;804833385;2345533440;15769600;3285411011;0;0;0;0;0;0;0;0;0;3679063;0;0;27;0.3333333;
06-27 11:32:57.334 25508 25528 I Unity   : [STATISTIC]356;797516405;797515468;2342080512;15769600;3285406915;0;0;0;0;0;0;0;0;0;2914845;0;0;27;0.3333333;
06-27 11:32:58.139 25508 25528 I Unity   : [STATISTIC]357;803941927;803940937;2336235520;15769600;3302184131;0;0;0;0;0;0;0;0;0;3105832;0;0;27;0.3333333;
06-27 11:32:58.939 25508 25528 I Unity   : [STATISTIC]358;800692812;800691927;2331246592;15769600;3310552259;0;0;0;0;0;0;0;0;0;3447552;0;0;27;0.3333333;
06-27 11:32:59.897 25508 25528 I Unity   : [STATISTIC]359;952488958;952488124;2364256256;15769600;3329484067;0;0;0;0;0;0;0;0;0;3199115;0;0;27;0.3333333;
06-27 11:33:00.710 25508 25528 I Unity   : [STATISTIC]360;818015833;818015104;2355060736;15769600;3356783971;0;0;0;0;0;0;0;0;0;3033541;500260;0;27;0.3333333;
06-27 11:33:01.485 25508 25528 I Unity   : [STATISTIC]361;775545417;775544636;2350551040;15769600;3358868867;0;0;0;0;0;0;0;0;0;3030782;0;0;27;0.3333333;
06-27 11:33:02.268 25508 25528 I Unity   : [STATISTIC]362;782406094;782405261;2355675136;15769600;3396652535;0;0;0;0;0;0;0;0;0;3071770;162448;0;27;0.3333333;
06-27 11:33:03.049 25508 25528 I Unity   : [STATISTIC]363;781461510;781460781;2361319424;15769600;3400846839;0;0;0;0;0;0;0;0;0;3124325;0;0;27;0.3333333;
06-27 11:33:03.822 25508 25528 I Unity   : [STATISTIC]364;772694583;772693750;2354872320;15769600;3400888571;0;0;0;0;0;0;0;0;0;2951042;175572;0;27;0.3333333;
06-27 11:33:04.622 25508 25528 I Unity   : [STATISTIC]365;799738072;799737291;2378489856;15769600;3426103643;0;0;0;0;0;0;0;0;0;3032291;103803;0;27;0.3333333;
06-27 11:33:05.409 25508 25528 I Unity   : [STATISTIC]366;787467552;787466562;2373476352;15769600;3442884987;0;0;0;0;0;0;0;0;0;2840209;180521;0;27;0.3333333;
06-27 11:33:06.203 25508 25528 I Unity   : [STATISTIC]367;793167760;793166823;2366623744;15769600;3434526231;0;0;0;0;0;0;0;0;0;3199063;469115;0;27;0.3333333;
06-27 11:33:06.984 25508 25528 I Unity   : [STATISTIC]368;781740625;781739688;2368892928;15769600;3442972439;0;0;0;0;0;0;0;0;0;3264428;101250;0;27;0.3333333;
06-27 11:33:07.757 25508 25528 I Unity   : [STATISTIC]369;772890416;772888802;2367324160;15769600;3451386679;0;0;0;0;0;0;0;0;0;3034322;199636;0;27;0.3333333;
06-27 11:33:08.529 25508 25528 I Unity   : [STATISTIC]370;772527552;772526770;2370342912;15769600;3006850459;0;0;0;0;0;0;0;0;0;3476926;169167;0;27;0.3333333;
06-27 11:33:09.309 25508 25528 I Unity   : [STATISTIC]371;779491770;779490729;2366971904;15769600;3023665719;0;0;0;0;0;0;0;0;0;2923958;194635;0;27;0.3333333;
06-27 11:33:10.079 25508 25528 I Unity   : [STATISTIC]372;770298646;770297604;2367610880;15769600;3032050551;0;0;0;0;0;0;0;0;0;3312189;180312;0;27;0.3333333;
06-27 11:33:10.846 25508 25528 I Unity   : [STATISTIC]373;766293281;766292448;2371596288;15769600;3032083671;0;0;0;0;0;0;0;0;0;3031927;106250;0;27;0.3333333;
06-27 11:33:11.626 25508 25528 I Unity   : [STATISTIC]374;780291823;780290833;2365489152;15769600;3032125015;0;0;0;0;0;0;0;0;0;3157969;167188;0;27;0.3333333;
06-27 11:33:12.388 25508 25528 I Unity   : [STATISTIC]375;762265416;762264583;2385543168;15769600;3057345067;0;0;0;0;0;0;0;0;0;2809011;176823;0;27;0.3333333;
06-27 11:33:13.153 25508 25528 I Unity   : [STATISTIC]376;765346823;765345989;2380353536;15769600;3074122283;0;0;0;0;0;0;0;0;0;3218957;187916;0;27;0.3333333;
06-27 11:33:13.900 25508 25528 I Unity   : [STATISTIC]377;746142865;746142083;2374209536;15769600;3065725739;0;0;0;0;0;0;0;0;0;2964478;117553;0;27;0.3333333;
06-27 11:33:14.663 25508 25528 I Unity   : [STATISTIC]378;763433281;763432500;2376527872;15769600;3074174339;0;0;0;0;0;0;0;0;0;3065833;186354;0;27;0.3333333;
06-27 11:33:15.428 25508 25528 I Unity   : [STATISTIC]379;764729896;764729115;2373701632;15769600;3082623451;0;0;0;0;0;0;0;0;0;2921877;269115;0;27;0.3333333;
06-27 11:33:16.173 25508 25528 I Unity   : [STATISTIC]380;745144584;745143749;2375823360;15769600;3107843067;0;0;0;0;0;0;0;0;0;3170989;125000;0;27;0.3333333;
06-27 11:33:16.916 25508 25528 I Unity   : [STATISTIC]381;742583541;742582604;2372435968;15769600;3124628475;0;0;0;0;0;0;0;0;0;2763177;248177;0;27;0.3333333;
06-27 11:33:17.662 25508 25528 I Unity   : [STATISTIC]382;746039687;746038698;2370498560;15769600;3116219387;0;0;0;0;0;0;0;0;0;2946875;480104;0;27;0.3333333;
06-27 11:33:18.417 25508 25528 I Unity   : [STATISTIC]383;755238854;755237813;2372091904;15769600;3124628475;0;0;0;0;0;0;0;0;0;2937761;389740;0;27;0.3333333;
06-27 11:33:19.149 25508 25528 I Unity   : [STATISTIC]384;732191458;732190624;2369744896;15769600;3133012987;0;0;0;0;0;0;0;0;0;2847604;234375;0;27;0.3333333;
06-27 11:33:19.883 25508 25528 I Unity   : [STATISTIC]385;733084688;733083853;2382180352;15769600;3149843083;0;0;0;0;0;0;0;0;0;3273282;322448;0;27;0.3333333;
06-27 11:33:20.633 25508 25528 I Unity   : [STATISTIC]386;750066198;750065208;2383417344;15769600;3158252171;0;0;0;0;0;0;0;0;0;2965260;0;0;27;0.3333333;
06-27 11:33:21.372 25508 25528 I Unity   : [STATISTIC]387;739080156;739079322;2376527872;15769600;3158260363;0;0;0;0;0;0;0;0;0;3051303;138906;0;27;0.3333333;
06-27 11:33:22.114 25508 25528 I Unity   : [STATISTIC]388;742848281;742847291;2374967296;15769600;3166663335;0;0;0;0;0;0;0;0;0;2872760;341511;0;27;0.3333333;
06-27 11:33:22.855 25508 25528 I Unity   : [STATISTIC]389;740114531;740113749;2376282112;15769600;3175101447;0;0;0;0;0;0;0;0;0;2871979;136094;0;27;0.3333333;
06-27 11:33:23.595 25508 25528 I Unity   : [STATISTIC]390;740431874;740431041;2370772992;15769600;3175158191;0;0;0;0;0;0;0;0;0;2980468;311771;0;27;0.3333333;
06-27 11:33:24.327 25508 25528 I Unity   : [STATISTIC]391;731953594;731952656;2368671744;15769600;3200311727;0;0;0;0;0;0;0;0;0;2987551;136927;0;27;0.3333333;
06-27 11:33:25.032 25508 25528 I Unity   : [STATISTIC]392;705120468;705119531;2362437632;15769600;3200319919;0;0;0;0;0;0;0;0;0;3089427;318802;0;27;0.3333333;
06-27 11:33:25.753 25508 25528 I Unity   : [STATISTIC]393;720531302;720530365;2365304832;15769600;3208729007;0;0;0;0;0;0;0;0;0;3510103;0;0;27;0.3333333;
06-27 11:33:26.471 25508 25528 I Unity   : [STATISTIC]394;718139323;718138281;2358038528;15769600;3208729007;0;0;0;0;0;0;0;0;0;3158490;0;0;27;0.3333333;
06-27 11:33:27.188 25508 25528 I Unity   : [STATISTIC]395;716748073;716746979;2369708032;15769600;3208729007;0;0;0;0;0;0;0;0;0;3031875;0;0;27;0.3333333;
06-27 11:33:27.920 25508 25528 I Unity   : [STATISTIC]396;733069010;733068021;2361704448;15769600;3208729007;0;0;0;0;0;0;0;0;0;3725834;0;0;27;0.3333333;
06-27 11:33:28.620 25508 25528 I Unity   : [STATISTIC]397;699697135;699696302;2356588544;15769600;3242291631;0;0;0;0;0;0;0;0;0;2855730;109271;0;27;0.3333333;
06-27 11:33:29.326 25508 25528 I Unity   : [STATISTIC]398;706173489;706172291;2351767552;15769600;3250667951;0;0;0;0;0;0;0;0;0;3076095;307760;0;27;0.3333333;
06-27 11:33:30.024 25508 25528 I Unity   : [STATISTIC]399;698014219;698013541;2356051968;15769600;3250721255;0;0;0;0;0;0;0;0;0;2888022;337865;0;27;0.3333333;
06-27 11:33:30.715 25508 25528 I Unity   : [STATISTIC]400;690642291;690641510;2351239168;15769600;3250771647;0;0;0;0;0;0;0;0;0;2937397;194843;0;27;0.3333333;
06-27 11:33:31.401 25508 25528 I Unity   : [STATISTIC]401;685504687;685503750;2353598464;15769600;3259193311;0;0;0;0;0;0;0;0;0;3232292;360053;0;27;0.3333333;
06-27 11:33:32.091 25508 25528 I Unity   : [STATISTIC]402;690399270;690398333;2347474944;15769600;3259201503;0;0;0;0;0;0;0;0;0;3004062;193385;0;27;0.3333333;
06-27 11:33:32.794 25508 25528 I Unity   : [STATISTIC]403;702546771;702545781;2344570880;15769600;3267569631;0;0;0;0;0;0;0;0;0;3253073;0;0;27;0.3333333;
06-27 11:33:33.469 25508 25528 I Unity   : [STATISTIC]404;675764374;675763541;2346876928;15769600;3292734879;0;0;0;0;0;0;0;0;0;3126249;0;0;27;0.3333333;
06-27 11:33:34.158 25508 25528 I Unity   : [STATISTIC]405;688685260;688683905;2359222272;15769600;3292734879;0;0;0;0;0;0;0;0;0;2927449;0;0;27;0.3333333;
06-27 11:33:34.846 25508 25528 I Unity   : [STATISTIC]406;688198177;688197396;2351734784;15769600;3292734879;0;0;0;0;0;0;0;0;0;3201407;0;0;27;0.3333333;
06-27 11:33:35.534 25508 25528 I Unity   : [STATISTIC]407;687198750;687197760;2344386560;15769600;3292743071;0;0;0;0;0;0;0;0;0;3263386;127604;0;27;0.3333333;
06-27 11:33:36.208 25508 25528 I Unity   : [STATISTIC]408;674515312;674514323;2341023744;15769600;3317896607;0;0;0;0;0;0;0;0;0;3117083;262761;0;27;0.3333333;
06-27 11:33:36.884 25508 25528 I Unity   : [STATISTIC]409;675522968;675522083;2342572032;15769600;3326322079;0;0;0;0;0;0;0;0;0;3711093;127604;0;27;0.3333333;
06-27 11:33:37.548 25508 25528 I Unity   : [STATISTIC]410;664594635;664593906;2337996800;15769600;3343129019;0;0;0;0;0;0;0;0;0;2996824;283646;0;27;0.3333333;
06-27 11:33:38.219 25508 25528 I Unity   : [STATISTIC]411;670240781;670240052;2336116736;15769600;3334744507;0;0;0;0;0;0;0;0;0;3194688;175364;0;27;0.3333333;
06-27 11:33:38.884 25508 25528 I Unity   : [STATISTIC]412;665149740;665149010;2336882688;15769600;3343183095;0;0;0;0;0;0;0;0;0;2883541;309479;0;27;0.3333333;
06-27 11:33:39.534 25508 25528 I Unity   : [STATISTIC]413;650323437;650322500;2329128960;15769600;3343183095;0;0;0;0;0;0;0;0;0;3168542;0;0;27;0.3333333;
06-27 11:33:40.186 25508 25528 I Unity   : [STATISTIC]414;652185937;652184948;2325483520;15769600;3351551223;0;0;0;0;0;0;0;0;0;2897344;0;0;27;0.3333333;
06-27 11:33:40.850 25508 25528 I Unity   : [STATISTIC]415;663850833;663849947;2338701312;15769600;3351551223;0;0;0;0;0;0;0;0;0;3197604;0;0;27;0.3333333;
06-27 11:33:41.512 25508 25528 I Unity   : [STATISTIC]416;662419479;662418801;2341421056;15769600;3376737527;0;0;0;0;0;0;0;0;0;3032449;0;0;27;0.3333333;
06-27 11:33:42.174 25508 25528 I Unity   : [STATISTIC]417;661125937;661124948;2334064640;15769600;3376745719;0;0;0;0;0;0;0;0;0;3152551;120313;0;27;0.3333333;
06-27 11:33:42.826 25508 25528 I Unity   : [STATISTIC]418;652348906;652347760;2331058176;15769600;3385122039;0;0;0;0;0;0;0;0;0;3132136;268021;0;27;0.3333333;
06-27 11:33:43.477 25508 25528 I Unity   : [STATISTIC]419;651233437;651232656;2326462464;15769600;3401923831;0;0;0;0;0;0;0;0;0;2987969;118698;0;27;0.3333333;
06-27 11:33:44.126 25508 25528 I Unity   : [STATISTIC]420;649372969;649372135;2327384064;15769600;3401980463;0;0;0;0;0;0;0;0;0;3082865;300885;0;27;0.3333333;
06-27 11:33:44.764 25508 25528 I Unity   : [STATISTIC]421;637419167;637418229;2326339584;15769600;3402010383;0;0;0;0;0;0;0;0;0;3202968;316875;0;27;0.3333333;
06-27 11:33:45.423 25508 25528 I Unity   : [STATISTIC]422;659120416;659119531;2329554944;15769600;3427237347;0;0;0;0;0;0;0;0;0;3275728;191094;0;27;0.3333333;
06-27 11:33:46.067 25508 25528 I Unity   : [STATISTIC]423;643484062;643483125;2322464768;15769600;3427237347;0;0;0;0;0;0;0;0;0;2958958;0;0;27;0.3333333;
06-27 11:33:46.703 25508 25528 I Unity   : [STATISTIC]424;635895104;635894114;2318888960;15769600;3435605475;0;0;0;0;0;0;0;0;0;3068594;0;0;27;0.3333333;
06-27 11:33:47.343 25508 25528 I Unity   : [STATISTIC]425;640177031;640176302;2330681344;15769600;3435605475;0;0;0;0;0;0;0;0;0;3357656;0;0;27;0.3333333;
06-27 11:33:47.975 25508 25528 I Unity   : [STATISTIC]426;632246718;632245885;2326491136;15769600;3469159907;0;0;0;0;0;0;0;0;0;3444324;0;0;27;0.3333333;
06-27 11:33:48.607 25508 25528 I Unity   : [STATISTIC]427;632038177;632037239;2325651456;15769600;3066490339;0;0;0;0;0;0;0;0;0;3224635;329323;0;27;0.3333333;
06-27 11:33:49.235 25508 25528 I Unity   : [STATISTIC]428;627941198;627940365;2322608128;15769600;3066498531;0;0;0;0;0;0;0;0;0;2931093;181042;0;27;0.3333333;
06-27 11:33:49.868 25508 25528 I Unity   : [STATISTIC]429;632773437;632772760;2326003712;15769600;3074940843;0;0;0;0;0;0;0;0;0;3535052;302917;0;27;0.3333333;
06-27 11:33:50.482 25508 25528 I Unity   : [STATISTIC]430;614591146;614590209;2323578880;15769600;3083342195;0;0;0;0;0;0;0;0;0;3624739;194531;0;27;0.3333333;
06-27 11:33:51.116 25508 25528 I Unity   : [STATISTIC]431;633339792;633338385;2325721088;15769600;3091759475;0;0;0;0;0;0;0;0;0;3281667;141511;0;27;0.3333333;
06-27 11:33:51.732 25508 25528 I Unity   : [STATISTIC]432;615893490;615892761;2319822848;15769600;3091793707;0;0;0;0;0;0;0;0;0;3052084;332239;0;27;0.3333333;
06-27 11:33:52.353 25508 25528 I Unity   : [STATISTIC]433;621540677;621539792;2316677120;15769600;3100161835;0;0;0;0;0;0;0;0;0;3130467;0;0;27;0.3333333;
06-27 11:33:52.961 25508 25528 I Unity   : [STATISTIC]434;607450990;607450104;2310770688;15769600;3116939051;0;0;0;0;0;0;0;0;0;3268333;0;0;27;0.3333333;
06-27 11:33:53.571 25508 25528 I Unity   : [STATISTIC]435;610032864;610031927;2331795456;15769600;3125348139;0;0;0;0;0;0;0;0;0;3380624;0;0;27;0.3333333;
06-27 11:33:54.169 25508 25528 I Unity   : [STATISTIC]436;598465573;598464687;2324619264;15769600;3125348139;0;0;0;0;0;0;0;0;0;3270572;0;0;27;0.3333333;
06-27 11:33:54.780 25508 25528 I Unity   : [STATISTIC]437;611072083;611071198;2317250560;15769600;3125356331;0;0;0;0;0;0;0;0;0;3038229;127500;0;27;0.3333333;
06-27 11:33:55.380 25508 25528 I Unity   : [STATISTIC]438;600044947;600043802;2314354688;15769600;3150518059;0;0;0;0;0;0;0;0;0;3323439;247240;0;27;0.3333333;
06-27 11:33:55.978 25508 25528 I Unity   : [STATISTIC]439;597312136;597311406;2316255232;15769600;3158943531;0;0;0;0;0;0;0;0;0;3574896;122187;0;27;0.3333333;
06-27 11:33:56.584 25508 25528 I Unity   : [STATISTIC]440;606691562;606690781;2311667712;15769600;3175752851;0;0;0;0;0;0;0;0;0;3341668;223177;0;27;0.3333333;
06-27 11:33:57.174 25508 25528 I Unity   : [STATISTIC]441;589623021;589622187;2309709824;15769600;3167376119;0;0;0;0;0;0;0;0;0;3398074;400573;0;27;0.3333333;
06-27 11:33:57.759 25508 25528 I Unity   : [STATISTIC]442;585317135;585316406;2311962624;15769600;3175809783;0;0;0;0;0;0;0;0;0;3239272;211563;0;27;0.3333333;
06-27 11:33:58.341 25508 25528 I Unity   : [STATISTIC]443;581806302;581805417;2304901120;15769600;3175809783;0;0;0;0;0;0;0;0;0;3158178;0;0;27;0.3333333;
06-27 11:33:58.911 25508 25528 I Unity   : [STATISTIC]444;569949636;569948801;2302775296;15769600;3184177911;0;0;0;0;0;0;0;0;0;3451666;0;0;27;0.3333333;
06-27 11:33:59.491 25508 25528 I Unity   : [STATISTIC]445;579482499;579481666;2324439040;15769600;3209364215;0;0;0;0;0;0;0;0;0;3196979;0;0;27;0.3333333;
06-27 11:34:00.067 25508 25528 I Unity   : [STATISTIC]446;575965729;575965104;2317369344;15769600;3209364215;0;0;0;0;0;0;0;0;0;3455625;0;0;27;0.3333333;
06-27 11:34:00.636 25508 25528 I Unity   : [STATISTIC]447;569484062;569483229;2310643712;15769600;3209399791;0;0;0;0;0;0;0;0;0;3351405;225208;0;27;0.3333333;
06-27 11:34:01.218 25508 25528 I Unity   : [STATISTIC]448;581611354;581610521;2308136960;15769600;3217803327;0;0;0;0;0;0;0;0;0;3618386;216511;0;27;0.3333333;
06-27 11:34:01.793 25508 25528 I Unity   : [STATISTIC]449;575060208;575059479;2309611520;15769600;3226236991;0;0;0;0;0;0;0;0;0;3413958;208646;0;27;0.3333333;
06-27 11:34:02.350 25508 25528 I Unity   : [STATISTIC]450;556981562;556980729;2303987712;15769600;3259799615;0;0;0;0;0;0;0;0;0;3540104;314219;0;27;0.3333333;
06-27 11:34:02.912 25508 25528 I Unity   : [STATISTIC]451;561910677;561909948;2303614976;15769600;3268198279;0;0;0;0;0;0;0;0;0;3591042;362917;0;27;0.3333333;
06-27 11:34:03.463 25508 25528 I Unity   : [STATISTIC]452;551815833;551815365;2306187264;15769600;3268219111;0;0;0;0;0;0;0;0;0;3507240;219739;0;27;0.3333333;
06-27 11:34:04.015 25508 25528 I Unity   : [STATISTIC]453;551042708;551041927;2299183104;15769600;3268219111;0;0;0;0;0;0;0;0;0;3591458;0;0;27;0.3333333;
06-27 11:34:04.560 25508 25528 I Unity   : [STATISTIC]454;545860625;545860052;2291740672;15769600;3268219111;0;0;0;0;0;0;0;0;0;3407866;0;0;27;0.3333333;
06-27 11:34:05.118 25508 25528 I Unity   : [STATISTIC]455;557173958;557173177;2303639552;15769600;3268219111;0;0;0;0;0;0;0;0;0;3565990;0;0;27;0.3333333;
06-27 11:34:05.669 25508 25528 I Unity   : [STATISTIC]456;551817552;551816875;2300243968;15769600;3284996327;0;0;0;0;0;0;0;0;0;3492918;0;0;27;0.3333333;
06-27 11:34:06.219 25508 25528 I Unity   : [STATISTIC]457;550014688;550013906;2301927424;15769600;3293413607;0;0;0;0;0;0;0;0;0;3516564;411563;0;27;0.3333333;
06-27 11:34:06.772 25508 25528 I Unity   : [STATISTIC]458;553214739;553214010;2294280192;15769600;3293421799;0;0;0;0;0;0;0;0;0;3412551;146458;0;27;0.3333333;
06-27 11:34:07.333 25508 25528 I Unity   : [STATISTIC]459;560321979;560321041;2294448128;15769600;3318620975;0;0;0;0;0;0;0;0;0;3517187;308386;0;27;0.3333333;
06-27 11:34:07.872 25508 25528 I Unity   : [STATISTIC]460;538992552;538991823;2297638912;15769600;3318629167;0;0;0;0;0;0;0;0;0;3332084;343125;0;27;0.3333333;
06-27 11:34:08.410 25508 25528 I Unity   : [STATISTIC]461;538453125;538452240;2290946048;15769600;3318657659;0;0;0;0;0;0;0;0;0;3306302;287135;0;27;0.3333333;
06-27 11:34:08.932 25508 25528 I Unity   : [STATISTIC]462;521919426;521918958;2292097024;15769600;3327083131;0;0;0;0;0;0;0;0;0;3540471;220417;0;27;0.3333333;
06-27 11:34:09.462 25508 25528 I Unity   : [STATISTIC]463;528966979;528966146;2284650496;15769600;3343860347;0;0;0;0;0;0;0;0;0;3275884;0;0;27;0.3333333;
06-27 11:34:09.979 25508 25528 I Unity   : [STATISTIC]464;517250676;517249843;2277085184;15769600;3343860347;0;0;0;0;0;0;0;0;0;3415936;0;0;27;0.3333333;
06-27 11:34:10.499 25508 25528 I Unity   : [STATISTIC]465;520819895;520819062;2290012160;15769600;3343860347;0;0;0;0;0;0;0;0;0;3529010;0;0;27;0.3333333;
06-27 11:34:11.036 25508 25528 I Unity   : [STATISTIC]466;536453281;536452500;2288717824;15769600;3352228475;0;0;0;0;0;0;0;0;0;3529376;214531;0;27;0.3333333;
06-27 11:34:11.555 25508 25528 I Unity   : [STATISTIC]467;519324792;519324167;2291036160;15769600;3360653947;0;0;0;0;0;0;0;0;0;3799272;107761;0;27;0.3333333;
06-27 11:34:12.076 25508 25528 I Unity   : [STATISTIC]468;521172343;521171354;2287472640;15769600;3394224763;0;0;0;0;0;0;0;0;0;3666822;261666;0;27;0.3333333;
06-27 11:34:12.584 25508 25528 I Unity   : [STATISTIC]469;507563385;507562552;2285015040;15769600;3385895715;0;0;0;0;0;0;0;0;0;3426822;342031;0;27;0.3333333;
06-27 11:34:13.093 25508 25528 I Unity   : [STATISTIC]470;509431406;509430416;2285793280;15769600;3394329379;0;0;0;0;0;0;0;0;0;3573072;202396;0;27;0.3333333;
06-27 11:34:13.613 25508 25528 I Unity   : [STATISTIC]471;519452291;519451614;2283200512;15769600;3402730507;0;0;0;0;0;0;0;0;0;4128854;308177;0;27;0.3333333;
06-27 11:34:14.107 25508 25528 I Unity   : [STATISTIC]472;493564271;493563385;2278907904;15769600;3100732427;0;0;0;0;0;0;0;0;0;3550053;236667;0;27;0.3333333;
06-27 11:34:14.601 25508 25528 I Unity   : [STATISTIC]473;494569948;494569010;2282270720;15769600;3100732427;0;0;0;0;0;0;0;0;0;3260571;238177;0;27;0.3333333;
06-27 11:34:15.080 25508 25528 I Unity   : [STATISTIC]474;478304114;478303385;2277445632;15769600;3100748811;0;0;0;0;0;0;0;0;0;3699010;104844;0;27;0.3333333;
06-27 11:34:15.582 25508 25528 I Unity   : [STATISTIC]475;502788177;502787448;2299330560;15769600;3109157899;0;0;0;0;0;0;0;0;0;3826510;0;0;27;0.3333333;
06-27 11:34:16.072 25508 25528 I Unity   : [STATISTIC]476;489407031;489406249;2292105216;15769600;3109157899;0;0;0;0;0;0;0;0;0;3321667;0;0;27;0.3333333;
06-27 11:34:16.578 25508 25528 I Unity   : [STATISTIC]477;505775365;505774427;2285342720;15769600;3125951499;0;0;0;0;0;0;0;0;0;3658593;110833;0;27;0.3333333;
06-27 11:34:17.067 25508 25528 I Unity   : [STATISTIC]478;489398802;489398125;2283843584;15769600;3134327819;0;0;0;0;0;0;0;0;0;3453594;269739;0;27;0.3333333;
06-27 11:34:17.554 25508 25528 I Unity   : [STATISTIC]479;486785208;486784114;2285879296;15769600;3142736907;0;0;0;0;0;0;0;0;0;3724739;237969;0;27;0.3333333;
06-27 11:34:18.029 25508 25528 I Unity   : [STATISTIC]480;475218281;475217396;2278424576;15769600;3142791843;0;0;0;0;0;0;0;0;0;3528541;241615;0;27;0.3333333;
06-27 11:34:18.494 25508 25528 I Unity   : [STATISTIC]481;464741146;464740208;2275397632;15769600;3151180451;0;0;0;0;0;0;0;0;0;3908801;119114;0;27;0.3333333;
06-27 11:34:18.967 25508 25528 I Unity   : [STATISTIC]482;473477604;473476979;2271809536;15769600;3184767099;0;0;0;0;0;0;0;0;0;3803281;373072;0;27;0.3333333;
06-27 11:34:19.441 25508 25528 I Unity   : [STATISTIC]483;473854427;473853489;2275090432;15769600;3184767099;0;0;0;0;0;0;0;0;0;3404114;260260;0;27;0.3333333;
06-27 11:34:19.892 25508 25528 I Unity   : [STATISTIC]484;451476614;451476042;2267422720;15769600;3184791675;0;0;0;0;0;0;0;0;0;3486821;126406;0;27;0.3333333;
06-27 11:34:20.389 25508 25528 I Unity   : [STATISTIC]485;496729375;496728334;2289590272;15769600;3193208955;0;0;0;0;0;0;0;0;0;3760208;107448;0;27;0.3333333;
06-27 11:34:20.867 25508 25528 I Unity   : [STATISTIC]486;477255937;477255208;2283163648;15769600;3193229819;0;0;0;0;0;0;0;0;0;3506302;131302;0;27;0.3333333;
06-27 11:34:21.337 25508 25528 I Unity   : [STATISTIC]487;470993021;470992239;2275807232;15769600;3210019739;0;0;0;0;0;0;0;0;0;4326772;244583;0;27;0.3333333;
06-27 11:34:21.796 25508 25528 I Unity   : [STATISTIC]488;459010989;459010052;2271342592;15769600;3226826043;0;0;0;0;0;0;0;0;0;3769428;174635;0;27;0.3333333;
06-27 11:34:22.254 25508 25528 I Unity   : [STATISTIC]489;457921198;457920260;2266316800;15769600;3235249375;0;0;0;0;0;0;0;0;0;3755990;330208;0;27;0.3333333;
06-27 11:34:22.707 25508 25528 I Unity   : [STATISTIC]490;452867188;452866406;2270830592;15769600;3235280471;0;0;0;0;0;0;0;0;0;3752864;291563;0;27;0.3333333;
06-27 11:34:23.146 25508 25528 I Unity   : [STATISTIC]491;438644167;438643489;2280009728;15769600;3272787543;0;0;0;0;0;0;0;0;0;4076094;225469;0;27;0.3333333;
06-27 11:34:23.582 25508 25528 I Unity   : [STATISTIC]492;435791718;435790833;2275430400;15769600;3272791639;0;0;0;0;0;0;0;0;0;3673594;265364;0;27;0.3333333;
06-27 11:34:24.023 25508 25528 I Unity   : [STATISTIC]493;441601197;441600468;2276503552;15769600;3281204823;0;0;0;0;0;0;0;0;0;3706875;117343;0;27;0.3333333;
06-27 11:34:24.450 25508 25528 I Unity   : [STATISTIC]494;426216302;426215364;2268741632;15769600;3281217111;0;0;0;0;0;0;0;0;0;3999323;155834;0;27;0.3333333;
06-27 11:34:24.892 25508 25528 I Unity   : [STATISTIC]495;442730521;442729948;2281578496;15769600;3298010711;0;0;0;0;0;0;0;0;0;3829219;110782;0;27;0.3333333;
06-27 11:34:25.326 25508 25528 I Unity   : [STATISTIC]496;433650469;433649895;2278518784;15769600;3306378839;0;0;0;0;0;0;0;0;0;3577187;0;0;27;0.3333333;
06-27 11:34:25.759 25508 25528 I Unity   : [STATISTIC]497;432785313;432784531;2278408192;15769600;3323180631;0;0;0;0;0;0;0;0;0;3990780;141458;0;27;0.3333333;
06-27 11:34:26.174 25508 25528 I Unity   : [STATISTIC]498;415331094;415330312;2275807232;15769600;3323188823;0;0;0;0;0;0;0;0;0;3888905;221407;0;27;0.3333333;
06-27 11:34:26.599 25508 25528 I Unity   : [STATISTIC]499;424742240;424740729;2274402304;15769600;3356772103;0;0;0;0;0;0;0;0;0;3589739;328542;0;27;0.3333333;
06-27 11:34:27.016 25508 25528 I Unity   : [STATISTIC]500;416949427;416948749;2279940096;15769600;3356799279;0;0;0;0;0;0;0;0;0;3612395;301510;0;27;0.3333333;
06-27 11:34:27.421 25508 25528 I Unity   : [STATISTIC]501;405298698;405297968;2275258368;15769600;3356838175;0;0;0;0;0;0;0;0;0;3834583;220417;0;27;0.3333333;
06-27 11:34:27.835 25508 25528 I Unity   : [STATISTIC]502;414109636;414108698;2277232640;15769600;3365247263;0;0;0;0;0;0;0;0;0;4331302;263073;0;27;0.3333333;
06-27 11:34:28.236 25508 25528 I Unity   : [STATISTIC]503;401259687;401259271;2275966976;15769600;3373631775;0;0;0;0;0;0;0;0;0;3811666;125261;0;27;0.3333333;
06-27 11:34:28.621 25508 25528 I Unity   : [STATISTIC]504;383997916;383997291;2268704768;15769600;3373648159;0;0;0;0;0;0;0;0;0;3475626;129323;0;27;0.3333333;
06-27 11:34:29.020 25508 25528 I Unity   : [STATISTIC]505;399949270;399948333;2293993472;15769600;3398850847;0;0;0;0;0;0;0;0;0;3982344;358229;0;27;0.3333333;
06-27 11:34:29.416 25508 25528 I Unity   : [STATISTIC]506;395233333;395232500;2287247360;15769600;3398850847;0;0;0;0;0;0;0;0;0;3844115;0;0;27;0.3333333;
06-27 11:34:29.816 25508 25528 I Unity   : [STATISTIC]507;399927969;399926822;2280583168;15769600;3398859039;0;0;0;0;0;0;0;0;0;3530728;238854;0;27;0.3333333;
06-27 11:34:30.212 25508 25528 I Unity   : [STATISTIC]508;396344740;396343906;2277761024;15769600;3407251743;0;0;0;0;0;0;0;0;0;3794218;130052;0;27;0.3333333;
06-27 11:34:30.599 25508 25528 I Unity   : [STATISTIC]509;386671406;386670572;2279088128;15769600;3432502119;0;0;0;0;0;0;0;0;0;3827917;319480;0;27;0.3333333;
06-27 11:34:30.983 25508 25528 I Unity   : [STATISTIC]510;384672865;384672188;2271555584;15769600;3432531059;0;0;0;0;0;0;0;0;0;3679063;285885;0;27;0.3333333;
06-27 11:34:31.361 25508 25528 I Unity   : [STATISTIC]511;377576459;377575624;2268958720;15769600;3172447347;0;0;0;0;0;0;0;0;0;3563646;201042;0;27;0.3333333;
06-27 11:34:31.732 25508 25528 I Unity   : [STATISTIC]512;371495729;371494896;2271629312;15769600;3180856435;0;0;0;0;0;0;0;0;0;4155887;236302;0;27;0.3333333;
06-27 11:34:32.093 25508 25528 I Unity   : [STATISTIC]513;360739792;360738646;2264932352;15769600;3180872819;0;0;0;0;0;0;0;0;0;3797292;129792;0;27;0.3333333;
06-27 11:34:32.470 25508 25528 I Unity   : [STATISTIC]514;376351875;376350989;2264211456;15769600;3206034547;0;0;0;0;0;0;0;0;0;4359167;145000;0;27;0.3333333;
06-27 11:34:32.843 25508 25528 I Unity   : [STATISTIC]515;373511615;373510729;2288140288;15769600;3214460019;0;0;0;0;0;0;0;0;0;4684219;124635;0;27;0.3333333;
06-27 11:34:33.220 25508 25528 I Unity   : [STATISTIC]516;377111198;377110313;2274054144;15769600;3222828147;0;0;0;0;0;0;0;0;0;4735001;0;0;27;0.3333333;
06-27 11:34:33.588 25508 25528 I Unity   : [STATISTIC]517;368241562;368240833;2276909056;15769600;3239640379;0;0;0;0;0;0;0;0;0;3700833;288385;0;27;0.3333333;
06-27 11:34:33.945 25508 25528 I Unity   : [STATISTIC]518;356119584;356118593;2276724736;15769600;3256478231;0;0;0;0;0;0;0;0;0;4113020;359115;0;27;0.3333333;
06-27 11:34:34.296 25508 25528 I Unity   : [STATISTIC]519;350827344;350826406;2281103360;15769600;3256502807;0;0;0;0;0;0;0;0;0;3949584;234479;0;27;0.3333333;
06-27 11:34:34.643 25508 25528 I Unity   : [STATISTIC]520;347176875;347175833;2274643968;15769600;3256510999;0;0;0;0;0;0;0;0;0;3487032;128333;0;27;0.3333333;
06-27 11:34:34.998 25508 25528 I Unity   : [STATISTIC]521;355638281;355637551;2276667392;15769600;3281705495;0;0;0;0;0;0;0;0;0;4060728;394688;0;27;0.3333333;
06-27 11:34:35.331 25508 25528 I Unity   : [STATISTIC]522;333101250;333100625;2274689024;15769600;3290081815;0;0;0;0;0;0;0;0;0;3843178;261771;0;27;0.3333333;
06-27 11:34:35.667 25508 25528 I Unity   : [STATISTIC]523;335164636;335163697;2277502976;15769600;3298507287;0;0;0;0;0;0;0;0;0;4156718;230677;0;27;0.3333333;
06-27 11:34:35.991 25508 25528 I Unity   : [STATISTIC]524;324088750;324088229;2265354240;15769600;3306891799;0;0;0;0;0;0;0;0;0;3817709;118802;0;27;0.3246186;
06-27 11:34:36.322 25508 25528 I Unity   : [STATISTIC]525;331128073;331127136;2281603072;15769600;3323677207;0;0;0;0;0;0;0;0;0;3620781;128542;0;27;0.3306569;
06-27 11:34:36.661 25508 25528 I Unity   : [STATISTIC]526;338640990;338639896;2280931328;15769600;3323677207;0;0;0;0;0;0;0;0;0;4540313;0;0;27;0.3333333;
06-27 11:34:36.983 25508 25528 I Unity   : [STATISTIC]527;322354531;322353958;2282967040;15769600;3332102679;0;0;0;0;0;0;0;0;0;4089740;277552;0;27;0.3225223;
06-27 11:34:37.315 25508 25528 I Unity   : [STATISTIC]528;332652135;332651094;2277040128;15769600;3332156119;0;0;0;0;0;0;0;0;0;3894115;321094;0;27;0.3327951;
06-27 11:34:37.636 25508 25528 I Unity   : [STATISTIC]529;320158333;320157448;2274074624;15769600;3357351239;0;0;0;0;0;0;0;0;0;3894950;231510;0;27;0.3213084;
06-27 11:34:37.942 25508 25528 I Unity   : [STATISTIC]530;306239791;306239062;2276306944;15769600;3365768519;0;0;0;0;0;0;0;0;0;4608906;240729;0;27;0.3062989;
06-27 11:34:38.255 25508 25528 I Unity   : [STATISTIC]531;312437708;312436406;2271764480;15769600;3365784903;0;0;0;0;0;0;0;0;0;4124427;240729;0;27;0.3114745;
06-27 11:34:38.560 25508 25528 I Unity   : [STATISTIC]532;306010833;306009792;2271846400;15769600;3374153031;0;0;0;0;0;0;0;0;0;3969895;264843;0;27;0.3075752;
06-27 11:34:38.853 25508 25528 I Unity   : [STATISTIC]533;292959010;292958125;2272997376;15769600;3399355719;0;0;0;0;0;0;0;0;0;4082136;130052;0;27;0.2930381;
06-27 11:34:39.155 25508 25528 I Unity   : [STATISTIC]534;301521979;301521146;2266882048;15769600;3399372103;0;0;0;0;0;0;0;0;0;4056458;112500;0;27;0.3014271;
06-27 11:34:39.446 25508 25528 I Unity   : [STATISTIC]535;290895000;290894167;2282950656;15769600;3407748423;0;0;0;0;0;0;0;0;0;3972553;130000;0;27;0.2914141;
06-27 11:34:39.741 25508 25528 I Unity   : [STATISTIC]536;295675416;295674531;2285428736;15769600;3416157511;0;0;0;0;0;0;0;0;0;4036303;264323;0;27;0.2963872;
06-27 11:34:40.044 25508 25528 I Unity   : [STATISTIC]537;302110990;302110104;2280370176;15769600;3416173895;0;0;0;0;0;0;0;0;0;4360260;256979;0;27;0.3017255;
06-27 11:34:40.325 25508 25528 I Unity   : [STATISTIC]538;281487083;281486250;2276655104;15769600;3350904135;0;0;0;0;0;0;0;0;0;3715833;133594;0;27;0.2827932;
06-27 11:34:40.603 25508 25528 I Unity   : [STATISTIC]539;278253542;278252813;2274029568;15769600;3240004935;0;0;0;0;0;0;0;0;0;4413698;338750;0;27;0.2789453;
06-27 11:34:40.869 25508 25528 I Unity   : [STATISTIC]540;265507292;265506459;2274660352;15769600;3248430407;0;0;0;0;0;0;0;0;0;4098855;136719;0;27;0.2657381;
06-27 11:34:41.129 25508 25528 I Unity   : [STATISTIC]541;260078229;260077500;2273202176;15769600;3256830555;0;0;0;0;0;0;0;0;0;3997865;247136;0;27;0.2613775;
06-27 11:34:41.394 25508 25528 I Unity   : [STATISTIC]542;264947292;264946666;2271690752;15769600;3273607771;0;0;0;0;0;0;0;0;0;4342240;272187;0;27;0.265026;
06-27 11:34:41.652 25508 25528 I Unity   : [STATISTIC]543;258046042;258045573;2278371328;15769600;3273624155;0;0;0;0;0;0;0;0;0;4236353;134063;0;27;0.2590259;
06-27 11:34:41.898 25508 25528 I Unity   : [STATISTIC]544;246046823;246046042;2272026624;15769600;3290417755;0;0;0;0;0;0;0;0;0;4044218;116562;0;27;0.2462422;
06-27 11:34:42.164 25508 25528 I Unity   : [STATISTIC]545;265841719;265840729;2294837248;15769600;3298843227;0;0;0;0;0;0;0;0;0;4604218;129167;0;27;0.2647072;
06-27 11:34:42.440 25508 25528 I Unity   : [STATISTIC]546;275649479;275648438;2288467968;15769600;3298859611;0;0;0;0;0;0;0;0;0;4025677;270886;0;27;0.2761056;
06-27 11:34:42.707 25508 25528 I Unity   : [STATISTIC]547;267169531;267168698;2287206400;15769600;3324013147;0;0;0;0;0;0;0;0;0;4389374;186979;0;27;0.268493;
06-27 11:34:42.959 25508 25528 I Unity   : [STATISTIC]548;252512552;252511979;2284527616;15769600;3340814939;0;0;0;0;0;0;0;0;0;4258855;156615;0;27;0.2530281;
06-27 11:34:43.200 25508 25528 I Unity   : [STATISTIC]549;240978854;240977864;2285137920;15769600;3340875051;0;0;0;0;0;0;0;0;0;3814167;328385;0;27;0.2410886;
06-27 11:34:43.440 25508 25528 I Unity   : [STATISTIC]550;239855833;239854948;2285273088;15769600;3340895979;0;0;0;0;0;0;0;0;0;4425729;135729;0;27;0.2405133;
06-27 11:34:43.684 25508 25528 I Unity   : [STATISTIC]551;244229739;244228854;2288943104;15769600;3349332915;0;0;0;0;0;0;0;0;0;4207291;384531;0;27;0.2441493;
06-27 11:34:43.918 25508 25528 I Unity   : [STATISTIC]552;233810885;233809688;2282213376;15769600;3366126515;0;0;0;0;0;0;0;0;0;4230781;126041;0;27;0.2346075;
06-27 11:34:44.146 25508 25528 I Unity   : [STATISTIC]553;228195886;228195208;2282377216;15769600;3374502835;0;0;0;0;0;0;0;0;0;3817501;150833;0;27;0.2289338;
06-27 11:34:44.365 25508 25528 I Unity   : [STATISTIC]554;219073854;219072916;2284920832;15769600;3382928307;0;0;0;0;0;0;0;0;0;4100574;111562;0;27;0.2187407;
06-27 11:34:44.618 25508 25528 I Unity   : [STATISTIC]555;252497135;252496458;2283515904;15769600;3385033651;0;0;0;0;0;0;0;0;0;3986615;253020;0;27;0.2531874;
06-27 11:34:44.849 25508 25528 I Unity   : [STATISTIC]556;230821197;230820625;2297679872;15769600;3410187187;0;0;0;0;0;0;0;0;0;4208749;305364;0;27;0.2310207;
06-27 11:34:45.076 25508 25528 I Unity   : [STATISTIC]557;226934895;226933958;2301411328;15769600;3418604467;0;0;0;0;0;0;0;0;0;4660207;306406;0;27;0.2268925;
06-27 11:34:45.297 25508 25528 I Unity   : [STATISTIC]558;220986094;220985208;2288074752;15769600;3292776335;0;0;0;0;0;0;0;0;0;4768386;294948;0;27;0.2219231;
06-27 11:34:45.534 25508 25528 I Unity   : [STATISTIC]559;237007188;237006459;2290249728;15769600;3309586075;0;0;0;0;0;0;0;0;0;4390886;320000;0;27;0.2377115;
06-27 11:34:45.760 25508 25528 I Unity   : [STATISTIC]560;225993490;225992500;2297528320;15769600;3318019739;0;0;0;0;0;0;0;0;0;4966406;196146;0;27;0.2260222;
06-27 11:34:45.965 25508 25528 I Unity   : [STATISTIC]561;205509999;205509531;2290520064;15769600;3318053019;0;0;0;0;0;0;0;0;0;4841564;328125;0;27;0.2061982;
06-27 11:34:46.168 25508 25528 I Unity   : [STATISTIC]562;202967448;202966563;2290270208;15769600;3326437531;0;0;0;0;0;0;0;0;0;4222655;261197;0;27;0.2037447;
06-27 11:34:46.362 25508 25528 I Unity   : [STATISTIC]563;193859427;193858750;2292260864;15769600;3334854811;0;0;0;0;0;0;0;0;0;4656354;133959;0;27;0.192994;
06-27 11:34:46.555 25508 25528 I Unity   : [STATISTIC]564;192933281;192932344;2286735360;15769600;3351640219;0;0;0;0;0;0;0;0;0;4308959;128281;0;27;0.1943484;
06-27 11:34:46.736 25508 25528 I Unity   : [STATISTIC]565;179754532;179753385;2283782144;15769600;3360024731;0;0;0;0;0;0;0;0;0;4207395;191354;0;27;0.180568;
06-27 11:34:46.910 25508 25528 I Unity   : [STATISTIC]566;175026511;175025782;2284818432;15769600;3301304475;0;0;0;0;0;0;0;0;0;4302501;409479;0;27;0.1752378;
06-27 11:34:47.083 25508 25528 I Unity   : [STATISTIC]567;173502656;173501979;2273714176;15769600;3309688987;0;0;0;0;0;0;0;0;0;4914219;330781;0;27;0.1743729;
06-27 11:34:47.262 25508 25528 I Unity   : [STATISTIC]568;178502968;178502187;2284257280;15769600;3309697179;0;0;0;0;0;0;0;0;0;4702709;278125;0;27;0.178535;
06-27 11:34:47.446 25508 25528 I Unity   : [STATISTIC]569;184194479;184193749;2302414848;15769600;3334879163;0;0;0;0;0;0;0;0;0;4388437;277187;0;27;0.1837231;
06-27 11:34:47.623 25508 25528 I Unity   : [STATISTIC]570;176815000;176814218;2295156736;15769600;3334912107;0;0;0;0;0;0;0;0;0;4412395;285312;0;27;0.1772801;
06-27 11:34:47.798 25508 25528 I Unity   : [STATISTIC]571;174849011;174848281;2294038528;15769600;3309739163;0;0;0;0;0;0;0;0;0;4122969;432448;0;27;0.1758087;
06-27 11:34:47.949 25508 25528 I Unity   : [STATISTIC]572;151467239;151466198;2295197696;15769600;3318201243;0;0;0;0;0;0;0;0;0;4611146;244011;0;27;0.1515518;
06-27 11:34:48.131 25508 25528 I Unity   : [STATISTIC]573;181355468;181355052;2292785152;15769600;3326565275;0;0;0;0;0;0;0;0;0;4223489;246511;0;27;0.1821925;
06-27 11:34:48.298 25508 25528 I Unity   : [STATISTIC]574;167637656;167637291;2295025664;15769600;3326596427;0;0;0;0;0;0;0;0;0;4078697;335989;0;27;0.1676487;
06-27 11:34:48.388 25508 25528 I Unity   : [STATISTIC]575;90058021;90057552;2296467456;15769600;3326612811;0;0;0;0;0;0;0;0;0;1872031;238958;0;27;0.09006818;
06-27 11:34:48.463 25508 25528 I Unity   : [STATISTIC]576;75374688;75374167;2296664064;15769600;3326612811;0;0;0;0;0;0;0;0;0;1899584;0;0;27;0.07538531;
06-27 11:34:48.547 25508 25528 I Unity   : [STATISTIC]577;83220260;83219740;2297593856;15769600;3326621003;0;0;0;0;0;0;0;0;0;1691823;169010;0;27;0.08322969;
06-27 11:34:48.648 25508 25528 I Unity   : [STATISTIC]578;100679010;100678594;2297753600;15769600;3326621003;0;0;0;0;0;0;0;0;0;1556616;0;0;27;0.100687;
06-27 11:34:48.729 25508 25528 I Unity   : [STATISTIC]579;81119271;81118802;2303565824;15769600;3343414603;0;0;0;0;0;0;0;0;0;1411614;155156;0;27;0.08112823;
06-27 11:34:48.817 25508 25528 I Unity   : [STATISTIC]580;88565261;88564792;2305945600;15769600;3360208203;0;0;0;0;0;0;0;0;0;1404168;138854;0;27;0.08857625;
06-27 11:34:48.897 25508 25528 I Unity   : [STATISTIC]581;79285677;79285313;2308153344;15769600;3360216395;0;0;0;0;0;0;0;0;0;1424219;342761;0;27;0.07929281;
06-27 11:34:48.990 25508 25528 I Unity   : [STATISTIC]582;93787657;93787344;2311946240;15769600;3360224587;0;0;0;0;0;0;0;0;0;1443803;362657;0;27;0.09379599;
06-27 11:34:49.064 25508 25528 I Unity   : [STATISTIC]583;73353489;73353021;2315603968;15769600;3360224587;0;0;0;0;0;0;0;0;0;1470989;380989;0;27;0.07336365;
06-27 11:34:49.140 25508 25528 I Unity   : [STATISTIC]584;76332344;76331823;2315972608;15769600;3360238507;0;0;0;0;0;0;0;0;0;1433802;268594;0;27;0.07636349;
06-27 11:34:49.233 25508 25528 I Unity   : [STATISTIC]585;93173958;93173542;2319163392;15769600;3393848787;0;0;0;0;0;0;0;0;0;1520468;415156;0;27;0.0931839;
06-27 11:34:49.317 25508 25528 I Unity   : [STATISTIC]586;84105000;84104531;2323046400;15769600;3393861555;0;0;0;0;0;0;0;0;0;1487604;279271;0;27;0.08411224;
06-27 11:34:49.403 25508 25528 I Unity   : [STATISTIC]587;85259271;85258802;2326323200;15769600;3393890707;0;0;0;0;0;0;0;0;0;1773073;163854;0;27;0.08526943;
06-27 11:34:49.498 25508 25528 I Unity   : [STATISTIC]588;95347448;95346979;2329591808;15769600;3410680723;0;0;0;0;0;0;0;0;0;1549479;175989;0;27;0.09535813;
06-27 11:34:49.585 25508 25528 I Unity   : [STATISTIC]589;86676145;86675677;2331824128;15769600;3427503571;0;0;0;0;0;0;0;0;0;1631772;183697;0;27;0.08668453;
06-27 11:34:49.668 25508 25528 I Unity   : [STATISTIC]590;83754688;83754218;2334175232;15769600;3427508211;0;0;0;0;0;0;0;0;0;1516614;306823;0;27;0.08376354;
06-27 11:34:49.768 25508 25528 I Unity   : [STATISTIC]591;99500208;99499688;2341040128;15769600;3427516403;0;0;0;0;0;0;0;0;0;3116302;300520;0;27;0.09950761;
06-27 11:34:49.940 25508 25528 I Unity   : [STATISTIC]592;172010573;172010000;2353864704;15769600;3444329279;0;0;0;0;0;0;0;0;0;4330574;405156;0;27;0.1720177;
06-27 11:34:50.129 25508 25528 I Unity   : [STATISTIC]593;188813021;188812448;2356989952;15769600;3444382719;0;0;0;0;0;0;0;0;0;3728230;313698;0;27;0.1888237;
06-27 11:34:50.219 25508 25528 I Unity   : [STATISTIC]594;90612396;90611770;2360492032;15769600;3444432643;0;0;0;0;0;0;0;0;0;1614063;399687;0;27;0.09062469;
06-27 11:34:50.317 25508 25528 I Unity   : [STATISTIC]595;98059011;98058489;2361004032;15769600;3444437379;0;0;0;0;0;0;0;0;0;1487292;0;0;27;0.09806828;
06-27 11:34:50.409 25508 25528 I Unity   : [STATISTIC]596;91044948;91044583;2365145088;15769600;3478000003;0;0;0;0;0;0;0;0;0;1539165;259844;0;27;0.09105214;
06-27 11:34:50.476 25508 25528 I Unity   : [STATISTIC]597;67580521;67579948;2366439424;15769600;3478000003;0;0;0;0;0;0;0;0;0;1755832;0;0;27;0.06759057;
06-27 11:34:50.549 25508 25528 I Unity   : [STATISTIC]598;72632656;72632344;2370297856;15769600;3478026395;0;0;0;0;0;0;0;0;0;1495729;335104;0;27;0.07264255;
06-27 11:34:50.651 25508 25528 I Unity   : [STATISTIC]599;102153125;102152813;2372747264;15769600;3478055739;0;0;0;0;0;0;0;0;0;1718230;154115;0;27;0.1021639;
06-27 11:34:50.725 25508 25528 I Unity   : [STATISTIC]600;73803177;73802656;2376822784;15769600;3478068731;0;0;0;0;0;0;0;0;0;1438439;270885;0;27;0.07381041;
06-27 11:34:50.824 25508 25528 I Unity   : [STATISTIC]601;99368021;99367656;2380570624;15769600;3494867131;0;0;0;0;0;0;0;0;0;1703281;162916;0;27;0.09937771;
06-27 11:34:50.901 25508 25528 I Unity   : [STATISTIC]602;77347240;77346928;2385670144;15769600;3511665563;0;0;0;0;0;0;0;0;0;1485937;166823;0;27;0.07735807;
06-27 11:34:50.972 25508 25528 I Unity   : [STATISTIC]603;71006927;71006563;2389692416;15769600;3511686811;0;0;0;0;0;0;0;0;0;1437343;165052;0;27;0.07101646;
06-27 11:34:51.060 25508 25528 I Unity   : [STATISTIC]604;87097396;87096979;2394259456;15769600;3528464091;0;0;0;0;0;0;0;0;0;1649010;337865;0;27;0.08710536;
06-27 11:34:51.134 25508 25528 I Unity   : [STATISTIC]605;74091875;74091406;2397384704;15769600;3528510143;0;0;0;0;0;0;0;0;0;1473439;247083;0;27;0.07410271;
06-27 11:34:51.220 25508 25528 I Unity   : [STATISTIC]606;86580105;86579687;2401325056;15769600;3545323267;0;0;0;0;0;0;0;0;0;1818698;349531;0;27;0.08658984;
06-27 11:34:51.293 25508 25528 I Unity   : [STATISTIC]607;73097448;73097031;2404151296;15769600;3545354863;0;0;0;0;0;0;0;0;0;1614428;309323;0;27;0.07310656;
06-27 11:34:51.360 25508 25528 I Unity   : [STATISTIC]608;67008907;67008385;2406449152;15769600;3545382179;0;0;0;0;0;0;0;0;0;1511197;336823;0;27;0.06701782;
06-27 11:34:51.432 25508 25528 I Unity   : [STATISTIC]609;71786355;71785885;2408779776;15769600;3545395299;0;0;0;0;0;0;0;0;0;1741509;345000;0;27;0.07179718;
06-27 11:34:51.498 25508 25528 I Unity   : [STATISTIC]610;65983594;65983229;2410692608;15769600;3545400227;0;0;0;0;0;0;0;0;0;1742501;0;0;27;0.065995;
06-27 11:34:51.569 25508 25528 I Unity   : [STATISTIC]611;70663073;70662552;2411491328;15769600;3545400227;0;0;0;0;0;0;0;0;0;1530364;0;0;27;0.07067209;
06-27 11:34:51.645 25508 25528 I Unity   : [STATISTIC]612;75952552;75952136;2411737088;15769600;3562177443;0;0;0;0;0;0;0;0;0;1604637;0;0;27;0.07596052;
06-27 11:34:51.728 25508 25528 I Unity   : [STATISTIC]613;82793594;82793020;2413858816;15769600;3562199227;0;0;0;0;0;0;0;0;0;1517447;280104;0;27;0.08280286;
06-27 11:34:51.804 25508 25528 I Unity   : [STATISTIC]614;76094688;76094322;2414080000;15769600;3562191035;0;0;0;0;0;0;0;0;0;1889896;0;0;27;0.07607682;
06-27 11:34:51.879 25508 25528 I Unity   : [STATISTIC]615;75083125;75082656;2417451008;15769600;3578984635;0;0;0;0;0;0;0;0;0;1808385;264375;0;27;0.07512105;
06-27 11:34:51.950 25508 25528 I Unity   : [STATISTIC]616;70910886;70910417;2419519488;15769600;3579001019;0;0;0;0;0;0;0;0;0;1463646;300469;0;27;0.07091849;
06-27 11:34:52.022 25508 25528 I Unity   : [STATISTIC]617;71839166;71838646;2419617792;15769600;3579001019;0;0;0;0;0;0;0;0;0;1523907;0;0;27;0.07184537;
06-27 11:34:52.090 25508 25528 I Unity   : [STATISTIC]618;68446875;68446302;2421895168;15769600;3579025595;0;0;0;0;0;0;0;0;0;1730782;160833;0;27;0.06846255;
06-27 11:34:52.164 25508 25528 I Unity   : [STATISTIC]619;73788854;73788542;2424594432;15769600;3578994651;0;0;0;0;0;0;0;0;0;1565052;0;0;27;0.07379854;
06-27 11:34:52.234 25508 25528 I Unity   : [STATISTIC]620;70284635;70284271;2427731968;15769600;3595788251;0;0;0;0;0;0;0;0;0;1606355;168906;0;27;0.07029369;
06-27 11:34:52.325 25508 25528 I Unity   : [STATISTIC]621;91291198;91290729;2428530688;15769600;3595788251;0;0;0;0;0;0;0;0;0;1523385;0;0;27;0.09130093;
06-27 11:34:52.442 25508 25528 I Unity   : [STATISTIC]622;116614010;116613541;2435432448;15769600;3612565467;0;0;0;0;0;0;0;0;0;3109687;313438;0;27;0.1166192;
06-27 11:34:52.621 25508 25528 I Unity   : [STATISTIC]623;178786406;178785833;2454822912;15769600;3637806799;0;0;0;0;0;0;0;0;0;4824635;482865;0;27;0.1785346;
06-27 11:34:52.784 25508 25528 I Unity   : [STATISTIC]624;162878073;162877708;2457563136;15769600;3646163215;0;0;0;0;0;0;0;0;0;3570520;286198;0;27;0.1631494;
06-27 11:34:52.869 25508 25528 I Unity   : [STATISTIC]625;85643021;85642396;2459955200;15769600;3646192751;0;0;0;0;0;0;0;0;0;1634480;171458;0;27;0.08565412;
06-27 11:34:52.968 25508 25528 I Unity   : [STATISTIC]626;98502917;98502500;2460549120;15769600;3646192751;0;0;0;0;0;0;0;0;0;1554949;0;0;27;0.09851386;
06-27 11:34:53.058 25508 25528 I Unity   : [STATISTIC]627;90167187;90166719;2464567296;15769600;3646209135;0;0;0;0;0;0;0;0;0;1662813;157396;0;27;0.09017541;
06-27 11:34:53.144 25508 25528 I Unity   : [STATISTIC]628;85831042;85830520;2465554432;15769600;3662986351;0;0;0;0;0;0;0;0;0;1903386;0;0;27;0.08583953;
06-27 11:34:53.237 25508 25528 I Unity   : [STATISTIC]629;92533854;92533437;2469814272;15769600;3663058151;0;0;0;0;0;0;0;0;0;1475104;474948;0;27;0.09254614;
06-27 11:34:53.315 25508 25528 I Unity   : [STATISTIC]630;78276146;78275833;2471518208;15769600;3663063175;0;0;0;0;0;0;0;0;0;1631770;0;0;27;0.07828594;
06-27 11:34:53.394 25508 25528 I Unity   : [STATISTIC]631;79621354;79620937;2473934848;15769600;3679874555;0;0;0;0;0;0;0;0;0;1693959;310521;0;27;0.07963239;
06-27 11:34:53.479 25508 25528 I Unity   : [STATISTIC]632;84431250;84430781;2475999232;15769600;3679887803;0;0;0;0;0;0;0;0;0;1547345;286823;0;27;0.08443974;
06-27 11:34:53.560 25508 25528 I Unity   : [STATISTIC]633;81259375;81258906;2478223360;15769600;3696698207;0;0;0;0;0;0;0;0;0;1550572;328802;0;27;0.08127145;
06-27 11:34:53.640 25508 25528 I Unity   : [STATISTIC]634;79561458;79560989;2480689152;15769600;3696684031;0;0;0;0;0;0;0;0;0;1519584;282813;0;27;0.07957229;
06-27 11:34:53.706 25508 25528 I Unity   : [STATISTIC]635;66724219;66723698;2482802688;15769600;3696684031;0;0;0;0;0;0;0;0;0;1493073;400938;0;27;0.06673297;
06-27 11:34:53.801 25508 25528 I Unity   : [STATISTIC]636;94756406;94755937;2485121024;15769600;3696700415;0;0;0;0;0;0;0;0;0;1472240;410209;0;27;0.09476333;
06-27 11:34:53.875 25508 25528 I Unity   : [STATISTIC]637;74253177;74252708;2487255040;15769600;3696724991;0;0;0;0;0;0;0;0;0;1574636;171771;0;27;0.07426459;
06-27 11:34:53.946 25508 25528 I Unity   : [STATISTIC]638;70908020;70907552;2489311232;15769600;3696741375;0;0;0;0;0;0;0;0;0;1775782;217188;0;27;0.07091802;
06-27 11:34:54.016 25508 25528 I Unity   : [STATISTIC]639;69959791;69959323;2489376768;15769600;3696741375;0;0;0;0;0;0;0;0;0;2134010;0;0;27;0.06996672;
06-27 11:34:54.086 25508 25528 I Unity   : [STATISTIC]640;69698750;69698333;2489376768;15769600;3696741375;0;0;0;0;0;0;0;0;0;1529583;0;0;27;0.06970964;
06-27 11:34:54.191 25508 25528 I Unity   : [STATISTIC]641;105453697;105453229;2489577472;15769600;3696741375;0;0;0;0;0;0;0;0;0;1514009;0;0;27;0.1054617;
06-27 11:34:54.268 25508 25528 I Unity   : [STATISTIC]642;76450782;76450520;2489577472;15769600;3713518591;0;0;0;0;0;0;0;0;0;1557031;0;0;27;0.07646114;
06-27 11:34:54.365 25508 25528 I Unity   : [STATISTIC]643;97287552;97287083;2491666432;15769600;3730303999;0;0;0;0;0;0;0;0;0;1486354;176041;0;27;0.09729427;
06-27 11:34:54.437 25508 25528 I Unity   : [STATISTIC]644;71927656;71927240;2493960192;15769600;3730338279;0;0;0;0;0;0;0;0;0;1963072;344270;0;27;0.07193875;
06-27 11:34:54.518 25508 25528 I Unity   : [STATISTIC]645;80605156;80604688;2493960192;15769600;3730338279;0;0;0;0;0;0;0;0;0;1535000;0;0;27;0.0806138;
06-27 11:34:54.593 25508 25528 I Unity   : [STATISTIC]646;74988854;74988281;2498461696;15769600;3730396971;0;0;0;0;0;0;0;0;0;1761925;451250;0;27;0.07499771;
06-27 11:34:54.667 25508 25528 I Unity   : [STATISTIC]647;74105312;74104844;2499244032;15769600;3730396971;0;0;0;0;0;0;0;0;0;1544168;0;0;27;0.07411594;
06-27 11:34:54.752 25508 25528 I Unity   : [STATISTIC]648;85123959;85123489;2501746688;15769600;3730396971;0;0;0;0;0;0;0;0;0;1452918;0;0;27;0.08513302;
06-27 11:34:54.824 25508 25528 I Unity   : [STATISTIC]649;72128177;72127656;2504032256;15769600;3747190571;0;0;0;0;0;0;0;0;0;1494741;451667;0;27;0.07213812;
06-27 11:34:54.892 25508 25528 I Unity   : [STATISTIC]650;67770989;67770469;2508374016;15769600;3747198763;0;0;0;0;0;0;0;0;0;1873802;180416;0;27;0.06777813;
06-27 11:34:54.959 25508 25528 I Unity   : [STATISTIC]651;66715000;66714479;2510585856;15769600;3747206955;0;0;0;0;0;0;0;0;0;1516510;372604;0;27;0.06672396;
06-27 11:34:55.028 25508 25528 I Unity   : [STATISTIC]652;69787865;69787448;2512646144;15769600;3747228491;0;0;0;0;0;0;0;0;0;1452917;137083;0;27;0.06979761;
06-27 11:34:55.195 25508 25528 I Unity   : [STATISTIC]653;166481250;166480781;2527256576;15769600;3780816123;0;0;0;0;0;0;0;0;0;5119689;309896;0;27;0.166485;
06-27 11:34:55.359 25508 25528 I Unity   : [STATISTIC]654;164005313;164004896;2532184064;15769600;3780801979;0;0;0;0;0;0;0;0;0;4767186;0;0;27;0.1640201;
06-27 11:34:55.488 25508 25528 I Unity   : [STATISTIC]655;129208437;129208021;2538065920;15769600;3780810171;0;0;0;0;0;0;0;0;0;2233958;358333;0;27;0.1292206;
06-27 11:34:55.564 25508 25528 I Unity   : [STATISTIC]656;75735209;75734843;2538065920;15769600;3780834747;0;0;0;0;0;0;0;0;0;1597137;168906;0;27;0.07574542;
06-27 11:34:55.645 25508 25528 I Unity   : [STATISTIC]657;80869063;80868697;2539970560;15769600;3797611963;0;0;0;0;0;0;0;0;0;1807604;0;0;27;0.0808787;
06-27 11:34:55.717 25508 25528 I Unity   : [STATISTIC]658;71946771;71946250;2542116864;15769600;3797628347;0;0;0;0;0;0;0;0;0;1723750;152240;0;27;0.07195687;
06-27 11:34:55.802 25508 25528 I Unity   : [STATISTIC]659;84683594;84683125;2543980544;15769600;3814390619;0;0;0;0;0;0;0;0;0;1739166;0;0;27;0.08469318;
06-27 11:34:55.885 25508 25528 I Unity   : [STATISTIC]660;83781094;83780625;2547400704;15769600;3814448343;0;0;0;0;0;0;0;0;0;1644271;378125;0;27;0.08379177;
06-27 11:34:55.974 25508 25528 I Unity   : [STATISTIC]661;89020885;89020521;2550444032;15769600;3814456535;0;0;0;0;0;0;0;0;0;1652293;346302;0;27;0.08902984;
06-27 11:34:56.048 25508 25528 I Unity   : [STATISTIC]662;73732032;73731458;2552520704;15769600;3814464727;0;0;0;0;0;0;0;0;0;1619688;295312;0;27;0.07374021;
06-27 11:34:56.151 25508 25528 I Unity   : [STATISTIC]663;103048750;103048281;2554830848;15769600;3814494487;0;0;0;0;0;0;0;0;0;1590938;196667;0;27;0.1030582;
06-27 11:34:56.253 25508 25528 I Unity   : [STATISTIC]664;101851094;101850573;2555383808;15769600;3831278743;0;0;0;0;0;0;0;0;0;1453438;141615;0;27;0.1018606;
06-27 11:34:56.332 25508 25528 I Unity   : [STATISTIC]665;78921614;78921094;2556444672;15769600;3831283959;0;0;0;0;0;0;0;0;0;1533645;0;0;27;0.07892672;
06-27 11:34:56.424 25508 25528 I Unity   : [STATISTIC]666;92021979;92021614;2558050304;15769600;3831283959;0;0;0;0;0;0;0;0;0;1537136;0;0;27;0.09203635;
06-27 11:34:56.508 25508 25528 I Unity   : [STATISTIC]667;84010521;84009948;2560851968;15769600;3848069367;0;0;0;0;0;0;0;0;0;2231040;135573;0;27;0.0840201;
06-27 11:34:56.585 25508 25528 I Unity   : [STATISTIC]668;77405312;77405000;2562473984;15769600;3848069367;0;0;0;0;0;0;0;0;0;1560886;0;0;27;0.07741578;
06-27 11:34:56.664 25508 25528 I Unity   : [STATISTIC]669;78233645;78233125;2564767744;15769600;3848085751;0;0;0;0;0;0;0;0;0;1647501;371198;0;27;0.07824583;
06-27 11:34:56.748 25508 25528 I Unity   : [STATISTIC]670;84098749;84098281;2566377472;15769600;3848110327;0;0;0;0;0;0;0;0;0;1437656;131459;0;27;0.08408646;
06-27 11:34:56.822 25508 25528 I Unity   : [STATISTIC]671;73959115;73958594;2566369280;15769600;3848110327;0;0;0;0;0;0;0;0;0;1767969;0;0;27;0.07399058;
06-27 11:34:56.900 25508 25528 I Unity   : [STATISTIC]672;78149219;78148646;2567151616;15769600;3864887543;0;0;0;0;0;0;0;0;0;1459793;0;0;27;0.07815807;
06-27 11:34:56.999 25508 25528 I Unity   : [STATISTIC]673;98885261;98884739;2571415552;15769600;3864895735;0;0;0;0;0;0;0;0;0;1468125;185833;0;27;0.09889463;
06-27 11:34:57.076 25508 25528 I Unity   : [STATISTIC]674;77746355;77745937;2572750848;15769600;3864886135;0;0;0;0;0;0;0;0;0;1548802;0;0;27;0.07775708;
06-27 11:34:57.176 25508 25528 I Unity   : [STATISTIC]675;99006770;99006198;2575818752;15769600;3881714219;0;0;0;0;0;0;0;0;0;1557762;342604;0;27;0.09901422;
06-27 11:34:57.264 25508 25528 I Unity   : [STATISTIC]676;88722813;88722343;2580086784;15769600;3881746987;0;0;0;0;0;0;0;0;0;1564791;462344;0;27;0.08873312;
06-27 11:34:57.339 25508 25528 I Unity   : [STATISTIC]677;74825365;74825052;2580316160;15769600;3898524203;0;0;0;0;0;0;0;0;0;1565262;0;0;27;0.07483563;
06-27 11:34:57.416 25508 25528 I Unity   : [STATISTIC]678;77384375;77383906;2580316160;15769600;3898524203;0;0;0;0;0;0;0;0;0;1522552;0;0;27;0.07739286;
06-27 11:34:57.508 25508 25528 I Unity   : [STATISTIC]679;91121302;91120885;2581868544;15769600;3898524203;0;0;0;0;0;0;0;0;0;2199322;0;0;27;0.09112828;
06-27 11:34:57.592 25508 25528 I Unity   : [STATISTIC]680;84212448;84212031;2583986176;15769600;3898532395;0;0;0;0;0;0;0;0;0;1505208;329687;0;27;0.08422266;
06-27 11:34:57.676 25508 25528 I Unity   : [STATISTIC]681;84512657;84512135;2588110848;15769600;3898565787;0;0;0;0;0;0;0;0;0;1662969;357240;0;27;0.08452396;
06-27 11:34:57.812 25508 25528 I Unity   : [STATISTIC]682;135497448;135497083;2603491328;15769600;3948949475;0;0;0;0;0;0;0;0;0;4092865;438959;0;27;0.1355034;
06-27 11:34:57.979 25508 25528 I Unity   : [STATISTIC]683;167043594;167043281;2613567488;15769600;3948974227;0;0;0;0;0;0;0;0;0;5054946;237448;0;27;0.1670535;
06-27 11:34:58.127 25508 25528 I Unity   : [STATISTIC]684;147587291;147586771;2620362752;15769600;3948993971;0;0;0;0;0;0;0;0;0;3320312;173854;0;27;0.1475964;
06-27 11:34:58.214 25508 25528 I Unity   : [STATISTIC]685;87089896;87089531;2621591552;15769600;3949024675;0;0;0;0;0;0;0;0;0;1674532;341406;0;27;0.08710151;
06-27 11:34:58.315 25508 25528 I Unity   : [STATISTIC]686;101427968;101427656;2621591552;15769600;3949024675;0;0;0;0;0;0;0;0;0;1625052;0;0;27;0.1014368;
06-27 11:34:58.404 25508 25528 I Unity   : [STATISTIC]687;87117135;87116719;2622672896;15769600;3949054287;0;0;0;0;0;0;0;0;0;1615261;379010;0;27;0.08712755;
06-27 11:34:58.479 25508 25528 I Unity   : [STATISTIC]688;76520782;76520468;2623205376;15769600;3949054287;0;0;0;0;0;0;0;0;0;1625313;0;0;27;0.07652396;
06-27 11:34:58.568 25508 25528 I Unity   : [STATISTIC]689;89302344;89301823;2625163264;15769600;3965834575;0;0;0;0;0;0;0;0;0;1537342;281198;0;27;0.08931641;
06-27 11:34:58.648 25508 25528 I Unity   : [STATISTIC]690;80053177;80052709;2627776512;15769600;3965842767;0;0;0;0;0;0;0;0;0;1880365;184010;0;27;0.08006083;
06-27 11:34:58.733 25508 25528 I Unity   : [STATISTIC]691;84886614;84886198;2629824512;15769600;3965859151;0;0;0;0;0;0;0;0;0;1610521;167917;0;27;0.08490026;
06-27 11:34:58.803 25508 25528 I Unity   : [STATISTIC]692;70249531;70248958;2631946240;15769600;3982652751;0;0;0;0;0;0;0;0;0;1463335;367448;0;27;0.07025854;
06-27 11:34:58.877 25508 25528 I Unity   : [STATISTIC]693;73543750;73543281;2634469376;15769600;3982666191;0;0;0;0;0;0;0;0;0;1609323;352864;0;27;0.07355193;
06-27 11:34:58.965 25508 25528 I Unity   : [STATISTIC]694;88595521;88595052;2634469376;15769600;3982671439;0;0;0;0;0;0;0;0;0;1617186;0;0;27;0.08860573;
06-27 11:34:59.056 25508 25528 I Unity   : [STATISTIC]695;90426615;90426093;2636546048;15769600;3982701295;0;0;0;0;0;0;0;0;0;1730574;352032;0;27;0.09041594;
06-27 11:34:59.130 25508 25528 I Unity   : [STATISTIC]696;74039114;74038646;2638655488;15769600;3982701295;0;0;0;0;0;0;0;0;0;1858491;0;0;27;0.07406823;
06-27 11:34:59.209 25508 25528 I Unity   : [STATISTIC]697;79425573;79425208;2638655488;15769600;3982701295;0;0;0;0;0;0;0;0;0;1518438;0;0;27;0.07943396;
06-27 11:34:59.292 25508 25528 I Unity   : [STATISTIC]698;82508594;82508177;2640744448;15769600;3982717679;0;0;0;0;0;0;0;0;0;1727551;160677;0;27;0.08251755;
06-27 11:34:59.375 25508 25528 I Unity   : [STATISTIC]699;82790781;82790313;2642952192;15769600;3999503087;0;0;0;0;0;0;0;0;0;1485731;177031;0;27;0.08279964;
06-27 11:34:59.455 25508 25528 I Unity   : [STATISTIC]700;80655000;80654584;2644807680;15769600;4016280303;0;0;0;0;0;0;0;0;0;1550625;0;0;27;0.08067766;
06-27 11:34:59.541 25508 25528 I Unity   : [STATISTIC]701;86208073;86207708;2646896640;15769600;4016296687;0;0;0;0;0;0;0;0;0;1536459;148178;0;27;0.08622093;
06-27 11:34:59.620 25508 25528 I Unity   : [STATISTIC]702;77951875;77951511;2651054080;15769600;4016313071;0;0;0;0;0;0;0;0;0;1584062;351823;0;27;0.07796026;
06-27 11:34:59.703 25508 25528 I Unity   : [STATISTIC]703;83187292;83186771;2651090944;15769600;4016313071;0;0;0;0;0;0;0;0;0;1478230;0;0;27;0.08319604;
06-27 11:34:59.800 25508 25528 I Unity   : [STATISTIC]704;96871197;96870729;2654212096;15769600;4016340947;0;0;0;0;0;0;0;0;0;1577969;350208;0;27;0.09687959;
06-27 11:34:59.887 25508 25528 I Unity   : [STATISTIC]705;87371250;87370833;2657792000;15769600;4049927203;0;0;0;0;0;0;0;0;0;1537866;382396;0;27;0.08738281;
06-27 11:34:59.960 25508 25528 I Unity   : [STATISTIC]706;73104115;73103646;2660020224;15769600;4049927203;0;0;0;0;0;0;0;0;0;1496873;342917;0;27;0.07311078;
06-27 11:35:00.064 25508 25528 I Unity   : [STATISTIC]707;103937187;103936510;2664169472;15769600;4049960511;0;0;0;0;0;0;0;0;0;1670626;279114;0;27;0.103944;
06-27 11:35:00.155 25508 25528 I Unity   : [STATISTIC]708;90738021;90737657;2667405312;15769600;4049984703;0;0;0;0;0;0;0;0;0;1584219;386719;0;27;0.09074838;
06-27 11:35:00.236 25508 25528 I Unity   : [STATISTIC]709;81455833;81455416;2670575616;15769600;4066781343;0;0;0;0;0;0;0;0;0;1523438;173646;0;27;0.08146839;
06-27 11:35:00.316 25508 25528 I Unity   : [STATISTIC]710;79954688;79954375;2672709632;15769600;4066797727;0;0;0;0;0;0;0;0;0;1656094;160417;0;27;0.07996333;
06-27 11:35:00.422 25508 25528 I Unity   : [STATISTIC]711;105215520;105215052;2677092352;15769600;4083574943;0;0;0;0;0;0;0;0;0;3412865;0;0;27;0.1052242;
06-27 11:35:00.616 25508 25528 I Unity   : [STATISTIC]712;194694063;194693646;2692079616;15769600;4083615903;0;0;0;0;0;0;0;0;0;4679375;203541;0;27;0.1947022;
06-27 11:35:00.795 25508 25528 I Unity   : [STATISTIC]713;178662916;178662500;2696073216;15769600;4083671547;0;0;0;0;0;0;0;0;0;4092449;359010;0;27;0.1786717;
06-27 11:35:00.870 25508 25528 I Unity   : [STATISTIC]714;75207083;75206562;2698432512;15769600;4100470579;0;0;0;0;0;0;0;0;0;1867031;363594;0;27;0.07521427;
06-27 11:35:00.949 25508 25528 I Unity   : [STATISTIC]715;78455834;78455417;2699554816;15769600;4100470579;0;0;0;0;0;0;0;0;0;1645000;0;0;27;0.07847729;
06-27 11:35:01.056 25508 25528 I Unity   : [STATISTIC]716;107361302;107360781;2701750272;15769600;4117255987;0;0;0;0;0;0;0;0;0;1593437;278021;0;27;0.1073697;
06-27 11:35:01.137 25508 25528 I Unity   : [STATISTIC]717;81349063;81348386;2701750272;15769600;4117255987;0;0;0;0;0;0;0;0;0;1525364;0;0;27;0.08135854;
06-27 11:35:01.226 25508 25528 I Unity   : [STATISTIC]718;89347813;89347500;2703892480;15769600;4117264179;0;0;0;0;0;0;0;0;0;1595676;154531;0;27;0.08935974;
06-27 11:35:01.338 25508 25528 I Unity   : [STATISTIC]719;111374323;111373958;2708054016;15769600;4117275379;0;0;0;0;0;0;0;0;0;1552813;160990;0;27;0.1113835;
06-27 11:35:01.421 25508 25528 I Unity   : [STATISTIC]720;83596146;83595625;2710880256;15769600;4134068979;0;0;0;0;0;0;0;0;0;1590625;348854;0;27;0.08360568;
06-27 11:35:01.503 25508 25528 I Unity   : [STATISTIC]721;81435208;81434740;2713157632;15769600;4134082483;0;0;0;0;0;0;0;0;0;1728906;152448;0;27;0.08144578;
06-27 11:35:01.592 25508 25528 I Unity   : [STATISTIC]722;89332187;89331771;2717822976;15769600;4150889619;0;0;0;0;0;0;0;0;0;1725937;319062;0;27;0.08934182;
06-27 11:35:01.675 25508 25528 I Unity   : [STATISTIC]723;82718229;82717917;2721128448;15769600;4150911379;0;0;0;0;0;0;0;0;0;1515365;350312;0;27;0.08272422;
06-27 11:35:01.762 25508 25528 I Unity   : [STATISTIC]724;87513542;87513021;2723758080;15769600;4150919763;0;0;0;0;0;0;0;0;0;1508282;335677;0;27;0.08752219;
06-27 11:35:01.842 25508 25528 I Unity   : [STATISTIC]725;79196823;79196303;2726232064;15769600;4150948983;0;0;0;0;0;0;0;0;0;2281875;329219;0;27;0.07920755;
06-27 11:35:01.909 25508 25528 I Unity   : [STATISTIC]726;66913230;66912760;2726481920;15769600;4150948983;0;0;0;0;0;0;0;0;0;1537863;0;0;27;0.06692214;
06-27 11:35:02.000 25508 25528 I Unity   : [STATISTIC]727;90944687;90944271;2728411136;15769600;4150976411;0;0;0;0;0;0;0;0;0;1516042;455781;0;27;0.0909538;
06-27 11:35:02.078 25508 25528 I Unity   : [STATISTIC]728;77998177;77997032;2728935424;15769600;4150976411;0;0;0;0;0;0;0;0;0;1525311;0;0;27;0.07797703;
06-27 11:35:02.178 25508 25528 I Unity   : [STATISTIC]729;100271979;100271615;2730246144;15769600;4167753627;0;0;0;0;0;0;0;0;0;1842449;0;0;27;0.1003336;
06-27 11:35:02.283 25508 25528 I Unity   : [STATISTIC]730;104484166;104483750;2730295296;15769600;4167753627;0;0;0;0;0;0;0;0;0;1635313;0;0;27;0.1044925;
06-27 11:35:02.364 25508 25528 I Unity   : [STATISTIC]731;81867813;81867187;2734026752;15769600;4167761819;0;0;0;0;0;0;0;0;0;1544949;293437;0;27;0.08187609;
06-27 11:35:02.463 25508 25528 I Unity   : [STATISTIC]732;98509375;98508854;2736705536;15769600;4167783603;0;0;0;0;0;0;0;0;0;1612760;339427;0;27;0.09851912;
06-27 11:35:02.535 25508 25528 I Unity   : [STATISTIC]733;72250886;72250417;2737770496;15769600;4167783603;0;0;0;0;0;0;0;0;0;1665936;0;0;27;0.07226162;
06-27 11:35:02.611 25508 25528 I Unity   : [STATISTIC]734;76057604;76057083;2738823168;15769600;4201338035;0;0;0;0;0;0;0;0;0;1545156;0;0;27;0.07606703;
06-27 11:35:02.687 25508 25528 I Unity   : [STATISTIC]735;75489375;75489010;2741002240;15769600;4201405235;0;0;0;0;0;0;0;0;0;1888698;402917;0;27;0.0754976;
06-27 11:35:02.766 25508 25528 I Unity   : [STATISTIC]736;79706979;79706511;2743263232;15769600;4201421619;0;0;0;0;0;0;0;0;0;1669531;139010;0;27;0.07971698;
06-27 11:35:02.852 25508 25528 I Unity   : [STATISTIC]737;85397917;85397500;2746785792;15769600;4201446195;0;0;0;0;0;0;0;0;0;1652916;187136;0;27;0.08540636;
06-27 11:35:02.929 25508 25528 I Unity   : [STATISTIC]738;76782136;76781615;2748821504;15769600;4201462579;0;0;0;0;0;0;0;0;0;1552760;206718;0;27;0.07679167;
06-27 11:35:03.032 25508 25528 I Unity   : [STATISTIC]739;103222187;103221771;2751148032;15769600;4218212355;0;0;0;0;0;0;0;0;0;1492343;172708;0;27;0.103231;
06-27 11:35:03.194 25508 25528 I Unity   : [STATISTIC]740;161494219;161493646;2769653760;15769600;4226674967;0;0;0;0;0;0;0;0;0;4366615;536198;0;27;0.1612089;
06-27 11:35:03.383 25508 25528 I Unity   : [STATISTIC]741;189871458;189870938;2773573632;15769600;4251875179;0;0;0;0;0;0;0;0;0;4546719;338125;0;27;0.190172;
06-27 11:35:03.524 25508 25528 I Unity   : [STATISTIC]742;140524583;140524167;2778157056;15769600;4251883371;0;0;0;0;0;0;0;0;0;2744895;372343;0;27;0.1405371;
06-27 11:35:03.623 25508 25528 I Unity   : [STATISTIC]743;99632604;99631979;2779996160;15769600;4251891563;0;0;0;0;0;0;0;0;0;1736562;274218;0;27;0.09964203;
06-27 11:35:03.727 25508 25528 I Unity   : [STATISTIC]744;104097187;104096719;2782085120;15769600;4268668779;0;0;0;0;0;0;0;0;0;1551304;0;0;27;0.1041063;
06-27 11:35:03.811 25508 25528 I Unity   : [STATISTIC]745;83815209;83814636;2784428032;15769600;4268693355;0;0;0;0;0;0;0;0;0;1597031;176875;0;27;0.0838227;
06-27 11:35:03.883 25508 25528 I Unity   : [STATISTIC]746;71995573;71994740;2786017280;15769600;4268693355;0;0;0;0;0;0;0;0;0;1549166;0;0;27;0.07199661;
06-27 11:35:03.968 25508 25528 I Unity   : [STATISTIC]747;84819792;84819322;2789089280;15769600;4268701547;0;0;0;0;0;0;0;0;0;1648072;155209;0;27;0.08484906;
06-27 11:35:04.067 25508 25528 I Unity   : [STATISTIC]748;98684375;98683802;2792431616;15769600;4268717931;0;0;0;0;0;0;0;0;0;1597343;343542;0;27;0.09869427;
06-27 11:35:04.173 25508 25528 I Unity   : [STATISTIC]749;105961927;105961614;2794754048;15769600;4285519723;0;0;0;0;0;0;0;0;0;1681980;328959;0;27;0.1059696;
06-27 11:35:04.261 25508 25528 I Unity   : [STATISTIC]750;88493646;88493125;2799341568;15769600;4302321515;0;0;0;0;0;0;0;0;0;1567345;377656;0;27;0.08850177;
06-27 11:35:04.347 25508 25528 I Unity   : [STATISTIC]751;85210417;85209792;2801762304;15769600;4302362147;0;0;0;0;0;0;0;0;0;1464687;345625;0;27;0.0852362;
06-27 11:35:04.416 25508 25528 I Unity   : [STATISTIC]752;69515989;69515521;2804604928;15769600;4302370339;0;0;0;0;0;0;0;0;0;1599479;361094;0;27;0.0695263;
06-27 11:35:04.496 25508 25528 I Unity   : [STATISTIC]753;79811875;79811406;2804604928;15769600;4302370339;0;0;0;0;0;0;0;0;0;1556251;0;0;27;0.07982078;
06-27 11:35:04.574 25508 25528 I Unity   : [STATISTIC]754;78041562;78041146;2804826112;15769600;4302399503;0;0;0;0;0;0;0;0;0;1692655;348907;0;27;0.0780514;
06-27 11:35:04.646 25508 25528 I Unity   : [STATISTIC]755;72154010;72153489;2805067776;15769600;4302399503;0;0;0;0;0;0;0;0;0;1810832;0;0;27;0.07216235;
06-27 11:35:04.743 25508 25528 I Unity   : [STATISTIC]756;97054375;97053958;2805084160;15769600;4302399503;0;0;0;0;0;0;0;0;0;1554687;0;0;27;0.09706422;
06-27 11:35:04.844 25508 25528 I Unity   : [STATISTIC]757;100833646;100833333;2805084160;15769600;4319176719;0;0;0;0;0;0;0;0;0;1587552;0;0;27;0.1008406;
06-27 11:35:04.921 25508 25528 I Unity   : [STATISTIC]758;76752813;76752343;2809782272;15769600;4319184911;0;0;0;0;0;0;0;0;0;1651511;292812;0;27;0.0767612;
06-27 11:35:05.010 25508 25528 I Unity   : [STATISTIC]759;88926250;88925886;2813079552;15769600;4319201295;0;0;0;0;0;0;0;0;0;1515261;204375;0;27;0.08893828;
06-27 11:35:05.098 25508 25528 I Unity   : [STATISTIC]760;88741614;88741146;2815234048;15769600;4319217679;0;0;0;0;0;0;0;0;0;1884272;177864;0;27;0.08875156;
06-27 11:35:05.187 25508 25528 I Unity   : [STATISTIC]761;88031354;88030834;2815234048;15769600;4335994895;0;0;0;0;0;0;0;0;0;1690625;0;0;27;0.08804162;
06-27 11:35:05.289 25508 25528 I Unity   : [STATISTIC]762;102652552;102651979;2817384448;15769600;4352780303;0;0;0;0;0;0;0;0;0;1590052;158802;0;27;0.1026606;
06-27 11:35:05.391 25508 25528 I Unity   : [STATISTIC]763;101580677;101580208;2821050368;15769600;4352804879;0;0;0;0;0;0;0;0;0;1518438;152500;0;27;0.1015909;
06-27 11:35:05.474 25508 25528 I Unity   : [STATISTIC]764;83351250;83349375;2823581696;15769600;4352849695;0;0;0;0;0;0;0;0;0;1780781;366979;0;27;0.08333703;
06-27 11:35:05.581 25508 25528 I Unity   : [STATISTIC]765;107001875;107001354;2827067392;15769600;4352872879;0;0;0;0;0;0;0;0;0;1620678;370104;0;27;0.1070336;
06-27 11:35:05.663 25508 25528 I Unity   : [STATISTIC]766;81537396;81536927;2827067392;15769600;4352872879;0;0;0;0;0;0;0;0;0;1786354;0;0;27;0.08154625;
06-27 11:35:05.797 25508 25528 I Unity   : [STATISTIC]767;134209114;134208594;2839056384;15769600;4361332383;0;0;0;0;0;0;0;0;0;3878021;390261;0;27;0.1340987;
06-27 11:35:05.984 25508 25528 I Unity   : [STATISTIC]768;186737292;186736823;2849820672;15769600;4369700511;0;0;0;0;0;0;0;0;0;4599636;0;0;27;0.1868634;
06-27 11:35:06.149 25508 25528 I Unity   : [STATISTIC]769;164574115;164573594;2853875712;15769600;4386515923;0;0;0;0;0;0;0;0;0;3515417;460885;0;27;0.1645847;
06-27 11:35:06.243 25508 25528 I Unity   : [STATISTIC]770;94556771;94556354;2854514688;15769600;4386532307;0;0;0;0;0;0;0;0;0;2030991;156406;0;27;0.09457177;
06-27 11:35:06.327 25508 25528 I Unity   : [STATISTIC]771;83745573;83745260;2855374848;15769600;4386532307;0;0;0;0;0;0;0;0;0;1791980;0;0;27;0.08375396;
06-27 11:35:06.413 25508 25528 I Unity   : [STATISTIC]772;86005053;86004531;2857693184;15769600;4386548691;0;0;0;0;0;0;0;0;0;1728333;194271;0;27;0.08601589;
06-27 11:35:06.515 25508 25528 I Unity   : [STATISTIC]773;102523281;102522916;2860371968;15769600;4386548691;0;0;0;0;0;0;0;0;0;1690001;0;0;27;0.1025363;
06-27 11:35:06.611 25508 25528 I Unity   : [STATISTIC]774;95388489;95388073;2863730688;15769600;4420096275;0;0;0;0;0;0;0;0;0;1795782;208802;0;27;0.09539849;
06-27 11:35:06.706 25508 25528 I Unity   : [STATISTIC]775;95795208;95794739;2866577408;15769600;4420112659;0;0;0;0;0;0;0;0;0;1672343;339479;0;27;0.09580536;
06-27 11:35:06.788 25508 25528 I Unity   : [STATISTIC]776;82095781;82095365;2871214080;15769600;4420137235;0;0;0;0;0;0;0;0;0;1705156;356614;0;27;0.08210479;
06-27 11:35:06.884 25508 25528 I Unity   : [STATISTIC]777;95790000;95789479;2873323520;15769600;4420153619;0;0;0;0;0;0;0;0;0;1748802;343385;0;27;0.09579968;
06-27 11:35:06.991 25508 25528 I Unity   : [STATISTIC]778;106032865;106032448;2873380864;15769600;4420175411;0;0;0;0;0;0;0;0;0;1959116;364636;0;27;0.1060416;
06-27 11:35:07.073 25508 25528 I Unity   : [STATISTIC]779;82513594;82513125;2875658240;15769600;4420200407;0;0;0;0;0;0;0;0;0;1874531;354584;0;27;0.08252401;
06-27 11:35:07.157 25508 25528 I Unity   : [STATISTIC]780;84360573;84360156;2878029824;15769600;4437005667;0;0;0;0;0;0;0;0;0;2332603;356302;0;27;0.08437125;
06-27 11:35:07.255 25508 25528 I Unity   : [STATISTIC]781;97930104;97929792;2879651840;15769600;4437005667;0;0;0;0;0;0;0;0;0;1749062;0;0;27;0.09793813;
06-27 11:35:07.356 25508 25528 I Unity   : [STATISTIC]782;101215729;101215261;2881630208;15769600;4453782883;0;0;0;0;0;0;0;0;0;2073231;0;0;27;0.101223;
06-27 11:35:07.461 25508 25528 I Unity   : [STATISTIC]783;104787344;104786875;2883948544;15769600;4453791075;0;0;0;0;0;0;0;0;0;1781041;265729;0;27;0.1047975;
06-27 11:35:07.552 25508 25528 I Unity   : [STATISTIC]784;90463490;90463073;2887049216;15769600;4453807459;0;0;0;0;0;0;0;0;0;1740626;158593;0;27;0.09047213;
06-27 11:35:07.645 25508 25528 I Unity   : [STATISTIC]785;93266302;93265937;2889699328;15769600;4453823843;0;0;0;0;0;0;0;0;0;1729636;223698;0;27;0.09327609;
06-27 11:35:07.727 25508 25528 I Unity   : [STATISTIC]786;81730416;81730052;2889932800;15769600;4453823843;0;0;0;0;0;0;0;0;0;1606771;0;0;27;0.08174141;
06-27 11:35:07.811 25508 25528 I Unity   : [STATISTIC]787;84517292;84516615;2891284480;15769600;4470601059;0;0;0;0;0;0;0;0;0;1692499;0;0;27;0.08452526;
06-27 11:35:07.893 25508 25528 I Unity   : [STATISTIC]788;82374010;82373594;2893615104;15769600;4487394659;0;0;0;0;0;0;0;0;0;1533750;187917;0;27;0.08238536;
06-27 11:35:07.971 25508 25528 I Unity   : [STATISTIC]789;77130260;77129844;2896764928;15769600;4487411043;0;0;0;0;0;0;0;0;0;1897345;173229;0;27;0.07713818;
06-27 11:35:08.061 25508 25528 I Unity   : [STATISTIC]790;90453594;90453281;2899775488;15769600;4487434731;0;0;0;0;0;0;0;0;0;1559477;370729;0;27;0.09046302;
06-27 11:35:08.148 25508 25528 I Unity   : [STATISTIC]791;87208125;87207604;2900840448;15769600;4487434731;0;0;0;0;0;0;0;0;0;1546407;0;0;27;0.08721802;
06-27 11:35:08.241 25508 25528 I Unity   : [STATISTIC]792;92274063;92273646;2903900160;15769600;4487463615;0;0;0;0;0;0;0;0;0;1473334;409532;0;27;0.09227781;
06-27 11:35:08.333 25508 25528 I Unity   : [STATISTIC]793;92618229;92617813;2907353088;15769600;4487517083;0;0;0;0;0;0;0;0;0;1689375;362343;0;27;0.09265047;
06-27 11:35:08.477 25508 25528 I Unity   : [STATISTIC]794;142950677;142950365;2919395328;15769600;4504302491;0;0;0;0;0;0;0;0;0;3719324;381094;0;27;0.1429557;
06-27 11:35:08.677 25508 25528 I Unity   : [STATISTIC]795;200014791;200014323;2927112192;15769600;4512711579;0;0;0;0;0;0;0;0;0;4698648;0;0;27;0.1998673;
06-27 11:35:08.829 25508 25528 I Unity   : [STATISTIC]796;152272917;152272448;2929246208;15769600;4521087899;0;0;0;0;0;0;0;0;0;3426356;265104;0;27;0.1524416;
06-27 11:35:08.910 25508 25528 I Unity   : [STATISTIC]797;81335364;81334844;2931978240;15769600;4521112475;0;0;0;0;0;0;0;0;0;1720729;155833;0;27;0.08134448;
06-27 11:35:08.994 25508 25528 I Unity   : [STATISTIC]798;84463906;84463594;2932195328;15769600;4521112475;0;0;0;0;0;0;0;0;0;1689688;0;0;27;0.08447224;
06-27 11:35:09.078 25508 25528 I Unity   : [STATISTIC]799;83206511;83206094;2937221120;15769600;4521119003;0;0;0;0;0;0;0;0;0;1545105;160729;0;27;0.08321505;
06-27 11:35:09.165 25508 25528 I Unity   : [STATISTIC]800;87893542;87893020;2937221120;15769600;4521119003;0;0;0;0;0;0;0;0;0;1745731;0;0;27;0.08790396;
06-27 11:35:09.256 25508 25528 I Unity   : [STATISTIC]801;90805573;90805052;2942636032;15769600;4554681627;0;0;0;0;0;0;0;0;0;1945365;333386;0;27;0.09081667;
06-27 11:35:09.338 25508 25528 I Unity   : [STATISTIC]802;81946979;81946615;2945372160;15769600;4554706203;0;0;0;0;0;0;0;0;0;1685521;334010;0;27;0.08195537;
06-27 11:35:09.427 25508 25528 I Unity   : [STATISTIC]803;88408958;88408594;2947563520;15769600;4554714395;0;0;0;0;0;0;0;0;0;1855938;314792;0;27;0.08840995;
06-27 11:35:09.538 25508 25528 I Unity   : [STATISTIC]804;110886927;110886458;2951442432;15769600;4554733659;0;0;0;0;0;0;0;0;0;1636823;314688;0;27;0.1109101;
06-27 11:35:09.631 25508 25528 I Unity   : [STATISTIC]805;93906302;93905781;2951479296;15769600;4554741851;0;0;0;0;0;0;0;0;0;1580104;130834;0;27;0.09391911;
06-27 11:35:09.713 25508 25528 I Unity   : [STATISTIC]806;81809323;81808854;2955776000;15769600;4571617735;0;0;0;0;0;0;0;0;0;1537293;499010;0;27;0.08181687;
06-27 11:35:09.788 25508 25528 I Unity   : [STATISTIC]807;74254062;74253646;2955915264;15769600;4571617735;0;0;0;0;0;0;0;0;0;1609480;0;0;27;0.07426433;
06-27 11:35:09.865 25508 25528 I Unity   : [STATISTIC]808;77812500;77812084;2956967936;15769600;4588394951;0;0;0;0;0;0;0;0;0;1993438;0;0;27;0.07782031;
06-27 11:35:09.947 25508 25528 I Unity   : [STATISTIC]809;81269271;81268750;2957697024;15769600;4588394951;0;0;0;0;0;0;0;0;0;1722187;0;0;27;0.08127744;
06-27 11:35:10.065 25508 25528 I Unity   : [STATISTIC]810;118079062;118078646;2960674816;15769600;4588403143;0;0;0;0;0;0;0;0;0;1783542;259843;0;27;0.1180895;
06-27 11:35:10.152 25508 25528 I Unity   : [STATISTIC]811;86667344;86666927;2966097920;15769600;4588435911;0;0;0;0;0;0;0;0;0;1864426;195625;0;27;0.08667427;
06-27 11:35:10.240 25508 25528 I Unity   : [STATISTIC]812;88965208;88964740;2968498176;15769600;4588444103;0;0;0;0;0;0;0;0;0;1722083;150990;0;27;0.08897526;
06-27 11:35:10.334 25508 25528 I Unity   : [STATISTIC]813;93676771;93676458;2972422144;15769600;4588460487;0;0;0;0;0;0;0;0;0;1726927;185469;0;27;0.09368656;
06-27 11:35:10.428 25508 25528 I Unity   : [STATISTIC]814;93688594;93688125;2972467200;15769600;4588460487;0;0;0;0;0;0;0;0;0;1600677;0;0;27;0.0936974;
06-27 11:35:10.523 25508 25528 I Unity   : [STATISTIC]815;95042187;95041875;2976669696;15769600;4622023111;0;0;0;0;0;0;0;0;0;1607551;380729;0;27;0.09505125;
06-27 11:35:10.600 25508 25528 I Unity   : [STATISTIC]816;76721823;76721458;2978918400;15769600;4622023111;0;0;0;0;0;0;0;0;0;1702083;352604;0;27;0.07673188;
06-27 11:35:10.675 25508 25528 I Unity   : [STATISTIC]817;75171615;75170990;2981040128;15769600;4622074451;0;0;0;0;0;0;0;0;0;1617709;402917;0;27;0.07517969;
06-27 11:35:10.772 25508 25528 I Unity   : [STATISTIC]818;96863281;96862708;2981289984;15769600;4622074451;0;0;0;0;0;0;0;0;0;1631874;0;0;27;0.09687339;
06-27 11:35:10.849 25508 25528 I Unity   : [STATISTIC]819;77583281;77582865;2981380096;15769600;4622074451;0;0;0;0;0;0;0;0;0;1891928;0;0;27;0.07759459;
06-27 11:35:10.928 25508 25528 I Unity   : [STATISTIC]820;78646354;78646042;2983510016;15769600;4622103503;0;0;0;0;0;0;0;0;0;1602188;374323;0;27;0.0786562;
06-27 11:35:11.002 25508 25528 I Unity   : [STATISTIC]821;74395938;74395365;2983510016;15769600;4622103503;0;0;0;0;0;0;0;0;0;1895625;0;0;27;0.07440354;
06-27 11:35:11.137 25508 25528 I Unity   : [STATISTIC]822;135023073;135022708;2993213440;15769600;4630512591;0;0;0;0;0;0;0;0;0;4643073;0;0;27;0.1349295;
06-27 11:35:11.326 25508 25528 I Unity   : [STATISTIC]823;188424167;188423802;3004076032;15769600;4638880719;0;0;0;0;0;0;0;0;0;4949427;0;0;27;0.1885392;
06-27 11:35:11.491 25508 25528 I Unity   : [STATISTIC]824;164252969;164252604;3007500288;15769600;4638888911;0;0;0;0;0;0;0;0;0;3566301;286719;0;27;0.164262;
06-27 11:35:11.586 25508 25528 I Unity   : [STATISTIC]825;95674115;95673594;3009589248;15769600;4655690703;0;0;0;0;0;0;0;0;0;1815520;152031;0;27;0.09568948;
06-27 11:35:11.671 25508 25528 I Unity   : [STATISTIC]826;85417396;85417031;3010469888;15769600;4655690703;0;0;0;0;0;0;0;0;0;1852968;0;0;27;0.08542667;
06-27 11:35:11.752 25508 25528 I Unity   : [STATISTIC]827;81382604;81382031;3014299648;15769600;4655698895;0;0;0;0;0;0;0;0;0;1890625;171980;0;27;0.08139333;
06-27 11:35:11.846 25508 25528 I Unity   : [STATISTIC]828;93522395;93521875;3014864896;15769600;4655698895;0;0;0;0;0;0;0;0;0;1532656;0;0;27;0.09353109;
06-27 11:35:11.945 25508 25528 I Unity   : [STATISTIC]829;99569375;99569011;3019898880;15769600;4655707087;0;0;0;0;0;0;0;0;0;1942759;147291;0;27;0.0995786;
06-27 11:35:12.023 25508 25528 I Unity   : [STATISTIC]830;77865885;77865417;3023011840;15769600;4689286095;0;0;0;0;0;0;0;0;0;1600209;362239;0;27;0.07787281;
06-27 11:35:12.116 25508 25528 I Unity   : [STATISTIC]831;92524583;92524115;3025485824;15769600;4689294287;0;0;0;0;0;0;0;0;0;1722292;320989;0;27;0.09253531;
06-27 11:35:12.203 25508 25528 I Unity   : [STATISTIC]832;87532917;87532448;3027808256;15769600;4689310671;0;0;0;0;0;0;0;0;0;1493854;319166;0;27;0.08754198;
06-27 11:35:12.286 25508 25528 I Unity   : [STATISTIC]833;82108854;82108386;3030163456;15769600;4689335247;0;0;0;0;0;0;0;0;0;1574167;373958;0;27;0.08212089;
06-27 11:35:12.378 25508 25528 I Unity   : [STATISTIC]834;92408698;92408229;3032399872;15769600;4706143503;0;0;0;0;0;0;0;0;0;1587968;364584;0;27;0.09242088;
06-27 11:35:12.467 25508 25528 I Unity   : [STATISTIC]835;88634636;88634115;3035303936;15769600;4706178463;0;0;0;0;0;0;0;0;0;1573074;365886;0;27;0.08864167;
06-27 11:35:12.558 25508 25528 I Unity   : [STATISTIC]836;90853229;90852708;3037872128;15769600;4706186655;0;0;0;0;0;0;0;0;0;1706302;292240;0;27;0.09086312;
06-27 11:35:12.639 25508 25528 I Unity   : [STATISTIC]837;81805208;81804740;3041021952;15769600;4722972063;0;0;0;0;0;0;0;0;0;2100052;162604;0;27;0.08181391;
06-27 11:35:12.713 25508 25528 I Unity   : [STATISTIC]838;74098802;74098490;3041181696;15769600;4722972063;0;0;0;0;0;0;0;0;0;1673749;0;0;27;0.07412089;
06-27 11:35:12.795 25508 25528 I Unity   : [STATISTIC]839;81354166;81353698;3043561472;15769600;4739765663;0;0;0;0;0;0;0;0;0;1949843;174428;0;27;0.08136349;
06-27 11:35:12.887 25508 25528 I Unity   : [STATISTIC]840;92281458;92281146;3044732928;15769600;4739782047;0;0;0;0;0;0;0;0;0;1596147;170157;0;27;0.09229047;
06-27 11:35:12.964 25508 25528 I Unity   : [STATISTIC]841;76837500;76837083;3046809600;15769600;4739798431;0;0;0;0;0;0;0;0;0;1702864;183541;0;27;0.07684505;
06-27 11:35:13.049 25508 25528 I Unity   : [STATISTIC]842;84992656;84992136;3050020864;15769600;4739798431;0;0;0;0;0;0;0;0;0;2483438;0;0;27;0.08500157;
06-27 11:35:13.127 25508 25528 I Unity   : [STATISTIC]843;77885416;77885104;3053158400;15769600;4739846383;0;0;0;0;0;0;0;0;0;1707760;367812;0;27;0.07789594;
06-27 11:35:13.215 25508 25528 I Unity   : [STATISTIC]844;88608958;88608646;3055808512;15769600;4739854575;0;0;0;0;0;0;0;0;0;1602709;344375;0;27;0.0886162;
06-27 11:35:13.326 25508 25528 I Unity   : [STATISTIC]845;110150052;110149688;3060441088;15769600;4739952367;0;0;0;0;0;0;0;0;0;1551927;568593;0;27;0.1101594;
06-27 11:35:13.422 25508 25528 I Unity   : [STATISTIC]846;96156302;96155833;3060576256;15769600;4739952367;0;0;0;0;0;0;0;0;0;1648490;0;0;27;0.09616604;
06-27 11:35:13.510 25508 25528 I Unity   : [STATISTIC]847;88400886;88400416;3060576256;15769600;4739952367;0;0;0;0;0;0;0;0;0;1631562;0;0;27;0.08840859;
06-27 11:35:13.586 25508 25528 I Unity   : [STATISTIC]848;75708229;75707552;3060576256;15769600;4756729583;0;0;0;0;0;0;0;0;0;1674219;0;0;27;0.07571932;
06-27 11:35:13.690 25508 25528 I Unity   : [STATISTIC]849;103764218;103763750;3060576256;15769600;4756729583;0;0;0;0;0;0;0;0;0;1570782;0;0;27;0.1037751;
06-27 11:35:13.842 25508 25528 I Unity   : [STATISTIC]850;151765989;151765521;3069952000;15769600;4773506799;0;0;0;0;0;0;0;0;0;3782761;0;0;27;0.1517717;
06-27 11:35:14.021 25508 25528 I Unity   : [STATISTIC]851;179438854;179438386;3078905856;15769600;4790300399;0;0;0;0;0;0;0;0;0;4605365;372187;0;27;0.1794504;
06-27 11:35:14.186 25508 25528 I Unity   : [STATISTIC]852;165038906;165038437;3085611008;15769600;4790308591;0;0;0;0;0;0;0;0;0;3340625;227500;0;27;0.1650511;
06-27 11:35:14.285 25508 25528 I Unity   : [STATISTIC]853;98601874;98601406;3091423232;15769600;4807110383;0;0;0;0;0;0;0;0;0;2045625;263698;0;27;0.09861182;
06-27 11:35:14.375 25508 25528 I Unity   : [STATISTIC]854;90539740;90539271;3091898368;15769600;4807110383;0;0;0;0;0;0;0;0;0;1645522;0;0;27;0.09054855;
06-27 11:35:14.465 25508 25528 I Unity   : [STATISTIC]855;90135989;90135521;3092119552;15769600;4807118575;0;0;0;0;0;0;0;0;0;1632605;162917;0;27;0.09014448;
06-27 11:35:14.556 25508 25528 I Unity   : [STATISTIC]856;90498490;90498125;3092119552;15769600;4807118575;0;0;0;0;0;0;0;0;0;1650052;0;0;27;0.09050156;
06-27 11:35:14.638 25508 25528 I Unity   : [STATISTIC]857;81797917;81797448;3092119552;15769600;4807126767;0;0;0;0;0;0;0;0;0;1629531;126511;0;27;0.08181453;
06-27 11:35:14.719 25508 25528 I Unity   : [STATISTIC]858;81403229;81402865;3092226048;15769600;4807151343;0;0;0;0;0;0;0;0;0;1640938;343802;0;27;0.08141198;
06-27 11:35:14.805 25508 25528 I Unity   : [STATISTIC]859;85723906;85723542;3095797760;15769600;4807193011;0;0;0;0;0;0;0;0;0;1629843;395417;0;27;0.08572526;
06-27 11:35:14.889 25508 25528 I Unity   : [STATISTIC]860;84431094;84430625;3098816512;15769600;4824004739;0;0;0;0;0;0;0;0;0;1692552;368593;0;27;0.08444849;
06-27 11:35:14.969 25508 25528 I Unity   : [STATISTIC]861;79471927;79471510;3100962816;15769600;4840790147;0;0;0;0;0;0;0;0;0;1647762;355156;0;27;0.07948172;
06-27 11:35:15.061 25508 25528 I Unity   : [STATISTIC]862;91926667;91926146;3103002624;15769600;4840798339;0;0;0;0;0;0;0;0;0;1562968;382552;0;27;0.09193484;
06-27 11:35:15.171 25508 25528 I Unity   : [STATISTIC]863;109800677;109800156;3105312768;15769600;4840806531;0;0;0;0;0;0;0;0;0;1856199;336354;0;27;0.1098102;
06-27 11:35:15.254 25508 25528 I Unity   : [STATISTIC]864;83569792;83569271;3107713024;15769600;4840822915;0;0;0;0;0;0;0;0;0;1875884;183906;0;27;0.08357734;
06-27 11:35:15.336 25508 25528 I Unity   : [STATISTIC]865;82357448;82356980;3109842944;15769600;4840839299;0;0;0;0;0;0;0;0;0;1573073;168437;0;27;0.08236808;
06-27 11:35:15.421 25508 25528 I Unity   : [STATISTIC]866;85167708;85167344;3111989248;15769600;4840863875;0;0;0;0;0;0;0;0;0;1802813;179895;0;27;0.08517709;
06-27 11:35:15.514 25508 25528 I Unity   : [STATISTIC]867;91957187;91956823;3112083456;15769600;4840863875;0;0;0;0;0;0;0;0;0;1653698;0;0;27;0.09196844;
06-27 11:35:15.602 25508 25528 I Unity   : [STATISTIC]868;88813542;88813229;3115290624;15769600;4857649283;0;0;0;0;0;0;0;0;0;1596406;167761;0;27;0.08881964;
06-27 11:35:15.691 25508 25528 I Unity   : [STATISTIC]869;88827343;88826875;3119357952;15769600;4857732279;0;0;0;0;0;0;0;0;0;1749583;543281;0;27;0.08883662;
06-27 11:35:15.786 25508 25528 I Unity   : [STATISTIC]870;94315677;94315260;3119591424;15769600;4857732279;0;0;0;0;0;0;0;0;0;1566145;0;0;27;0.09432615;
06-27 11:35:15.874 25508 25528 I Unity   : [STATISTIC]871;88120156;88119740;3121745920;15769600;4857732279;0;0;0;0;0;0;0;0;0;1569115;347500;0;27;0.08813088;
06-27 11:35:15.965 25508 25528 I Unity   : [STATISTIC]872;91657864;91657396;3124846592;15769600;4857764691;0;0;0;0;0;0;0;0;0;1803281;407083;0;27;0.09166854;
06-27 11:35:16.053 25508 25528 I Unity   : [STATISTIC]873;87520364;87519948;3124830208;15769600;4857764691;0;0;0;0;0;0;0;0;0;1671875;0;0;27;0.08752891;
06-27 11:35:16.137 25508 25528 I Unity   : [STATISTIC]874;84627188;84626719;3124830208;15769600;4857759251;0;0;0;0;0;0;0;0;0;1683022;0;0;27;0.08463531;
