1173.77 3544.78
1174.70 3547.97
1175.67 3551.89
1176.67 3556.03
1177.67 3560.19
1178.67 3564.67
1179.67 3568.58
1180.66 3572.68
1181.67 3576.88
1182.66 3580.85
1183.67 3584.96
1184.67 3588.79
1185.67 3592.60
1186.66 3596.63
1187.67 3600.74
1188.66 3604.80
1189.67 3608.97
1190.67 3613.09
1191.67 3617.26
1192.67 3621.32
1193.67 3625.34
1194.66 3629.42
1195.66 3633.51
1196.67 3637.66
1197.67 3641.76
1198.67 3645.87
1199.68 3649.99
1200.67 3654.12
1201.67 3658.26
1202.67 3662.36
1203.66 3666.46
1204.67 3670.56
1205.67 3674.34
1206.66 3678.15
1207.67 3682.20
1208.67 3686.13
1209.68 3690.23
1210.67 3694.29
1211.66 3698.32
1212.66 3702.43
1213.68 3706.51
1214.67 3710.55
1215.67 3714.59
1216.67 3718.63
1217.67 3722.73
1218.67 3726.83
1219.67 3730.93
1220.66 3734.99
1221.67 3739.09
1222.67 3743.13
1223.66 3747.16
1224.67 3751.26
1225.67 3755.36
1226.67 3759.31
1227.67 3763.11
1228.67 3766.97
1229.67 3771.00
1230.67 3775.05
1231.67 3779.11
1232.67 3783.20
1233.67 3787.19
1234.67 3791.25
1235.67 3795.32
1236.66 3799.33
1237.67 3803.41
1238.67 3807.41
1239.67 3811.46
1240.67 3815.51
1241.67 3819.58
1242.66 3823.59
1243.68 3827.61
1244.67 3831.62
1245.68 3835.71
1246.68 3839.73
1247.67 3843.68
1248.68 3847.51
1249.67 3851.25
1250.67 3855.23
1251.68 3859.29
1252.66 3863.25
1253.68 3867.24
1254.67 3871.23
1255.67 3875.23
1256.67 3879.15
1257.67 3883.14
1258.67 3887.03
1259.68 3891.01
1260.66 3894.92
1261.67 3898.93
1262.67 3902.91
1263.66 3906.75
1264.66 3910.66
1265.67 3914.53
1266.66 3918.46
1267.68 3922.45
1268.68 3926.35
1269.67 3930.09
1270.68 3933.75
1271.67 3937.43
1272.67 3941.34
1273.66 3945.14
1274.67 3948.96
1275.67 3952.80
1276.67 3956.57
1277.67 3960.41
1278.66 3964.19
1279.67 3968.04
1280.67 3971.80
1281.67 3975.53
1282.67 3979.28
1283.68 3983.03
1284.67 3986.61
1285.67 3990.31
1286.66 3993.89
1287.66 3997.54
1288.68 4001.17
1289.67 4004.74
1290.67 4008.25
1291.67 4011.51
1292.68 4014.72
1293.68 4017.97
1294.68 4021.26
1295.67 4024.83
1296.67 4028.25
1297.68 4031.81
1298.68 4035.30
1299.67 4038.69
1300.68 4042.26
1301.67 4045.66
1302.67 4049.21
1303.68 4052.71
1304.67 4056.11
1305.67 4059.60
1306.68 4063.18
1307.67 4066.63
1308.67 4070.15
1309.67 4073.61
1310.67 4077.18
1311.67 4080.73
1312.67 4083.99
1313.68 4087.25
1314.68 4090.82
1315.68 4094.24
1316.68 4097.71
1317.68 4101.11
1318.67 4104.63
1319.67 4108.15
1320.68 4111.66
1321.68 4115.18
