8.95 8.83 7.54 6/2910 30014
8.95 8.83 7.54 3/2928 30084
8.95 8.83 7.54 4/2918 30108
9.27 8.90 7.57 2/2923 30137
9.27 8.90 7.57 9/2922 30156
9.27 8.90 7.57 2/2902 30180
9.27 8.90 7.57 3/2900 30199
9.27 8.90 7.57 7/2903 30229
9.49 8.95 7.59 1/2902 30256
9.49 8.95 7.59 4/2904 30277
9.49 8.95 7.59 2/2904 30296
9.49 8.95 7.59 4/2904 30315
9.49 8.95 7.59 3/2903 30334
9.61 8.98 7.61 4/2902 30353
9.61 8.98 7.61 2/2902 30372
9.61 8.98 7.61 7/2902 30392
9.61 8.98 7.61 7/2902 30411
9.61 8.98 7.61 1/2902 30430
9.64 9.00 7.62 4/2902 30449
9.64 9.00 7.62 2/2902 30468
9.64 9.00 7.62 8/2902 30487
9.64 9.00 7.62 3/2902 30506
9.64 9.00 7.62 4/2901 30525
9.59 9.00 7.63 7/2901 30544
9.59 9.00 7.63 4/2901 30563
9.59 9.00 7.63 4/2908 30590
9.59 9.00 7.63 3/2901 30611
9.59 9.00 7.63 4/2901 30630
9.55 9.00 7.64 5/2901 30649
9.55 9.00 7.64 5/2901 30668
9.55 9.00 7.64 12/2900 30687
9.55 9.00 7.64 6/2895 30706
9.55 9.00 7.64 5/2889 30725
9.66 9.03 7.66 4/2889 30744
9.66 9.03 7.66 7/2889 30763
9.66 9.03 7.66 1/2889 30782
9.66 9.03 7.66 5/2887 30801
9.66 9.03 7.66 7/2882 30821
9.77 9.07 7.68 6/2882 30840
9.77 9.07 7.68 5/2881 30859
9.77 9.07 7.68 4/2881 30878
9.77 9.07 7.68 3/2881 30897
9.77 9.07 7.68 5/2881 30916
9.47 9.01 7.67 3/2881 30935
9.47 9.01 7.67 7/2880 30954
9.47 9.01 7.67 5/2880 30973
9.47 9.01 7.67 9/2887 31000
9.47 9.01 7.67 7/2880 31020
9.43 9.01 7.67 5/2880 31039
9.43 9.01 7.67 4/2880 31059
9.43 9.01 7.67 4/2880 31078
9.43 9.01 7.67 2/2883 31102
9.43 9.01 7.67 3/2883 31121
9.31 9.00 7.68 5/2883 31140
9.31 9.00 7.68 4/2883 31159
9.31 9.00 7.68 2/2883 31178
9.31 9.00 7.68 4/2883 31197
9.31 9.00 7.68 7/2881 31216
9.29 9.00 7.68 4/2879 31235
9.29 9.00 7.68 6/2876 31254
9.29 9.00 7.68 5/2874 31274
9.29 9.00 7.68 4/2873 31293
9.29 9.00 7.68 10/2868 31313
9.27 9.00 7.69 4/2865 31332
9.27 9.00 7.69 7/2865 31351
9.27 9.00 7.69 5/2865 31370
9.27 9.00 7.69 5/2865 31389
9.27 9.00 7.69 4/2872 31419
9.33 9.02 7.70 3/2871 31448
9.33 9.02 7.70 6/2864 31468
9.33 9.02 7.70 10/2864 31487
9.33 9.02 7.70 5/2864 31506
9.33 9.02 7.70 2/2864 31526
9.14 8.98 7.70 5/2864 31545
9.14 8.98 7.70 3/2864 31564
9.14 8.98 7.70 5/2864 31583
9.14 8.98 7.70 7/2865 31603
9.14 8.98 7.70 3/2865 31622
9.21 9.00 7.71 8/2865 31641
9.21 9.00 7.71 5/2865 31660
9.21 9.00 7.71 6/2865 31679
9.21 9.00 7.71 4/2865 31698
9.21 9.00 7.71 5/2871 31723
9.35 9.03 7.73 6/2871 31743
9.35 9.03 7.73 5/2869 31762
9.35 9.03 7.73 2/2869 31781
9.35 9.03 7.73 5/2869 31800
9.35 9.03 7.73 5/2869 31819
9.40 9.05 7.74 4/2870 31839
9.40 9.05 7.74 4/2877 31866
9.40 9.05 7.74 5/2870 31886
9.40 9.05 7.74 6/2869 31905
9.40 9.05 7.74 4/2869 31924
9.29 9.03 7.74 4/2869 31943
9.29 9.03 7.74 8/2869 31962
9.29 9.03 7.74 5/2876 31989
9.29 9.03 7.74 10/2876 32008
9.29 9.03 7.74 5/2876 32027
9.51 9.08 7.77 11/2876 32046
9.51 9.08 7.77 3/2876 32065
9.51 9.08 7.77 5/2876 32084
9.51 9.08 7.77 5/2876 32103
9.51 9.08 7.77 4/2876 32122
10.11 9.21 7.82 6/2876 32141
10.11 9.21 7.82 9/2795 32163
10.11 9.21 7.82 3/2864 32272
10.11 9.21 7.82 9/2865 32293
10.11 9.21 7.82 3/2865 32313
9.86 9.17 7.81 4/2865 32332
9.86 9.17 7.81 7/2864 32351
9.86 9.17 7.81 1/2860 32373
9.86 9.17 7.81 3/2859 32393
9.86 9.17 7.81 3/2859 32412
9.71 9.16 7.81 1/2859 32431
9.71 9.16 7.81 1/2859 32450
9.71 9.16 7.81 2/2859 32482
9.71 9.16 7.81 6/2859 32505
9.71 9.16 7.81 3/2859 32524
9.73 9.17 7.83 3/2859 32543
9.73 9.17 7.83 4/2859 32562
9.73 9.17 7.83 2/2859 32583
9.73 9.17 7.83 1/2859 32602
9.73 9.17 7.83 5/2859 32622
9.43 9.12 7.82 3/2859 32641
9.43 9.12 7.82 3/2858 32660
9.43 9.12 7.82 4/2859 32684
9.43 9.12 7.82 6/2859 32703
9.43 9.12 7.82 5/2859 32730
9.40 9.11 7.82 4/2859 32749
9.40 9.11 7.82 1/2859 306
9.40 9.11 7.82 4/2859 494
9.40 9.11 7.82 3/2860 516
9.40 9.11 7.82 3/2860 541
9.29 9.10 7.82 2/2859 576
9.29 9.10 7.82 5/2859 598
9.29 9.10 7.82 2/2859 721
9.29 9.10 7.82 6/2859 784
9.29 9.10 7.82 6/2859 823
9.10 9.06 7.82 4/2859 855
9.10 9.06 7.82 3/2859 887
9.10 9.06 7.82 3/2859 949
9.10 9.06 7.82 2/2858 999
9.10 9.06 7.82 5/2858 1048
8.85 9.01 7.81 3/2858 1082
8.85 9.01 7.81 3/2858 1125
8.85 9.01 7.81 2/2858 1175
8.85 9.01 7.81 1/2858 1217
8.85 9.01 7.81 2/2858 1281
8.87 9.01 7.82 7/2858 1389
