1879.42 6356.77
1880.36 6359.86
1881.34 6363.48
1882.34 6367.52
1883.34 6371.47
1884.34 6375.70
1885.33 6379.91
1886.33 6383.91
1887.33 6387.85
1888.34 6391.66
1889.35 6395.28
1890.34 6398.86
1891.33 6402.32
1892.34 6405.82
1893.33 6409.25
1894.34 6412.71
1895.34 6416.12
1896.33 6419.45
1897.34 6422.87
1898.34 6426.10
1899.33 6429.29
1900.33 6432.40
1901.34 6435.58
1902.34 6438.65
1903.34 6441.67
1904.33 6444.45
1905.34 6447.17
1906.34 6450.19
1907.34 6453.17
1908.34 6456.13
1909.35 6459.14
1910.34 6462.11
1911.34 6465.08
1912.33 6468.01
1913.34 6470.98
1914.34 6473.87
1915.34 6476.78
1916.34 6479.65
1917.33 6482.53
1918.33 6485.38
1919.34 6488.33
1920.34 6491.21
1921.34 6494.08
1922.34 6496.89
1923.34 6499.78
1924.33 6502.58
1925.35 6505.34
1926.34 6507.78
1927.34 6510.58
1928.34 6513.31
1929.34 6516.06
1930.34 6518.65
1931.33 6521.28
1932.34 6524.02
1933.34 6526.80
1934.33 6529.48
1935.34 6532.32
1936.34 6535.19
1937.34 6537.99
1938.33 6540.78
1939.34 6543.62
1940.34 6546.12
1941.34 6548.62
1942.37 6551.32
1943.35 6554.05
1944.34 6556.81
1945.34 6559.62
1946.35 6562.33
1947.33 6564.50
1948.34 6567.12
1949.35 6569.93
1950.34 6572.44
1951.34 6575.04
1952.34 6577.82
1953.34 6580.64
1954.34 6583.59
1955.33 6586.32
1956.34 6589.09
1957.34 6591.83
1958.34 6594.54
1959.35 6597.31
1960.34 6600.00
1961.34 6602.70
1962.33 6605.27
1963.35 6608.03
1964.34 6610.69
1965.33 6613.42
1966.35 6616.19
1967.34 6618.89
1968.33 6621.31
1969.34 6623.70
1970.34 6626.41
1971.35 6629.14
1972.43 6632.07
1973.36 6634.56
1974.34 6637.26
1975.35 6640.01
1976.34 6642.81
1977.35 6645.52
1978.34 6648.03
1979.33 6650.69
1980.34 6653.34
1981.35 6656.12
1982.34 6658.59
1983.35 6660.61
1984.34 6661.12
1985.34 6664.06
1986.34 6666.17
1987.35 6669.74
1988.34 6673.39
1989.34 6676.79
1990.34 6680.46
1991.34 6684.10
1992.34 6687.65
1993.34 6691.34
1994.35 6694.91
1995.34 6698.51
1996.34 6702.26
1997.34 6706.04
1998.34 6709.68
1999.35 6713.34
2000.35 6716.97
2001.35 6720.58
2002.34 6724.16
2003.35 6727.93
2004.35 6731.51
2005.34 6735.15
2006.34 6738.84
2007.35 6742.42
2008.34 6746.02
2009.35 6749.63
2010.34 6753.27
2011.34 6756.76
2012.35 6760.44
2013.35 6764.12
2014.35 6767.77
2015.34 6771.46
2016.35 6775.17
2017.35 6778.74
2018.35 6782.46
2019.35 6786.19
2020.34 6789.89
2021.34 6793.63
2022.35 6797.36
2023.35 6801.01
2024.34 6804.62
2025.33 6808.28
2026.35 6812.02
2027.34 6815.69
