8.80 9.20 8.28 5/3008 7716
8.57 9.14 8.27 9/3003 7739
8.57 9.14 8.27 1/3003 7758
8.57 9.14 8.27 8/3003 7785
8.57 9.14 8.27 7/3003 7805
8.57 9.14 8.27 5/3003 7824
8.85 9.19 8.29 5/3003 7843
8.85 9.19 8.29 4/3003 7862
8.85 9.19 8.29 2/3003 7881
8.85 9.19 8.29 4/3002 7900
8.85 9.19 8.29 3/3002 7919
8.62 9.14 8.28 9/3002 7938
8.62 9.14 8.28 3/3002 7957
8.62 9.14 8.28 1/3002 7976
8.62 9.14 8.28 4/3001 7995
8.62 9.14 8.28 1/3002 8016
8.65 9.14 8.28 7/3002 8035
8.65 9.14 8.28 3/3002 8054
8.65 9.14 8.28 3/3002 8073
8.65 9.14 8.28 2/3002 8092
8.65 9.14 8.28 3/3002 8111
8.52 9.10 8.27 5/3009 8138
8.52 9.10 8.27 3/3002 8158
8.52 9.10 8.27 2/3002 8178
8.52 9.10 8.27 3/3002 8198
8.52 9.10 8.27 7/3002 8217
8.56 9.10 8.28 3/3002 8236
8.56 9.10 8.28 7/3002 8256
8.56 9.10 8.28 2/3002 8275
8.56 9.10 8.28 6/3002 8294
8.56 9.10 8.28 2/3002 8313
8.51 9.08 8.28 2/2996 8332
8.51 9.08 8.28 3/2996 8351
8.51 9.08 8.28 1/2996 8370
8.51 9.08 8.28 3/2996 8389
8.51 9.08 8.28 2/2996 8408
8.55 9.08 8.28 8/2992 8427
8.55 9.08 8.28 6/2991 8446
8.55 9.08 8.28 7/2984 8466
8.55 9.08 8.28 2/2982 8485
8.55 9.08 8.28 6/2982 8504
9.07 9.18 8.32 3/2980 8523
9.07 9.18 8.32 7/2982 8551
9.07 9.18 8.32 3/2981 8572
9.07 9.18 8.32 7/2973 8591
9.07 9.18 8.32 6/2973 8610
8.90 9.14 8.31 5/2973 8629
8.90 9.14 8.31 8/2971 8648
8.90 9.14 8.31 3/2971 8667
8.90 9.14 8.31 3/2971 8687
8.90 9.14 8.31 6/2970 8706
8.99 9.15 8.32 7/2970 8725
8.99 9.15 8.32 3/2968 8744
8.99 9.15 8.32 6/2967 8763
8.99 9.15 8.32 3/2967 8782
8.99 9.15 8.32 4/2967 8801
8.91 9.14 8.32 7/2967 8820
8.91 9.14 8.32 8/2967 8839
8.91 9.14 8.32 2/2966 8858
8.91 9.14 8.32 6/2966 8877
8.91 9.14 8.32 2/2966 8896
8.68 9.08 8.30 3/2966 8916
8.68 9.08 8.30 10/2966 8935
8.68 9.08 8.30 7/2969 8969
8.68 9.08 8.30 10/2973 8993
8.68 9.08 8.30 3/2966 9013
8.62 9.06 8.30 4/2966 9032
8.62 9.06 8.30 8/2966 9051
8.62 9.06 8.30 4/2966 9070
8.62 9.06 8.30 3/2966 9089
8.62 9.06 8.30 1/2966 9108
8.81 9.10 8.32 1/2966 9127
8.81 9.10 8.32 1/2966 9147
8.81 9.10 8.32 2/2966 9166
8.81 9.10 8.32 5/2966 9185
8.81 9.10 8.32 11/2966 9204
8.75 9.08 8.31 3/2966 9223
8.75 9.08 8.31 5/2966 9242
8.75 9.08 8.31 5/2965 9261
8.75 9.08 8.31 5/2966 9281
8.75 9.08 8.31 4/2966 9300
8.69 9.06 8.31 2/2966 9319
8.69 9.06 8.31 2/2966 9338
8.69 9.06 8.31 4/2966 9357
8.69 9.06 8.31 6/2966 9378
8.69 9.06 8.31 1/2973 9405
8.79 9.08 8.32 1/2966 9425
8.79 9.08 8.32 5/2966 9444
8.79 9.08 8.32 5/2966 9463
8.79 9.08 8.32 5/2966 9482
8.79 9.08 8.32 12/2966 9501
8.57 9.02 8.31 2/2966 9520
8.57 9.02 8.31 5/2966 9539
8.57 9.02 8.31 4/2966 9558
8.57 9.02 8.31 5/2966 9577
8.57 9.02 8.31 7/2966 9597
8.52 9.01 8.31 8/2966 9616
8.52 9.01 8.31 2/2966 9635
8.52 9.01 8.31 5/2966 9654
8.52 9.01 8.31 7/2966 9673
8.52 9.01 8.31 10/2966 9692
8.40 8.97 8.30 5/2966 9711
8.40 8.97 8.30 3/2966 9730
8.40 8.97 8.30 2/2966 9749
8.40 8.97 8.30 3/2966 9768
8.40 8.97 8.30 6/2966 9787
8.29 8.94 8.29 10/2973 9814
8.29 8.94 8.29 7/2971 9834
8.29 8.94 8.29 4/2964 9854
8.29 8.94 8.29 2/2964 9873
8.29 8.94 8.29 3/2964 9892
8.35 8.94 8.30 5/2964 9911
8.35 8.94 8.30 7/2964 9930
8.35 8.94 8.30 4/2964 9949
8.35 8.94 8.30 4/2964 9968
8.35 8.94 8.30 4/2965 9988
8.40 8.94 8.30 7/2969 10021
8.40 8.94 8.30 6/2968 10044
8.40 8.94 8.30 3/2967 10064
8.40 8.94 8.30 5/2974 10092
8.40 8.94 8.30 6/2974 10111
8.61 8.98 8.31 3/2974 10134
8.61 8.98 8.31 9/2974 10153
8.61 8.98 8.31 6/2974 10180
8.61 8.98 8.31 1/2972 10199
8.61 8.98 8.31 5/2972 10218
8.24 8.89 8.29 4/2972 10237
8.24 8.89 8.29 3/2971 10256
8.24 8.89 8.29 9/2978 10283
8.24 8.89 8.29 3/2971 10303
8.24 8.89 8.29 5/2972 10324
8.30 8.90 8.29 8/2972 10343
8.30 8.90 8.29 2/2972 10362
8.30 8.90 8.29 6/2972 10381
8.30 8.90 8.29 7/2972 10400
8.30 8.90 8.29 2/2972 10419
8.44 8.91 8.30 3/2972 10438
8.44 8.91 8.30 9/2971 10457
8.44 8.91 8.30 8/2971 10476
8.44 8.91 8.30 8/2971 10495
8.44 8.91 8.30 5/2971 10514
8.88 9.00 8.33 8/2971 10534
8.88 9.00 8.33 9/2971 10553
8.88 9.00 8.33 7/2971 10572
8.88 9.00 8.33 5/2971 10592
8.88 9.00 8.33 11/2971 10611
8.89 9.00 8.34 5/2971 10630
8.89 9.00 8.34 3/2971 10649
8.89 9.00 8.34 6/2971 10668
8.89 9.00 8.34 5/2978 10695
8.89 9.00 8.34 11/2973 10715
8.74 8.97 8.33 2/2971 10734
8.74 8.97 8.33 11/2971 10754
8.74 8.97 8.33 8/2971 10773
8.74 8.97 8.33 2/2971 10792
8.74 8.97 8.33 9/2971 10811
8.52 8.92 8.32 4/2971 10830
8.52 8.92 8.32 4/2971 10849
8.52 8.92 8.32 6/2971 10868
8.52 8.92 8.32 3/2971 10887
8.52 8.92 8.32 3/2971 10906
8.88 8.99 8.34 5/2971 10925
8.88 8.99 8.34 4/2971 10944
8.88 8.99 8.34 2/2971 10963
8.88 8.99 8.34 2/2971 10983
8.88 8.99 8.34 4/2973 11004
8.97 9.00 8.35 2/2973 11023
8.97 9.00 8.35 5/2973 11042
8.97 9.00 8.35 6/2973 11063
8.97 9.00 8.35 5/2973 11082
8.97 9.00 8.35 1/2980 11108
9.21 9.05 8.37 7/2980 11128
9.21 9.05 8.37 4/2973 11148
9.21 9.05 8.37 5/2973 11167
9.21 9.05 8.37 1/2973 11186
9.21 9.05 8.37 7/2973 11206
9.03 9.02 8.37 4/2972 11225
9.03 9.02 8.37 4/2972 11244
9.03 9.02 8.37 6/2972 11263
9.03 9.02 8.37 2/2963 11282
9.03 9.02 8.37 5/2963 11301
8.95 9.00 8.36 2/2963 11320
8.95 9.00 8.36 1/2963 11339
8.95 9.00 8.36 4/2963 11366
8.95 9.00 8.36 7/2961 11389
8.95 9.00 8.36 6/2961 11408
8.96 9.00 8.37 8/2961 11427
8.96 9.00 8.37 5/2961 11447
8.96 9.00 8.37 2/2961 11466
8.96 9.00 8.37 4/2961 11485
8.96 9.00 8.37 6/2961 11504
8.80 8.97 8.36 1/2961 11523
8.80 8.97 8.36 5/2968 11550
8.80 8.97 8.36 3/2961 11570
8.80 8.97 8.36 1/2961 11589
8.80 8.97 8.36 8/2961 11608
9.06 9.02 8.38 2/2961 11627
9.06 9.02 8.38 6/2961 11646
9.06 9.02 8.38 3/2961 11666
