2601.49 9706.59
2602.40 9709.21
2603.37 9712.40
2604.37 9715.61
2605.38 9718.92
2606.37 9722.15
2607.36 9725.32
2608.36 9728.61
2609.37 9732.04
2610.38 9735.40
2611.37 9738.73
2612.37 9742.06
2613.37 9745.32
2614.37 9748.67
2615.37 9751.99
2616.39 9755.32
2617.37 9758.55
2618.37 9761.82
2619.36 9765.13
2620.37 9768.46
2621.38 9771.76
2622.36 9774.68
2623.37 9777.81
2624.36 9780.98
2625.36 9784.28
2626.38 9787.63
2627.37 9790.79
2628.36 9793.98
2629.37 9797.26
2630.38 9800.56
2631.39 9803.85
2632.37 9807.02
2633.36 9810.22
2634.36 9813.44
2635.37 9816.74
2636.36 9819.93
2637.37 9823.12
2638.36 9826.35
2639.36 9829.50
2640.37 9832.81
2641.36 9836.02
2642.37 9839.20
2643.36 9842.31
2644.37 9845.21
2645.36 9848.13
2646.36 9851.31
2647.37 9854.48
2648.36 9857.65
2649.37 9860.85
2650.38 9864.07
2651.37 9867.17
2652.36 9870.32
2653.36 9873.57
2654.35 9876.75
2655.37 9880.00
2656.37 9883.22
2657.38 9886.41
2658.37 9889.55
2659.37 9892.77
2660.36 9895.97
2661.38 9899.27
2662.37 9902.39
2663.38 9905.62
2664.37 9908.73
2665.37 9911.65
2666.37 9914.55
2667.37 9917.73
2668.36 9920.90
2669.37 9924.12
2670.37 9927.34
2671.37 9930.55
2672.36 9933.74
2673.36 9936.92
2674.36 9940.13
2675.36 9943.32
2676.37 9946.57
2677.36 9949.77
2678.37 9952.99
2679.37 9956.19
2680.38 9959.40
2681.37 9962.59
2682.36 9965.78
2683.37 9969.01
2684.36 9972.17
2685.38 9975.29
2686.36 9978.26
2687.36 9981.04
2688.36 9984.17
2689.37 9987.42
2690.37 9990.59
2691.37 9993.83
2692.37 9997.01
2693.38 10000.26
2694.37 10003.40
2695.36 10006.59
2696.37 10009.77
2697.37 10012.90
2698.37 10016.13
2699.37 10019.31
2700.37 10022.51
2701.37 10025.81
2702.36 10028.94
2703.38 10032.25
2704.39 10035.46
2705.37 10038.55
2706.36 10041.69
2707.36 10044.79
2708.37 10047.66
2709.38 10050.71
2710.38 10053.88
2711.38 10057.02
2712.38 10060.25
2713.37 10063.47
2714.36 10066.61
2715.37 10069.80
2716.36 10072.98
2717.38 10075.88
2718.38 10079.02
2719.37 10082.14
2720.37 10085.24
2721.38 10088.54
2722.36 10091.72
2723.37 10094.95
2724.37 10098.12
2725.37 10101.30
2726.37 10104.44
2727.37 10107.61
2728.37 10110.83
2729.36 10113.80
2730.38 10116.68
2731.38 10119.91
2732.36 10123.05
2733.37 10126.33
2734.37 10129.56
2735.36 10132.69
2736.37 10135.91
2737.36 10139.07
2738.36 10142.29
2739.38 10145.57
2740.37 10148.82
2741.36 10151.98
2742.37 10155.19
2743.37 10158.32
2744.37 10161.56
2745.36 10164.74
2746.38 10167.99
2747.37 10171.13
2748.37 10174.35
2749.38 10177.56
2750.37 10180.60
2751.37 10183.44
2752.36 10186.51
2753.37 10189.75
2754.37 10192.90
2755.37 10196.11
2756.36 10199.27
2757.36 10202.46
2758.37 10205.64
2759.37 10208.88
2760.37 10212.08
2761.38 10215.32
2762.36 10218.46
2763.39 10221.72
2764.38 10224.90
2765.37 10228.01
2766.37 10231.15
2767.37 10234.26
2768.37 10237.45
2769.38 10240.69
2770.37 10243.85
2771.36 10246.99
2772.38 10249.86
2773.37 10252.81
2774.37 10255.96
2775.39 10259.17
2776.38 10262.29
2777.38 10265.40
2778.37 10268.56
2779.38 10271.75
2780.38 10274.96
2781.37 10278.11
2782.38 10281.32
2783.37 10284.51
2784.36 10287.58
2785.38 10290.80
2786.38 10294.00
2787.38 10297.16
2788.39 10300.31
2789.37 10303.42
2790.39 10306.68
2791.37 10309.83
2792.37 10313.00
2793.37 10315.98
2794.38 10318.84
2795.38 10322.04
2796.37 10325.21
2797.37 10328.39
2798.37 10331.58
2799.37 10334.74
