8.52 8.83 5.75 2/3050 18716
8.52 8.83 5.75 3/3070 18786
8.52 8.83 5.75 2/3055 18807
8.40 8.80 5.75 3/3055 18828
8.40 8.80 5.75 2/3054 18847
8.40 8.80 5.75 2/3043 18870
8.40 8.80 5.75 2/3043 18889
8.40 8.80 5.75 5/3042 18912
8.45 8.80 5.77 7/3049 18939
8.45 8.80 5.77 2/3044 18969
8.45 8.80 5.77 3/3045 18993
8.45 8.80 5.77 2/3045 19012
8.45 8.80 5.77 6/3044 19031
8.25 8.75 5.77 3/3044 19050
8.25 8.75 5.77 2/3043 19069
8.25 8.75 5.77 3/3042 19088
8.25 8.75 5.77 2/3042 19107
8.25 8.75 5.77 3/3042 19127
8.31 8.76 5.79 2/3042 19148
8.31 8.76 5.79 6/3043 19168
8.31 8.76 5.79 7/3043 19187
8.31 8.76 5.79 5/3043 19206
8.31 8.76 5.79 2/3042 19225
8.21 8.73 5.80 8/3042 19244
8.21 8.73 5.80 2/3042 19263
8.21 8.73 5.80 6/3042 19282
8.21 8.73 5.80 2/3042 19301
8.21 8.73 5.80 4/3042 19320
8.27 8.73 5.82 4/3042 19340
8.27 8.73 5.82 3/3049 19367
8.27 8.73 5.82 5/3049 19386
8.27 8.73 5.82 5/3042 19406
8.27 8.73 5.82 4/3044 19428
8.17 8.70 5.82 3/3044 19449
8.17 8.70 5.82 9/3044 19468
8.17 8.70 5.82 8/3042 19487
8.17 8.70 5.82 4/3042 19506
8.17 8.70 5.82 4/3042 19525
8.31 8.73 5.85 4/3042 19545
8.31 8.73 5.85 5/3042 19564
8.31 8.73 5.85 4/3042 19583
8.31 8.73 5.85 4/3042 19602
8.31 8.73 5.85 2/3042 19621
8.37 8.73 5.86 2/3042 19640
8.37 8.73 5.86 4/3040 19659
8.37 8.73 5.86 5/3040 19678
8.37 8.73 5.86 3/3040 19697
8.37 8.73 5.86 5/3040 19716
8.42 8.74 5.88 5/3040 19738
8.42 8.74 5.88 8/3040 19758
8.42 8.74 5.88 8/3040 19777
8.42 8.74 5.88 4/3047 19804
8.42 8.74 5.88 5/3039 19824
8.55 8.76 5.90 5/3039 19855
8.55 8.76 5.90 6/3039 19874
8.55 8.76 5.90 4/3039 19893
8.55 8.76 5.90 6/3039 19912
8.55 8.76 5.90 9/3035 19931
8.98 8.84 5.95 4/3034 19950
8.98 8.84 5.95 9/3029 19970
8.98 8.84 5.95 2/3029 19989
8.98 8.84 5.95 4/3025 20008
8.98 8.84 5.95 5/3023 20029
8.99 8.85 5.96 2/3019 20050
8.99 8.85 5.96 6/3017 20069
8.99 8.85 5.96 5/3017 20088
8.99 8.85 5.96 5/3015 20107
8.99 8.85 5.96 3/3015 20126
8.91 8.83 5.97 5/3015 20145
8.91 8.83 5.97 5/3015 20164
8.91 8.83 5.97 6/3015 20184
8.91 8.83 5.97 3/3015 20203
8.91 8.83 5.97 4/3022 20230
8.91 8.84 5.99 4/3021 20250
8.91 8.84 5.99 2/3015 20269
8.91 8.84 5.99 10/3015 20288
8.91 8.84 5.99 5/3015 20307
8.91 8.84 5.99 8/3012 20326
9.00 8.86 6.01 4/3012 20347
9.00 8.86 6.01 3/3013 20367
9.00 8.86 6.01 4/3013 20387
9.00 8.86 6.01 9/3013 20406
9.00 8.86 6.01 2/3013 20425
8.84 8.82 6.02 6/3013 20444
8.84 8.82 6.02 4/3013 20463
8.84 8.82 6.02 4/3013 20482
8.84 8.82 6.02 2/3013 20501
8.84 8.82 6.02 4/3013 20520
8.69 8.79 6.02 8/3013 20539
8.69 8.79 6.02 5/3013 20558
8.69 8.79 6.02 2/3013 20578
8.69 8.79 6.02 5/3013 20597
8.69 8.79 6.02 6/2867 20635
8.88 8.83 6.05 4/2871 20660
8.88 8.83 6.05 5/2874 20683
8.88 8.83 6.05 5/2867 20703
8.88 8.83 6.05 4/2868 20723
8.88 8.83 6.05 12/2868 20742
8.81 8.82 6.06 5/2868 20762
8.81 8.82 6.06 4/2868 20781
8.81 8.82 6.06 4/2868 20800
8.81 8.82 6.06 7/2868 20820
8.81 8.82 6.06 6/2895 20867
9.30 8.92 6.11 5/2901 20905
9.30 8.92 6.11 8/2899 20924
9.30 8.92 6.11 2/2899 20943
9.30 8.92 6.11 2/2903 20969
9.30 8.92 6.11 8/2909 20996
9.36 8.94 6.13 4/2909 21018
9.36 8.94 6.13 5/2909 21037
9.36 8.94 6.13 7/2910 21057
9.36 8.94 6.13 3/2910 21080
9.36 8.94 6.13 2/2910 21099
9.17 8.91 6.13 3/2910 21126
9.17 8.91 6.13 5/2910 21145
9.17 8.91 6.13 8/2916 21172
9.17 8.91 6.13 4/2915 21192
9.17 8.91 6.13 5/2909 21211
9.24 8.92 6.16 2/2909 21230
9.24 8.92 6.16 4/2909 21249
9.24 8.92 6.16 4/2909 21268
9.24 8.92 6.16 7/2909 21287
9.24 8.92 6.16 6/2908 21306
9.30 8.94 6.18 6/2908 21328
9.30 8.94 6.18 5/2908 21347
9.30 8.94 6.18 4/2907 21366
9.30 8.94 6.18 2/2906 21385
9.30 8.94 6.18 5/2906 21404
9.27 8.94 6.19 5/2907 21424
9.27 8.94 6.19 5/2907 21443
9.27 8.94 6.19 6/2907 21462
9.27 8.94 6.19 4/2907 21481
9.27 8.94 6.19 4/2907 21500
9.17 8.93 6.20 7/2907 21519
9.17 8.93 6.20 4/2907 21539
9.17 8.93 6.20 11/2907 21558
9.17 8.93 6.20 12/2912 21582
9.17 8.93 6.20 3/2920 21612
9.48 8.99 6.24 5/2916 21637
9.48 8.99 6.24 4/2916 21656
9.48 8.99 6.24 2/2916 21675
9.48 8.99 6.24 3/2916 21694
9.48 8.99 6.24 7/2916 21713
9.68 9.04 6.27 7/2916 21733
9.68 9.04 6.27 4/2916 21753
9.68 9.04 6.27 4/2916 21772
9.68 9.04 6.27 6/2916 21791
9.68 9.04 6.27 6/2916 21810
9.63 9.04 6.29 5/2916 21829
