813.51 2383.57
814.43 2386.64
815.41 2390.45
816.41 2394.63
817.40 2398.76
818.40 2403.25
819.41 2407.69
820.41 2411.79
821.41 2415.77
822.40 2419.50
823.41 2423.49
824.41 2427.52
825.40 2431.56
826.42 2435.54
827.41 2439.45
828.41 2443.25
829.40 2447.07
830.40 2450.98
831.41 2454.92
832.41 2458.66
833.41 2462.44
834.40 2466.10
835.40 2469.65
836.40 2472.95
837.41 2476.19
838.41 2479.39
839.41 2482.62
840.40 2485.77
841.41 2488.96
842.41 2492.06
843.41 2494.92
844.40 2497.83
845.41 2500.82
846.40 2503.93
847.41 2507.09
848.41 2510.19
849.40 2513.29
850.40 2516.39
851.41 2519.47
852.40 2522.48
853.40 2525.56
854.41 2528.69
855.40 2531.66
856.41 2534.77
857.41 2537.85
858.40 2540.92
859.41 2544.05
860.41 2547.15
861.40 2550.27
862.41 2553.33
863.41 2556.43
864.40 2559.23
865.41 2562.09
866.40 2565.10
867.42 2568.18
868.41 2571.19
869.40 2574.27
870.41 2577.39
871.41 2580.48
872.41 2583.53
873.42 2586.60
874.41 2589.64
875.42 2592.71
876.42 2595.68
877.41 2598.65
878.40 2601.64
879.42 2604.68
880.41 2607.69
881.42 2610.76
882.40 2613.71
883.41 2616.66
884.41 2619.68
885.40 2622.55
886.40 2625.28
887.41 2628.31
888.41 2631.32
889.41 2634.25
890.42 2637.12
891.43 2640.10
892.42 2642.99
893.42 2646.00
894.41 2648.95
895.41 2651.97
896.40 2654.94
897.42 2657.92
898.42 2660.94
899.41 2663.83
900.40 2666.75
901.40 2669.76
902.44 2672.80
903.42 2675.72
904.42 2678.45
905.42 2679.84
906.41 2681.87
907.40 2683.70
908.41 2686.13
909.41 2688.60
910.41 2691.09
911.41 2693.11
912.42 2696.05
913.42 2699.00
914.42 2701.88
915.41 2704.29
916.40 2706.72
917.42 2709.48
918.41 2712.18
919.41 2714.84
920.40 2717.67
921.41 2720.56
922.40 2723.45
923.41 2726.04
924.41 2728.75
925.42 2731.72
926.42 2734.67
927.41 2737.62
928.41 2740.20
929.41 2742.88
930.40 2745.81
931.42 2748.84
932.42 2751.74
933.41 2754.67
934.42 2757.61
935.42 2760.41
936.41 2762.82
937.41 2765.52
938.41 2768.43
939.41 2771.43
940.40 2774.20
941.42 2777.10
942.41 2779.94
943.42 2782.68
944.41 2785.41
945.41 2788.36
946.42 2791.33
947.42 2794.14
948.42 2796.96
949.41 2799.62
950.41 2801.50
951.41 2803.70
952.41 2806.63
953.42 2809.70
954.42 2812.76
955.41 2815.80
956.42 2818.85
957.42 2821.88
958.42 2824.91
959.41 2827.92
960.42 2830.99
961.41 2833.99
