10.76 9.48 8.06 6/3090 27566
10.76 9.48 8.06 3/3109 27631
10.76 9.48 8.06 10/3112 27662
10.76 9.48 8.06 3/3113 27683
10.38 9.42 8.05 2/3113 27703
10.38 9.42 8.05 6/3102 27726
10.38 9.42 8.05 4/3103 27746
10.38 9.42 8.05 4/3103 27765
10.38 9.42 8.05 3/3106 27787
10.19 9.40 8.05 4/3107 27812
10.19 9.40 8.05 7/3107 27839
10.19 9.40 8.05 1/3107 27859
10.19 9.40 8.05 4/3106 27878
10.19 9.40 8.05 4/3105 27897
9.93 9.36 8.05 7/3105 27918
9.93 9.36 8.05 3/3113 27946
9.93 9.36 8.05 4/3114 27966
9.93 9.36 8.05 1/3106 27985
9.93 9.36 8.05 7/3106 28004
9.86 9.35 8.05 4/3106 28023
9.86 9.35 8.05 4/3106 28042
9.86 9.35 8.05 4/3106 28061
9.86 9.35 8.05 3/3106 28081
9.86 9.35 8.05 4/3105 28100
9.55 9.30 8.04 6/3105 28119
9.55 9.30 8.04 6/3105 28138
9.55 9.30 8.04 7/3105 28157
9.55 9.30 8.04 3/3105 28176
9.55 9.30 8.04 6/3105 28195
10.23 9.44 8.09 8/3105 28216
10.23 9.44 8.09 5/3097 28235
10.23 9.44 8.09 3/3092 28254
10.23 9.44 8.09 4/3089 28273
10.23 9.44 8.09 7/3089 28293
10.21 9.45 8.10 9/3094 28320
10.21 9.45 8.10 9/3089 28339
10.21 9.45 8.10 11/3092 28363
10.21 9.45 8.10 5/3092 28389
10.21 9.45 8.10 4/3085 28417
10.35 9.49 8.13 5/3084 28436
10.35 9.49 8.13 3/3084 28455
10.35 9.49 8.13 6/3082 28474
10.35 9.49 8.13 5/3082 28493
10.35 9.49 8.13 4/3082 28512
10.32 9.50 8.14 8/3081 28533
10.32 9.50 8.14 8/3081 28553
10.32 9.50 8.14 3/3081 28572
10.32 9.50 8.14 4/3081 28591
10.32 9.50 8.14 6/3081 28610
10.38 9.53 8.15 5/3081 28629
10.38 9.53 8.15 3/3080 28648
10.38 9.53 8.15 4/3080 28667
10.38 9.53 8.15 4/3078 28686
10.38 9.53 8.15 5/3078 28705
10.43 9.55 8.17 9/3078 28724
10.43 9.55 8.17 6/3077 28743
10.43 9.55 8.17 3/3076 28762
10.43 9.55 8.17 4/3074 28782
10.43 9.55 8.17 4/3081 28809
10.79 9.64 8.20 8/3070 28831
10.79 9.64 8.20 6/3068 28850
10.79 9.64 8.20 3/3063 28869
10.79 9.64 8.20 3/3063 28888
10.79 9.64 8.20 7/3062 28907
10.49 9.60 8.20 4/3060 28926
10.49 9.60 8.20 6/3060 28945
10.49 9.60 8.20 5/3060 28964
10.49 9.60 8.20 4/3060 28983
10.49 9.60 8.20 7/3058 29003
10.21 9.56 8.19 4/3058 29022
10.21 9.56 8.19 6/3058 29041
10.21 9.56 8.19 4/3058 29060
10.21 9.56 8.19 2/3058 29079
10.21 9.56 8.19 5/3058 29098
10.03 9.53 8.19 5/3058 29119
10.03 9.53 8.19 4/3058 29138
10.03 9.53 8.19 3/3058 29157
10.03 9.53 8.19 7/3058 29176
10.03 9.53 8.19 7/3058 29195
10.11 9.55 8.20 2/3065 29222
10.11 9.55 8.20 13/3061 29242
10.11 9.55 8.20 8/3054 29262
10.11 9.55 8.20 7/3054 29281
10.11 9.55 8.20 4/3055 29301
10.10 9.56 8.21 14/3055 29320
10.10 9.56 8.21 6/3055 29339
10.10 9.56 8.21 3/3055 29358
10.10 9.56 8.21 9/3055 29377
10.10 9.56 8.21 5/3055 29396
10.17 9.59 8.23 6/3055 29417
10.17 9.59 8.23 4/3055 29436
10.17 9.59 8.23 4/3055 29456
10.17 9.59 8.23 3/3055 29476
10.17 9.59 8.23 6/3055 29496
10.08 9.58 8.23 5/3052 29515
10.08 9.58 8.23 7/3052 29538
10.08 9.58 8.23 7/3050 29557
10.08 9.58 8.23 4/3043 29580
10.08 9.58 8.23 4/3043 29607
9.83 9.53 8.23 8/3041 29626
9.83 9.53 8.23 9/3041 29645
9.83 9.53 8.23 4/3048 29672
9.83 9.53 8.23 5/3041 29692
9.83 9.53 8.23 4/3041 29712
9.77 9.52 8.23 9/3041 29733
9.77 9.52 8.23 5/3041 29752
9.77 9.52 8.23 3/3041 29771
9.77 9.52 8.23 6/3041 29790
9.77 9.52 8.23 4/3041 29809
9.62 9.50 8.23 5/3042 29829
9.62 9.50 8.23 6/3042 29848
9.62 9.50 8.23 3/3042 29867
9.62 9.50 8.23 4/3042 29886
9.62 9.50 8.23 6/3042 29905
9.65 9.51 8.24 5/3042 29924
9.65 9.51 8.24 2/3042 29944
9.60 9.50 8.24 3/3035 29965
9.60 9.50 8.24 6/3035 29984
9.60 9.50 8.24 3/3035 30003
9.60 9.50 8.24 6/3043 30031
9.60 9.50 8.24 6/3043 30051
9.39 9.46 8.24 9/3036 30070
9.39 9.46 8.24 3/3036 30089
9.39 9.46 8.24 7/3036 30108
9.39 9.46 8.24 2/3036 30128
9.39 9.46 8.24 4/3036 30147
9.28 9.43 8.24 5/2961 30166
9.28 9.43 8.24 24/2953 30187
9.28 9.43 8.24 14/3015 30301
9.28 9.43 8.24 6/3015 30320
9.28 9.43 8.24 6/3018 30343
9.50 9.48 8.26 2/3018 30364
9.50 9.48 8.26 3/3018 30383
9.50 9.48 8.26 9/3017 30403
9.50 9.48 8.26 8/3017 30422
9.50 9.48 8.26 1/3017 30441
9.62 9.50 8.27 8/3017 30461
9.62 9.50 8.27 6/3017 30480
9.62 9.50 8.27 2/3017 30512
9.62 9.50 8.27 10/3017 30535
9.62 9.50 8.27 8/3031 30573
9.65 9.51 8.28 4/3030 30592
9.65 9.51 8.28 10/3036 30624
9.65 9.51 8.28 3/3036 30643
9.65 9.51 8.28 4/3036 30662
9.65 9.51 8.28 1/3036 30681
