1908.06 6299.73
1909.02 6302.81
1910.00 6306.46
1911.01 6310.52
1912.01 6314.48
1913.01 6318.99
1914.01 6323.17
1915.00 6327.16
1916.01 6331.13
1917.00 6335.17
1918.00 6338.74
1919.00 6342.27
1920.01 6345.85
1920.99 6349.38
1922.01 6352.96
1923.00 6356.35
1924.00 6359.50
1925.01 6362.75
1925.99 6366.02
1927.01 6369.36
1928.00 6372.60
1929.01 6375.91
1930.00 6379.05
1931.01 6382.24
1932.02 6385.30
1933.00 6388.36
1933.99 6391.50
1935.00 6394.58
1935.99 6397.63
1937.00 6400.72
1938.00 6403.74
1939.01 6406.72
1940.01 6409.69
1941.00 6412.67
1942.00 6415.55
1943.02 6418.60
1944.01 6421.55
1945.02 6424.29
1946.03 6426.89
1947.02 6429.85
1948.01 6432.77
1949.00 6435.75
1950.02 6438.62
1951.01 6441.52
1952.01 6444.33
1953.01 6447.21
1954.03 6450.21
1955.01 6452.91
1956.02 6455.78
1957.02 6458.68
1958.01 6461.40
1959.02 6464.33
1960.02 6467.13
1961.01 6469.93
1962.01 6472.78
1963.01 6475.64
1964.03 6478.61
1965.03 6481.41
1966.01 6484.03
1967.01 6486.57
1968.01 6489.38
1969.01 6492.29
1970.03 6495.12
1971.09 6497.57
1972.01 6500.05
1973.02 6502.93
1974.01 6505.75
1975.01 6508.36
1976.01 6510.75
1977.01 6513.30
1978.01 6516.05
1979.00 6518.84
1980.01 6521.63
1981.01 6524.32
1982.01 6527.08
1983.01 6530.00
1984.00 6532.79
1985.01 6535.54
1986.00 6538.23
1987.01 6540.87
1988.00 6543.32
1989.01 6546.02
1990.00 6548.73
1991.01 6551.51
1992.00 6554.13
1993.01 6556.93
1994.01 6559.66
1995.01 6562.39
1996.01 6565.16
1997.00 6567.91
1998.00 6570.70
1999.00 6573.36
2000.01 6576.12
2001.01 6578.82
2002.01 6581.61
2003.01 6584.32
2004.00 6586.79
2005.00 6589.56
2006.01 6592.26
2007.00 6595.03
2008.01 6597.80
2009.01 6600.32
2010.01 6602.71
2011.01 6605.44
2012.02 6608.16
2013.00 6610.85
2014.00 6613.60
2015.00 6616.33
2016.01 6619.13
2017.00 6621.86
2018.00 6624.61
2019.00 6627.42
2020.00 6630.13
2021.01 6632.92
2022.01 6635.66
2026.03 6646.99
2027.01 6649.69
2028.01 6652.45
2029.00 6655.20
2030.06 6657.89
2031.00 6660.20
2032.00 6662.87
2033.03 6665.71
2034.00 6668.54
2035.01 6671.40
2036.00 6674.08
2037.01 6676.56
2038.00 6678.66
2039.02 6679.15
2040.00 6681.09
2041.02 6682.67
2042.02 6685.71
2043.01 6688.80
2044.01 6691.87
2045.00 6694.76
2046.01 6697.84
2047.01 6700.94
2048.01 6704.12
2049.01 6707.05
2050.01 6709.95
2051.00 6712.71
2052.01 6715.68
2053.02 6718.46
2054.00 6721.08
2055.00 6724.19
2056.02 6727.43
