9.82 8.71 5.94 4/3172 10431
9.59 8.69 5.94 22/3194 10503
9.59 8.69 5.94 6/3194 10529
9.59 8.69 5.94 1/3194 10548
9.59 8.69 5.94 3/3193 10568
9.59 8.69 5.94 1/3182 10591
9.46 8.67 5.95 3/3182 10610
9.46 8.67 5.95 2/3182 10629
9.46 8.67 5.95 4/3185 10651
9.46 8.67 5.95 2/3187 10680
9.46 8.67 5.95 3/3187 10703
9.27 8.65 5.96 2/3187 10722
9.27 8.65 5.96 5/3186 10743
9.27 8.65 5.96 3/3185 10762
9.27 8.65 5.96 7/3185 10781
9.27 8.65 5.96 3/3185 10800
8.92 8.59 5.95 3/3185 10820
8.92 8.59 5.95 5/3192 10846
8.92 8.59 5.95 6/3192 10866
8.92 8.59 5.95 2/3185 10886
8.92 8.59 5.95 3/3185 10905
9.17 8.64 5.99 8/3185 10925
9.17 8.64 5.99 4/3184 10944
9.17 8.64 5.99 2/3184 10963
9.17 8.64 5.99 1/3184 10982
9.17 8.64 5.99 4/3184 11001
9.24 8.67 6.01 2/3184 11020
9.24 8.67 6.01 4/3184 11042
9.24 8.67 6.01 4/3184 11061
9.24 8.67 6.01 2/3184 11080
9.24 8.67 6.01 4/3182 11099
8.98 8.62 6.01 6/3181 11119
8.98 8.62 6.01 4/3167 11138
8.98 8.62 6.01 5/3167 11157
8.98 8.62 6.01 4/3167 11176
8.98 8.62 6.01 3/3165 11199
8.82 8.59 6.01 2/3165 11226
8.82 8.59 6.01 3/3161 11245
8.82 8.59 6.01 4/3161 11264
8.82 8.59 6.01 1/3168 11292
8.82 8.59 6.01 5/3161 11312
9.15 8.67 6.05 6/3161 11331
9.15 8.67 6.05 2/3161 11352
9.15 8.67 6.05 2/3161 11371
9.15 8.67 6.05 7/3151 11390
9.15 8.67 6.05 4/3151 11409
8.90 8.62 6.05 3/3151 11428
8.90 8.62 6.05 2/3151 11447
8.90 8.62 6.05 2/3151 11466
8.90 8.62 6.05 3/3151 11485
8.90 8.62 6.05 3/3151 11505
8.90 8.62 6.05 1/3150 11524
9.07 8.66 6.08 4/3150 11543
9.07 8.66 6.08 1/3150 11562
9.07 8.66 6.08 3/3148 11581
9.07 8.66 6.08 6/3148 11600
9.07 8.66 6.08 4/3148 11619
8.90 8.63 6.08 4/3145 11640
8.90 8.63 6.08 5/3144 11659
8.90 8.63 6.08 5/3135 11678
8.90 8.63 6.08 10/3140 11705
8.90 8.63 6.08 3/3138 11726
8.91 8.64 6.10 2/3127 11746
8.91 8.64 6.10 1/3125 11765
8.91 8.64 6.10 3/3123 11784
8.91 8.64 6.10 6/3123 11803
8.91 8.64 6.10 3/3123 11822
8.68 8.60 6.10 4/3121 11841
8.68 8.60 6.10 3/3121 11860
8.68 8.60 6.10 5/3121 11879
8.68 8.60 6.10 5/3121 11898
8.68 8.60 6.10 3/3121 11917
8.94 8.65 6.13 1/3121 11938
8.94 8.65 6.13 4/3121 11957
8.94 8.65 6.13 2/3121 11977
8.94 8.65 6.13 3/3120 11996
8.63 8.59 6.12 1/3121 12016
8.63 8.59 6.12 2/3120 12035
8.63 8.59 6.12 8/3120 12054
8.63 8.59 6.12 3/3120 12073
8.63 8.59 6.12 4/3120 12092
8.63 8.59 6.12 3/3127 12118
8.50 8.57 6.13 6/3127 12138
8.50 8.57 6.13 5/3120 12158
8.50 8.57 6.13 5/3120 12177
8.50 8.57 6.13 9/3120 12197
8.50 8.57 6.13 5/3120 12216
8.62 8.59 6.15 5/3120 12237
8.62 8.59 6.15 3/3120 12256
8.62 8.59 6.15 3/3120 12275
8.62 8.59 6.15 3/3120 12294
8.62 8.59 6.15 5/3126 12322
8.49 8.56 6.16 1/3128 12345
8.49 8.56 6.16 2/3127 12364
8.49 8.56 6.16 12/3127 12383
8.49 8.56 6.16 6/3127 12406
8.49 8.56 6.16 2/3127 12433
8.45 8.55 6.17 2/3127 12453
8.45 8.55 6.17 5/3127 12472
8.45 8.55 6.17 3/3127 12491
8.45 8.55 6.17 2/3127 12510
8.45 8.55 6.17 5/3127 12529
8.49 8.56 6.18 3/3130 12554
8.49 8.56 6.18 6/3137 12581
8.49 8.56 6.18 3/3130 12601
8.49 8.56 6.18 3/3130 12620
8.49 8.56 6.18 2/3130 12639
8.61 8.58 6.20 3/3130 12658
8.61 8.58 6.20 3/3129 12678
8.61 8.58 6.20 3/3129 12697
8.61 8.58 6.20 2/3129 12716
8.61 8.58 6.20 3/3129 12735
8.40 8.54 6.20 5/3129 12754
8.40 8.54 6.20 3/3130 12774
8.40 8.54 6.20 9/3130 12793
8.40 8.54 6.20 4/3130 12812
8.40 8.54 6.20 2/3131 12832
8.29 8.52 6.20 1/3131 12853
8.29 8.52 6.20 3/3131 12872
8.29 8.52 6.20 2/3131 12891
8.29 8.52 6.20 6/3132 12912
8.29 8.52 6.20 5/3132 12931
8.51 8.56 6.23 7/3132 12950
8.51 8.56 6.23 9/3131 12969
8.51 8.56 6.23 2/3137 12996
8.51 8.56 6.23 6/3137 13016
8.51 8.56 6.23 4/3129 13035
8.47 8.55 6.24 6/3129 13054
8.47 8.55 6.24 6/3129 13073
8.47 8.55 6.24 2/3137 13100
8.47 8.55 6.24 3/3137 13119
8.47 8.55 6.24 2/3137 13139
8.43 8.54 6.25 4/3137 13160
8.43 8.54 6.25 7/3137 13179
8.43 8.54 6.25 3/3137 13198
8.43 8.54 6.25 4/3137 13217
8.43 8.54 6.25 2/3137 13236
8.40 8.53 6.26 4/3137 13255
8.40 8.53 6.26 3/3137 13274
8.40 8.53 6.26 10/3137 13293
8.40 8.53 6.26 2/3137 13312
8.40 8.53 6.26 4/3139 13333
8.28 8.50 6.26 6/3140 13353
8.28 8.50 6.26 3/3147 13383
8.28 8.50 6.26 2/3149 13405
8.28 8.50 6.26 6/3153 13428
8.28 8.50 6.26 4/3156 13451
8.82 8.61 6.31 7/3150 13474
8.82 8.61 6.31 7/3150 13493
