1009.79 3505.77
1010.73 3508.81
1011.73 3512.44
1012.72 3516.48
1013.73 3520.48
1014.73 3524.90
1015.73 3529.15
1016.72 3533.18
1017.73 3537.16
1018.72 3540.92
1019.74 3544.37
1020.72 3548.00
1021.72 3551.59
1022.72 3555.21
1023.73 3558.72
1024.72 3562.19
1025.73 3565.94
1026.73 3569.54
1027.73 3572.96
1028.72 3576.36
1029.73 3580.11
1030.72 3583.81
1031.72 3587.47
1032.73 3591.19
1033.74 3594.91
1034.72 3598.56
1035.73 3602.26
1036.73 3605.97
1037.73 3609.69
1038.73 3613.30
1039.73 3617.03
1040.73 3620.55
1041.73 3624.25
1042.72 3627.91
1043.73 3631.60
1044.72 3635.32
1045.73 3638.95
1046.73 3642.71
1047.72 3646.37
1048.73 3649.75
1049.72 3653.11
1050.73 3656.82
1051.73 3660.46
1052.73 3664.21
1053.72 3667.79
1054.72 3671.49
1055.73 3675.25
1056.72 3678.88
1057.72 3682.64
1058.73 3686.32
1059.73 3689.93
1060.73 3693.68
1061.73 3697.37
1062.73 3701.05
1063.72 3704.71
1064.72 3708.38
1065.73 3712.12
1066.72 3715.80
1067.73 3719.49
1068.72 3723.13
1069.73 3726.67
1070.73 3730.01
1071.72 3733.51
1072.73 3737.13
1073.73 3740.83
1074.72 3744.46
1075.73 3748.13
1076.73 3751.88
1077.73 3755.53
1078.72 3759.10
1079.73 3762.84
1080.72 3766.44
1081.72 3770.12
1082.73 3773.84
1083.72 3777.26
1084.73 3781.01
1085.75 3784.36
1086.72 3787.78
1087.73 3791.39
1088.73 3794.48
1089.73 3798.09
1090.73 3801.50
1091.72 3804.01
1092.73 3807.42
1093.74 3811.03
1094.74 3814.61
1095.73 3818.01
1096.72 3821.17
1097.73 3824.85
1098.72 3828.04
1099.73 3831.39
1100.73 3834.92
1101.74 3838.30
1102.73 3841.76
1103.73 3845.37
1104.73 3848.40
1105.73 3851.94
1106.73 3855.23
1107.73 3858.62
1108.74 3862.21
1109.73 3865.66
1110.73 3869.19
1111.73 3872.78
1112.72 3875.97
1113.73 3879.20
1114.72 3882.69
1115.73 3886.27
1116.74 3889.89
1117.73 3893.42
1118.73 3896.85
1119.73 3900.43
1120.73 3903.94
1121.73 3907.47
1122.73 3911.02
1123.72 3914.44
1124.73 3917.98
1125.72 3921.47
1126.73 3925.03
1127.74 3928.61
1128.73 3932.02
1129.73 3935.52
1130.73 3938.90
1131.73 3942.43
1132.72 3945.88
1133.74 3949.25
1134.73 3952.37
1135.73 3955.66
1136.74 3959.19
1137.73 3962.63
1138.73 3966.01
1139.73 3969.47
1140.72 3972.90
1141.73 3976.34
1142.73 3979.79
1143.73 3983.23
1144.73 3986.67
1145.72 3990.06
1146.73 3993.57
1147.73 3996.94
1148.73 4000.36
1149.74 4003.91
1150.73 4007.26
1151.73 4010.66
1152.73 4013.51
1153.74 4016.92
1154.73 4020.32
1155.74 4023.32
1156.73 4026.51
1157.72 4029.95
