8.92 5.53 2.39 2/3119 9275
8.77 5.55 2.42 6/3139 9346
8.77 5.55 2.42 3/3143 9374
8.77 5.55 2.42 11/3143 9394
8.77 5.55 2.42 3/3137 9415
8.77 5.55 2.42 1/3126 9439
9.10 5.68 2.47 2/3126 9458
9.10 5.68 2.47 2/3129 9480
9.10 5.68 2.47 1/3128 9499
9.10 5.68 2.47 1/3130 9524
9.10 5.68 2.47 3/3130 9553
9.10 5.73 2.51 6/3130 9572
9.10 5.73 2.51 3/3130 9591
9.10 5.73 2.51 4/3129 9610
9.10 5.73 2.51 3/3129 9629
9.10 5.73 2.51 5/3129 9648
8.93 5.75 2.53 5/3128 9668
8.93 5.75 2.53 1/3128 9687
8.93 5.75 2.53 4/3128 9706
8.93 5.75 2.53 3/3128 9725
8.93 5.75 2.53 1/3128 9744
9.17 5.86 2.58 6/3128 9763
9.17 5.86 2.58 7/3128 9782
9.17 5.86 2.58 5/3128 9801
9.17 5.86 2.58 3/3135 9828
9.17 5.86 2.58 3/3128 9850
9.08 5.89 2.61 9/3127 9869
9.08 5.89 2.61 6/3128 9891
9.08 5.89 2.61 1/3128 9911
9.08 5.89 2.61 14/3128 9930
9.08 5.89 2.61 3/3128 9949
8.91 5.91 2.64 5/3128 9968
8.91 5.91 2.64 2/3097 9987
8.91 5.91 2.64 1/3096 10006
8.91 5.91 2.64 1/3097 10026
8.91 5.91 2.64 6/3098 10046
8.76 5.93 2.66 4/3105 10075
8.76 5.93 2.66 3/3101 10094
8.76 5.93 2.66 3/3101 10113
8.76 5.93 2.66 3/3101 10132
8.76 5.93 2.66 5/3101 10154
8.70 5.96 2.69 3/3101 10177
8.70 5.96 2.69 3/3101 10204
8.70 5.96 2.69 9/3099 10223
8.70 5.96 2.69 5/3097 10242
8.70 5.96 2.69 4/3104 10269
8.80 6.03 2.73 5/3104 10289
8.80 6.03 2.73 4/3097 10308
8.80 6.03 2.73 3/3097 10327
8.80 6.03 2.73 2/3097 10346
8.80 6.03 2.73 10/3097 10365
8.82 6.08 2.76 5/3097 10385
8.82 6.08 2.76 3/3096 10404
8.82 6.08 2.76 3/3096 10423
8.82 6.08 2.76 2/3092 10442
8.82 6.08 2.76 3/3092 10463
8.75 6.11 2.79 2/3092 10482
8.75 6.11 2.79 4/3089 10501
8.75 6.11 2.79 4/3088 10520
8.75 6.11 2.79 4/3079 10539
8.75 6.11 2.79 4/3077 10558
8.53 6.11 2.81 4/3077 10578
8.53 6.11 2.81 6/3074 10597
8.53 6.11 2.81 3/3070 10617
8.53 6.11 2.81 2/3068 10636
8.41 6.13 2.83 6/3075 10662
8.41 6.13 2.83 3/3073 10682
8.41 6.13 2.83 1/3066 10702
8.41 6.13 2.83 5/3068 10723
8.41 6.13 2.83 7/3068 10744
8.46 6.17 2.87 4/3068 10763
8.46 6.17 2.87 5/3068 10782
8.46 6.17 2.87 4/3068 10801
8.46 6.17 2.87 3/3067 10820
8.46 6.17 2.87 4/3067 10840
8.42 6.20 2.89 4/3067 10859
8.42 6.20 2.89 3/3067 10878
8.42 6.20 2.89 2/3067 10897
8.42 6.20 2.89 8/3067 10916
8.42 6.20 2.89 4/3067 10935
8.39 6.23 2.92 2/3067 10954
8.39 6.23 2.92 3/3067 10973
8.39 6.23 2.92 5/3066 10992
8.39 6.23 2.92 2/3066 11011
8.39 6.23 2.92 4/3066 11032
8.68 6.33 2.97 2/3072 11058
8.68 6.33 2.97 4/3072 11077
8.68 6.33 2.97 5/3079 11104
8.68 6.33 2.97 2/3072 11124
8.68 6.33 2.97 5/3072 11143
8.70 6.38 3.00 10/3072 11162
8.70 6.38 3.00 2/3074 11183
8.70 6.38 3.00 2/3073 11202
8.70 6.38 3.00 1/3070 11221
8.70 6.38 3.00 7/3065 11240
8.65 6.40 3.03 5/3058 11259
8.65 6.40 3.03 24/3056 11283
8.65 6.40 3.03 4/3050 11303
8.65 6.40 3.03 1/3038 11322
8.65 6.40 3.03 3/3034 11343
8.67 6.45 3.06 4/3032 11366
8.67 6.45 3.06 6/3031 11393
8.67 6.45 3.06 10/3033 11414
8.67 6.45 3.06 3/3033 11433
8.67 6.45 3.06 4/3032 11452
8.88 6.63 3.19 4/3038 11498
8.88 6.63 3.19 4/3038 11517
8.88 6.63 3.19 1/3038 11536
8.88 6.63 3.19 3/3038 11555
8.88 6.63 3.19 6/3038 11574
8.57 6.60 3.20 6/3047 11602
8.57 6.60 3.20 3/3047 11621
8.57 6.60 3.20 4/3047 11640
8.57 6.60 3.20 7/3047 11659
8.57 6.60 3.20 2/3047 11680
8.44 6.61 3.22 5/3054 11707
8.44 6.61 3.22 6/3047 11728
8.44 6.61 3.22 5/3047 11747
8.44 6.61 3.22 1/3047 11766
8.44 6.61 3.22 5/3047 11785
8.33 6.62 3.25 4/3047 11804
8.33 6.62 3.25 5/3047 11823
8.33 6.62 3.25 7/3047 11842
8.33 6.62 3.25 3/3047 11861
8.33 6.62 3.25 5/3047 11880
8.22 6.62 3.27 6/3047 11899
8.22 6.62 3.27 11/3047 11918
8.22 6.62 3.27 7/3047 11937
8.22 6.62 3.27 1/3046 11957
8.22 6.62 3.27 9/3046 11978
8.36 6.68 3.30 14/3046 11997
8.36 6.68 3.30 3/3046 12016
8.36 6.68 3.30 6/3046 12035
