284.93 960.94
285.86 963.90
286.83 967.73
287.83 971.61
288.84 975.58
289.83 979.87
290.83 984.11
291.85 987.99
292.84 991.96
293.84 995.74
294.84 999.36
295.83 1002.92
296.84 1006.56
297.83 1010.10
298.85 1013.82
299.83 1017.38
300.84 1021.18
301.84 1024.88
302.84 1028.62
303.84 1032.35
304.83 1035.97
305.84 1039.71
306.84 1043.47
307.84 1047.15
308.83 1050.69
309.83 1054.02
310.83 1057.69
311.84 1061.43
312.83 1065.04
313.84 1068.79
314.82 1072.43
315.83 1076.16
316.83 1079.89
317.84 1083.60
318.83 1087.34
319.84 1091.14
320.84 1094.42
321.84 1098.17
322.83 1101.90
323.83 1105.60
324.82 1109.36
325.83 1113.00
326.83 1116.58
327.83 1120.28
328.83 1123.89
329.82 1127.52
330.83 1130.83
331.83 1134.42
332.83 1138.10
333.83 1141.74
334.84 1145.46
335.84 1149.07
336.83 1152.65
337.84 1156.34
338.83 1160.01
339.84 1163.72
340.84 1167.42
341.84 1171.01
342.83 1174.68
343.84 1178.40
344.84 1182.05
345.84 1185.65
346.84 1189.26
347.83 1192.73
349.04 1197.16
350.84 1203.72
351.84 1207.03
352.85 1210.35
353.83 1213.92
354.84 1217.59
355.83 1221.09
356.83 1224.65
357.86 1228.39
358.84 1231.93
359.84 1235.63
360.89 1239.33
361.84 1242.78
362.85 1246.40
363.88 1250.04
364.85 1253.46
365.87 1256.99
366.84 1260.49
367.84 1264.09
368.83 1267.62
369.84 1271.29
370.84 1274.74
371.84 1278.30
372.84 1281.64
373.85 1284.84
374.83 1288.29
375.84 1291.78
376.85 1295.24
377.83 1298.77
378.84 1302.40
379.84 1305.93
380.83 1309.48
381.85 1313.06
382.83 1316.34
383.84 1319.96
384.84 1323.44
385.84 1326.98
386.84 1330.46
387.83 1333.88
388.83 1337.47
389.85 1341.07
405.87 1398.14
406.84 1401.53
407.84 1405.03
408.84 1408.52
409.84 1412.01
410.84 1415.42
411.83 1418.82
412.84 1422.35
413.83 1425.79
414.83 1429.25
415.84 1432.42
416.85 1435.54
417.84 1439.02
418.84 1442.50
419.84 1445.92
420.84 1449.41
421.85 1452.94
422.84 1456.31
423.84 1459.72
424.85 1463.06
425.85 1466.38
426.85 1469.69
427.84 1472.70
428.83 1476.06
429.84 1479.15
430.84 1482.31
431.85 1485.76
432.83 1488.72
