10.11 9.83 7.41 2/3005 29408
10.11 9.83 7.41 9/3031 29482
10.11 9.83 7.41 1/3028 29508
10.11 9.83 7.41 2/3035 29536
10.18 9.85 7.43 1/3036 29557
10.18 9.85 7.43 6/3018 29581
10.18 9.85 7.43 4/3018 29600
10.18 9.85 7.43 3/3018 29619
10.18 9.85 7.43 2/3021 29641
10.01 9.82 7.43 2/3022 29670
10.01 9.82 7.43 3/3022 29693
10.01 9.82 7.43 6/3022 29712
10.01 9.82 7.43 4/3022 29731
10.01 9.82 7.43 4/3021 29751
10.41 9.91 7.47 3/3021 29770
10.41 9.91 7.47 2/3021 29789
10.41 9.91 7.47 3/3021 29808
10.41 9.91 7.47 4/3019 29827
10.41 9.91 7.47 3/3018 29848
10.78 9.99 7.51 3/3013 29867
10.78 9.99 7.51 4/3013 29886
10.78 9.99 7.51 6/3013 29905
10.78 9.99 7.51 2/3013 29924
10.78 9.99 7.51 5/3013 29943
11.03 10.06 7.55 2/3013 29962
11.03 10.06 7.55 10/3020 29990
11.03 10.06 7.55 6/3010 30010
11.03 10.06 7.55 4/3009 30029
11.03 10.06 7.55 2/3009 30048
10.71 10.01 7.54 4/3009 30067
10.71 10.01 7.54 4/3009 30086
10.71 10.01 7.54 5/3009 30105
10.71 10.01 7.54 8/3009 30124
10.71 10.01 7.54 3/3009 30145
11.21 10.12 7.59 8/3009 30168
11.21 10.12 7.59 2/3009 30195
11.21 10.12 7.59 6/3010 30215
11.21 10.12 7.59 7/3010 30235
11.21 10.12 7.59 6/3010 30254
11.20 10.14 7.61 3/3009 30273
11.20 10.14 7.61 4/3009 30292
11.20 10.14 7.61 5/3009 30311
11.20 10.14 7.61 1/3008 30330
11.20 10.14 7.61 4/3008 30349
11.18 10.15 7.63 5/3007 30368
11.18 10.15 7.63 10/3007 30387
11.18 10.15 7.63 4/3014 30414
11.18 10.15 7.63 4/3014 30433
11.18 10.15 7.63 7/3007 30456
11.33 10.20 7.66 6/3007 30475
11.33 10.20 7.66 4/3004 30494
11.33 10.20 7.66 2/3004 30513
11.33 10.20 7.66 3/3003 30532
11.33 10.20 7.66 6/3003 30551
11.06 10.16 7.66 6/3003 30571
11.06 10.16 7.66 3/3001 30590
11.06 10.16 7.66 5/3001 30609
11.06 10.16 7.66 5/3000 30628
11.06 10.16 7.66 4/3000 30647
10.82 10.13 7.66 5/2998 30666
10.82 10.13 7.66 7/2998 30686
10.82 10.13 7.66 9/2998 30705
10.82 10.13 7.66 5/2995 30724
10.82 10.13 7.66 9/2992 30745
10.75 10.13 7.68 3/2992 30764
10.75 10.13 7.68 9/2990 30783
10.75 10.13 7.68 6/2988 30802
10.75 10.13 7.68 6/2989 30822
10.75 10.13 7.68 5/2994 30849
10.53 10.09 7.68 4/2987 30869
10.53 10.09 7.68 2/2987 30888
10.53 10.09 7.68 6/2987 30907
10.53 10.09 7.68 4/2987 30927
10.53 10.09 7.68 21/2926 30948
10.49 10.09 7.69 8/2871 30971
10.49 10.09 7.69 4/2871 30990
10.49 10.09 7.69 4/2871 31009
10.49 10.09 7.69 4/2871 31028
10.49 10.09 7.69 7/2871 31049
10.45 10.09 7.70 5/2872 31070
10.45 10.09 7.70 4/2872 31089
10.45 10.09 7.70 6/2872 31108
10.45 10.09 7.70 8/2872 31127
10.45 10.09 7.70 11/2873 31148
10.89 10.19 7.75 9/2873 31167
10.89 10.19 7.75 7/2873 31186
10.89 10.19 7.75 15/2873 31205
10.89 10.19 7.75 5/2874 31225
10.89 10.19 7.75 6/2874 31244
11.30 10.28 7.79 8/2881 31270
11.30 10.28 7.79 6/2881 31290
11.30 10.28 7.79 4/2869 31310
11.30 10.28 7.79 7/2870 31333
11.30 10.28 7.79 4/2871 31355
11.36 10.31 7.82 3/2867 31378
11.36 10.31 7.82 5/2869 31408
11.36 10.31 7.82 5/2869 31427
11.36 10.31 7.82 5/2869 31446
11.36 10.31 7.82 4/2869 31465
11.09 10.27 7.82 4/2869 31484
11.09 10.27 7.82 5/2870 31504
11.09 10.27 7.82 9/2870 31523
11.09 10.27 7.82 2/2870 31542
11.09 10.27 7.82 7/2870 31561
11.32 10.33 7.85 5/2870 31580
11.32 10.33 7.85 2/2870 31599
11.32 10.33 7.85 4/2870 31618
11.32 10.33 7.85 5/2871 31639
11.32 10.33 7.85 4/2872 31661
11.14 10.31 7.86 4/2872 31680
11.14 10.31 7.86 8/2872 31699
11.14 10.31 7.86 6/2879 31726
11.14 10.31 7.86 31/2812 31777
11.14 10.31 7.86 6/2904 31913
11.77 10.46 7.92 13/2941 31976
11.77 10.46 7.92 3/2945 32003
11.77 10.46 7.92 6/2953 32031
11.77 10.46 7.92 1/2953 32050
11.77 10.46 7.92 5/2944 32072
11.38 10.40 7.91 6/2944 32093
11.38 10.40 7.91 3/2940 32112
11.38 10.40 7.91 1/2941 32132
11.38 10.40 7.91 4/2941 32155
11.38 10.40 7.91 7/2941 32189
11.35 10.41 7.93 3/2941 32232
11.35 10.41 7.93 6/2941 32251
11.35 10.41 7.93 13/2941 32270
11.35 10.41 7.93 2/2942 32291
11.35 10.41 7.93 3/2943 32312
11.25 10.40 7.94 6/2943 32331
11.25 10.40 7.94 3/2943 32351
11.25 10.40 7.94 2/2943 32370
11.25 10.40 7.94 3/2944 32391
11.25 10.40 7.94 10/2943 32412
10.82 10.33 7.93 1/2943 32431
10.82 10.33 7.93 5/2943 32450
10.82 10.33 7.93 2/2943 32469
10.82 10.33 7.93 3/2943 32489
10.82 10.33 7.93 3/2943 32510
10.60 10.29 7.93 4/2943 32529
10.60 10.29 7.93 4/2943 32548
10.60 10.29 7.93 2/2940 32568
10.60 10.29 7.93 4/2940 32588
10.60 10.29 7.93 1/2940 32607
11.51 10.48 8.01 6/2940 32626
11.51 10.48 8.01 2/2940 32645
11.51 10.48 8.01 1/2940 32664
11.51 10.48 8.01 3/2941 32685
11.51 10.48 8.01 9/2941 32704
