1372.20 4329.60
1373.14 4332.87
1374.13 4336.36
1375.13 4340.39
1376.12 4344.27
1377.12 4348.53
1378.13 4352.62
1379.12 4356.70
1380.13 4360.74
1381.13 4364.51
1382.13 4368.18
1383.13 4371.77
1384.13 4375.26
1385.13 4378.73
1386.13 4382.25
1387.13 4385.72
1388.13 4389.17
1389.13 4392.50
1390.13 4395.90
1391.13 4399.15
1392.14 4402.35
1393.13 4405.57
1394.12 4408.68
1395.12 4411.83
1396.13 4414.93
1397.13 4417.81
1398.14 4420.57
1399.13 4423.63
1400.13 4426.74
1401.14 4429.84
1402.13 4432.95
1403.13 4435.97
1404.12 4438.89
1405.13 4441.92
1406.14 4444.85
1407.13 4447.79
1408.14 4450.76
1409.14 4453.62
1410.13 4456.50
1411.13 4459.41
1412.13 4462.29
1413.13 4465.17
1414.13 4468.01
1415.13 4470.87
1416.13 4473.71
1417.13 4476.53
1418.12 4479.33
1419.13 4481.87
1420.13 4484.56
1421.13 4487.42
1422.12 4490.23
1423.13 4493.05
1424.13 4495.85
1425.13 4498.70
1426.13 4501.50
1427.13 4504.24
1428.13 4507.06
1429.13 4509.86
1430.13 4512.66
1431.13 4515.50
1432.14 4518.15
1433.14 4520.76
1434.16 4523.52
1435.13 4526.16
1436.13 4528.92
1437.13 4531.66
1438.13 4534.46
1439.13 4537.24
1440.13 4539.68
1441.13 4542.17
1442.13 4544.96
1443.13 4547.73
1444.13 4550.28
1445.15 4552.64
1446.13 4553.93
1447.13 4556.31
1448.13 4559.08
1449.13 4561.89
1450.13 4564.31
1451.14 4566.50
1452.14 4568.22
1453.13 4570.50
1454.13 4572.41
1455.15 4574.92
1456.14 4576.60
1457.13 4577.89
1458.13 4579.72
1459.13 4581.70
1460.13 4584.07
1461.14 4586.35
1462.13 4587.75
1463.13 4589.98
1464.14 4592.05
1465.14 4594.53
1466.14 4597.20
1467.13 4599.84
1468.14 4602.62
1469.13 4605.36
1470.14 4608.13
1471.15 4610.85
1472.12 4613.38
1473.13 4616.12
1474.13 4618.86
1475.13 4621.49
1476.13 4624.01
1477.13 4626.77
1478.13 4629.47
1479.13 4632.20
1480.14 4634.90
1481.14 4637.66
1482.13 4640.37
1483.13 4642.73
1484.15 4644.24
1485.19 4644.61
1486.14 4645.04
1487.14 4645.90
1488.13 4648.47
1489.14 4651.87
1490.14 4654.95
1491.13 4658.05
1492.13 4661.19
1493.13 4664.03
1494.13 4667.16
1495.13 4670.40
1496.15 4673.61
1497.15 4677.01
1498.13 4680.38
1499.13 4683.21
1500.13 4686.66
1501.13 4690.05
1502.14 4693.49
1503.13 4696.90
1504.14 4700.19
1505.13 4703.56
1506.13 4707.00
1507.14 4710.37
1508.13 4713.71
1509.13 4717.29
1510.14 4720.83
1511.14 4724.35
1512.13 4727.77
1513.13 4731.37
1514.13 4734.52
1515.13 4737.79
1516.13 4740.97
1517.13 4744.36
1518.13 4747.92
1519.13 4751.29
1520.13 4754.71
