8.72 8.70 8.84 2/3128 26198
8.72 8.70 8.84 1/3129 26223
8.72 8.70 8.84 2/3129 26242
8.72 8.70 8.84 4/3128 26262
8.72 8.70 8.84 2/3117 26285
8.50 8.66 8.83 2/3122 26323
8.54 8.66 8.83 4/3120 26347
8.42 8.64 8.82 3/3119 26366
8.42 8.64 8.82 8/3126 26393
8.42 8.64 8.82 5/3126 26412
8.42 8.64 8.82 7/3119 26434
8.42 8.64 8.82 4/3119 26453
8.79 8.71 8.84 7/3118 26472
8.79 8.71 8.84 3/3118 26493
8.79 8.71 8.84 1/3118 26513
8.79 8.71 8.84 4/3118 26532
8.79 8.71 8.84 1/3118 26551
9.20 8.80 8.87 1/3118 26570
9.20 8.80 8.87 12/3118 26589
9.20 8.80 8.87 2/3118 26608
9.20 8.80 8.87 2/3118 26627
9.20 8.80 8.87 7/3115 26646
8.87 8.73 8.85 2/3114 26665
8.87 8.73 8.85 3/3113 26684
8.87 8.73 8.85 4/3113 26703
8.87 8.73 8.85 4/3113 26722
8.87 8.73 8.85 4/3111 26742
9.04 8.77 8.86 8/3111 26761
9.04 8.77 8.86 1/3112 26783
9.04 8.77 8.86 2/3112 26802
9.04 8.77 8.86 4/3120 26831
9.04 8.77 8.86 2/3113 26851
9.20 8.81 8.87 2/3113 26870
9.20 8.81 8.87 4/3113 26889
9.20 8.81 8.87 5/3112 26908
9.20 8.81 8.87 4/3112 26927
9.20 8.81 8.87 2/3112 26946
9.18 8.81 8.87 5/3112 26965
9.18 8.81 8.87 9/3112 26985
9.18 8.81 8.87 4/3112 27004
9.18 8.81 8.87 3/3112 27023
9.18 8.81 8.87 6/3112 27042
8.84 8.75 8.85 5/3111 27061
8.84 8.75 8.85 4/3111 27082
8.84 8.75 8.85 5/3111 27101
8.84 8.75 8.85 3/3111 27120
8.84 8.75 8.85 3/3111 27139
8.86 8.75 8.85 5/3110 27158
8.86 8.75 8.85 3/3108 27177
8.86 8.75 8.85 2/3104 27197
8.86 8.75 8.85 3/3101 27216
8.86 8.75 8.85 3/3106 27243
8.71 8.72 8.84 3/3106 27262
8.71 8.72 8.84 6/3093 27282
8.71 8.72 8.84 7/3092 27301
8.71 8.72 8.84 6/3090 27320
8.71 8.72 8.84 3/3090 27339
8.41 8.66 8.82 5/3090 27358
8.41 8.66 8.82 10/3090 27379
8.41 8.66 8.82 2/3090 27398
8.41 8.66 8.82 3/3088 27417
8.41 8.66 8.82 3/3088 27436
8.22 8.62 8.81 3/3088 27456
8.22 8.62 8.81 2/3088 27475
8.22 8.62 8.81 3/3088 27494
8.22 8.62 8.81 5/3088 27513
8.22 8.62 8.81 4/3088 27544
8.04 8.57 8.79 4/3087 27563
8.04 8.57 8.79 5/3086 27582
8.04 8.57 8.79 6/3085 27601
8.04 8.57 8.79 1/3084 27620
8.04 8.57 8.79 2/3084 27639
7.96 8.55 8.78 2/3084 27661
7.96 8.55 8.78 4/3091 27691
7.96 8.55 8.78 4/3084 27711
7.96 8.55 8.78 2/3084 27730
7.96 8.55 8.78 6/3084 27749
7.88 8.52 8.77 4/3084 27768
7.88 8.52 8.77 8/3084 27787
7.88 8.52 8.77 2/3084 27806
7.53 8.40 8.73 3/3086 27840
7.64 8.41 8.73 4/3086 27859
7.64 8.41 8.73 5/3086 27880
7.64 8.41 8.73 3/3086 27899
7.64 8.41 8.73 5/3086 27918
7.64 8.41 8.73 3/3086 27937
7.59 8.39 8.72 4/3086 27956
7.59 8.39 8.72 6/3086 27976
7.59 8.39 8.72 3/3086 27995
7.59 8.39 8.72 3/3086 28014
7.59 8.39 8.72 3/3086 28033
7.71 8.40 8.72 4/3086 28052
7.71 8.40 8.72 2/3086 28071
7.71 8.40 8.72 5/3086 28090
7.71 8.40 8.72 11/3093 28116
7.71 8.40 8.72 5/3093 28136
7.73 8.39 8.72 5/3086 28156
7.73 8.39 8.72 5/3086 28177
7.73 8.39 8.72 8/3086 28197
7.73 8.39 8.72 6/3086 28216
7.73 8.39 8.72 4/3088 28237
7.75 8.39 8.71 4/3088 28256
7.75 8.39 8.71 4/3088 28275
7.75 8.39 8.71 5/3088 28294
7.75 8.39 8.71 9/3088 28313
7.75 8.39 8.71 3/3088 28340
7.77 8.38 8.71 5/3088 28363
7.77 8.38 8.71 5/3088 28382
7.77 8.38 8.71 6/3088 28401
7.77 8.38 8.71 5/3106 28438
7.77 8.38 8.71 6/3106 28458
7.71 8.36 8.70 5/3106 28477
7.71 8.36 8.70 6/3106 28498
7.71 8.36 8.70 2/3106 28517
7.71 8.36 8.70 5/3106 28536
7.71 8.36 8.70 4/3106 28555
7.41 8.28 8.67 4/3113 28582
7.41 8.28 8.67 3/3106 28602
7.41 8.28 8.67 2/3106 28621
7.41 8.28 8.67 5/3106 28640
7.41 8.28 8.67 5/3106 28659
7.38 8.26 8.66 6/3106 28679
7.38 8.26 8.66 7/3106 28698
7.38 8.26 8.66 4/3106 28717
7.38 8.26 8.66 2/3106 28736
7.38 8.26 8.66 1/3106 28755
7.51 8.28 8.67 5/3106 28774
7.51 8.28 8.67 4/3106 28795
7.51 8.28 8.67 5/3106 28814
7.51 8.28 8.67 3/3107 28835
7.51 8.28 8.67 2/3107 28854
7.39 8.24 8.65 2/3107 28873
7.39 8.24 8.65 5/3107 28892
7.39 8.24 8.65 2/3107 28912
7.39 8.24 8.65 7/3107 28931
7.39 8.24 8.65 2/3107 28950
7.28 8.20 8.64 4/3107 28969
7.28 8.20 8.64 3/3114 28996
7.28 8.20 8.64 4/3113 29016
7.28 8.20 8.64 6/3107 29035
7.28 8.20 8.64 6/3107 29054
7.25 8.18 8.63 2/3107 29073
7.25 8.18 8.63 10/3107 29094
7.25 8.18 8.63 4/3107 29113
7.25 8.18 8.63 3/3107 29133
7.25 8.18 8.63 3/3107 29152
7.47 8.21 8.64 3/3107 29171
7.47 8.21 8.64 4/3107 29190
7.47 8.21 8.64 5/3107 29209
7.47 8.21 8.64 2/3107 29228
7.47 8.21 8.64 4/3071 29247
7.60 8.22 8.64 4/3071 29266
7.60 8.22 8.64 5/3071 29285
7.60 8.22 8.64 2/3072 29305
7.60 8.22 8.64 4/3072 29324
7.60 8.22 8.64 4/3072 29343
7.63 8.22 8.63 7/3085 29375
7.63 8.22 8.63 6/3085 29397
7.63 8.22 8.63 6/3092 29423
7.63 8.22 8.63 6/3092 29443
7.63 8.22 8.63 11/2874 29466
7.90 8.27 8.65 6/2700 29505
7.90 8.27 8.65 4/2700 29524
7.90 8.27 8.65 1/2700 29543
7.90 8.27 8.65 4/2706 29570
7.90 8.27 8.65 7/2706 29601
8.07 8.29 8.66 6/2702 29620
8.07 8.29 8.66 4/2702 29639
8.07 8.29 8.66 7/2702 29659
8.07 8.29 8.66 4/2702 29678
8.07 8.29 8.66 2/2702 29697
7.98 8.27 8.65 4/2719 29733
7.98 8.27 8.65 3/2719 29752
7.98 8.27 8.65 5/2719 29771
7.98 8.27 8.65 4/2719 29790
7.98 8.27 8.65 3/2719 29809
8.38 8.35 8.67 2/2718 29831
8.38 8.35 8.67 3/2718 29850
8.38 8.35 8.67 3/2718 29869
8.38 8.35 8.67 4/2721 29891
8.38 8.35 8.67 6/2728 29919
8.75 8.43 8.69 6/2744 29963
8.75 8.43 8.69 2/2744 29982
8.75 8.43 8.69 4/2744 30001
8.75 8.43 8.69 3/2744 30020
8.75 8.43 8.69 3/2744 30039
8.85 8.46 8.70 5/2740 30058
8.85 8.46 8.70 2/2740 30077
8.85 8.46 8.70 4/2740 30096
8.85 8.46 8.70 5/2740 30116
8.85 8.46 8.70 2/2740 30135
8.62 8.41 8.69 4/2740 30155
8.62 8.41 8.69 5/2740 30174
8.62 8.41 8.69 3/2740 30193
8.62 8.41 8.69 6/2740 30212
8.62 8.41 8.69 6/2740 30231
8.41 8.37 8.67 3/2740 30250
8.41 8.37 8.67 9/2740 30269
8.41 8.37 8.67 6/2740 30288
8.41 8.37 8.67 2/2740 30307
8.41 8.37 8.67 5/2740 30326
8.38 8.37 8.67 6/2747 30353
8.38 8.37 8.67 5/2747 30373
8.38 8.37 8.67 4/2740 30392
8.38 8.37 8.67 7/2740 30412
8.38 8.37 8.67 5/2740 30431
8.75 8.44 8.69 4/2740 30450
8.75 8.44 8.69 4/2740 30469
8.75 8.44 8.69 3/2740 30488
8.75 8.44 8.69 4/2740 30507
8.75 8.44 8.69 4/2740 30526
8.93 8.49 8.70 2/2740 30545
8.93 8.49 8.70 5/2740 30564
8.93 8.49 8.70 3/2740 30583
8.93 8.49 8.70 8/2740 30602
8.93 8.49 8.70 2/2740 30621
8.94 8.50 8.70 5/2740 30641
8.94 8.50 8.70 3/2739 30660
8.94 8.50 8.70 4/2739 30679
