10032.79 34721.13
10033.72 34724.79
10034.71 34728.87
10035.76 34733.20
10036.72 34737.33
10037.86 34742.29
10043.81 34765.45
10047.09 34777.79
10049.82 34788.46
10050.74 34791.73
10051.72 34795.09
10052.72 34798.90
10053.70 34802.64
10054.69 34806.35
10055.68 34810.07
10056.69 34813.85
10057.70 34817.63
10058.70 34821.49
10059.69 34825.31
10060.70 34829.15
10061.69 34832.91
10062.70 34836.71
10063.71 34840.61
10064.70 34844.36
10065.69 34848.10
10066.70 34851.83
10067.70 34855.57
10068.72 34859.46
10069.71 34863.24
10070.71 34866.98
10071.71 34870.49
10072.70 34873.88
10073.69 34877.51
10074.69 34881.26
10075.70 34885.06
10076.70 34888.77
10077.70 34892.63
10078.70 34896.37
10079.69 34900.07
10080.70 34903.89
10081.69 34907.52
10082.69 34911.33
10083.69 34915.08
10084.69 34918.84
10085.70 34922.63
10086.69 34926.26
10087.69 34930.04
10088.69 34933.81
10089.69 34937.52
10090.69 34941.26
10091.70 34944.92
10092.69 34948.53
10093.70 34951.99
10094.70 34955.44
10095.71 34959.22
10096.69 34962.82
10097.69 34966.50
10098.69 34970.23
10099.69 34973.98
10100.69 34977.69
10101.70 34981.39
10102.70 34985.09
10103.69 34988.80
10104.70 34992.52
10105.70 34996.24
10106.69 35000.05
10107.70 35003.78
10108.69 35007.43
10109.69 35011.16
10110.71 35014.92
10111.69 35018.52
10112.70 35022.23
10113.70 35025.84
10114.69 35029.20
10115.69 35032.58
10116.69 35036.23
10117.70 35039.96
10118.69 35043.45
10119.70 35047.08
10120.70 35050.62
10121.70 35054.06
10143.70 35134.64
10144.69 35138.20
10145.69 35141.69
10146.70 35145.33
10147.70 35148.88
10148.70 35152.46
10149.70 35156.12
10150.70 35159.73
10151.70 35163.23
10152.70 35166.82
10153.70 35170.35
10154.70 35173.86
10155.69 35177.41
10156.71 35180.87
10157.69 35183.98
10158.69 35187.30
10159.69 35190.85
10160.70 35194.39
10161.70 35197.82
10162.70 35201.36
10163.69 35204.88
10164.69 35208.39
10165.70 35211.98
10166.70 35215.47
10167.70 35218.91
10168.69 35222.40
10169.70 35225.94
10170.70 35229.46
10171.69 35232.82
10172.70 35236.33
10173.70 35239.83
10174.70 35243.29
10175.70 35246.79
10176.70 35250.33
10177.69 35253.78
10178.70 35257.04
10179.70 35260.26
10180.69 35263.73
10181.69 35267.18
10182.70 35270.71
10183.70 35274.13
10184.70 35277.65
10185.70 35281.02
10186.70 35284.49
10187.70 35288.01
10188.71 35291.45
10189.69 35294.86
10190.69 35298.34
10191.70 35301.72
10192.70 35305.21
10193.70 35308.67
10194.70 35312.04
10195.72 35315.55
10196.70 35318.91
10197.70 35322.40
10198.70 35325.85
10199.69 35329.16
10200.71 35332.37
10201.71 35335.63
10202.71 35339.10
10203.70 35342.50
10204.71 35345.96
10205.70 35349.36
10206.70 35352.75
10207.70 35356.28
10208.70 35359.63
10209.71 35362.99
10210.70 35366.39
10211.73 35369.69
10212.71 35373.03
10213.70 35376.41
10214.69 35379.69
10215.70 35383.18
10216.71 35386.50
10217.70 35389.81
10218.71 35393.08
10219.71 35396.34
10220.70 35399.69
10221.72 35402.54
10222.74 35403.78
10223.72 35404.73
10224.71 35407.74
10225.71 35411.05
10226.70 35414.26
10227.69 35417.33
10228.70 35420.67
10229.70 35424.10
10230.70 35427.47
10231.69 35430.77
10232.70 35434.22
10233.71 35437.50
10234.70 35440.79
10235.70 35444.12
10236.70 35447.45
10237.71 35450.85
10238.71 35453.93
10239.70 35457.28
10240.71 35460.70
10241.70 35463.93
10242.71 35467.01
10243.71 35469.78
10244.71 35473.17
10245.71 35476.56
10246.70 35479.85
10247.70 35483.25
10248.71 35486.65
10249.70 35489.89
10250.71 35493.22
10251.72 35496.53
10252.71 35499.79
10253.71 35503.16
10254.71 35506.41
10255.70 35509.72
10256.71 35513.11
10257.70 35516.35
10258.70 35519.65
10259.70 35522.98
10260.70 35526.19
10261.71 35529.49
10262.70 35532.72
10263.70 35535.79
10264.71 35538.80
10265.70 35541.88
10266.71 35545.11
10267.70 35548.44
10268.71 35551.72
10269.71 35555.09
10270.71 35558.38
10271.70 35561.58
10272.70 35564.91
10273.71 35568.21
10274.70 35571.32
10275.71 35574.65
10276.71 35577.79
10277.70 35581.05
10278.71 35584.30
10279.70 35587.55
10280.71 35590.91
