9.07 8.83 7.27 1/2860 26438
9.07 8.83 7.27 4/2882 26510
9.07 8.83 7.27 4/2868 26533
8.83 8.78 7.27 2/2868 26552
8.83 8.78 7.27 2/2866 26571
8.83 8.78 7.27 6/2855 26594
8.83 8.78 7.27 3/2855 26613
8.83 8.78 7.27 6/2855 26636
8.92 8.80 7.28 1/2858 26670
8.92 8.80 7.28 7/2860 26692
8.92 8.80 7.28 4/2860 26712
8.92 8.80 7.28 2/2860 26731
8.92 8.80 7.28 6/2866 26757
8.69 8.75 7.27 3/2865 26777
8.69 8.75 7.27 2/2858 26797
8.69 8.75 7.27 2/2858 26816
8.69 8.75 7.27 3/2858 26835
8.69 8.75 7.27 3/2858 26854
8.63 8.74 7.28 2/2858 26873
8.63 8.74 7.28 4/2858 26892
8.63 8.74 7.28 4/2858 26911
8.63 8.74 7.28 6/2858 26931
8.63 8.74 7.28 3/2857 26950
8.58 8.73 7.28 6/2857 26969
8.58 8.73 7.28 8/2857 26988
8.58 8.73 7.28 6/2857 27007
8.58 8.73 7.28 2/2855 27026
8.58 8.73 7.28 7/2854 27045
8.86 8.78 7.31 2/2854 27064
8.86 8.78 7.31 4/2854 27083
8.86 8.78 7.31 5/2854 27102
8.86 8.78 7.31 4/2854 27121
8.86 8.78 7.31 9/2854 27140
8.71 8.75 7.30 5/2854 27160
8.71 8.75 7.30 7/2861 27187
8.71 8.75 7.30 5/2854 27207
8.71 8.75 7.30 8/2854 27226
8.71 8.75 7.30 6/2854 27245
8.57 8.72 7.30 3/2854 27264
8.57 8.72 7.30 4/2854 27283
8.57 8.72 7.30 6/2854 27302
8.57 8.72 7.30 3/2854 27321
8.57 8.72 7.30 5/2854 27340
8.36 8.68 7.30 5/2854 27359
8.36 8.68 7.30 2/2853 27379
8.36 8.68 7.30 10/2853 27398
8.36 8.68 7.30 5/2854 27418
8.36 8.68 7.30 3/2854 27437
8.25 8.65 7.29 9/2854 27456
8.25 8.65 7.29 7/2854 27475
8.25 8.65 7.29 2/2854 27494
8.25 8.65 7.29 7/2854 27513
8.25 8.65 7.29 5/2853 27532
8.47 8.69 7.31 6/2853 27551
8.47 8.69 7.31 7/2853 27570
8.47 8.69 7.31 12/2860 27597
8.47 8.69 7.31 4/2855 27617
8.47 8.69 7.31 9/2846 27637
8.28 8.64 7.31 4/2844 27656
8.28 8.64 7.31 6/2841 27675
8.28 8.64 7.31 2/2839 27694
8.28 8.64 7.31 4/2837 27713
8.28 8.64 7.31 3/2834 27733
8.17 8.62 7.30 4/2832 27752
8.17 8.62 7.30 8/2830 27771
8.17 8.62 7.30 6/2830 27790
8.17 8.62 7.30 2/2830 27809
8.17 8.62 7.30 6/2828 27833
8.00 8.57 7.30 4/2828 27860
8.00 8.57 7.30 8/2828 27879
8.00 8.57 7.30 4/2828 27898
8.00 8.57 7.30 4/2828 27917
8.00 8.57 7.30 6/2828 27936
8.24 8.61 7.32 5/2828 27955
8.24 8.61 7.32 7/2828 27974
8.24 8.61 7.32 2/2828 27993
8.24 8.61 7.32 5/2831 28015
8.24 8.61 7.32 5/2835 28039
8.38 8.64 7.33 7/2828 28059
8.38 8.64 7.33 2/2828 28078
8.38 8.64 7.33 3/2828 28098
8.38 8.64 7.33 12/2727 28119
8.38 8.64 7.33 5/2658 28139
8.75 8.71 7.36 5/2658 28158
8.75 8.71 7.36 9/2658 28177
8.75 8.71 7.36 7/2658 28196
8.75 8.71 7.36 7/2658 28215
8.75 8.71 7.36 7/2658 28234
8.61 8.68 7.36 2/2658 28253
8.61 8.68 7.36 2/2658 28272
8.61 8.68 7.36 4/2658 28291
8.61 8.68 7.36 5/2658 28311
8.61 8.68 7.36 6/2651 28330
8.48 8.65 7.36 5/2651 28349
8.48 8.65 7.36 6/2651 28368
8.48 8.65 7.36 6/2651 28387
8.48 8.65 7.36 5/2651 28406
8.48 8.65 7.36 4/2651 28425
8.44 8.64 7.36 13/2658 28452
8.44 8.64 7.36 4/2658 28472
8.44 8.64 7.36 4/2651 28491
8.44 8.64 7.36 7/2651 28510
8.44 8.64 7.36 6/2651 28530
8.49 8.65 7.37 4/2651 28549
8.49 8.65 7.37 3/2651 28568
8.49 8.65 7.37 5/2651 28587
8.49 8.65 7.37 4/2651 28609
8.49 8.65 7.37 4/2651 28628
8.45 8.64 7.37 7/2651 28647
8.45 8.64 7.37 8/2651 28666
8.45 8.64 7.37 2/2651 28685
8.45 8.64 7.37 8/2651 28704
8.45 8.64 7.37 2/2651 28723
8.57 8.66 7.39 8/2655 28746
8.57 8.66 7.39 4/2655 28766
8.57 8.66 7.39 6/2655 28785
8.57 8.66 7.39 4/2655 28804
8.57 8.66 7.39 13/2655 28823
9.33 8.82 7.45 6/2689 28900
9.33 8.82 7.45 2/2686 28919
9.33 8.82 7.45 3/2701 28956
9.33 8.82 7.45 6/2698 28982
9.33 8.82 7.45 2/2709 29014
9.70 8.90 7.48 5/2711 29035
9.70 8.90 7.48 7/2711 29054
9.70 8.90 7.48 6/2710 29076
9.70 8.90 7.48 5/2710 29096
9.70 8.90 7.48 4/2710 29119
9.57 8.89 7.48 4/2709 29142
9.57 8.89 7.48 3/2709 29161
9.57 8.89 7.48 8/2709 29180
9.57 8.89 7.48 4/2709 29199
9.57 8.89 7.48 5/2709 29218
9.44 8.87 7.49 5/2709 29237
9.44 8.87 7.49 5/2709 29256
9.44 8.87 7.49 6/2709 29275
9.44 8.87 7.49 4/2709 29294
9.44 8.87 7.49 2/2709 29314
9.24 8.84 7.48 5/2708 29337
9.24 8.84 7.48 5/2708 29356
9.24 8.84 7.48 7/2708 29375
9.24 8.84 7.48 10/2714 29402
9.24 8.84 7.48 8/2722 29431
9.22 8.84 7.49 3/2715 29450
9.22 8.84 7.49 5/2715 29469
9.22 8.84 7.49 7/2715 29488
9.22 8.84 7.49 3/2715 29507
9.22 8.84 7.49 7/2715 29526
9.29 8.86 7.51 5/2715 29545
