1699.06 5849.76
1699.99 5852.99
1700.97 5856.55
1701.97 5860.64
1702.96 5864.75
1703.98 5869.18
1704.96 5873.38
1705.96 5877.42
1706.96 5881.32
1707.97 5885.12
1708.98 5888.79
1709.97 5892.42
1710.97 5896.00
1711.97 5899.22
1712.97 5902.42
1713.97 5905.84
1714.97 5909.22
1715.97 5912.58
1716.97 5915.89
1717.98 5919.26
1718.97 5922.50
1719.97 5925.75
1720.97 5928.88
1721.97 5932.04
1722.97 5935.14
1723.97 5938.18
1724.98 5941.34
1725.96 5944.43
1726.98 5947.53
1727.97 5950.56
1728.98 5953.61
1729.98 5956.58
1730.97 5959.63
1731.96 5962.60
1732.98 5965.44
1733.97 5968.00
1734.97 5970.89
1735.98 5973.92
1736.97 5976.82
1737.98 5979.82
1738.98 5982.76
1739.97 5985.67
1740.97 5988.52
1741.97 5991.38
1742.97 5994.26
1743.98 5997.10
1744.96 5999.92
1745.98 6002.81
1746.97 6005.67
1747.97 6008.60
1748.98 6011.48
1749.98 6014.36
1750.98 6017.24
1751.96 6019.98
1753.00 6022.96
1753.98 6025.52
1754.97 6027.94
1755.99 6030.63
1756.97 6033.40
1757.98 6036.26
1758.97 6039.05
1759.97 6041.86
1761.03 6044.79
1761.98 6047.40
1762.97 6050.26
1763.97 6053.04
1765.01 6055.84
1765.98 6058.52
1766.97 6061.28
1767.97 6064.08
1768.98 6066.84
1769.98 6069.57
1770.98 6072.36
1771.97 6075.17
1772.97 6078.00
1773.97 6080.97
1775.01 6083.88
1775.97 6086.21
1776.97 6088.65
1777.98 6091.49
1778.97 6094.20
1779.98 6096.44
1780.97 6097.41
1781.98 6099.61
1782.98 6102.35
1783.98 6105.06
1785.00 6107.85
1785.98 6110.45
1786.97 6113.24
1787.99 6116.03
1788.98 6118.75
1789.98 6121.48
1790.97 6124.15
1791.97 6126.92
1792.97 6129.59
1793.98 6131.63
1794.97 6134.23
1795.98 6136.96
1796.98 6139.45
1797.99 6141.99
1798.98 6144.67
1799.98 6147.44
1800.98 6149.75
1801.97 6152.42
1802.98 6155.22
1803.98 6157.88
1804.98 6159.94
1805.97 6162.40
1806.98 6165.18
1807.98 6167.69
1809.10 6170.36
1809.98 6172.60
1810.97 6175.11
1811.98 6177.49
1812.97 6179.93
1813.98 6182.57
1814.98 6185.27
1815.97 6187.89
1816.98 6189.89
1817.98 6192.53
1818.99 6194.33
1819.97 6196.27
1820.98 6199.01
1821.97 6201.61
1822.98 6204.36
1823.98 6206.90
1824.98 6209.56
1825.98 6212.21
1826.97 6214.92
1827.98 6217.68
1828.97 6220.25
1829.98 6222.97
1830.97 6225.75
1831.97 6228.50
1832.97 6231.24
1833.98 6233.93
1834.97 6236.59
1835.98 6239.32
1836.97 6241.88
1837.98 6244.61
1838.98 6247.07
1840.00 6249.28
1840.97 6251.49
1841.98 6254.04
1842.98 6256.73
1843.99 6259.44
1844.99 6262.14
1845.98 6264.76
1846.97 6267.26
