10.04 9.24 8.78 3/2891 24509
10.04 9.24 8.78 3/2907 24572
10.04 9.24 8.78 2/2917 24610
10.04 9.24 8.78 1/2917 24638
9.95 9.23 8.78 1/2916 24665
9.95 9.23 8.78 1/2902 24688
9.95 9.23 8.78 2/2900 24707
9.95 9.23 8.78 2/2900 24726
9.95 9.23 8.78 7/2903 24748
10.28 9.31 8.81 6/2904 24771
10.28 9.31 8.81 2/2900 24790
10.28 9.31 8.81 2/2900 24809
10.28 9.31 8.81 6/2899 24828
10.28 9.31 8.81 4/2898 24847
10.34 9.34 8.82 3/2898 24866
10.34 9.34 8.82 5/2898 24886
10.34 9.34 8.82 4/2898 24908
10.34 9.34 8.82 3/2898 24927
10.34 9.34 8.82 4/2905 24954
10.31 9.35 8.83 3/2905 24973
10.31 9.35 8.83 8/2898 24993
10.31 9.35 8.83 2/2888 25012
10.31 9.35 8.83 6/2887 25031
10.31 9.35 8.83 4/2884 25050
10.12 9.33 8.82 3/2884 25069
10.12 9.33 8.82 3/2884 25088
10.12 9.33 8.82 7/2884 25108
10.12 9.33 8.82 4/2884 25127
10.12 9.33 8.82 3/2884 25146
9.79 9.27 8.81 2/2884 25165
9.79 9.27 8.81 5/2884 25184
9.79 9.27 8.81 4/2884 25203
9.79 9.27 8.81 6/2884 25222
9.79 9.27 8.81 4/2884 25241
9.73 9.27 8.81 7/2884 25260
9.73 9.27 8.81 5/2885 25280
9.73 9.27 8.81 10/2885 25299
9.73 9.27 8.81 8/2885 25319
9.73 9.27 8.81 3/2885 25338
9.67 9.26 8.81 4/2885 25357
9.67 9.26 8.81 7/2892 25384
9.67 9.26 8.81 3/2885 25404
9.67 9.26 8.81 6/2885 25423
9.67 9.26 8.81 3/2885 25442
9.70 9.28 8.82 7/2884 25461
9.70 9.28 8.82 4/2884 25480
9.70 9.28 8.82 7/2884 25499
9.70 9.28 8.82 4/2884 25518
9.70 9.28 8.82 2/2884 25537
9.80 9.31 8.83 3/2884 25557
9.80 9.31 8.83 4/2877 25578
9.80 9.31 8.83 3/2877 25597
9.80 9.31 8.83 4/2876 25616
9.80 9.31 8.83 5/2876 25636
9.66 9.28 8.83 6/2876 25655
9.66 9.28 8.83 5/2876 25674
9.66 9.28 8.83 6/2876 25693
9.66 9.28 8.83 6/2876 25712
9.66 9.28 8.83 4/2874 25731
9.60 9.28 8.83 2/2869 25751
9.60 9.28 8.83 5/2869 25770
9.60 9.28 8.83 7/2873 25797
9.60 9.28 8.83 7/2869 25818
9.60 9.28 8.83 3/2862 25849
9.64 9.29 8.83 3/2858 25868
9.64 9.29 8.83 4/2858 25888
9.64 9.29 8.83 8/2856 25907
9.64 9.29 8.83 5/2856 25926
9.64 9.29 8.83 4/2856 25945
9.50 9.27 8.83 8/2857 25965
9.50 9.27 8.83 7/2857 25984
9.50 9.27 8.83 5/2857 26003
9.50 9.27 8.83 3/2857 26022
9.50 9.27 8.83 10/2857 26042
9.79 9.33 8.85 4/2857 26062
9.79 9.33 8.85 5/2857 26081
9.79 9.33 8.85 7/2857 26100
9.79 9.33 8.85 6/2857 26119
9.79 9.33 8.85 5/2857 26138
9.56 9.29 8.84 8/2857 26158
9.56 9.29 8.84 8/2857 26177
9.56 9.29 8.84 6/2857 26196
9.56 9.29 8.84 5/2864 26222
9.56 9.29 8.84 3/2864 26243
9.60 9.31 8.85 3/2857 26263
9.60 9.31 8.85 3/2855 26283
9.60 9.31 8.85 4/2855 26302
9.60 9.31 8.85 4/2855 26321
9.60 9.31 8.85 2/2855 26340
9.47 9.28 8.84 4/2855 26359
9.47 9.28 8.84 4/2855 26378
9.47 9.28 8.84 7/2855 26397
9.47 9.28 8.84 5/2855 26416
9.47 9.28 8.84 8/2855 26435
9.43 9.28 8.84 4/2855 26454
9.43 9.28 8.84 4/2855 26473
9.43 9.28 8.84 5/2855 26493
9.43 9.28 8.84 4/2855 26512
9.43 9.28 8.84 5/2855 26531
9.64 9.32 8.86 2/2854 26550
9.64 9.32 8.86 4/2854 26570
9.64 9.32 8.86 4/2863 26600
9.64 9.32 8.86 3/2863 26620
9.64 9.32 8.86 4/2863 26639
9.75 9.35 8.87 5/2870 26666
9.75 9.35 8.87 8/2862 26685
9.75 9.35 8.87 4/2871 26713
9.75 9.35 8.87 4/2871 26732
9.75 9.35 8.87 4/2874 26756
9.93 9.40 8.89 4/2874 26775
9.93 9.40 8.89 5/2874 26795
9.93 9.40 8.89 6/2874 26814
9.93 9.40 8.89 5/2874 26833
9.93 9.40 8.89 6/2873 26853
9.85 9.39 8.89 7/2871 26872
9.85 9.39 8.89 5/2870 26891
9.85 9.39 8.89 6/2870 26910
9.85 9.39 8.89 3/2870 26929
9.85 9.39 8.89 7/2870 26948
11.47 9.73 9.00 7/2812 26983
11.47 9.73 9.00 24/2822 27031
11.47 9.73 9.00 7/2850 27090
11.47 9.73 9.00 11/2849 27110
11.47 9.73 9.00 2/2849 27138
11.27 9.72 9.00 2/2849 27165
11.27 9.72 9.00 6/2850 27186
11.27 9.72 9.00 1/2848 27206
11.27 9.72 9.00 1/2848 27225
11.27 9.72 9.00 4/2848 27245
11.17 9.72 9.01 4/2848 27264
11.17 9.72 9.01 3/2848 27283
11.17 9.72 9.01 4/2848 27302
11.17 9.72 9.01 9/2848 27322
11.17 9.72 9.01 1/2848 27343
10.83 9.68 9.00 3/2848 27362
10.83 9.68 9.00 4/2848 27381
10.83 9.68 9.00 13/2848 27402
10.83 9.68 9.00 1/2848 27421
10.83 9.68 9.00 6/2848 27441
10.37 9.60 8.97 3/2848 27460
10.37 9.60 8.97 7/2848 27479
10.37 9.60 8.97 5/2848 27498
10.37 9.60 8.97 6/2848 27517
10.37 9.60 8.97 4/2848 27538
10.10 9.56 8.96 3/2848 27557
10.10 9.56 8.96 3/2848 27578
10.10 9.56 8.96 1/2849 27599
10.10 9.56 8.96 2/2848 27619
10.10 9.56 8.96 3/2848 27639
