26317.42 100250.81
26318.38 100254.11
26319.35 100257.58
26320.35 100261.57
26321.35 100265.76
26322.36 100270.36
26323.35 100274.78
26324.35 100278.90
26325.36 100282.94
26326.36 100287.05
26327.35 100290.79
26328.36 100294.17
26329.36 100297.81
26330.36 100301.43
26331.35 100304.98
26332.35 100308.48
26333.36 100311.92
26334.35 100315.36
26335.36 100318.79
26336.36 100321.87
26337.35 100324.93
26338.36 100328.26
26339.35 100331.57
26340.35 100334.79
26341.35 100337.97
26342.35 100341.15
26343.36 100344.30
26344.36 100347.45
26345.35 100350.58
26346.37 100353.79
26347.36 100356.83
26348.35 100359.80
26349.37 100362.94
26350.36 100365.98
26351.35 100369.05
26352.35 100372.05
26353.36 100375.05
26354.37 100378.11
26355.37 100381.07
26356.36 100384.01
26357.35 100386.69
26358.36 100389.34
26359.36 100392.26
26360.36 100395.17
26361.36 100398.00
26362.36 100400.78
26363.35 100403.64
26364.37 100406.56
26365.36 100409.39
26366.35 100412.28
26367.35 100415.18
26368.35 100418.05
26369.35 100420.98
26370.36 100423.89
26371.37 100426.80
26372.37 100429.41
26373.35 100432.11
26374.36 100434.74
26375.35 100437.28
26376.37 100439.94
26377.38 100442.84
26378.37 100445.42
26379.36 100447.88
26380.36 100450.58
26381.35 100453.34
26382.36 100456.19
26383.35 100459.04
26384.36 100461.90
26385.36 100464.73
26386.36 100467.54
26387.36 100470.41
26388.36 100473.24
26389.36 100476.13
26390.37 100478.99
26391.36 100481.82
26392.36 100484.76
26393.36 100487.67
26394.35 100490.52
26395.37 100493.40
26396.37 100496.27
26397.36 100499.09
26398.36 100501.88
26399.36 100504.73
26400.36 100507.19
26401.35 100509.78
26402.35 100512.58
26403.36 100515.37
26404.35 100518.08
26405.36 100520.88
26406.35 100523.76
26407.36 100526.67
26408.37 100529.47
26409.35 100532.19
26410.37 100534.93
26411.36 100537.74
26412.36 100540.37
26413.36 100542.94
26414.37 100545.75
26415.36 100548.49
26416.36 100551.17
26417.38 100554.04
26418.36 100556.74
26419.36 100559.45
26420.36 100562.06
26421.44 100564.48
26422.36 100566.89
26423.37 100569.68
26424.36 100572.49
26425.36 100575.31
26426.35 100578.11
26427.36 100581.03
26428.37 100583.76
26429.36 100586.59
26430.35 100589.48
26431.36 100592.35
26432.37 100595.21
26433.36 100598.04
26434.39 100600.87
26435.40 100603.53
26436.68 100605.04
26437.37 100605.37
26438.37 100606.61
26439.38 100609.05
26440.37 100612.12
26441.39 100615.77
26442.36 100619.30
26443.36 100622.82
26444.36 100626.55
26445.37 100630.29
26446.36 100633.86
26447.37 100637.48
26448.38 100641.12
26449.37 100644.75
26450.36 100648.43
26451.36 100652.34
26452.37 100656.11
26453.37 100659.88
26454.37 100663.60
26455.36 100667.21
26456.37 100671.00
26457.37 100674.84
26458.36 100678.57
26459.37 100682.43
26460.36 100686.13
26461.36 100689.77
26462.37 100693.45
26463.37 100697.38
26464.36 100701.12
26465.35 100704.81
