9.19 8.61 8.26 2/2996 4904
9.19 8.61 8.26 3/3024 4999
9.19 8.61 8.26 1/3022 5021
8.93 8.57 8.25 7/3022 5041
8.93 8.57 8.25 1/3022 5061
8.93 8.57 8.25 3/3010 5084
8.93 8.57 8.25 2/3010 5104
8.93 8.57 8.25 3/3010 5125
9.26 8.64 8.27 4/3014 5170
9.26 8.64 8.27 3/3016 5199
9.26 8.64 8.27 2/3016 5224
9.26 8.64 8.27 2/3016 5243
9.26 8.64 8.27 3/3016 5263
9.24 8.65 8.28 7/3014 5282
9.24 8.65 8.28 1/3014 5307
9.24 8.65 8.28 4/3014 5331
9.24 8.65 8.28 2/3014 5358
9.24 8.65 8.28 3/3021 5389
9.38 8.69 8.29 4/3016 5410
9.38 8.69 8.29 2/3014 5430
9.38 8.69 8.29 2/3014 5454
9.38 8.69 8.29 6/3014 5473
9.38 8.69 8.29 6/3014 5492
9.43 8.71 8.30 3/3013 5512
9.43 8.71 8.30 4/3013 5531
9.43 8.71 8.30 1/3013 5550
9.43 8.71 8.30 4/3013 5570
9.43 8.71 8.30 2/3013 5589
9.95 8.83 8.34 1/3013 5608
9.95 8.83 8.34 5/3013 5627
9.95 8.83 8.34 4/3013 5646
9.95 8.83 8.34 3/3013 5665
9.95 8.83 8.34 5/3013 5684
9.95 8.83 8.34 1/3010 5703
9.80 8.82 8.34 1/3009 5722
9.80 8.82 8.34 2/3009 5741
9.80 8.82 8.34 1/3009 5761
9.80 8.82 8.34 4/3009 5780
9.73 8.82 8.34 8/3015 5807
9.73 8.82 8.34 4/3014 5827
9.73 8.82 8.34 4/3007 5847
9.73 8.82 8.34 2/3006 5866
9.73 8.82 8.34 1/3006 5889
9.73 8.82 8.34 3/3006 5908
9.68 8.82 8.35 4/3005 5927
9.68 8.82 8.35 3/3001 5946
9.68 8.82 8.35 3/2999 5965
9.68 8.82 8.35 4/2999 5985
9.68 8.82 8.35 9/2997 6005
9.62 8.83 8.35 1/2997 6026
9.62 8.83 8.35 4/2995 6046
9.62 8.83 8.35 2/2993 6067
9.62 8.83 8.35 7/3012 6108
9.62 8.83 8.35 3/3017 6134
9.25 8.76 8.33 5/3017 6154
9.25 8.76 8.33 4/3016 6173
9.25 8.76 8.33 5/3014 6192
9.25 8.76 8.33 6/3014 6211
9.25 8.76 8.33 3/3008 6232
9.23 8.77 8.34 5/3003 6252
9.23 8.77 8.34 9/3010 6280
9.23 8.77 8.34 3/3001 6300
9.23 8.77 8.34 7/3003 6321
9.23 8.77 8.34 2/3001 6342
9.05 8.74 8.33 4/2998 6361
9.05 8.74 8.33 4/2998 6380
9.05 8.74 8.33 5/2998 6399
9.05 8.74 8.33 6/2998 6418
9.05 8.74 8.33 3/2997 6450
8.81 8.69 8.32 7/2997 6469
8.81 8.69 8.32 3/2997 6488
8.81 8.69 8.32 5/2992 6508
8.81 8.69 8.32 5/2990 6527
8.81 8.69 8.32 9/2990 6546
8.90 8.71 8.33 3/2990 6565
8.90 8.71 8.33 5/2990 6584
8.90 8.71 8.33 5/2990 6603
8.90 8.71 8.33 3/2990 6622
8.90 8.71 8.33 7/2990 6641
9.07 8.75 8.34 2/2990 6660
9.07 8.75 8.34 2/2990 6679
9.07 8.75 8.34 1/2997 6706
9.07 8.75 8.34 6/2996 6726
9.07 8.75 8.34 4/2990 6746
9.15 8.77 8.35 1/2990 6765
9.15 8.77 8.35 3/2990 6784
9.15 8.77 8.35 3/2990 6804
9.15 8.77 8.35 3/2990 6823
9.15 8.77 8.35 3/2990 6842
8.89 8.73 8.34 5/2990 6861
8.89 8.73 8.34 3/2990 6880
8.89 8.73 8.34 2/2990 6899
8.89 8.73 8.34 5/2990 6918
8.89 8.73 8.34 3/2990 6938
9.22 8.80 8.36 1/2982 6958
9.22 8.80 8.36 4/2973 6977
9.22 8.80 8.36 3/2974 6997
9.22 8.80 8.36 3/2960 7016
9.22 8.80 8.36 4/2960 7035
9.04 8.77 8.36 11/2960 7054
9.04 8.77 8.36 8/2960 7073
9.04 8.77 8.36 4/2960 7092
9.04 8.77 8.36 4/2967 7118
9.04 8.77 8.36 8/2959 7138
9.60 8.89 8.40 3/2952 7158
9.60 8.89 8.40 9/2952 7177
9.60 8.89 8.40 4/2952 7197
9.60 8.89 8.40 7/2952 7216
9.60 8.89 8.40 2/2952 7235
9.63 8.91 8.41 2/2952 7254
9.63 8.91 8.41 1/2953 7274
9.63 8.91 8.41 5/2953 7293
9.63 8.91 8.41 1/2953 7312
9.63 8.91 8.41 3/2952 7331
9.58 8.91 8.41 6/2952 7350
9.58 8.91 8.41 1/2952 7369
9.58 8.91 8.41 8/2952 7388
9.58 8.91 8.41 1/2952 7408
9.58 8.91 8.41 2/2944 7429
9.30 8.86 8.40 5/2944 7448
9.30 8.86 8.40 5/2944 7467
9.30 8.86 8.40 3/2944 7486
9.30 8.86 8.40 7/2944 7505
9.30 8.86 8.40 9/2944 7524
9.27 8.86 8.40 2/2951 7551
9.27 8.86 8.40 1/2944 7571
9.27 8.86 8.40 10/2944 7590
9.27 8.86 8.40 8/2944 7609
9.27 8.86 8.40 2/2940 7640
9.17 8.85 8.40 6/2940 7660
9.17 8.85 8.40 1/2940 7679
9.17 8.85 8.40 9/2940 7698
9.17 8.85 8.40 3/2940 7717
9.17 8.85 8.40 2/2940 7736
8.92 8.80 8.38 4/2940 7755
8.92 8.80 8.38 4/2940 7774
8.92 8.80 8.38 2/2914 7793
8.92 8.80 8.38 4/2914 7812
8.92 8.80 8.38 5/2914 7831
8.84 8.79 8.38 3/2914 7850
8.84 8.79 8.38 4/2914 7869
8.84 8.79 8.38 6/2914 7889
8.84 8.79 8.38 2/2914 7908
8.84 8.79 8.38 2/2914 7927
9.02 8.82 8.40 3/2914 7946
9.02 8.82 8.40 3/2921 7973
9.02 8.82 8.40 5/2921 7993
9.02 8.82 8.40 1/2914 8012
9.02 8.82 8.40 7/2914 8031
