25232.14 96789.16
25233.09 96792.39
25234.08 96796.22
25235.08 96800.39
25236.07 96804.56
25237.09 96809.09
25238.08 96813.45
25239.08 96817.59
25240.07 96821.27
25241.08 96825.22
25242.08 96829.02
25243.08 96832.79
25244.08 96836.46
25245.08 96840.14
25246.07 96843.75
25247.08 96847.43
25248.08 96851.10
25249.07 96854.60
25250.07 96857.89
25251.07 96861.51
25252.08 96865.29
25253.07 96869.11
25254.07 96872.91
25255.08 96876.67
25256.08 96880.51
25257.07 96884.28
25258.09 96888.10
25259.08 96891.86
25260.08 96895.68
25261.08 96899.44
25262.08 96903.23
25263.08 96907.03
25264.07 96910.80
25265.07 96914.66
25266.08 96918.31
25267.08 96922.07
25268.08 96925.87
25269.08 96929.67
25270.08 96933.44
25271.08 96936.88
25272.08 96940.44
25273.09 96944.28
25274.08 96948.03
25275.08 96951.68
25276.07 96955.39
25277.09 96959.13
25278.08 96962.87
25279.07 96966.62
25280.08 96970.37
25281.08 96974.01
25282.07 96977.67
25283.07 96981.43
25284.09 96985.05
25285.08 96988.28
25286.07 96992.01
25287.08 96995.72
25288.08 96999.42
25289.07 97003.16
25290.08 97006.55
25291.07 97010.21
25292.07 97013.65
25293.08 97017.04
25294.08 97020.80
25295.08 97024.37
25296.08 97028.10
25297.07 97031.70
25298.08 97035.43
25299.08 97039.14
25300.08 97042.45
25301.07 97046.04
25302.08 97049.77
25303.09 97053.27
25304.08 97056.86
25305.07 97060.51
25306.07 97063.98
25307.09 97067.77
25308.08 97071.35
25309.09 97074.97
25310.08 97078.60
25311.07 97082.12
25312.09 97085.77
25313.09 97089.21
25314.08 97092.42
25315.08 97095.83
25316.07 97099.41
25317.08 97102.90
25318.08 97106.57
25319.08 97110.10
25320.08 97113.61
25321.07 97117.14
25322.09 97120.72
25323.08 97124.31
25324.07 97127.82
25325.08 97131.36
25326.09 97134.98
25327.08 97138.46
25328.09 97141.96
25329.08 97145.57
25330.08 97149.07
25331.09 97152.65
25332.09 97156.27
25333.09 97159.83
25334.09 97163.52
25335.08 97166.61
25336.09 97169.91
25337.09 97173.46
25338.08 97177.00
25339.09 97180.59
25340.08 97184.17
25341.08 97187.71
25342.09 97191.26
25343.08 97194.79
25344.08 97198.28
25345.09 97201.93
25346.08 97205.33
25347.09 97208.81
25348.09 97212.30
25349.08 97215.79
25350.08 97219.37
25351.10 97222.83
25352.08 97226.13
25353.08 97229.64
25354.08 97232.73
25355.09 97236.11
25356.08 97238.87
25357.08 97241.90
25358.09 97245.45
25359.09 97248.96
25360.08 97252.28
25361.08 97255.65
25362.08 97259.03
25363.08 97262.51
25364.09 97266.09
25365.09 97269.53
25366.09 97272.99
25367.08 97276.31
25368.09 97279.76
25369.09 97283.26
25370.08 97286.65
25371.08 97290.08
25372.09 97293.57
25373.09 97297.01
25374.08 97300.47
25375.09 97303.78
25376.09 97307.19
25377.09 97310.46
25378.08 97313.51
25379.08 97316.74
25380.08 97320.23
