11.22 8.23 4.10 5/3015 12146
11.77 8.39 4.18 2/3035 12217
11.77 8.39 4.18 1/3030 12241
11.77 8.39 4.18 2/3031 12261
11.77 8.39 4.18 1/3038 12288
11.77 8.39 4.18 3/3025 12312
11.55 8.40 4.21 3/3019 12332
11.55 8.40 4.21 2/3019 12351
11.55 8.40 4.21 14/3022 12373
11.55 8.40 4.21 4/3024 12403
11.55 8.40 4.21 10/3023 12426
11.18 8.38 4.22 3/3013 12445
11.18 8.38 4.22 4/3009 12464
11.18 8.38 4.22 3/3007 12483
11.18 8.38 4.22 7/3007 12502
11.18 8.38 4.22 3/3006 12521
10.85 8.35 4.24 7/2999 12540
10.85 8.35 4.24 6/2997 12562
10.85 8.35 4.24 1/2997 12581
10.85 8.35 4.24 4/2996 12600
10.85 8.35 4.24 5/2996 12619
10.94 8.42 4.28 6/2996 12638
10.94 8.42 4.28 4/2996 12657
10.94 8.42 4.28 5/2995 12676
10.94 8.42 4.28 4/2995 12695
10.94 8.42 4.28 2/3002 12721
10.62 8.39 4.29 7/3002 12741
10.62 8.39 4.29 5/2996 12763
10.62 8.39 4.29 4/2996 12782
10.62 8.39 4.29 3/2996 12801
10.62 8.39 4.29 10/2997 12822
10.25 8.35 4.30 5/2997 12841
10.25 8.35 4.30 3/2997 12862
10.25 8.35 4.30 5/2991 12881
10.25 8.35 4.30 7/2991 12900
10.25 8.35 4.30 8/2991 12919
10.07 8.35 4.32 6/2991 12938
10.07 8.35 4.32 4/2991 12957
10.07 8.35 4.32 6/2991 12977
10.07 8.35 4.32 6/2991 12996
10.07 8.35 4.32 5/2991 13015
9.91 8.34 4.34 6/2989 13034
9.91 8.34 4.34 6/2989 13053
9.91 8.34 4.34 5/2989 13072
9.91 8.34 4.34 6/2986 13091
9.91 8.34 4.34 5/2986 13110
9.67 8.32 4.36 2/2986 13130
9.67 8.32 4.36 5/2993 13159
9.67 8.32 4.36 5/2986 13179
9.67 8.32 4.36 4/2986 13199
9.67 8.32 4.36 4/2986 13218
9.62 8.33 4.38 5/2986 13245
9.62 8.33 4.38 5/2985 13268
9.62 8.33 4.38 10/2985 13287
9.62 8.33 4.38 3/2985 13306
9.62 8.33 4.38 9/2982 13325
9.65 8.36 4.41 8/2982 13344
9.65 8.36 4.41 5/2980 13363
9.65 8.36 4.41 6/2979 13382
9.65 8.36 4.41 7/2972 13402
9.65 8.36 4.41 3/2972 13423
9.60 8.37 4.44 4/2972 13442
9.60 8.37 4.44 5/2967 13463
9.60 8.37 4.44 6/2965 13482
9.60 8.37 4.44 6/2961 13501
9.60 8.37 4.44 4/2961 13520
9.79 8.43 4.48 4/2959 13539
9.79 8.43 4.48 7/2959 13558
9.79 8.43 4.48 3/2966 13585
9.79 8.43 4.48 5/2966 13604
9.79 8.43 4.48 9/2971 13637
9.65 8.42 4.50 4/2973 13658
9.65 8.42 4.50 5/2973 13677
9.65 8.42 4.50 8/2831 13700
9.65 8.42 4.50 7/2831 13719
9.65 8.42 4.50 6/2831 13738
9.84 8.48 4.54 11/2831 13757
9.84 8.48 4.54 8/2831 13778
9.84 8.48 4.54 3/2831 13797
9.84 8.48 4.54 3/2833 13819
9.84 8.48 4.54 6/2833 13839
9.77 8.49 4.56 4/2833 13858
9.77 8.49 4.56 3/2833 13877
9.77 8.49 4.56 9/2833 13896
9.77 8.49 4.56 3/2833 13915
9.77 8.49 4.56 7/2833 13934
9.71 8.50 4.59 4/2833 13953
9.71 8.50 4.59 5/2833 13972
9.71 8.50 4.59 8/2833 13991
9.71 8.50 4.59 10/2836 14013
9.71 8.50 4.59 17/2840 14037
9.49 8.47 4.60 5/2833 14059
9.49 8.47 4.60 7/2833 14080
9.49 8.47 4.60 4/2833 14099
9.49 8.47 4.60 6/2833 14118
9.49 8.47 4.60 6/2833 14137
9.37 8.46 4.62 9/2833 14156
9.37 8.46 4.62 6/2833 14175
9.37 8.46 4.62 4/2833 14194
9.37 8.46 4.62 7/2833 14213
9.37 8.46 4.62 8/2833 14232
9.50 8.51 4.65 6/2833 14252
9.50 8.51 4.65 10/2833 14271
9.50 8.51 4.65 8/2833 14290
9.50 8.51 4.65 5/2833 14309
9.50 8.51 4.65 5/2833 14328
9.46 8.52 4.68 5/2833 14348
9.46 8.52 4.68 2/2833 14369
9.46 8.52 4.68 6/2833 14388
9.46 8.52 4.68 4/2833 14410
9.46 8.52 4.68 6/2833 14429
9.82 8.61 4.73 9/2840 14460
9.82 8.61 4.73 4/2839 14489
9.82 8.61 4.73 2/2833 14508
9.82 8.61 4.73 4/2833 14527
9.82 8.61 4.73 5/2833 14546
9.52 8.56 4.73 3/2833 14565
9.52 8.56 4.73 3/2833 14584
9.52 8.56 4.73 6/2833 14603
9.52 8.56 4.73 6/2833 14622
9.52 8.56 4.73 7/2833 14641
9.40 8.55 4.75 10/2833 14660
9.40 8.55 4.75 2/2833 14682
9.40 8.55 4.75 5/2833 14701
9.40 8.55 4.75 6/2833 14720
9.40 8.55 4.75 2/2833 14739
9.28 8.54 4.77 3/2833 14758
9.28 8.54 4.77 6/2833 14777
9.28 8.54 4.77 6/2833 14796
9.28 8.54 4.77 6/2833 14815
9.28 8.54 4.77 4/2833 14834
9.10 8.52 4.78 3/2832 14853
9.10 8.52 4.78 4/2837 14877
9.10 8.52 4.78 7/2765 14901
9.10 8.52 4.78 16/2761 14938
9.10 8.52 4.78 20/2894 15123
10.21 8.76 4.88 9/2950 15210
10.21 8.76 4.88 18/2954 15242
10.21 8.76 4.88 11/2967 15276
10.21 8.76 4.88 9/2966 15295
10.21 8.76 4.88 2/2952 15316
9.80 8.70 4.88 4/2948 15336
9.80 8.70 4.88 6/2948 15355
9.80 8.70 4.88 3/2948 15376
9.80 8.70 4.88 6/2948 15399
9.80 8.70 4.88 2/2948 15426
9.57 8.67 4.89 3/2948 15465
9.57 8.67 4.89 2/2948 15500
9.57 8.67 4.89 4/2948 15520
