454.88 1334.15
455.79 1337.37
456.76 1340.87
457.76 1344.93
458.76 1348.85
459.75 1352.94
460.76 1357.22
461.76 1361.21
462.75 1365.08
463.76 1368.76
464.76 1372.12
465.75 1375.25
466.75 1378.53
467.76 1381.83
468.76 1385.04
469.75 1388.15
470.77 1391.38
471.76 1394.50
472.76 1397.52
473.75 1400.56
474.76 1403.56
475.76 1406.55
476.76 1409.49
477.75 1412.36
478.75 1415.27
479.77 1418.16
480.76 1420.70
481.76 1423.33
482.75 1426.11
483.77 1429.02
484.77 1431.82
485.76 1434.46
486.75 1437.32
487.77 1440.21
488.76 1443.05
489.76 1445.87
490.76 1448.75
491.75 1451.30
492.75 1454.09
493.76 1456.98
494.76 1459.75
495.76 1462.62
496.75 1465.42
497.77 1468.28
498.77 1471.09
499.76 1473.89
500.76 1476.69
501.75 1479.29
502.76 1481.82
503.76 1484.65
504.75 1487.50
505.77 1490.33
506.76 1493.15
507.76 1496.04
508.75 1498.84
509.76 1501.70
510.76 1504.53
511.76 1507.22
512.77 1509.97
513.77 1512.71
514.76 1515.52
515.75 1518.36
516.76 1521.18
517.76 1523.99
518.76 1526.89
519.76 1529.73
520.75 1532.55
521.77 1535.41
522.77 1537.98
523.75 1540.42
524.76 1543.11
525.79 1545.86
526.85 1548.62
527.77 1549.71
528.77 1551.16
529.76 1553.71
530.77 1555.84
531.76 1557.92
532.76 1560.58
533.76 1562.89
534.76 1564.62
535.77 1566.40
536.77 1568.31
537.78 1570.64
538.76 1572.54
539.75 1574.95
540.75 1577.63
541.75 1580.46
542.76 1583.11
543.77 1585.88
544.76 1587.91
545.76 1590.04
546.77 1592.81
547.77 1595.53
548.76 1598.25
549.76 1601.05
550.76 1603.82
551.76 1606.24
552.76 1608.91
553.76 1611.67
554.75 1614.43
555.76 1617.12
556.76 1619.91
557.76 1622.54
558.76 1625.25
559.77 1628.04
560.76 1630.63
561.75 1633.31
562.77 1636.04
563.76 1638.57
564.77 1641.31
565.76 1643.69
566.77 1645.74
567.76 1648.37
568.76 1651.20
569.76 1654.03
570.76 1656.92
571.76 1659.73
572.76 1662.39
573.75 1665.14
574.77 1667.92
575.76 1670.73
576.76 1673.42
577.76 1676.06
578.77 1678.86
579.76 1681.65
580.75 1684.38
581.75 1687.15
582.76 1689.84
583.76 1692.46
584.79 1695.13
585.77 1697.86
586.76 1700.58
587.81 1702.40
588.76 1703.53
589.82 1703.78
590.77 1704.04
591.77 1704.82
592.76 1706.35
593.76 1709.74
594.78 1713.07
595.77 1716.62
596.76 1720.12
597.77 1723.71
598.77 1726.45
599.77 1729.81
600.76 1733.21
601.76 1736.62
602.77 1740.08
