12.13 10.37 8.85 1/3149 23838
12.13 10.37 8.85 5/3182 23907
11.80 10.33 8.84 5/3180 23929
11.80 10.33 8.84 4/3181 23950
11.80 10.33 8.84 4/3179 23970
11.80 10.33 8.84 4/3179 23989
11.80 10.33 8.84 14/3179 24008
11.49 10.29 8.84 4/3179 24027
11.49 10.29 8.84 10/3182 24049
11.49 10.29 8.84 4/3184 24078
11.49 10.29 8.84 3/3184 24105
11.49 10.29 8.84 5/3184 24125
11.69 10.35 8.87 8/3183 24144
11.69 10.35 8.87 6/3182 24165
11.69 10.35 8.87 5/3182 24184
11.69 10.35 8.87 6/3181 24203
11.69 10.35 8.87 6/3181 24222
11.64 10.36 8.88 1/3181 24241
11.64 10.36 8.88 6/3181 24260
11.64 10.36 8.88 6/3181 24279
11.64 10.36 8.88 2/3181 24298
11.64 10.36 8.88 3/3181 24317
11.67 10.39 8.89 9/3180 24336
11.67 10.39 8.89 6/3180 24356
11.67 10.39 8.89 3/3181 24377
11.67 10.39 8.89 6/3180 24397
11.67 10.39 8.89 3/3180 24416
11.53 10.39 8.90 6/3180 24435
11.53 10.39 8.90 9/3180 24456
11.53 10.39 8.90 8/3180 24475
11.53 10.39 8.90 2/3180 24494
11.53 10.39 8.90 9/3179 24513
11.33 10.36 8.90 3/3176 24532
11.33 10.36 8.90 9/3176 24551
11.33 10.36 8.90 6/3176 24571
11.33 10.36 8.90 4/3181 24595
11.33 10.36 8.90 2/3181 24614
11.14 10.34 8.90 5/3179 24633
11.14 10.34 8.90 10/3179 24652
11.14 10.34 8.90 4/3179 24672
11.14 10.34 8.90 7/3179 24691
11.14 10.34 8.90 3/3179 24710
10.73 10.27 8.89 11/3179 24729
10.73 10.27 8.89 10/3179 24750
10.73 10.27 8.89 2/3178 24769
10.73 10.27 8.89 2/3179 24790
10.73 10.27 8.89 3/3175 24811
10.51 10.23 8.88 6/3175 24830
10.51 10.23 8.88 3/3168 24849
10.51 10.23 8.88 8/3168 24876
10.51 10.23 8.88 3/3168 24899
10.51 10.23 8.88 4/3165 24918
10.31 10.19 8.88 5/3165 24937
10.31 10.19 8.88 6/3151 24956
10.31 10.19 8.88 7/3151 24975
10.31 10.19 8.88 5/3151 24994
10.31 10.19 8.88 1/3151 25013
11.17 10.37 8.94 3/3149 25032
11.17 10.37 8.94 6/3148 25054
11.17 10.37 8.94 2/3141 25073
11.17 10.37 8.94 3/3139 25092
11.17 10.37 8.94 9/3139 25111
10.75 10.30 8.93 13/3134 25130
11.17 10.44 9.00 3/3124 25155
11.17 10.44 9.00 6/3124 25174
11.00 10.41 9.00 5/3125 25195
11.00 10.41 9.00 6/3124 25217
11.00 10.41 9.00 4/3124 25236
11.00 10.41 9.00 7/3124 25255
11.00 10.41 9.00 11/3124 25274
10.68 10.36 8.99 8/3124 25294
10.68 10.36 8.99 11/3106 25313
10.68 10.36 8.99 8/3106 25332
10.68 10.36 8.99 8/3106 25351
10.68 10.36 8.99 3/3106 25370
10.38 10.30 8.98 6/3106 25389
10.38 10.30 8.98 9/3107 25409
10.38 10.30 8.98 2/3107 25429
10.38 10.30 8.98 4/3108 25449
10.38 10.30 8.98 6/3108 25468
10.19 10.26 8.98 5/3108 25487
10.19 10.26 8.98 7/3108 25508
10.19 10.26 8.98 6/3108 25528
10.19 10.26 8.98 6/3108 25547
10.19 10.26 8.98 12/3115 25575
10.74 10.37 9.02 13/3017 25596
10.74 10.37 9.02 2/3035 25637
10.74 10.37 9.02 6/3034 25665
10.74 10.37 9.02 3/3034 25688
10.74 10.37 9.02 4/3034 25707
10.60 10.35 9.02 5/3034 25726
10.60 10.35 9.02 5/3030 25745
10.60 10.35 9.02 10/3030 25764
10.60 10.35 9.02 5/3030 25783
10.60 10.35 9.02 2/3030 25803
11.19 10.48 9.07 7/3034 25826
11.19 10.48 9.07 8/3053 25866
11.19 10.48 9.07 6/3053 25885
11.19 10.48 9.07 3/3053 25904
11.19 10.48 9.07 7/3057 25927
10.94 10.44 9.06 10/3057 25946
10.94 10.44 9.06 4/3053 25965
10.94 10.44 9.06 5/3053 25984
10.94 10.44 9.06 4/3053 26003
10.94 10.44 9.06 2/3053 26022
11.26 10.51 9.09 4/3053 26042
11.26 10.51 9.09 3/3083 26100
11.26 10.51 9.09 5/3083 26121
11.26 10.51 9.09 3/3082 26141
11.26 10.51 9.09 8/3082 26160
11.16 10.50 9.10 3/3082 26179
11.16 10.50 9.10 5/3078 26201
11.16 10.50 9.10 2/3078 26220
11.16 10.50 9.10 8/3078 26239
11.16 10.50 9.10 8/3078 26258
11.15 10.51 9.11 5/3078 26277
11.15 10.51 9.11 6/3078 26305
11.15 10.51 9.11 4/3078 26325
11.15 10.51 9.11 5/3078 26344
11.15 10.51 9.11 9/3078 26363
11.14 10.52 9.12 10/3078 26382
11.14 10.52 9.12 8/3078 26401
11.14 10.52 9.12 3/3078 26420
11.14 10.52 9.12 3/3078 26439
11.14 10.52 9.12 7/3078 26458
10.88 10.48 9.11 6/3078 26477
10.88 10.48 9.11 5/3078 26498
