2435.76 9096.85
2436.70 9099.64
2437.69 9102.72
2438.70 9106.37
2439.68 9109.95
2440.69 9113.91
2441.69 9117.52
2442.69 9121.00
2443.70 9124.39
2444.69 9127.66
2445.69 9130.70
2446.70 9133.62
2447.70 9136.56
2448.69 9139.40
2449.69 9142.23
2450.69 9144.98
2451.69 9147.80
2452.70 9150.58
2453.70 9153.37
2454.69 9156.05
2455.70 9158.72
2456.69 9161.37
2457.70 9164.07
2458.70 9166.63
2459.69 9169.17
2460.69 9171.72
2461.70 9174.39
2462.69 9176.97
2463.69 9179.52
2464.70 9182.20
2465.69 9184.70
2466.69 9187.26
2467.69 9189.81
2468.69 9192.43
2469.70 9195.00
2470.69 9197.48
2471.69 9200.03
2472.69 9202.57
2473.70 9205.18
2474.70 9207.72
2475.69 9210.23
2476.70 9212.85
2477.69 9215.42
2478.70 9217.97
2479.69 9220.48
2480.70 9223.05
2481.70 9225.59
2482.69 9228.17
2483.69 9230.79
2484.70 9233.36
2485.71 9235.92
2486.69 9238.47
2487.70 9241.11
2488.69 9243.61
2489.70 9246.15
2490.70 9248.73
2491.69 9251.27
2492.69 9253.88
2493.69 9256.34
2494.69 9258.86
2495.69 9261.45
2496.70 9263.96
2497.69 9266.49
2521.69 9328.67
2522.70 9331.10
2523.70 9333.50
2524.69 9335.98
2525.70 9338.39
2526.69 9340.79
2527.70 9343.30
2528.69 9345.68
2529.70 9348.10
2530.71 9350.34
2531.73 9352.52
2532.70 9354.95
2533.70 9357.16
2534.69 9359.42
2535.71 9361.91
2536.70 9364.28
2537.70 9366.73
2538.70 9368.95
2539.69 9371.13
2540.69 9373.62
2541.70 9375.88
2542.73 9376.56
2543.71 9377.59
2544.69 9379.74
2545.70 9382.02
2546.69 9384.52
2547.70 9386.91
2548.70 9389.25
2549.69 9391.59
2550.70 9393.93
2551.70 9396.30
2552.69 9398.61
2553.70 9400.82
2554.69 9403.05
2555.70 9405.40
2556.70 9407.77
2557.70 9410.07
2558.69 9412.33
2559.70 9414.71
2560.70 9417.02
2561.70 9419.51
2562.70 9421.86
2563.70 9423.59
2564.69 9425.98
2565.70 9427.97
2566.70 9430.25
2567.70 9432.71
2568.70 9434.53
2569.71 9436.81
2570.70 9438.68
2571.70 9440.40
2572.69 9442.57
2573.71 9444.73
2574.70 9446.88
2575.70 9449.25
2576.70 9451.62
2577.70 9454.05
2578.70 9456.28
2579.71 9458.53
2580.69 9460.90
2581.70 9463.24
2582.70 9465.71
2583.71 9468.16
