8.64 8.70 8.56 7/2908 21665
8.64 8.70 8.56 4/2936 21755
8.43 8.65 8.54 1/2933 21776
8.43 8.65 8.54 5/2932 21796
8.43 8.65 8.54 1/2933 21821
8.43 8.65 8.54 2/2929 21852
8.43 8.65 8.54 3/2922 21872
8.39 8.64 8.54 5/2922 21892
8.39 8.64 8.54 1/2925 21914
8.39 8.64 8.54 6/2925 21935
8.39 8.64 8.54 3/2925 21954
8.39 8.64 8.54 5/2925 21973
8.36 8.63 8.54 3/2925 22000
8.36 8.63 8.54 5/2924 22019
8.36 8.63 8.54 4/2924 22042
8.36 8.63 8.54 5/2924 22061
8.36 8.63 8.54 5/2924 22080
8.33 8.62 8.54 5/2924 22099
8.33 8.62 8.54 3/2924 22118
8.33 8.62 8.54 5/2924 22138
8.33 8.62 8.54 6/2924 22157
8.33 8.62 8.54 2/2921 22176
8.14 8.58 8.52 7/2920 22195
8.14 8.58 8.52 6/2920 22214
8.14 8.58 8.52 3/2920 22233
8.14 8.58 8.52 4/2915 22253
8.14 8.58 8.52 6/2922 22280
8.13 8.57 8.52 2/2922 22299
8.13 8.57 8.52 5/2915 22319
8.13 8.57 8.52 8/2915 22338
8.13 8.57 8.52 5/2915 22357
8.13 8.57 8.52 4/2915 22377
8.20 8.57 8.52 4/2909 22396
8.20 8.57 8.52 5/2909 22415
8.20 8.57 8.52 3/2909 22434
8.20 8.57 8.52 3/2909 22453
8.20 8.57 8.52 6/2909 22472
8.35 8.60 8.53 3/2909 22491
8.35 8.60 8.53 4/2908 22510
8.35 8.60 8.53 5/2908 22529
8.35 8.60 8.53 6/2908 22548
8.35 8.60 8.53 4/2908 22567
8.24 8.57 8.52 3/2908 22587
8.24 8.57 8.52 5/2907 22606
8.24 8.57 8.52 6/2902 22625
8.24 8.57 8.52 5/2901 22644
8.24 8.57 8.52 4/2901 22663
8.22 8.56 8.52 3/2899 22683
8.22 8.56 8.52 3/2906 22710
8.22 8.56 8.52 2/2893 22730
8.22 8.56 8.52 4/2891 22749
8.22 8.56 8.52 7/2891 22769
8.36 8.59 8.53 5/2891 22788
8.36 8.59 8.53 3/2891 22807
8.36 8.59 8.53 5/2891 22827
8.36 8.59 8.53 4/2891 22846
8.36 8.59 8.53 5/2891 22865
8.41 8.59 8.53 5/2891 22884
8.41 8.59 8.53 5/2890 22903
9.08 8.75 8.58 7/2868 22949
9.64 8.87 8.62 5/2868 22968
9.64 8.87 8.62 7/2868 22987
9.64 8.87 8.62 6/2868 23006
9.64 8.87 8.62 4/2868 23025
9.64 8.87 8.62 6/2868 23044
9.59 8.87 8.62 10/2868 23063
9.59 8.87 8.62 2/2868 23083
9.59 8.87 8.62 12/2869 23103
9.59 8.87 8.62 5/2876 23129
9.59 8.87 8.62 5/2876 23149
9.54 8.87 8.63 3/2869 23169
9.54 8.87 8.63 5/2869 23188
9.54 8.87 8.63 4/2869 23207
9.54 8.87 8.63 8/2869 23226
9.54 8.87 8.63 6/2869 23245
9.74 8.92 8.65 6/2868 23264
9.74 8.92 8.65 6/2868 23283
9.74 8.92 8.65 7/2868 23302
9.74 8.92 8.65 5/2868 23322
9.74 8.92 8.65 6/2868 23341
9.60 8.91 8.64 2/2868 23360
9.60 8.91 8.64 2/2868 23379
9.60 8.91 8.64 2/2868 23398
9.60 8.91 8.64 10/2868 23417
9.60 8.91 8.64 4/2868 23436
9.95 8.99 8.67 3/2868 23455
9.95 8.99 8.67 4/2868 23474
9.95 8.99 8.67 2/2868 23493
9.95 8.99 8.67 5/2868 23512
9.95 8.99 8.67 5/2868 23531
9.95 9.01 8.68 7/2875 23560
9.95 9.01 8.68 5/2868 23580
9.95 9.01 8.68 4/2868 23599
9.95 9.01 8.68 4/2868 23618
9.95 9.01 8.68 4/2868 23637
9.96 9.03 8.69 3/2868 23656
9.96 9.03 8.69 7/2868 23675
9.96 9.03 8.69 4/2868 23694
9.96 9.03 8.69 7/2868 23713
9.96 9.03 8.69 13/2869 23741
11.24 9.31 8.78 21/2800 23770
11.24 9.31 8.78 28/2806 23810
11.24 9.31 8.78 2/2839 23877
11.24 9.31 8.78 12/2840 23898
11.24 9.31 8.78 3/2840 23919
10.82 9.25 8.76 4/2840 23938
10.82 9.25 8.76 3/2840 23957
10.82 9.25 8.76 3/2839 23976
10.82 9.25 8.76 1/2839 23998
10.82 9.25 8.76 1/2839 24017
10.52 9.22 8.75 3/2839 24036
10.52 9.22 8.75 12/2840 24061
10.52 9.22 8.75 2/2839 24090
10.52 9.22 8.75 2/2839 24111
10.52 9.22 8.75 2/2839 24130
10.64 9.26 8.77 4/2839 24149
10.64 9.26 8.77 3/2839 24168
10.64 9.26 8.77 5/2839 24187
10.64 9.26 8.77 8/2840 24208
10.64 9.26 8.77 1/2840 24227
10.34 9.22 8.76 2/2840 24246
10.34 9.22 8.76 4/2840 24265
10.34 9.22 8.76 2/2840 24284
10.34 9.22 8.76 2/2840 24304
10.34 9.22 8.76 7/2840 24323
10.08 9.19 8.75 5/2840 24342
10.08 9.19 8.75 3/2840 24362
