26139.20 99701.07
26140.16 99704.18
26141.13 99707.84
26142.13 99711.98
26143.15 99716.33
26144.13 99720.61
26145.13 99724.73
26146.13 99728.80
26147.14 99732.92
26148.13 99736.83
26149.14 99740.44
26150.14 99743.98
26151.14 99747.59
26152.13 99751.18
26153.13 99754.65
26154.13 99758.21
26155.13 99761.75
26156.15 99765.32
26157.13 99768.72
26158.13 99772.05
26159.13 99775.40
26160.14 99778.74
26161.13 99782.06
26162.14 99785.29
26163.13 99788.46
26164.13 99791.65
26165.13 99794.81
26166.14 99797.66
26167.14 99800.62
26168.13 99803.69
26169.13 99806.70
26170.14 99809.78
26171.14 99812.89
26172.14 99815.76
26173.16 99818.93
26174.13 99821.85
26175.13 99824.83
26176.14 99827.88
26177.14 99830.84
26178.13 99833.75
26179.14 99836.71
26180.13 99839.62
26181.14 99842.54
26182.13 99845.37
26183.14 99848.30
26184.14 99851.24
26185.16 99854.07
26186.14 99856.93
26187.14 99859.58
26188.13 99862.08
26189.13 99864.97
26190.14 99867.90
26191.14 99870.67
26192.13 99873.54
26193.13 99876.39
26194.14 99879.31
26195.14 99882.19
26196.15 99885.04
26197.15 99887.87
26198.13 99890.46
26221.14 99955.56
26222.15 99958.30
26223.14 99961.09
26224.14 99963.91
26225.13 99966.69
26226.13 99969.49
26227.14 99972.32
26228.14 99975.15
26229.14 99977.89
26230.13 99980.35
26231.14 99983.02
26232.14 99985.80
26233.14 99988.54
26234.14 99991.22
26235.15 99993.96
26236.17 99996.87
26237.14 99999.67
26238.13 100002.38
26239.14 100005.10
26240.14 100007.91
26241.14 100010.76
26242.14 100013.58
26243.15 100016.15
26244.13 100018.84
26245.15 100021.46
26246.15 100024.14
26247.14 100026.90
26248.14 100029.50
26249.14 100032.35
26250.14 100035.18
26251.20 100037.79
26252.14 100040.19
26253.14 100043.04
26254.15 100045.93
26255.14 100048.72
26256.14 100051.61
26257.13 100054.46
26258.17 100057.38
26259.17 100060.02
26260.17 100062.69
26261.54 100063.75
26262.13 100064.05
26263.15 100065.41
26264.15 100067.75
26265.14 100070.08
26266.15 100073.76
26267.14 100077.26
26268.14 100080.86
26269.14 100084.58
26270.14 100088.21
26271.14 100091.89
26272.13 100095.43
26273.14 100099.25
26274.14 100103.07
26275.14 100106.90
26276.13 100110.55
26277.14 100114.18
26278.14 100117.77
26279.15 100121.45
26280.14 100125.07
26281.13 100128.85
26282.15 100132.74
26283.14 100136.45
26284.14 100140.13
26285.14 100143.80
26286.15 100147.59
26287.15 100151.26
