8.89 8.98 8.99 1/3062 21005
8.66 8.93 8.97 6/3054 21033
8.66 8.93 8.97 5/3054 21052
8.66 8.93 8.97 2/3053 21072
8.66 8.93 8.97 7/3042 21095
8.66 8.93 8.97 2/3042 21114
8.61 8.92 8.97 2/3044 21136
8.61 8.92 8.97 2/3045 21156
8.61 8.92 8.97 4/3045 21188
8.61 8.92 8.97 2/3045 21207
8.48 8.88 8.96 3/3044 21226
8.48 8.88 8.96 6/3043 21245
8.48 8.88 8.96 5/3043 21264
8.48 8.88 8.96 1/3042 21283
8.48 8.88 8.96 1/3042 21303
8.76 8.93 8.97 1/3042 21324
8.76 8.93 8.97 5/3042 21343
8.76 8.93 8.97 2/3042 21362
8.76 8.93 8.97 4/3042 21381
8.62 8.90 8.96 5/3048 21409
8.62 8.90 8.96 2/3041 21429
8.41 8.85 8.95 1/3041 21449
8.41 8.85 8.95 5/3041 21468
8.41 8.85 8.95 1/3041 21487
8.38 8.84 8.94 4/3041 21508
8.38 8.84 8.94 4/3041 21527
8.38 8.84 8.94 1/3041 21546
8.38 8.84 8.94 5/3041 21565
8.19 8.79 8.93 1/3041 21584
8.19 8.79 8.93 1/3041 21603
8.19 8.79 8.93 1/3041 21623
8.19 8.79 8.93 5/3041 21642
8.19 8.79 8.93 2/3041 21661
8.09 8.76 8.91 2/3041 21680
8.09 8.76 8.91 4/3048 21707
8.09 8.76 8.91 4/3048 21727
8.09 8.76 8.91 1/3040 21746
8.09 8.76 8.91 1/3040 21765
8.08 8.75 8.91 4/3040 21786
8.08 8.75 8.91 3/3040 21805
8.08 8.75 8.91 3/3040 21824
8.08 8.75 8.91 1/3040 21844
8.08 8.75 8.91 2/3039 21863
8.00 8.72 8.90 1/3039 21882
8.00 8.72 8.90 8/3039 21901
8.00 8.72 8.90 6/3039 21920
8.00 8.72 8.90 6/3039 21939
8.00 8.72 8.90 4/3039 21962
7.76 8.66 8.88 1/3037 21989
7.76 8.66 8.88 5/3036 22008
7.76 8.66 8.88 3/3031 22027
7.76 8.66 8.88 2/3028 22046
7.76 8.66 8.88 1/3028 22065
7.78 8.65 8.87 3/3026 22085
7.78 8.65 8.87 5/3022 22106
7.78 8.65 8.87 5/3020 22125
7.78 8.65 8.87 10/3025 22152
7.78 8.65 8.87 4/3018 22172
7.71 8.62 8.86 8/3018 22191
7.71 8.62 8.86 3/3018 22210
7.71 8.62 8.86 1/3018 22229
7.71 8.62 8.86 1/3018 22248
7.71 8.62 8.86 5/3018 22267
7.90 8.64 8.87 10/3018 22286
7.90 8.64 8.87 5/3018 22306
7.90 8.64 8.87 2/3018 22325
7.90 8.64 8.87 3/3018 22344
7.90 8.64 8.87 2/3018 22363
7.83 8.62 8.86 5/3018 22382
7.83 8.62 8.86 1/3018 22403
7.83 8.62 8.86 8/3018 22422
7.83 8.62 8.86 5/3018 22441
7.83 8.62 8.86 2/3018 22461
8.32 8.70 8.89 5/3018 22480
8.32 8.70 8.89 1/3018 22499
8.32 8.70 8.89 6/3018 22518
8.32 8.70 8.89 5/3018 22538
8.32 8.70 8.89 7/3023 22565
8.13 8.66 8.87 4/3021 22585
8.13 8.66 8.87 3/3016 22604
8.13 8.66 8.87 1/3016 22623
8.13 8.66 8.87 12/3016 22642
8.13 8.66 8.87 3/3016 22661
7.96 8.62 8.86 5/3016 22680
7.96 8.62 8.86 4/3016 22701
7.96 8.62 8.86 7/3016 22720
7.96 8.62 8.86 4/3016 22739
7.96 8.62 8.86 5/3016 22759
8.61 8.74 8.89 3/3016 22778
8.61 8.74 8.89 4/3016 22797
8.61 8.74 8.89 1/3016 22816
8.61 8.74 8.89 3/3017 22836
8.61 8.74 8.89 2/3017 22855
8.48 8.71 8.88 2/3017 22874
8.48 8.71 8.88 5/3017 22893
8.48 8.71 8.88 2/3017 22912
8.48 8.71 8.88 7/3017 22931
8.48 8.71 8.88 3/3017 22950
8.20 8.65 8.86 4/3024 22976
8.20 8.65 8.86 6/3024 22999
8.20 8.65 8.86 15/3016 23019
8.20 8.65 8.86 3/3016 23038
8.20 8.65 8.86 2/3016 23057
8.10 8.62 8.85 2/3016 23076
8.10 8.62 8.85 5/3016 23095
8.10 8.62 8.85 1/3016 23114
8.10 8.62 8.85 4/3016 23133
8.10 8.62 8.85 2/3016 23156
7.93 8.58 8.84 2/3016 23183
7.93 8.58 8.84 12/3016 23202
7.93 8.58 8.84 10/3016 23221
7.93 8.58 8.84 5/3016 23241
7.93 8.58 8.84 1/3016 23260
7.78 8.53 8.82 5/3016 23279
7.78 8.53 8.82 4/3016 23300
7.78 8.53 8.82 4/3016 23319
7.78 8.53 8.82 1/3016 23338
7.78 8.53 8.82 4/3016 23357
7.96 8.56 8.83 2/3016 23376
7.96 8.56 8.83 2/3016 23395
7.96 8.56 8.83 2/3023 23422
7.96 8.56 8.83 8/3016 23442
7.96 8.56 8.83 3/3016 23462
7.88 8.53 8.82 1/3016 23481
7.88 8.53 8.82 1/3016 23500
7.88 8.53 8.82 1/3015 23519
7.88 8.53 8.82 7/3015 23538
7.88 8.53 8.82 5/3015 23557
7.73 8.49 8.80 2/3015 23576
7.73 8.49 8.80 2/3015 23597
7.73 8.49 8.80 8/3015 23616
7.73 8.49 8.80 9/3015 23635
7.73 8.49 8.80 5/3015 23655
7.59 8.45 8.79 1/3015 23674
7.59 8.45 8.79 2/3015 23694
7.59 8.45 8.79 6/3015 23713
7.59 8.45 8.79 7/3015 23732
7.59 8.45 8.79 4/3015 23751
7.78 8.47 8.79 5/3015 23770
7.78 8.47 8.79 1/3015 23789
7.78 8.47 8.79 3/2999 23809
7.78 8.47 8.79 4/3007 23837
7.78 8.47 8.79 4/3006 23857
8.28 8.56 8.82 5/3000 23876
8.28 8.56 8.82 10/3000 23897
8.28 8.56 8.82 7/3000 23916
8.28 8.56 8.82 9/3000 23936
8.28 8.56 8.82 4/3001 23956
8.10 8.52 8.81 7/3001 23975
8.10 8.52 8.81 6/3001 23994
8.10 8.52 8.81 11/3001 24013
8.10 8.52 8.81 7/3032 24063
8.10 8.52 8.81 5/3035 24099
8.33 8.56 8.82 1/3074 24159
8.33 8.56 8.82 4/3074 24178
8.33 8.56 8.82 7/3074 24197
8.33 8.56 8.82 9/3074 24216
8.33 8.56 8.82 6/3074 24236
8.22 8.54 8.81 1/3073 24255
8.22 8.54 8.81 3/3080 24285
8.22 8.54 8.81 5/3080 24304
8.22 8.54 8.81 2/3080 24323
8.22 8.54 8.81 6/3087 24349
8.69 8.63 8.84 6/3087 24369
8.69 8.63 8.84 2/3080 24389
8.69 8.63 8.84 1/3080 24408
8.69 8.63 8.84 1/3080 24427
8.69 8.63 8.84 2/3079 24450
8.55 8.60 8.83 2/3079 24474
8.55 8.60 8.83 4/3079 24493
8.55 8.60 8.83 2/3079 24512
8.55 8.60 8.83 4/3079 24531
8.55 8.60 8.83 2/3079 24550
8.75 8.64 8.84 2/3079 24573
8.75 8.64 8.84 5/3079 24594
8.75 8.64 8.84 3/3079 24613
8.75 8.64 8.84 3/3079 24632
8.75 8.64 8.84 2/3078 24651
8.77 8.65 8.84 3/3078 24670
8.77 8.65 8.84 4/3078 24689
8.77 8.65 8.84 1/3078 24709
8.77 8.65 8.84 7/3078 24728
8.77 8.65 8.84 6/3078 24747
9.03 8.70 8.86 2/3078 24766
9.03 8.70 8.86 6/3085 24794
9.03 8.70 8.86 2/3078 24813
9.03 8.70 8.86 1/3078 24832
9.03 8.71 8.86 1/3078 24851
9.03 8.71 8.86 5/3078 24872
9.03 8.71 8.86 10/3078 24891
9.03 8.71 8.86 4/3078 24910
9.03 8.71 8.86 3/3078 24931
9.02 8.71 8.86 5/3078 24950
9.02 8.71 8.86 2/3078 24969
9.02 8.71 8.86 5/3078 24988
9.02 8.71 8.86 3/3078 25007
9.02 8.71 8.86 2/3078 25026
9.10 8.73 8.86 5/3078 25045
9.10 8.73 8.86 5/3078 25064
9.10 8.73 8.86 4/3078 25083
9.10 8.73 8.86 4/3078 25102
9.10 8.73 8.86 7/3078 25121
9.17 8.76 8.87 3/3078 25141
9.17 8.76 8.87 7/3078 25162
9.17 8.76 8.87 2/3085 25193
9.17 8.76 8.87 5/3085 25213
9.17 8.76 8.87 3/3078 25232
9.24 8.78 8.88 3/3078 25251
9.24 8.78 8.88 2/3078 25270
9.24 8.78 8.88 4/3078 25289
9.24 8.78 8.88 6/3078 25308
9.24 8.78 8.88 2/3077 25327
8.90 8.71 8.86 5/3077 25346
8.90 8.71 8.86 1/3077 25365
8.90 8.71 8.86 7/3076 25385
8.90 8.71 8.86 7/3076 25404
8.90 8.71 8.86 1/3076 25423
9.15 8.77 8.87 9/3076 25442
9.15 8.77 8.87 6/3075 25463
9.15 8.77 8.87 2/3075 25483
9.15 8.77 8.87 2/3075 25502
9.15 8.77 8.87 1/3075 25521
9.06 8.76 8.87 2/3074 25540
9.06 8.76 8.87 1/3074 25559
9.06 8.76 8.87 1/3072 25578
9.06 8.76 8.87 9/3075 25601
9.06 8.76 8.87 5/3077 25629
8.97 8.74 8.86 4/3071 25658
8.97 8.74 8.86 2/3071 25677
8.97 8.74 8.86 5/3071 25696
8.97 8.74 8.86 1/3071 25715
8.97 8.74 8.86 5/3065 25734
8.89 8.73 8.86 2/3065 25753
8.89 8.73 8.86 8/3066 25775
8.89 8.73 8.86 6/3066 25794
8.89 8.73 8.86 5/3066 25813
8.89 8.73 8.86 7/3066 25833
8.90 8.74 8.86 5/3066 25852
8.90 8.74 8.86 3/3066 25871
8.90 8.74 8.86 10/3065 25890
