9752.26 33735.37
9753.15 33738.71
9754.12 33742.77
9755.11 33746.94
9756.12 33751.38
9757.11 33755.33
9758.12 33759.39
9759.11 33763.52
9760.16 33767.44
9761.13 33770.99
9762.13 33774.63
9764.26 33782.90
9765.12 33786.18
9766.15 33790.19
9767.11 33793.96
9768.12 33797.76
9769.14 33801.77
9770.12 33805.53
9771.11 33809.29
9772.21 33813.53
9774.22 33820.76
9777.95 33835.29
9780.21 33844.19
9782.23 33851.98
9783.19 33855.67
9784.10 33859.06
9786.13 33866.96
9787.12 33870.75
9788.14 33874.64
9789.14 33878.43
9790.12 33882.17
9791.15 33886.14
9792.13 33889.75
9793.12 33893.53
9794.13 33897.23
9795.15 33900.83
9796.11 33904.29
9797.14 33908.17
9798.13 33911.85
9799.13 33915.69
9800.12 33919.35
9801.12 33923.17
9802.13 33926.90
9803.16 33930.67
9804.14 33934.50
9805.11 33938.13
9806.11 33941.95
9807.12 33945.77
9808.11 33949.49
9809.11 33953.28
9810.11 33957.07
9811.12 33960.82
9812.13 33964.67
9813.10 33968.28
9814.10 33972.03
9815.10 33975.83
9816.11 33979.38
9817.11 33982.81
9818.10 33986.54
9819.11 33990.31
9820.11 33994.05
9821.12 33997.87
9822.12 34001.53
9823.11 34005.32
9824.11 34008.97
9825.11 34012.54
9826.12 34016.39
9827.11 34019.91
9828.11 34023.73
9829.10 34027.48
9830.11 34031.25
9831.12 34035.10
9832.12 34038.74
9833.11 34042.43
9834.12 34046.23
9835.12 34049.95
9836.11 34053.63
9837.10 34057.18
9838.10 34060.61
9839.11 34064.27
9840.11 34067.91
9841.12 34071.67
9842.11 34075.34
9843.10 34078.97
9844.11 34082.77
9845.11 34086.48
9846.11 34090.08
9847.11 34093.74
9848.10 34097.43
9849.11 34101.14
9850.11 34104.86
9851.11 34108.33
9852.11 34111.99
9853.11 34115.51
9854.11 34119.02
9855.11 34122.72
9856.11 34125.97
9857.12 34129.68
9858.11 34133.37
9859.11 34135.85
9860.11 34138.56
9861.12 34141.91
9862.11 34145.49
9863.11 34149.22
9864.12 34152.89
9865.11 34156.57
9866.11 34160.32
9867.11 34163.95
9868.11 34167.59
9869.11 34171.23
9870.11 34174.89
9871.11 34178.51
9872.12 34182.00
9873.11 34185.52
9874.11 34189.08
9875.11 34192.30
9876.11 34195.99
9877.13 34199.59
9878.12 34202.98
9879.11 34206.59
9880.11 34209.43
9881.11 34212.52
9882.11 34216.10
9883.11 34219.67
9884.11 34223.28
9885.12 34226.98
9886.11 34230.52
9887.11 34234.12
9888.12 34237.73
9889.11 34241.24
9890.11 34244.80
9891.12 34248.34
9892.12 34251.83
9893.11 34255.34
9894.12 34258.81
9895.11 34262.38
9896.11 34265.92
9897.12 34269.53
9898.11 34273.11
9899.11 34276.66
9900.12 34280.21
9901.11 34283.69
9902.12 34286.90
9903.12 34290.32
9904.12 34293.93
9905.11 34297.39
9906.11 34300.86
9907.12 34304.35
9908.12 34307.88
9909.11 34311.36
9910.11 34314.87
9911.12 34318.37
9912.12 34321.49
9913.12 34324.96
9914.11 34328.37
9915.12 34331.85
9916.12 34335.33
9917.11 34338.77
9918.11 34342.27
9919.11 34345.21
9920.14 34348.67
9921.12 34352.16
9922.12 34355.62
9923.12 34358.17
9924.12 34361.12
9925.12 34364.68
9926.11 34368.15
9927.11 34371.60
9928.10 34374.94
9929.11 34378.39
9930.11 34381.88
9931.12 34385.24
9932.11 34388.63
9933.14 34391.99
9934.12 34395.31
9935.12 34398.82
9936.13 34401.87
9937.11 34405.23
9938.13 34408.79
9939.15 34412.08
9940.11 34415.41
9941.12 34418.67
9942.11 34421.89
9943.12 34425.36
9944.25 34428.97
9946.12 34435.28
9947.12 34438.74
9948.11 34442.17
9949.12 34445.56
9950.12 34449.02
9951.12 34452.50
9952.12 34455.82
9953.11 34459.22
9954.12 34462.67
9955.12 34466.03
9956.11 34469.36
9957.17 34472.93
9958.11 34476.13
9959.13 34479.60
9960.11 34482.99
9961.12 34486.45
9962.12 34489.81
9963.12 34493.19
9964.12 34496.58
9965.11 34499.74
9966.13 34502.85
9967.12 34506.06
9968.11 34509.52
9969.12 34512.95
9970.12 34516.38
9971.12 34519.76
9972.13 34523.11
9973.12 34526.51
9974.11 34529.77
9975.12 34533.08
9976.12 34536.45
9977.12 34539.83
9978.12 34543.18
9979.12 34546.54
9980.11 34549.85
9981.12 34553.30
9982.13 34556.63
9983.12 34559.95
9984.12 34563.40
9985.12 34566.71
9986.12 34570.07
9987.13 34573.07
9988.12 34576.04
9989.11 34579.49
9990.12 34582.90
9991.12 34586.18
9992.12 34589.46
9993.12 34592.80
9994.11 34596.09
9995.13 34599.42
9996.13 34602.79
9997.12 34606.08
9998.11 34609.28
9999.12 34612.66
10000.12 34615.71
