9.81 9.16 6.41 4/3087 22294
9.81 9.16 6.41 3/3107 22364
9.81 9.16 6.41 2/3097 22387
9.43 9.09 6.41 5/3098 22409
9.43 9.09 6.41 2/3097 22428
9.43 9.09 6.41 1/3086 22451
9.43 9.09 6.41 3/3087 22472
9.43 9.09 6.41 3/3087 22491
9.15 9.04 6.40 2/3089 22513
9.15 9.04 6.40 3/3090 22541
9.15 9.04 6.40 4/3090 22564
9.15 9.04 6.40 4/3091 22584
9.15 9.04 6.40 2/3066 22603
8.90 8.99 6.40 3/3066 22622
8.90 8.99 6.40 3/3066 22641
8.90 8.99 6.40 2/3065 22660
8.90 8.99 6.40 5/3065 22679
8.90 8.99 6.40 2/3065 22699
8.75 8.96 6.41 2/3065 22720
8.75 8.96 6.41 4/3065 22739
8.75 8.96 6.41 2/3072 22765
8.75 8.96 6.41 3/3072 22785
8.75 8.96 6.41 3/3064 22805
8.53 8.91 6.40 2/3064 22824
8.53 8.91 6.40 9/3064 22843
8.53 8.91 6.40 3/3064 22862
8.53 8.91 6.40 6/3064 22881
8.53 8.91 6.40 5/3064 22901
8.32 8.86 6.40 2/3064 22920
8.32 8.86 6.40 10/3064 22939
8.32 8.86 6.40 2/3061 22958
8.32 8.86 6.40 3/3052 22977
8.32 8.86 6.40 7/3047 22996
8.30 8.85 6.41 2/3046 23017
8.30 8.85 6.41 3/3046 23036
8.30 8.85 6.41 3/3046 23055
8.30 8.85 6.41 6/3039 23074
8.30 8.85 6.41 5/3035 23093
8.27 8.83 6.42 2/3035 23113
8.27 8.83 6.42 3/3034 23132
8.27 8.83 6.42 2/3034 23151
8.27 8.83 6.42 2/3034 23170
8.27 8.83 6.42 3/3041 23197
8.25 8.82 6.43 2/3034 23217
8.25 8.82 6.43 2/3033 23236
8.25 8.82 6.43 3/3033 23255
8.25 8.82 6.43 4/3033 23274
8.25 8.82 6.43 6/3033 23293
8.15 8.79 6.43 4/3033 23316
8.15 8.79 6.43 5/3033 23335
8.15 8.79 6.43 2/3033 23354
8.15 8.79 6.43 5/3032 23373
8.15 8.79 6.43 3/3032 23392
7.98 8.74 6.43 9/3028 23419
7.98 8.74 6.43 7/3029 23439
7.98 8.74 6.43 3/3029 23462
7.98 8.74 6.43 4/3029 23481
7.98 8.74 6.43 2/3027 23500
8.14 8.76 6.45 7/3023 23519
8.14 8.76 6.45 2/3020 23539
8.14 8.76 6.45 5/3020 23558
8.14 8.76 6.45 2/3017 23577
8.14 8.76 6.45 5/3013 23596
8.29 8.78 6.47 7/3016 23625
8.29 8.78 6.47 5/3017 23646
8.29 8.78 6.47 2/3010 23665
8.29 8.78 6.47 4/3010 23684
8.29 8.78 6.47 7/3008 23703
8.43 8.80 6.49 3/3008 23722
8.43 8.80 6.49 4/3008 23742
8.43 8.80 6.49 5/3008 23761
8.43 8.80 6.49 3/3008 23780
8.43 8.80 6.49 4/3008 23799
8.39 8.79 6.49 4/3008 23818
8.39 8.79 6.49 4/3008 23837
8.39 8.79 6.49 3/3008 23856
8.39 8.79 6.49 2/3008 23875
8.39 8.79 6.49 2/3008 23894
8.68 8.84 6.52 5/3008 23915
8.68 8.84 6.52 2/3008 23935
8.68 8.84 6.52 6/3008 23955
8.68 8.84 6.52 2/3008 23974
8.68 8.84 6.52 4/3008 23993
8.55 8.81 6.53 5/3008 24012
8.55 8.81 6.53 4/3015 24038
8.55 8.81 6.53 3/3015 24058
8.55 8.81 6.53 5/3008 24078
8.55 8.81 6.53 2/3008 24097
8.42 8.78 6.53 3/3008 24116
8.42 8.78 6.53 4/3008 24135
8.42 8.78 6.53 5/3008 24155
8.42 8.78 6.53 4/3008 24174
8.42 8.78 6.53 11/3010 24195
8.79 8.85 6.56 4/3010 24216
8.79 8.85 6.56 6/3010 24235
8.79 8.85 6.56 5/3010 24254
8.79 8.85 6.56 4/3010 24273
8.79 8.85 6.56 4/3010 24292
8.89 8.87 6.58 2/3010 24311
8.89 8.87 6.58 4/3010 24330
8.89 8.87 6.58 5/3010 24349
8.89 8.87 6.58 4/3010 24369
8.89 8.87 6.58 3/3010 24388
8.90 8.87 6.60 7/3010 24407
8.90 8.87 6.60 2/3010 24426
8.90 8.87 6.60 4/3010 24445
8.90 8.87 6.60 5/3017 24472
8.90 8.87 6.60 3/3010 24492
9.06 8.91 6.62 2/3010 24514
9.06 8.91 6.62 2/3010 24533
9.06 8.91 6.62 4/3009 24552
9.06 8.91 6.62 2/3010 24576
9.06 8.91 6.62 4/3010 24595
9.38 8.98 6.66 4/3010 24626
9.38 8.98 6.66 3/3010 24645
9.38 8.98 6.66 6/3010 24664
9.38 8.98 6.66 7/3010 24683
9.38 8.98 6.66 11/3010 24702
9.43 9.00 6.67 3/3010 24721
9.43 9.00 6.67 8/3010 24740
9.43 9.00 6.67 3/3010 24759
9.43 9.00 6.67 4/3010 24778
9.43 9.00 6.67 3/3010 24798
9.16 8.95 6.67 4/3010 24819
9.16 8.95 6.67 7/3010 24838
9.16 8.95 6.67 3/3010 24857
9.16 8.95 6.67 2/3010 24876
9.16 8.95 6.67 7/3017 24903
9.38 9.00 6.70 6/3018 24923
9.38 9.00 6.70 4/3010 24942
9.38 9.00 6.70 5/3010 24961
9.38 9.00 6.70 4/3010 24980
9.38 9.00 6.70 3/3010 25000
9.35 9.00 6.71 3/3010 25019
9.35 9.00 6.71 3/3010 25038
9.35 9.00 6.71 5/3010 25057
9.35 9.00 6.71 4/3010 25076
9.35 9.00 6.71 6/3010 25095
9.16 8.96 6.71 14/3010 25116
9.16 8.96 6.71 3/3010 25135
9.16 8.96 6.71 5/3010 25154
9.16 8.96 6.71 5/3010 25173
9.16 8.96 6.71 2/3010 25192
9.23 8.98 6.73 3/3008 25212
9.23 8.98 6.73 4/3008 25231
9.23 8.98 6.73 4/3008 25250
9.23 8.98 6.73 4/3008 25269
9.23 8.98 6.73 3/3008 25288
9.05 8.95 6.73 11/3011 25310
