993.40 2926.02
994.33 2929.28
995.30 2932.86
996.30 2937.08
997.31 2941.32
998.30 2945.83
999.30 2949.96
1000.31 2954.20
1001.30 2958.27
1002.30 2962.29
1003.31 2966.32
1004.30 2970.31
1005.30 2974.37
1006.30 2978.46
1007.30 2982.52
1008.30 2986.57
1009.31 2990.66
1010.30 2994.70
1011.30 2998.80
1012.30 3002.86
1013.30 3006.90
1014.31 3010.71
1015.31 3014.60
1016.30 3018.65
1017.30 3022.64
1018.31 3026.72
1019.31 3030.75
1020.30 3034.78
1021.30 3038.83
1022.31 3042.91
1023.30 3046.86
1024.31 3050.91
1025.31 3054.81
1026.31 3058.77
1027.30 3062.74
1028.31 3066.75
1029.30 3070.65
1030.31 3074.65
1031.31 3078.50
1032.30 3082.42
1033.30 3086.23
1034.31 3090.17
1035.30 3093.79
1036.29 3097.36
1037.29 3101.16
1038.31 3105.05
1039.31 3108.76
1040.30 3112.49
1041.30 3116.19
1042.31 3119.89
1043.30 3123.42
1044.31 3126.93
1045.31 3130.32
1046.30 3133.48
1047.31 3136.94
1048.30 3140.30
1049.31 3143.79
1050.30 3147.22
1051.31 3150.59
1052.31 3154.07
1053.31 3157.48
1054.30 3160.76
1055.31 3164.22
1056.30 3167.43
1057.30 3170.57
1058.31 3173.87
1059.30 3177.21
1060.30 3180.63
1061.32 3184.10
1062.31 3187.45
1063.30 3190.72
1064.31 3194.11
1065.31 3197.51
1066.30 3200.85
1067.31 3204.24
1068.31 3207.64
1069.30 3210.99
1070.31 3214.39
1071.30 3217.77
1072.31 3221.08
1073.31 3224.40
1074.30 3227.75
1075.30 3231.07
1076.31 3234.45
1077.31 3237.79
1078.30 3240.83
1079.31 3243.96
1080.31 3247.30
1081.31 3250.71
1082.31 3254.08
1083.30 3257.33
1084.30 3260.73
1085.31 3264.08
1086.31 3267.32
1087.31 3270.72
1088.30 3274.06
1089.32 3277.42
1090.31 3280.78
1091.30 3283.98
1092.30 3287.36
1093.31 3290.71
1094.31 3293.99
1095.30 3297.28
1096.34 3300.70
1097.31 3303.87
1098.31 3307.25
1099.30 3310.31
1100.32 3313.39
1101.31 3316.68
1102.32 3320.08
1103.31 3323.33
1104.31 3326.58
1105.31 3329.89
1106.31 3333.20
1107.31 3336.51
1108.32 3339.82
1109.31 3343.03
1110.30 3346.34
1111.30 3349.73
1112.32 3353.04
1113.32 3356.18
1114.32 3359.51
1115.32 3362.76
1116.31 3366.07
1117.34 3369.19
1118.30 3372.10
1119.31 3375.27
1120.32 3378.16
1121.31 3380.67
1122.32 3383.93
1123.30 3387.15
1124.31 3390.46
1125.31 3393.76
1126.31 3396.99
1127.32 3400.05
1128.31 3403.29
1129.30 3406.61
1130.30 3409.96
1131.30 3413.21
1132.31 3416.62
1133.31 3419.78
1134.32 3422.81
1135.33 3426.11
1136.32 3429.25
1137.32 3432.28
1138.31 3435.50
1139.36 3438.78
1140.30 3441.77
1141.31 3445.06
