8.57 8.83 7.61 5/3109 23975
8.57 8.83 7.61 6/3128 24044
8.57 8.83 7.61 2/3131 24073
8.57 8.83 7.61 2/3131 24092
8.57 8.83 7.61 2/3130 24112
8.29 8.77 7.59 1/3126 24143
8.29 8.77 7.59 3/3119 24163
8.29 8.77 7.59 2/3119 24182
8.29 8.77 7.59 4/3122 24205
8.29 8.77 7.59 2/3124 24234
8.82 8.87 7.63 2/3124 24257
8.82 8.87 7.63 2/3124 24276
8.82 8.87 7.63 2/3123 24295
8.82 8.87 7.63 2/3122 24314
8.82 8.87 7.63 4/3122 24333
8.92 8.89 7.65 4/3122 24352
8.92 8.89 7.65 5/3122 24373
8.92 8.89 7.65 6/3122 24392
8.92 8.89 7.65 3/3122 24411
8.92 8.89 7.65 6/3122 24431
8.92 8.89 7.65 6/3122 24450
8.92 8.89 7.65 6/3122 24469
8.92 8.89 7.65 4/3121 24488
8.92 8.89 7.65 6/3121 24507
8.92 8.89 7.65 4/3121 24526
8.93 8.89 7.66 6/3121 24545
8.93 8.89 7.66 4/3128 24572
8.93 8.89 7.66 3/3128 24592
8.93 8.89 7.66 5/3121 24611
8.93 8.89 7.66 4/3121 24630
9.02 8.91 7.67 7/3121 24649
9.02 8.91 7.67 4/3121 24671
9.02 8.91 7.67 6/3110 24690
9.02 8.91 7.67 10/3110 24709
9.02 8.91 7.67 5/3110 24729
8.77 8.86 7.66 2/3107 24748
8.77 8.86 7.66 3/3107 24767
8.77 8.86 7.66 6/3103 24786
8.77 8.86 7.66 6/3103 24805
8.77 8.86 7.66 4/3103 24832
8.95 8.90 7.68 3/3101 24855
8.95 8.90 7.68 4/3101 24874
8.95 8.90 7.68 6/3101 24893
8.95 8.90 7.68 2/3100 24913
8.95 8.90 7.68 6/3099 24932
8.88 8.88 7.68 4/3099 24951
8.88 8.88 7.68 6/3099 24972
8.88 8.88 7.68 5/3106 24998
8.88 8.88 7.68 5/3107 25020
8.88 8.88 7.68 4/3100 25040
8.81 8.87 7.69 5/3100 25059
8.81 8.87 7.69 5/3100 25078
8.81 8.87 7.69 5/3099 25097
8.81 8.87 7.69 5/3099 25116
8.81 8.87 7.69 5/3095 25136
9.14 8.94 7.71 9/3095 25155
9.14 8.94 7.71 3/3095 25174
9.14 8.94 7.71 5/3094 25193
9.14 8.94 7.71 2/3093 25212
9.14 8.94 7.71 7/3083 25231
9.05 8.92 7.72 2/3081 25250
9.05 8.92 7.72 4/3081 25271
9.05 8.92 7.72 7/3079 25290
9.05 8.92 7.72 3/3077 25309
9.05 8.92 7.72 4/3073 25328
8.97 8.91 7.72 5/3064 25347
8.97 8.91 7.72 3/3064 25367
8.97 8.91 7.72 4/3064 25386
8.97 8.91 7.72 2/3064 25405
8.97 8.91 7.72 3/3069 25432
8.97 8.91 7.73 3/3062 25452
8.97 8.91 7.73 3/3062 25471
8.97 8.91 7.73 5/3062 25490
8.97 8.91 7.73 5/3062 25509
8.97 8.91 7.73 44/3032 25543
8.81 8.88 7.72 2/2915 25569
8.81 8.88 7.72 3/2916 25591
8.81 8.88 7.72 8/2916 25611
8.81 8.88 7.72 4/2923 25637
8.81 8.88 7.72 6/2922 25658
8.75 8.86 7.72 4/2923 25679
8.75 8.86 7.72 4/2922 25698
8.75 8.86 7.72 5/2922 25717
8.75 8.86 7.72 9/2922 25736
8.75 8.86 7.72 5/2922 25755
8.93 8.90 7.74 3/2922 25774
8.93 8.90 7.74 4/2921 25793
8.93 8.90 7.74 3/2921 25812
8.93 8.90 7.74 2/2921 25831
8.93 8.90 7.74 4/2924 25854
9.09 8.93 7.76 5/2931 25881
9.09 8.93 7.76 6/2931 25902
9.09 8.93 7.76 5/2924 25923
9.09 8.93 7.76 4/2924 25942
9.09 8.93 7.76 4/2924 25962
9.25 8.97 7.78 3/2929 25988
9.25 8.97 7.78 5/2929 26007
9.25 8.97 7.78 7/2929 26029
9.25 8.97 7.78 3/2903 26048
9.25 8.97 7.78 4/2903 26079
9.39 9.00 7.79 5/2903 26099
9.39 9.00 7.79 2/2903 26118
9.39 9.00 7.79 7/2929 26181
9.39 9.00 7.79 4/2934 26210
9.39 9.00 7.79 5/2932 26229
9.52 9.03 7.81 6/2932 26248
9.52 9.03 7.81 7/2932 26269
9.52 9.03 7.81 6/2933 26289
9.52 9.03 7.81 7/2933 26308
9.52 9.03 7.81 7/2933 26327
9.87 9.12 7.85 5/2933 26346
9.87 9.12 7.85 2/2933 26365
9.87 9.12 7.85 4/2940 26393
9.87 9.12 7.85 6/2933 26413
9.87 9.12 7.85 4/2933 26432
9.97 9.15 7.86 4/2933 26451
9.97 9.15 7.86 4/2933 26470
9.97 9.15 7.86 4/2933 26489
9.97 9.15 7.86 4/2932 26508
9.97 9.15 7.86 5/2932 26527
9.97 9.16 7.87 9/2932 26546
9.97 9.16 7.87 4/2932 26567
9.97 9.16 7.87 3/2932 26586
9.97 9.16 7.87 3/2932 26606
9.97 9.16 7.87 3/2932 26625
9.89 9.16 7.88 7/2932 26644
9.89 9.16 7.88 3/2932 26663
9.89 9.16 7.88 3/2932 26682
9.89 9.16 7.88 6/2932 26701
9.89 9.16 7.88 4/2932 26720
9.82 9.16 7.89 4/2932 26739
9.82 9.16 7.89 7/2932 26758
9.82 9.16 7.89 3/2932 26777
9.82 9.16 7.89 5/2939 26804
9.82 9.16 7.89 6/2939 26824
9.75 9.15 7.89 7/2932 26844
9.75 9.15 7.89 4/2933 26866
9.75 9.15 7.89 2/2933 26885
9.75 9.15 7.89 5/2933 26904
9.75 9.15 7.89 5/2933 26923
9.77 9.17 7.91 2/2928 26942
9.77 9.17 7.91 4/2928 26961
9.77 9.17 7.91 6/2928 26980
9.77 9.17 7.91 4/2928 26999
9.77 9.17 7.91 8/2928 27018
9.79 9.18 7.92 4/2928 27037
9.79 9.18 7.92 10/2928 27057
9.79 9.18 7.92 5/2927 27076
9.79 9.18 7.92 7/2927 27095
