1726.52 5783.42
1727.48 5786.67
1728.45 5790.27
1729.45 5794.24
1730.46 5798.36
1731.46 5802.62
1732.45 5806.49
1733.46 5810.64
1734.46 5814.26
1735.46 5818.12
1736.46 5821.76
1737.46 5825.36
1738.46 5828.98
1739.46 5832.46
1740.45 5835.95
1741.45 5839.49
1742.46 5843.03
1743.45 5846.45
1744.45 5849.91
1745.46 5853.26
1746.45 5856.45
1747.45 5859.82
1748.45 5863.10
1749.45 5866.21
1750.46 5869.50
1751.45 5872.63
1752.47 5875.63
1753.45 5878.36
1754.47 5881.32
1755.46 5884.39
1756.45 5887.46
1757.45 5890.54
1758.46 5893.67
1759.45 5896.66
1760.46 5899.63
1761.46 5902.72
1762.45 5905.72
1763.45 5908.78
1764.46 5911.76
1765.46 5914.81
1766.45 5917.85
1767.45 5920.89
1768.45 5923.85
1769.45 5926.79
1770.46 5929.80
1771.45 5932.79
1772.46 5935.82
1773.46 5938.76
1774.46 5941.40
1775.46 5944.07
1776.46 5947.01
1777.46 5949.97
1778.46 5952.89
1779.45 5955.70
1780.46 5958.62
1781.45 5961.49
1782.46 5964.42
1783.45 5967.27
1784.46 5970.16
1785.45 5972.96
1786.46 5975.89
1787.45 5978.72
1788.46 5981.62
1789.45 5984.33
1790.46 5987.21
1791.47 5990.10
1792.45 5992.91
1793.45 5995.78
1794.48 5998.61
1795.51 6001.32
1796.46 6003.79
1797.45 6006.56
1798.46 6009.46
1799.48 6012.26
1800.52 6014.58
1801.46 6016.20
1802.46 6019.01
1803.46 6021.55
1804.47 6023.90
1805.47 6026.04
1806.47 6028.67
1807.46 6031.42
1808.50 6034.30
1809.47 6036.88
1810.45 6039.60
1811.47 6042.38
1812.46 6045.06
1813.46 6047.91
1814.45 6050.68
1815.46 6053.41
1816.46 6056.01
1817.46 6058.48
1818.46 6061.14
1819.46 6063.83
1820.47 6066.56
1821.45 6069.29
1822.46 6072.14
1823.45 6074.87
1824.45 6077.63
1825.46 6080.36
1826.47 6083.17
1827.45 6085.99
1828.46 6088.40
1829.46 6090.49
1830.46 6093.24
1831.46 6095.98
1832.48 6098.87
1833.46 6101.60
1834.45 6104.28
1835.46 6107.12
1836.45 6109.93
1837.46 6112.76
1838.46 6115.30
1839.46 6117.67
1840.47 6120.52
1841.45 6123.25
1842.46 6126.14
1843.45 6128.95
1844.47 6131.55
1845.48 6134.35
1846.46 6137.18
1847.46 6140.06
1848.46 6142.98
1849.47 6145.73
1850.46 6148.51
1851.45 6151.28
1852.47 6154.15
1853.45 6156.94
1854.46 6159.85
1855.47 6162.68
1856.47 6165.49
1857.46 6168.20
1858.45 6171.01
1859.47 6173.60
1860.47 6176.16
1861.46 6178.87
1862.55 6181.98
1863.46 6184.53
1864.46 6187.36
1865.47 6190.19
1866.45 6192.94
1867.46 6195.79
1868.46 6198.61
1869.46 6201.28
1870.47 6204.06
1871.46 6206.88
1872.46 6209.60
1873.46 6212.45
1874.46 6215.21
