11.16 10.51 8.11 5/3076 907
11.16 10.51 8.11 4/3098 1074
11.16 10.51 8.11 6/3090 1143
11.16 10.51 8.11 3/3090 1186
11.16 10.51 8.11 1/3090 1253
11.15 10.52 8.12 6/3079 1357
11.15 10.52 8.12 2/3080 1421
11.15 10.52 8.12 9/3080 1442
11.15 10.52 8.12 3/3082 1487
11.15 10.52 8.12 1/3084 1535
10.74 10.44 8.11 6/3084 1594
10.74 10.44 8.11 6/3084 1686
10.74 10.44 8.11 2/3083 1731
10.74 10.44 8.11 3/3082 1783
10.74 10.44 8.11 5/3082 1821
10.92 10.49 8.14 12/3082 1867
10.92 10.49 8.14 2/3088 1904
10.92 10.49 8.14 4/3081 1930
10.92 10.49 8.14 6/3081 1976
10.92 10.49 8.14 4/3081 2013
10.69 10.44 8.14 4/3081 2044
10.69 10.44 8.14 2/3081 2084
10.69 10.44 8.14 4/3082 2124
10.69 10.44 8.14 5/3082 2192
10.69 10.44 8.14 5/3081 2257
10.39 10.39 8.13 5/3081 2320
10.39 10.39 8.13 5/3080 2369
10.39 10.39 8.13 8/3073 2405
10.39 10.39 8.13 3/3073 2447
10.39 10.39 8.13 8/3073 2474
10.52 10.41 8.15 3/3073 2504
10.52 10.41 8.15 4/3073 2531
10.52 10.41 8.15 3/3073 2557
10.52 10.41 8.15 4/3073 2587
10.52 10.41 8.15 5/3073 2619
10.80 10.47 8.18 2/3073 2671
10.80 10.47 8.18 6/3073 2704
10.80 10.47 8.18 5/3080 2752
10.80 10.47 8.18 7/3080 2772
10.80 10.47 8.18 9/3072 2796
10.65 10.45 8.19 4/3072 2844
10.65 10.45 8.19 4/3072 2897
10.65 10.45 8.19 5/3072 2942
10.65 10.45 8.19 6/3072 2974
10.65 10.45 8.19 5/3071 2996
10.60 10.44 8.20 4/3071 3015
10.60 10.44 8.20 5/3071 3038
10.60 10.44 8.20 4/3071 3057
10.60 10.44 8.20 7/3065 3113
10.60 10.44 8.20 3/3065 3138
10.31 10.38 8.19 7/3065 3161
10.31 10.38 8.19 10/3064 3186
10.31 10.38 8.19 4/3064 3235
10.31 10.38 8.19 4/3062 3328
10.31 10.38 8.19 7/3062 3380
10.21 10.36 8.19 11/3052 3413
10.21 10.36 8.19 5/3052 3461
10.21 10.36 8.19 5/3050 3519
10.21 10.36 8.19 9/3048 3579
10.21 10.36 8.19 5/3051 3640
10.19 10.35 8.20 2/3036 3739
10.19 10.35 8.20 6/3036 3764
10.19 10.35 8.20 2/3032 3788
10.19 10.35 8.20 6/3030 3813
10.19 10.35 8.20 3/3030 3843
9.93 10.30 8.20 5/3030 3869
9.93 10.30 8.20 2/3030 3899
9.93 10.30 8.20 5/3028 3935
9.93 10.30 8.20 4/3028 3961
9.93 10.30 8.20 4/3028 3987
10.10 10.33 8.22 2/3028 4046
10.10 10.33 8.22 3/3027 4086
10.10 10.33 8.22 3/3027 4122
10.10 10.33 8.22 3/3027 4142
10.10 10.33 8.22 4/3027 4172
10.01 10.30 8.22 2/3027 4202
10.01 10.30 8.22 5/3027 4226
10.01 10.30 8.22 8/3027 4250
10.01 10.30 8.22 3/3027 4273
10.01 10.30 8.22 8/3027 4298
10.09 10.31 8.24 5/3037 4335
10.09 10.31 8.24 6/3037 4357
10.09 10.31 8.24 3/3028 4383
10.09 10.31 8.24 4/3028 4403
10.09 10.31 8.24 6/3028 4424
10.08 10.31 8.25 3/3028 4448
10.08 10.31 8.25 5/3027 4468
10.08 10.31 8.25 5/3027 4488
10.08 10.31 8.25 8/3027 4509
10.08 10.31 8.25 4/3027 4532
10.08 10.30 8.26 8/3027 4558
10.08 10.30 8.26 9/3027 4581
10.08 10.30 8.26 6/3027 4604
10.08 10.30 8.26 2/3027 4623
10.08 10.30 8.26 5/3027 4644
10.07 10.30 8.27 5/3027 4676
10.07 10.30 8.27 8/3027 4714
10.07 10.30 8.27 8/3027 4735
10.07 10.30 8.27 6/3027 4756
10.07 10.30 8.27 6/3028 4778
10.23 10.33 8.29 5/3028 4817
10.23 10.33 8.29 7/3035 4846
10.23 10.33 8.29 5/3035 4880
10.23 10.33 8.29 5/3028 4906
10.23 10.33 8.29 3/3028 4927
10.29 10.34 8.30 6/3028 4953
10.29 10.34 8.30 3/3028 4976
10.29 10.34 8.30 15/2954 4996
10.29 10.34 8.30 31/3016 5130
10.29 10.34 8.30 9/3023 5181
10.67 10.42 8.34 4/3023 5210
10.67 10.42 8.34 2/3023 5234
10.67 10.42 8.34 6/3023 5256
10.67 10.42 8.34 10/3022 5284
10.67 10.42 8.34 5/3018 5308
10.45 10.37 8.34 3/3018 5328
10.45 10.37 8.34 2/3018 5347
10.45 10.37 8.34 4/3018 5366
10.45 10.37 8.34 10/3018 5395
10.45 10.37 8.34 3/3018 5422
10.17 10.32 8.33 2/3018 5442
10.17 10.32 8.33 8/3018 5466
10.17 10.32 8.33 6/3018 5487
10.17 10.32 8.33 1/3018 5515
10.17 10.32 8.33 3/3017 5545
10.08 10.30 8.33 1/3015 5570
10.08 10.30 8.33 11/3015 5591
10.08 10.30 8.33 4/3016 5612
10.08 10.30 8.33 1/3016 5637
10.08 10.30 8.33 2/3016 5666
9.83 10.24 8.32 2/3016 5687
9.83 10.24 8.32 6/3016 5709
9.83 10.24 8.32 1/3016 5731
9.83 10.24 8.32 2/3016 5754
9.83 10.24 8.32 4/3016 5778
10.09 10.29 8.35 3/3016 5797
10.09 10.29 8.35 1/3016 5817
10.09 10.29 8.35 8/3016 5836
10.09 10.29 8.35 4/3016 5855
10.09 10.29 8.35 4/3016 5877
10.32 10.33 8.38 6/3015 5898
10.32 10.33 8.38 7/3015 5917
10.32 10.33 8.38 4/3015 5936
10.32 10.33 8.38 3/3015 5955
10.32 10.33 8.38 6/3016 5977
9.97 10.26 8.36 1/3015 5997
9.97 10.26 8.36 3/3015 6016
9.97 10.26 8.36 6/3015 6036
9.97 10.26 8.36 4/3015 6055
