1551.80 4850.67
1552.76 4853.97
1553.73 4857.58
1554.76 4861.82
1555.74 4865.87
1556.74 4870.01
1557.74 4874.29
1558.74 4878.40
1559.73 4882.36
1560.73 4886.17
1561.73 4889.68
1562.73 4893.30
1563.73 4896.78
1564.74 4900.32
1565.74 4903.72
1566.74 4907.18
1567.73 4910.49
1568.74 4913.55
1569.73 4916.82
1570.73 4920.11
1571.74 4923.26
1572.75 4926.51
1573.74 4929.72
1574.74 4932.79
1575.74 4935.87
1576.74 4938.83
1577.74 4941.91
1578.73 4944.98
1579.73 4947.98
1580.74 4951.02
1581.74 4954.02
1582.73 4957.07
1583.74 4960.03
1584.74 4963.02
1585.74 4965.92
1586.75 4968.73
1587.74 4971.64
1588.74 4974.52
1589.74 4977.17
1590.73 4979.88
1591.74 4982.74
1592.74 4985.64
1593.74 4988.46
1594.76 4991.26
1595.73 4994.00
1596.74 4996.83
1597.74 4999.70
1598.74 5002.56
1599.74 5005.43
1600.73 5008.28
1601.73 5011.06
1602.74 5013.94
1603.74 5016.80
1604.74 5019.63
1605.74 5022.35
1606.74 5024.78
1607.75 5027.29
1608.74 5030.04
1609.74 5032.80
1610.80 5035.33
1611.74 5037.52
1612.74 5040.35
1613.74 5043.17
1614.74 5045.95
1615.74 5048.76
1616.74 5051.37
1617.74 5054.18
1618.75 5057.03
1619.75 5059.83
1620.74 5062.62
1621.75 5065.38
1622.74 5068.12
1623.74 5070.85
1624.74 5073.65
1625.74 5076.32
1626.75 5079.08
1627.74 5081.85
1628.74 5084.59
1629.74 5087.36
1630.74 5090.06
1631.74 5092.37
1632.74 5094.87
1633.74 5097.59
1634.73 5100.25
1635.74 5102.99
1636.74 5105.64
1637.74 5108.35
1638.73 5111.08
1639.74 5113.76
1640.74 5116.45
1641.74 5119.16
1642.73 5121.92
1643.74 5124.65
1644.74 5127.27
1645.75 5130.04
1646.74 5132.49
1647.73 5135.32
1648.74 5138.14
1649.74 5140.84
1650.74 5143.42
1651.74 5146.12
1652.74 5148.85
1653.74 5151.22
1654.74 5153.66
1655.74 5156.38
1656.74 5159.00
1657.74 5161.45
1658.78 5164.12
1659.77 5165.30
1660.74 5166.59
1661.74 5168.78
1662.75 5171.83
1663.74 5175.40
1664.73 5178.77
1665.74 5182.30
1666.73 5185.63
1667.73 5189.24
1668.73 5192.84
1669.74 5196.40
1670.74 5199.87
1671.74 5203.33
1672.74 5206.92
1673.75 5210.51
1674.73 5213.80
1675.73 5217.30
1676.73 5220.74
1677.74 5224.27
1678.73 5227.76
1679.74 5231.31
1680.75 5234.58
1681.74 5237.95
1682.73 5241.30
1683.73 5244.59
1684.75 5248.09
1685.75 5251.21
1686.74 5254.59
1687.74 5258.11
1688.73 5261.64
1689.73 5265.14
1690.75 5268.47
1691.73 5271.67
1692.73 5275.00
1693.75 5278.06
1694.74 5281.19
1695.74 5284.68
1696.74 5288.15
1697.75 5291.64
1698.75 5295.21
1699.73 5298.67
