9.08 9.04 7.86 2/2896 1745
9.08 9.04 7.86 7/2925 1908
9.08 9.04 7.86 1/2916 1942
9.08 9.04 7.86 5/2916 1983
8.92 9.01 7.86 2/2916 2053
8.92 9.01 7.86 1/2905 2083
8.92 9.01 7.86 3/2905 2114
8.92 9.01 7.86 2/2905 2144
8.92 9.01 7.86 1/2908 2226
8.52 8.92 7.84 5/2911 2332
8.52 8.92 7.84 2/2911 2368
8.52 8.92 7.84 2/2911 2400
8.52 8.92 7.84 7/2910 2434
8.52 8.92 7.84 1/2909 2463
8.48 8.91 7.84 6/2909 2490
8.48 8.91 7.84 7/2909 2523
8.48 8.91 7.84 6/2916 2554
8.48 8.91 7.84 2/2909 2588
8.48 8.91 7.84 4/2909 2611
8.36 8.88 7.83 4/2909 2644
8.36 8.88 7.83 5/2909 2680
8.36 8.88 7.83 7/2909 2714
8.36 8.88 7.83 5/2908 2741
8.36 8.88 7.83 5/2908 2761
8.41 8.88 7.84 2/2908 2814
8.41 8.88 7.84 12/2908 2867
8.41 8.88 7.84 7/2908 2908
8.41 8.88 7.84 5/2908 2983
8.41 8.88 7.84 6/2908 3010
8.70 8.93 7.86 4/2908 3050
8.70 8.93 7.86 5/2908 3072
8.70 8.93 7.86 2/2908 3108
8.70 8.93 7.86 4/2908 3130
8.70 8.93 7.86 4/2908 3150
8.73 8.93 7.87 6/2908 3181
8.73 8.93 7.87 5/2908 3208
8.73 8.93 7.87 5/2908 3246
8.73 8.93 7.87 7/2915 3318
8.73 8.93 7.87 8/2910 3357
8.75 8.93 7.88 4/2908 3409
8.75 8.93 7.88 6/2908 3435
8.75 8.93 7.88 12/2908 3542
8.75 8.93 7.88 5/2908 3586
8.75 8.93 7.88 6/2908 3621
8.53 8.89 7.87 4/2907 3662
8.53 8.89 7.87 9/2907 3693
8.53 8.89 7.87 5/2907 3716
8.53 8.89 7.87 5/2907 3743
8.53 8.89 7.87 5/2907 3762
8.81 8.94 7.89 5/2907 3786
8.81 8.94 7.89 9/2907 3810
8.81 8.94 7.89 4/2907 3830
8.81 8.94 7.89 5/2907 3873
8.81 8.94 7.89 8/2907 3896
8.98 8.97 7.91 6/2907 3934
8.98 8.97 7.91 4/2907 3964
8.98 8.97 7.91 4/2907 3995
8.98 8.97 7.91 4/2905 4021
8.98 8.97 7.91 9/2911 4063
9.14 9.01 7.92 6/2907 4113
9.14 9.01 7.92 4/2891 4140
9.14 9.01 7.92 6/2889 4165
9.14 9.01 7.92 3/2887 4187
9.14 9.01 7.92 6/2885 4211
9.53 9.09 7.95 6/2882 4230
9.53 9.09 7.95 4/2881 4249
9.53 9.09 7.95 4/2881 4269
9.53 9.09 7.95 4/2881 4288
9.53 9.09 7.95 6/2881 4318
9.41 9.07 7.96 2/2884 4358
9.41 9.07 7.96 5/2884 4377
9.41 9.07 7.96 7/2797 4408
9.41 9.07 7.96 10/2731 4457
9.41 9.07 7.96 8/2731 4477
9.14 9.02 7.94 6/2731 4508
9.14 9.02 7.94 7/2731 4529
9.14 9.02 7.94 7/2731 4549
9.14 9.02 7.94 9/2727 4568
9.14 9.02 7.94 7/2727 4587
9.21 9.04 7.96 4/2727 4606
9.21 9.04 7.96 5/2734 4633
9.21 9.04 7.96 5/2727 4653
9.21 9.04 7.96 3/2747 4701
9.21 9.04 7.96 4/2747 4723
9.27 9.05 7.97 3/2747 4748
9.27 9.05 7.97 4/2747 4780
9.27 9.05 7.97 7/2747 4804
9.27 9.05 7.97 2/2742 4834
9.27 9.05 7.97 6/2742 4853
9.41 9.08 7.98 5/2742 4873
9.41 9.08 7.98 4/2741 4893
9.41 9.08 7.98 6/2741 4912
9.41 9.08 7.98 9/2757 4950
9.41 9.08 7.98 2/2725 4969
9.46 9.10 8.00 5/2725 4991
9.39 9.11 8.02 3/2720 5018
9.39 9.11 8.02 6/2720 5038
9.44 9.12 8.03 4/2654 5078
9.44 9.12 8.03 16/2738 5226
9.44 9.12 8.03 12/2746 5260
9.44 9.12 8.03 6/2765 5311
9.44 9.12 8.03 2/2766 5346
9.48 9.14 8.04 3/2760 5366
9.48 9.14 8.04 2/2759 5390
9.48 9.14 8.04 4/2759 5413
9.48 9.14 8.04 3/2757 5438
9.48 9.14 8.04 2/2757 5461
9.29 9.10 8.04 5/2754 5497
9.29 9.10 8.04 4/2754 5532
9.29 9.10 8.04 3/2754 5551
9.29 9.10 8.04 4/2754 5572
9.29 9.10 8.04 2/2755 5592
9.74 9.20 8.07 5/2753 5611
9.74 9.20 8.07 4/2753 5630
9.74 9.20 8.07 3/2753 5649
9.74 9.20 8.07 3/2753 5669
9.74 9.20 8.07 6/2753 5688
9.84 9.23 8.09 4/2753 5707
9.84 9.23 8.09 5/2753 5727
9.84 9.23 8.09 2/2753 5746
9.84 9.23 8.09 1/2753 5766
9.84 9.23 8.09 6/2753 5785
9.70 9.21 8.09 2/2754 5806
9.70 9.21 8.09 5/2753 5827
9.70 9.21 8.09 4/2753 5846
9.70 9.21 8.09 10/2753 5866
9.70 9.21 8.09 5/2753 5890
