2058.56 6919.83
2059.49 6923.04
2060.48 6926.64
2061.48 6930.71
2062.48 6934.84
2063.49 6939.07
2064.48 6943.27
2065.47 6947.29
2066.49 6951.25
2067.48 6954.96
2068.48 6958.54
2069.47 6962.07
2070.49 6965.62
2071.48 6969.10
2072.48 6972.51
2073.48 6975.89
2074.48 6979.02
2075.48 6982.02
2076.48 6985.31
2077.48 6988.51
2078.48 6991.69
2079.48 6994.89
2080.49 6998.03
2081.49 7001.04
2082.48 7004.10
2083.47 7007.10
2084.48 7010.12
2085.48 7013.17
2086.48 7016.20
2087.48 7019.19
2088.48 7022.15
2089.49 7025.06
2090.48 7027.92
2091.49 7030.83
2092.48 7033.58
2093.48 7036.45
2094.48 7039.26
2095.48 7041.98
2096.48 7044.49
2097.48 7047.22
2098.48 7050.04
2099.49 7052.89
2100.48 7055.71
2101.48 7058.49
2102.49 7061.35
2103.48 7064.11
2104.48 7066.91
2105.49 7069.75
2106.49 7072.48
2107.49 7075.29
2108.47 7078.06
2109.51 7080.87
2110.48 7083.55
2111.49 7086.34
2112.48 7089.02
2113.49 7091.79
2114.47 7094.48
2115.49 7097.34
2116.48 7100.09
2117.48 7102.53
2118.47 7105.05
2119.49 7107.81
2120.49 7110.43
2121.48 7113.05
2122.50 7115.86
2123.49 7118.56
2124.48 7121.29
2125.48 7124.11
2126.48 7126.85
2127.48 7129.39
2128.48 7132.16
2129.49 7134.24
2130.48 7135.93
2131.48 7138.58
2132.48 7141.27
2133.48 7144.05
2134.47 7146.75
2135.48 7149.44
2136.49 7152.08
2137.48 7154.77
2138.48 7157.24
2139.49 7159.73
2140.49 7162.32
2141.49 7164.85
2142.49 7167.57
2143.49 7170.34
2144.48 7173.02
2145.48 7175.60
2146.48 7178.31
2147.49 7181.10
2148.49 7183.81
2149.48 7186.47
2150.48 7189.06
2151.48 7191.72
2152.49 7194.40
2175.49 7258.15
2176.49 7260.47
2177.49 7262.24
2178.50 7262.84
2179.49 7263.94
2180.48 7265.25
2181.48 7268.69
2182.49 7272.41
2183.49 7275.87
2184.49 7279.45
2185.48 7282.79
2186.49 7286.30
2187.49 7289.94
2188.49 7293.45
2189.48 7297.06
2190.49 7300.76
2191.49 7304.35
2192.48 7307.97
2193.48 7311.65
2194.49 7315.31
2195.49 7318.80
2196.48 7322.49
2197.48 7326.19
2198.49 7329.78
2199.49 7333.38
2200.49 7336.96
2201.49 7340.68
2202.49 7344.36
2203.49 7347.83
2204.49 7351.47
2205.49 7355.13
2206.49 7358.81
