11.87 11.24 10.05 3/2952 6384
11.87 11.24 10.05 3/2980 6445
11.87 11.24 10.05 2/2976 6479
11.56 11.19 10.04 4/2975 6499
11.56 11.19 10.04 8/2974 6518
11.56 11.19 10.04 5/2974 6537
11.56 11.19 10.04 5/2974 6556
11.56 11.19 10.04 3/2974 6575
11.19 11.12 10.02 4/2974 6597
11.19 11.12 10.02 3/2967 6630
11.19 11.12 10.02 2/2967 6649
11.19 11.12 10.02 4/2966 6668
11.19 11.12 10.02 4/2965 6687
11.18 11.12 10.03 7/2964 6706
11.18 11.12 10.03 1/2958 6728
11.18 11.12 10.03 6/2958 6747
11.18 11.12 10.03 9/2957 6766
11.18 11.12 10.03 4/2957 6785
10.68 11.02 10.00 2/2957 6805
10.68 11.02 10.00 8/2957 6824
10.68 11.02 10.00 9/2957 6843
10.68 11.02 10.00 11/2957 6862
10.68 11.02 10.00 5/2956 6881
10.87 11.05 10.02 7/2957 6902
10.87 11.05 10.02 10/2956 6922
10.87 11.05 10.02 3/2956 6942
10.87 11.05 10.02 5/2956 6961
10.87 11.05 10.02 4/2956 6980
10.96 11.06 10.03 3/2956 6999
10.96 11.06 10.03 5/2954 7020
10.96 11.06 10.03 4/2954 7039
10.96 11.06 10.03 4/2954 7058
10.96 11.06 10.03 3/2954 7077
10.96 11.06 10.03 4/2954 7096
10.96 11.06 10.03 11/2954 7115
10.96 11.06 10.03 5/2954 7134
10.96 11.06 10.03 6/2955 7154
10.96 11.06 10.03 4/2955 7174
11.21 11.11 10.05 6/2955 7193
11.21 11.11 10.05 8/2954 7212
11.21 11.11 10.05 3/2954 7232
11.21 11.11 10.05 8/2954 7251
11.21 11.11 10.05 9/2954 7270
11.11 11.09 10.05 4/2954 7289
11.11 11.09 10.05 8/2954 7312
11.11 11.09 10.05 2/2953 7332
11.11 11.09 10.05 4/2942 7351
11.11 11.09 10.05 7/2942 7370
11.18 11.11 10.06 5/2942 7390
11.18 11.11 10.06 3/2939 7409
11.18 11.11 10.06 4/2939 7428
11.18 11.11 10.06 6/2938 7447
11.18 11.11 10.06 10/2938 7466
11.01 11.07 10.06 4/2938 7485
11.01 11.07 10.06 14/2936 7516
11.01 11.07 10.06 4/2936 7535
11.01 11.07 10.06 4/2936 7554
11.01 11.07 10.06 4/2934 7573
10.85 11.04 10.05 3/2932 7592
10.85 11.04 10.05 4/2929 7613
10.85 11.04 10.05 9/2927 7634
10.85 11.04 10.05 3/2927 7653
10.85 11.04 10.05 5/2922 7672
11.34 11.14 10.09 5/2922 7691
11.34 11.14 10.09 4/2920 7710
11.34 11.14 10.09 8/2927 7737
11.34 11.14 10.09 4/2926 7757
11.34 11.14 10.09 5/2924 7776
11.15 11.10 10.08 6/2924 7795
11.15 11.10 10.08 6/2924 7814
11.15 11.10 10.08 5/2924 7833
11.15 11.10 10.08 6/2924 7852
11.15 11.10 10.08 4/2924 7872
10.82 11.03 10.07 6/2924 7891
10.82 11.03 10.07 5/2929 7917
10.82 11.03 10.07 4/2929 7936
10.82 11.03 10.07 7/2929 7955
10.82 11.03 10.07 6/2929 7974
10.67 11.00 10.06 7/2929 7994
10.67 11.00 10.06 5/2929 8013
10.67 11.00 10.06 5/2929 8032
10.67 11.00 10.06 3/2929 8053
10.67 11.00 10.06 6/2929 8072
10.62 10.98 10.06 9/2929 8091
10.62 10.98 10.06 7/2929 8111
10.62 10.98 10.06 5/2929 8130
10.62 10.98 10.06 5/2930 8151
10.62 10.98 10.06 4/2929 8171
10.57 10.97 10.06 7/2932 8193
10.57 10.97 10.06 4/2932 8214
10.57 10.97 10.06 4/2932 8233
10.57 10.97 10.06 4/2932 8252
10.57 10.97 10.06 4/2933 8272
11.00 11.05 10.09 3/2933 8291
11.00 11.05 10.09 2/2933 8310
11.00 11.05 10.09 9/2911 8330
11.00 11.05 10.09 4/2911 8349
12.19 11.33 10.21 5/2879 8470
12.19 11.33 10.21 4/2879 8493
12.19 11.33 10.21 1/2879 8512
12.19 11.33 10.21 5/2879 8531
12.19 11.33 10.21 2/2879 8550
11.53 11.21 10.18 6/2879 8569
11.53 11.21 10.18 3/2879 8589
11.53 11.21 10.18 2/2879 8608
11.53 11.21 10.18 7/2879 8627
11.53 11.21 10.18 3/2879 8646
11.09 11.12 10.16 5/2879 8665
11.09 11.12 10.16 5/2880 8687
11.09 11.12 10.16 1/2879 8707
11.09 11.12 10.16 3/2879 8727
11.09 11.12 10.16 1/2879 8746
10.76 11.06 10.14 6/2879 8765
10.76 11.06 10.14 8/2879 8787
10.76 11.06 10.14 4/2879 8806
10.76 11.06 10.14 2/2879 8825
10.76 11.06 10.14 3/2879 8844
10.54 11.01 10.13 3/2890 8874
10.54 11.01 10.13 5/2890 8894
10.54 11.01 10.13 12/2890 8913
10.54 11.01 10.13 3/2890 8932
10.54 11.01 10.13 4/2890 8951
10.26 10.94 10.11 1/2890 8971
10.26 10.94 10.11 5/2889 8991
10.26 10.94 10.11 2/2889 9010
10.26 10.94 10.11 2/2889 9029
10.26 10.94 10.11 5/2889 9048
10.16 10.91 10.10 3/2889 9069
