3154.59 10918.50
3155.52 10921.37
3156.52 10924.62
3157.51 10928.19
3158.52 10931.97
3159.51 10935.90
3160.51 10939.54
3161.51 10943.08
3162.51 10946.52
3163.51 10949.95
3164.52 10952.99
3165.51 10955.93
3166.52 10958.93
3167.51 10961.79
3168.51 10964.56
3169.50 10967.34
3170.51 10970.03
3171.51 10972.73
3172.52 10975.43
3173.51 10977.99
3174.51 10980.62
3175.52 10983.17
3176.51 10985.70
3177.52 10988.15
3178.51 10990.59
3179.51 10993.02
3180.51 10995.46
3181.52 10997.88
3182.51 11000.23
3183.51 11002.57
3184.51 11004.98
3185.51 11007.33
3186.50 11009.56
3187.52 11011.92
3188.51 11014.21
3189.51 11016.54
3190.50 11018.77
3191.51 11021.09
3192.52 11023.32
3193.51 11025.64
3194.51 11027.95
3195.52 11030.23
3196.51 11032.51
3197.51 11034.78
3198.52 11037.06
3199.51 11039.30
3200.51 11041.52
3201.52 11043.85
3202.51 11046.12
3203.52 11048.45
3204.51 11050.71
3205.52 11052.97
3206.52 11055.19
3207.51 11057.42
3208.51 11059.60
3209.52 11061.84
3210.51 11064.01
3211.52 11066.28
3212.51 11068.51
3213.51 11070.74
3214.54 11072.97
3215.52 11075.06
3216.58 11077.33
3217.52 11079.35
3218.51 11081.54
3219.51 11083.75
3220.51 11085.86
3221.52 11087.86
3222.51 11089.66
3223.51 11091.71
3224.52 11093.88
3225.51 11095.98
3226.52 11098.16
3227.51 11100.29
3228.51 11102.42
3229.52 11104.65
3230.52 11106.74
3231.51 11108.83
3232.52 11111.02
3233.51 11112.97
3234.52 11115.20
3235.52 11117.40
3236.51 11119.57
3237.52 11121.67
3238.52 11123.81
3239.51 11125.94
3240.52 11128.02
3241.52 11130.13
3242.52 11132.29
3243.51 11134.47
3244.52 11136.54
3245.51 11138.67
3246.52 11140.74
3247.52 11142.84
3248.52 11144.98
3249.51 11147.02
3250.52 11149.11
3272.51 11207.40
3273.51 11211.06
3274.52 11214.78
3275.51 11218.49
3276.52 11222.22
3277.52 11225.85
3278.52 11229.44
3279.52 11233.21
3280.51 11236.90
3281.51 11240.69
3282.52 11244.48
3283.52 11248.03
3284.52 11251.67
3285.51 11255.27
3286.51 11259.06
3287.51 11262.79
3288.52 11266.51
3289.52 11270.28
3290.51 11273.96
3291.52 11277.70
3292.51 11281.26
3293.52 11285.06
3294.52 11288.82
3295.52 11292.59
3296.53 11296.30
3297.52 11299.93
3298.52 11303.54
3299.52 11307.03
3300.52 11310.67
3301.52 11314.47
3302.52 11318.17
