8.36 8.12 5.97 7/3100 16136
8.36 8.12 5.97 3/3119 16209
8.36 8.12 5.97 5/3117 16231
8.36 8.12 5.97 6/3117 16250
8.36 8.12 5.97 3/3116 16269
8.49 8.15 5.99 1/3105 16293
8.49 8.15 5.99 2/3107 16314
8.49 8.15 5.99 4/3108 16337
8.49 8.15 5.99 2/3110 16358
8.49 8.15 5.99 2/3112 16387
8.45 8.15 6.00 3/3112 16414
8.45 8.15 6.00 6/3112 16433
8.45 8.15 6.00 3/3111 16452
8.45 8.15 6.00 2/3110 16471
8.45 8.15 6.00 4/3110 16490
8.34 8.13 6.01 8/3110 16509
8.34 8.13 6.01 7/3110 16528
8.34 8.13 6.01 6/3110 16547
8.34 8.13 6.01 5/3110 16566
8.34 8.13 6.01 4/3110 16586
8.47 8.16 6.03 4/3110 16605
8.47 8.16 6.03 4/3117 16632
8.47 8.16 6.03 4/3116 16654
8.47 8.16 6.03 8/3109 16673
8.47 8.16 6.03 5/3109 16692
8.43 8.16 6.04 3/3109 16711
8.43 8.16 6.04 1/3109 16730
8.43 8.16 6.04 6/3109 16749
8.43 8.16 6.04 5/3109 16768
8.43 8.16 6.04 3/3109 16787
8.24 8.12 6.04 5/3109 16807
8.24 8.12 6.04 5/3106 16826
8.24 8.12 6.04 3/3105 16845
8.24 8.12 6.04 9/3105 16864
8.24 8.12 6.04 8/3105 16883
8.22 8.12 6.05 6/3105 16902
8.22 8.12 6.05 3/3105 16921
8.22 8.12 6.05 3/3103 16942
8.22 8.12 6.05 4/3103 16961
8.22 8.12 6.05 9/3103 16980
8.36 8.15 6.07 7/3103 16999
8.36 8.15 6.07 7/3103 17018
8.36 8.15 6.07 3/3110 17045
8.36 8.15 6.07 6/3110 17065
8.36 8.15 6.07 5/3102 17085
8.49 8.18 6.09 6/3102 17104
8.49 8.18 6.09 6/3102 17123
8.49 8.18 6.09 6/3102 17142
8.49 8.18 6.09 3/3102 17161
8.49 8.18 6.09 7/3102 17180
8.53 8.20 6.11 3/3102 17199
8.53 8.20 6.11 6/3102 17218
8.53 8.20 6.11 3/3101 17239
8.53 8.20 6.11 2/3101 17259
8.53 8.20 6.11 6/3101 17278
8.57 8.21 6.12 5/3101 17297
8.57 8.21 6.12 6/3101 17316
8.57 8.21 6.12 3/3099 17335
8.57 8.21 6.12 5/3098 17354
8.57 8.21 6.12 3/3091 17373
8.61 8.22 6.14 7/3089 17392
8.61 8.22 6.14 5/3088 17411
8.61 8.22 6.14 6/3086 17430
8.61 8.22 6.14 8/3082 17449
8.61 8.22 6.14 6/3087 17476
8.64 8.24 6.16 4/3080 17498
8.64 8.24 6.16 3/3078 17517
8.64 8.24 6.16 7/3078 17538
8.64 8.24 6.16 4/3078 17557
8.64 8.24 6.16 1/3078 17580
8.67 8.25 6.17 2/3084 17611
8.67 8.25 6.17 2/3084 17634
8.67 8.25 6.17 5/3084 17653
8.67 8.25 6.17 9/3084 17672
8.67 8.25 6.17 7/3084 17691
8.77 8.28 6.19 4/3084 17710
8.77 8.28 6.19 3/3084 17730
8.77 8.28 6.19 2/3084 17749
8.77 8.28 6.19 2/3084 17768
8.77 8.28 6.19 4/3084 17787
8.47 8.22 6.18 10/3084 17806
8.47 8.22 6.18 3/3084 17825
8.47 8.22 6.18 5/3084 17846
8.47 8.22 6.18 4/3084 17865
8.47 8.22 6.18 6/3084 17884
8.43 8.22 6.19 5/3091 17911
8.43 8.22 6.19 4/3091 17930
8.43 8.22 6.19 3/3084 17950
8.43 8.22 6.19 6/3084 17970
8.43 8.22 6.19 3/3084 17989
8.80 8.30 6.23 2/3084 18008
8.80 8.30 6.23 10/3084 18027
8.80 8.30 6.23 7/3078 18046
8.80 8.30 6.23 5/3078 18065
8.80 8.30 6.23 3/3058 18084
8.97 8.34 6.26 3/3058 18103
8.97 8.34 6.26 3/3058 18122
8.97 8.34 6.26 5/3058 18143
8.97 8.34 6.26 4/3058 18162
8.97 8.34 6.26 13/3059 18182
8.82 8.32 6.26 3/3058 18201
8.82 8.32 6.26 5/3058 18220
8.82 8.32 6.26 7/3058 18239
8.82 8.32 6.26 6/3058 18258
8.82 8.32 6.26 4/3058 18277
8.75 8.32 6.27 5/3058 18296
8.75 8.32 6.27 5/3058 18315
8.75 8.32 6.27 5/3065 18342
8.75 8.32 6.27 5/3058 18362
8.75 8.32 6.27 6/3058 18381
8.85 8.34 6.29 3/3055 18400
8.85 8.34 6.29 6/3055 18419
8.85 8.34 6.29 4/3055 18441
8.85 8.34 6.29 5/3055 18460
8.85 8.34 6.29 4/3055 18479
8.62 8.31 6.29 10/3055 18498
8.62 8.31 6.29 4/3055 18517
8.62 8.31 6.29 6/3055 18536
8.62 8.31 6.29 4/3055 18555
8.62 8.31 6.29 7/3055 18574
8.57 8.30 6.30 1/3054 18593
8.57 8.30 6.30 4/3054 18612
8.57 8.30 6.30 4/3055 18632
8.57 8.30 6.30 4/3054 18651
8.57 8.30 6.30 6/3054 18671
8.93 8.38 6.34 5/3054 18691
8.93 8.38 6.34 6/3054 18714
8.93 8.38 6.34 6/3038 18735
8.93 8.38 6.34 7/3046 18763
8.93 8.38 6.34 6/3047 18784
8.93 8.39 6.35 2/3036 18814
8.93 8.39 6.35 5/3036 18833
8.93 8.39 6.35 5/3036 18852
8.93 8.39 6.35 8/3036 18871
8.93 8.39 6.35 4/3036 18890
8.78 8.37 6.35 7/3034 18909
8.78 8.37 6.35 4/3034 18929
8.78 8.37 6.35 3/3034 18948
8.78 8.37 6.35 4/3034 18967
8.78 8.37 6.35 3/3034 18986
8.96 8.41 6.38 6/3034 19005
8.96 8.41 6.38 5/3034 19024
8.96 8.41 6.38 5/3034 19045
8.96 8.41 6.38 2/3034 19064
8.96 8.41 6.38 12/3034 19084
8.72 8.37 6.38 4/3034 19103
8.72 8.37 6.38 5/3034 19122
8.72 8.37 6.38 4/3034 19142
8.72 8.37 6.38 6/3034 19161
