1156.65 4176.19
1157.59 4179.14
1158.56 4182.79
1159.56 4186.84
1160.56 4190.92
1161.56 4195.25
1162.57 4199.50
1163.57 4203.51
1164.57 4207.52
1165.56 4211.20
1166.56 4214.92
1167.57 4218.52
1168.56 4222.11
1169.56 4225.63
1170.56 4229.17
1171.56 4232.69
1172.56 4236.21
1173.56 4239.72
1174.56 4243.18
1175.56 4246.62
1176.55 4250.07
1177.56 4253.40
1178.56 4256.46
1179.56 4259.68
1180.55 4263.08
1181.56 4266.34
1182.56 4269.72
1183.56 4273.16
1184.56 4276.56
1185.57 4280.03
1186.57 4283.38
1187.56 4286.76
1188.55 4290.13
1189.57 4293.55
1190.56 4296.94
1191.56 4300.31
1192.57 4303.69
1193.56 4307.02
1194.57 4310.39
1195.57 4313.79
1196.57 4317.15
1197.56 4320.44
1198.56 4323.76
1199.57 4326.76
1200.56 4329.89
1201.56 4333.23
1202.56 4336.52
1203.57 4339.94
1204.57 4343.26
1205.56 4346.57
1206.56 4349.89
1207.56 4353.27
1208.56 4356.56
1209.56 4359.82
1210.57 4363.23
1211.57 4366.47
1212.56 4369.77
1213.57 4373.06
1214.56 4376.31
1215.56 4379.67
1216.57 4383.03
1217.57 4386.28
1218.57 4389.62
1219.57 4392.80
1220.57 4395.89
1221.58 4398.76
1222.57 4401.89
1223.56 4405.06
1224.56 4408.39
1225.57 4411.68
1226.57 4414.89
1227.56 4418.09
1228.57 4421.36
1229.56 4424.63
1230.57 4427.85
1231.56 4431.24
1232.57 4434.20
1233.56 4437.23
1234.56 4440.54
1235.59 4443.81
1236.56 4446.87
1237.57 4450.07
1238.56 4453.20
1239.57 4456.31
1240.56 4459.41
1241.57 4462.46
1242.56 4465.36
1243.57 4468.32
1244.56 4471.42
1245.56 4474.66
1246.57 4477.85
1247.57 4481.08
1248.56 4484.27
1249.56 4487.44
1250.56 4490.73
1251.57 4493.88
1252.56 4496.84
1253.57 4499.89
1254.57 4502.89
1255.56 4506.10
1256.56 4509.20
1257.56 4512.29
1258.58 4515.57
1259.57 4518.53
1260.56 4521.68
1261.57 4524.89
1262.56 4527.89
1263.56 4530.53
1264.57 4533.34
1265.56 4536.34
1266.56 4539.55
1267.56 4542.58
1268.57 4545.68
1269.57 4548.80
1270.56 4551.82
1271.56 4554.86
1272.57 4558.06
1273.57 4560.99
1274.57 4564.18
1275.57 4567.22
1276.57 4570.31
1277.56 4573.26
1278.57 4576.28
1279.57 4579.30
1280.56 4582.00
1281.57 4584.84
1282.57 4587.84
1283.57 4590.72
1284.57 4593.60
1285.57 4596.36
1286.56 4599.18
1287.57 4602.31
1288.56 4605.29
1289.56 4608.31
1290.57 4611.49
1291.56 4614.40
1292.58 4617.49
1293.57 4620.49
1294.56 4623.45
1295.57 4626.57
1296.56 4629.56
1297.56 4632.54
1298.57 4635.66
1299.58 4638.45
1300.56 4641.49
1301.57 4644.19
1302.58 4647.09
1303.57 4650.16
1304.56 4653.22
