11.55 10.58 8.53 5/3046 6221
11.19 10.52 8.52 4/3071 6293
11.19 10.52 8.52 3/3066 6314
11.19 10.52 8.52 2/3066 6334
11.19 10.52 8.52 2/3065 6356
11.19 10.52 8.52 3/3054 6379
10.77 10.44 8.51 3/3054 6398
10.77 10.44 8.51 3/3061 6425
10.77 10.44 8.51 2/3057 6448
10.77 10.44 8.51 2/3059 6477
10.77 10.44 8.51 6/3059 6500
10.63 10.42 8.51 7/3059 6519
10.63 10.42 8.51 3/3058 6538
10.63 10.42 8.51 3/3057 6557
10.63 10.42 8.51 8/3057 6577
10.63 10.42 8.51 1/3057 6596
10.42 10.38 8.51 3/3057 6615
10.42 10.38 8.51 1/3057 6634
10.42 10.38 8.51 1/3058 6654
10.42 10.38 8.51 12/3058 6675
10.42 10.38 8.51 2/3058 6694
10.39 10.37 8.51 1/3058 6713
10.39 10.37 8.51 5/3057 6732
10.39 10.37 8.51 3/3057 6751
10.39 10.37 8.51 2/3057 6770
10.39 10.37 8.51 8/3057 6789
10.35 10.37 8.52 6/3057 6809
10.35 10.37 8.52 3/3053 6828
10.35 10.37 8.52 2/3060 6855
10.35 10.37 8.52 12/3061 6875
10.35 10.37 8.52 5/3053 6894
10.25 10.34 8.53 4/3053 6913
10.25 10.34 8.53 3/3053 6932
10.25 10.34 8.53 7/3054 6952
10.25 10.34 8.53 4/3054 6973
10.25 10.34 8.53 4/3054 6996
10.63 10.42 8.56 3/3052 7024
10.63 10.42 8.56 4/3052 7044
10.63 10.42 8.56 3/3052 7063
10.63 10.42 8.56 7/3052 7082
10.63 10.42 8.56 3/3052 7101
10.74 10.45 8.58 8/3051 7120
10.74 10.45 8.58 3/3051 7139
10.74 10.45 8.58 3/3051 7158
10.74 10.45 8.58 4/3050 7177
10.74 10.45 8.58 5/3050 7196
10.60 10.42 8.58 6/3050 7215
10.60 10.42 8.58 3/3037 7234
10.60 10.42 8.58 4/3037 7253
10.60 10.42 8.58 8/3038 7276
10.60 10.42 8.58 7/3044 7302
10.39 10.38 8.58 4/3037 7322
10.39 10.38 8.58 7/3036 7341
10.39 10.38 8.58 5/3028 7360
10.39 10.38 8.58 4/3028 7379
10.39 10.38 8.58 6/3012 7399
10.36 10.38 8.59 5/3012 7418
10.36 10.38 8.59 4/3010 7437
10.36 10.38 8.59 3/3010 7456
10.36 10.38 8.59 3/3007 7475
10.36 10.38 8.59 4/3003 7495
10.33 10.37 8.59 4/3003 7514
10.33 10.37 8.59 5/3001 7533
10.33 10.37 8.59 3/2999 7552
10.33 10.37 8.59 7/2997 7573
10.33 10.37 8.59 6/2997 7592
10.14 10.33 8.59 4/2997 7611
10.14 10.33 8.59 7/2997 7630
10.14 10.33 8.59 17/2890 7649
10.14 10.33 8.59 7/2837 7669
10.14 10.33 8.59 4/2837 7688
10.37 10.37 8.61 7/2844 7715
10.37 10.37 8.61 5/2844 7735
10.37 10.37 8.61 20/2837 7755
10.37 10.37 8.61 3/2840 7781
10.37 10.37 8.61 4/2840 7800
10.18 10.34 8.61 6/2840 7819
10.18 10.34 8.61 4/2840 7838
10.18 10.34 8.61 8/2840 7857
10.18 10.34 8.61 4/2842 7880
10.18 10.34 8.61 6/2842 7899
9.93 10.28 8.60 2/2842 7918
9.93 10.28 8.60 7/2842 7937
9.93 10.28 8.60 4/2842 7958
9.93 10.28 8.60 5/2842 7977
9.93 10.28 8.60 5/2842 7996
10.09 10.31 8.62 6/2842 8015
10.09 10.31 8.62 8/2842 8034
10.09 10.31 8.62 6/2871 8094
10.09 10.31 8.62 6/2880 8139
10.09 10.31 8.62 2/2878 8159
9.93 10.27 8.62 6/2878 8178
9.93 10.27 8.62 4/2878 8197
9.93 10.27 8.62 18/2885 8228
9.93 10.27 8.62 7/2878 8250
9.93 10.27 8.62 5/2878 8278
10.09 10.30 8.64 5/2878 8297
10.09 10.30 8.64 5/2877 8316
10.09 10.30 8.64 4/2877 8335
10.09 10.30 8.64 4/2877 8354
10.09 10.30 8.64 5/2877 8373
10.16 10.31 8.65 5/2877 8392
10.16 10.31 8.65 4/2877 8411
10.16 10.31 8.65 6/2877 8430
10.16 10.31 8.65 7/2877 8449
10.16 10.31 8.65 8/2877 8468
10.07 10.29 8.65 4/2877 8487
10.07 10.29 8.65 3/2876 8507
10.07 10.29 8.65 2/2876 8526
10.07 10.29 8.65 3/2875 8547
10.07 10.29 8.65 7/2875 8566
9.91 10.25 8.65 3/2875 8585
9.91 10.25 8.65 4/2875 8604
9.91 10.25 8.65 5/2875 8623
9.91 10.25 8.65 6/2882 8650
9.91 10.25 8.65 9/2881 8676
9.83 10.23 8.65 5/2879 8695
9.83 10.23 8.65 3/2879 8714
9.83 10.23 8.65 7/2879 8734
9.83 10.23 8.65 7/2879 8753
9.83 10.23 8.65 6/2879 8772
9.85 10.23 8.66 9/2879 8794
9.85 10.23 8.66 5/2879 8813
9.85 10.23 8.66 3/2879 8832
9.85 10.23 8.66 4/2879 8853
9.85 10.23 8.66 3/2879 8872
9.94 10.24 8.67 5/2880 8892
9.94 10.24 8.67 4/2880 8911
9.94 10.24 8.67 4/2880 8930
9.94 10.24 8.67 6/2807 8951
9.94 10.24 8.67 28/2844 9037
11.39 10.53 8.77 7/2922 9164
11.39 10.53 8.77 17/2950 9218
11.39 10.53 8.77 6/2957 9246
11.39 10.53 8.77 3/2956 9265
11.39 10.53 8.77 1/2953 9286
11.03 10.47 8.76 3/2948 9308
11.03 10.47 8.76 5/2944 9329
11.03 10.47 8.76 2/2944 9348
11.03 10.47 8.76 4/2944 9369
11.03 10.47 8.76 6/2944 9396
10.63 10.40 8.75 2/2944 9434
10.63 10.40 8.75 5/2944 9469
10.63 10.40 8.75 5/2947 9491
10.63 10.40 8.75 4/2947 9510
10.63 10.40 8.75 7/2947 9529
10.26 10.33 8.73 6/2947 9549
10.26 10.33 8.73 2/2947 9568
10.26 10.33 8.73 4/2946 9587
