1731.19 5398.16
1732.13 5401.42
1733.11 5405.11
1734.12 5409.18
1735.11 5413.25
1736.12 5417.73
1737.11 5421.72
1738.12 5425.66
1739.11 5429.32
1740.11 5433.23
1741.12 5436.71
1742.12 5440.28
1743.12 5443.78
1744.12 5447.26
1745.12 5450.75
1746.12 5454.11
1747.12 5457.44
1748.12 5460.83
1749.13 5464.16
1750.11 5467.36
1751.12 5470.50
1752.12 5473.54
1753.12 5476.70
1754.12 5479.71
1755.12 5482.76
1756.11 5485.83
1757.11 5488.70
1758.12 5491.74
1759.12 5494.63
1760.12 5497.24
1761.11 5500.05
1762.13 5502.99
1763.12 5505.86
1764.11 5508.78
1765.12 5511.71
1766.12 5514.58
1767.12 5517.31
1768.11 5520.16
1769.12 5523.04
1770.12 5525.92
1771.12 5528.81
1772.12 5531.63
1773.12 5534.52
1774.12 5537.30
1775.13 5540.22
1776.12 5543.06
1777.13 5545.86
1778.12 5548.66
1779.13 5551.56
1780.11 5554.33
1781.12 5556.85
1782.12 5559.39
1783.13 5562.24
1784.13 5565.04
1785.12 5567.86
1786.17 5570.76
1787.12 5573.34
1788.14 5575.99
1789.12 5578.68
1790.12 5581.46
1791.13 5584.21
1792.13 5586.95
1793.12 5589.79
1794.12 5592.53
1795.12 5595.28
1796.11 5598.04
1797.12 5600.74
1798.12 5603.43
1799.13 5605.90
1800.13 5606.73
1801.12 5608.94
1802.12 5611.17
1803.12 5613.46
1804.12 5616.04
1805.12 5617.93
1806.12 5620.63
1807.17 5623.44
1808.13 5626.06
1809.13 5628.56
1810.14 5631.25
1811.13 5633.84
1812.12 5636.46
1813.17 5639.30
1814.12 5641.82
1815.12 5644.52
1816.12 5647.22
1817.12 5649.87
1818.11 5652.61
1819.13 5654.30
1820.12 5656.37
1821.11 5658.90
1822.12 5661.62
1823.12 5664.34
1824.12 5666.72
1825.13 5669.11
1826.12 5671.74
1827.13 5674.41
1828.12 5677.04
1829.11 5679.62
1830.12 5682.38
1831.12 5685.21
1832.12 5688.02
1833.12 5690.82
1834.13 5693.49
1835.12 5696.18
1836.12 5698.90
1837.12 5701.59
1838.13 5704.34
1839.12 5707.05
1840.12 5709.74
1841.12 5712.43
1842.13 5715.16
1843.12 5717.73
1844.12 5720.29
1845.16 5722.46
1846.13 5724.23
1847.12 5726.31
1848.12 5729.03
1849.13 5731.53
1850.12 5734.01
1851.13 5736.63
1852.11 5739.29
1853.12 5741.95
1854.12 5744.58
1855.16 5747.36
1856.12 5750.05
1857.12 5752.75
1858.12 5755.56
1859.12 5758.27
1860.13 5760.40
1861.13 5761.55
1862.15 5761.73
1863.12 5762.31
1864.13 5763.69
1865.12 5766.94
1866.13 5770.22
1867.13 5773.57
1868.13 5777.03
1869.13 5780.56
1870.12 5783.81
1871.12 5787.10
1872.12 5790.21
1873.13 5793.62
1874.12 5797.19
1875.12 5800.76
1876.12 5804.15
1877.13 5807.62
1878.12 5811.08
1879.13 5814.61
