10.25 8.69 5.37 3/3057 19256
10.25 8.69 5.37 6/3079 19328
10.25 8.69 5.37 4/3069 19349
10.23 8.71 5.39 2/3069 19368
10.23 8.71 5.39 2/3069 19389
10.23 8.71 5.39 1/3058 19412
10.23 8.71 5.39 4/3058 19431
10.23 8.71 5.39 2/3058 19452
9.89 8.66 5.39 3/3061 19474
9.89 8.66 5.39 8/3063 19500
9.89 8.66 5.39 6/3063 19527
9.89 8.66 5.39 3/3063 19546
9.89 8.66 5.39 3/3062 19565
9.58 8.62 5.40 5/3056 19584
9.58 8.62 5.40 1/3063 19611
9.58 8.62 5.40 2/3063 19631
9.58 8.62 5.40 6/3056 19651
9.58 8.62 5.40 6/3056 19670
9.62 8.64 5.42 3/3056 19689
9.62 8.64 5.42 6/3056 19708
9.62 8.64 5.42 4/3056 19727
9.62 8.64 5.42 5/3056 19746
9.62 8.64 5.42 7/3055 19767
9.81 8.70 5.46 8/3055 19786
9.81 8.70 5.46 3/3055 19805
9.81 8.70 5.46 5/3055 19824
9.81 8.70 5.46 3/3055 19843
9.81 8.70 5.46 3/3055 19862
9.50 8.65 5.46 5/3055 19882
9.50 8.65 5.46 6/3055 19901
9.50 8.65 5.46 5/3055 19920
9.50 8.65 5.46 6/3052 19939
9.50 8.65 5.46 9/3041 19958
9.62 8.69 5.49 4/3040 19977
9.62 8.69 5.49 7/3040 19996
9.62 8.69 5.49 3/3047 20022
9.62 8.69 5.49 5/3039 20042
9.62 8.69 5.49 6/3028 20064
9.49 8.68 5.50 5/3028 20087
9.49 8.68 5.50 6/3028 20115
9.49 8.68 5.50 7/3027 20134
9.49 8.68 5.50 11/3027 20153
9.49 8.68 5.50 5/3027 20172
9.37 8.67 5.52 10/3027 20191
9.37 8.67 5.52 5/3026 20210
9.37 8.67 5.52 5/3026 20229
9.37 8.67 5.52 6/3026 20248
9.37 8.67 5.52 4/3026 20267
9.26 8.66 5.53 5/3026 20286
9.26 8.66 5.53 2/3026 20305
9.26 8.66 5.53 8/3026 20325
9.26 8.66 5.53 9/3025 20344
9.26 8.66 5.53 6/3025 20365
9.32 8.68 5.56 8/3025 20384
9.32 8.68 5.56 6/3023 20403
9.32 8.68 5.56 5/3023 20422
9.32 8.68 5.56 4/3023 20441
9.32 8.68 5.56 9/3028 20468
9.54 8.74 5.59 2/3017 20489
9.54 8.74 5.59 3/3014 20508
9.54 8.74 5.59 7/3012 20527
9.54 8.74 5.59 2/3012 20546
9.54 8.74 5.59 5/3009 20566
9.25 8.69 5.59 3/3005 20585
9.25 8.69 5.59 6/3005 20604
9.25 8.69 5.59 6/3005 20623
9.25 8.69 5.59 2/3005 20642
9.25 8.69 5.59 5/3003 20663
9.23 8.69 5.61 5/3003 20682
9.23 8.69 5.61 7/3003 20701
9.23 8.69 5.61 11/3003 20720
9.23 8.69 5.61 4/3003 20739
9.23 8.69 5.61 5/3003 20758
9.61 8.78 5.66 4/3003 20778
9.61 8.78 5.66 2/3003 20797
9.61 8.78 5.66 6/3003 20816
9.61 8.78 5.66 9/3003 20835
9.61 8.78 5.66 7/3003 20854
9.81 8.84 5.69 4/3010 20881
9.81 8.84 5.69 10/3001 20900
9.81 8.84 5.69 4/2994 20920
9.81 8.84 5.69 7/2994 20939
9.81 8.84 5.69 8/2994 20961
9.74 8.84 5.71 7/2994 20980
9.74 8.84 5.71 11/2994 20999
9.74 8.84 5.71 3/2988 21018
9.74 8.84 5.71 4/2988 21038
9.74 8.84 5.71 7/2988 21057
9.44 8.79 5.71 5/3008 21106
9.44 8.79 5.71 5/3009 21130
9.44 8.79 5.71 4/3007 21149
9.44 8.79 5.71 8/3008 21169
9.44 8.79 5.71 7/2891 21201
9.49 8.81 5.73 10/2884 21220
9.49 8.81 5.73 5/2884 21239
9.49 8.81 5.73 6/2880 21261
9.49 8.81 5.73 4/2880 21280
9.49 8.81 5.73 3/2885 21306
9.37 8.80 5.75 5/2885 21335
9.37 8.80 5.75 5/2885 21358
9.37 8.80 5.75 8/2891 21385
9.37 8.80 5.75 9/2884 21405
9.37 8.80 5.75 4/2884 21424
9.50 8.84 5.78 11/2884 21443
9.50 8.84 5.78 2/2884 21462
9.50 8.84 5.78 4/2884 21481
9.50 8.84 5.78 6/2884 21500
9.50 8.84 5.78 6/2884 21519
9.46 8.84 5.79 4/2886 21540
9.46 8.84 5.79 4/2886 21560
9.46 8.84 5.79 7/2885 21579
9.46 8.84 5.79 7/2885 21598
9.46 8.84 5.79 6/2885 21619
9.18 8.79 5.79 7/2885 21638
9.18 8.79 5.79 5/2885 21657
9.18 8.79 5.79 5/2885 21676
9.18 8.79 5.79 4/2885 21695
9.18 8.79 5.79 7/2885 21714
9.49 8.86 5.83 3/2885 21734
9.49 8.86 5.83 6/2885 21753
9.49 8.86 5.83 4/2881 21772
9.49 8.86 5.83 6/2888 21800
9.49 8.86 5.83 2/2888 21820
9.53 8.88 5.86 6/2881 21841
9.53 8.88 5.86 5/2881 21860
9.53 8.88 5.86 3/2881 21879
9.53 8.88 5.86 6/2881 21898
9.53 8.88 5.86 6/2881 21919
9.49 8.88 5.87 3/2881 21939
9.49 8.88 5.87 4/2881 21958
9.49 8.88 5.87 6/2881 21977
9.49 8.88 5.87 2/2881 21996
9.49 8.88 5.87 4/2881 22016
9.45 8.89 5.89 6/2881 22035
9.45 8.89 5.89 3/2881 22054
9.45 8.89 5.89 6/2881 22073
9.45 8.89 5.89 3/2881 22092
9.45 8.89 5.89 6/2881 22111
9.81 8.97 5.93 5/2881 22130
9.81 8.97 5.93 4/2881 22149
9.81 8.97 5.93 2/2881 22168
9.81 8.97 5.93 4/2881 22187
9.75 8.97 5.95 2/2881 22220
9.75 8.97 5.95 3/2881 22239
10.17 9.07 6.00 7/2881 22258
