827.95 2739.70
828.89 2742.74
829.87 2746.31
830.88 2750.36
831.88 2754.38
832.88 2758.55
833.88 2762.79
834.87 2766.79
835.87 2770.59
836.88 2774.33
837.88 2777.73
838.86 2781.21
839.88 2784.81
840.88 2788.25
841.88 2791.64
842.87 2794.75
843.87 2798.00
844.88 2801.27
845.87 2804.55
846.87 2807.91
847.88 2811.26
848.87 2814.56
849.88 2817.84
850.87 2820.94
851.87 2824.12
852.88 2827.41
853.88 2830.59
854.87 2833.75
855.87 2836.82
856.88 2839.98
857.87 2843.11
858.88 2846.30
859.87 2849.44
860.87 2852.53
861.88 2855.67
862.88 2858.80
863.89 2861.60
864.88 2864.35
865.88 2867.35
866.88 2870.26
867.88 2873.32
868.88 2876.35
869.87 2879.37
870.88 2882.37
871.88 2885.36
872.88 2888.34
873.88 2891.32
874.88 2894.25
875.88 2897.14
876.88 2900.06
877.87 2903.02
878.88 2905.97
879.87 2908.88
880.88 2911.76
881.87 2914.79
882.88 2917.76
883.88 2920.74
884.88 2923.38
885.88 2925.79
886.88 2928.75
887.87 2931.63
888.88 2934.58
889.87 2937.47
890.87 2940.36
891.89 2943.26
892.88 2946.04
893.88 2948.92
894.87 2951.77
895.89 2954.43
896.88 2957.03
897.87 2959.34
898.89 2962.19
899.90 2964.95
900.88 2967.56
901.88 2970.48
902.88 2973.70
903.87 2976.55
904.88 2979.37
905.89 2981.77
906.89 2983.69
907.89 2986.05
908.89 2988.91
909.88 2991.52
910.89 2994.18
911.88 2996.85
912.89 2999.77
913.88 3002.59
914.88 3005.50
915.89 3007.91
916.89 3010.25
917.88 3013.00
918.94 3015.28
919.89 3016.16
920.88 3018.20
921.89 3020.42
922.88 3023.11
923.89 3026.00
924.89 3028.77
925.88 3031.30
926.89 3033.97
927.88 3036.44
928.88 3038.98
929.88 3041.76
930.89 3044.61
931.88 3047.34
932.88 3050.25
933.88 3053.11
934.89 3055.88
935.88 3058.66
936.88 3061.44
937.89 3064.32
938.88 3067.17
939.88 3069.98
940.89 3072.84
941.89 3075.70
942.89 3078.55
943.89 3081.42
944.88 3084.19
945.88 3086.78
946.89 3089.69
947.89 3092.50
948.88 3095.16
949.89 3097.68
950.89 3100.36
951.89 3103.15
952.89 3105.98
953.89 3108.83
954.89 3111.68
955.89 3114.20
956.89 3117.04
957.88 3119.94
958.89 3122.76
959.89 3125.64
960.89 3128.50
961.89 3131.37
962.89 3134.29
963.88 3137.14
964.89 3139.90
965.90 3142.73
966.88 3145.55
967.88 3148.47
968.90 3151.39
971.26 3157.60
972.95 3162.51
975.94 3171.28
