9.53 8.26 8.10 4/2911 31861
9.64 8.31 8.11 8/2984 31984
9.64 8.31 8.11 4/2982 32006
9.64 8.31 8.11 4/2989 32033
9.64 8.31 8.11 3/2988 32055
9.64 8.31 8.11 3/2971 32078
9.51 8.30 8.11 4/2971 32113
9.51 8.30 8.11 4/2971 32132
9.51 8.30 8.11 1/2974 32154
9.51 8.30 8.11 7/2976 32175
9.51 8.30 8.11 6/2976 32194
9.23 8.26 8.10 3/2976 32213
9.23 8.26 8.10 5/2975 32232
9.23 8.26 8.10 6/2974 32251
9.23 8.26 8.10 2/2974 32270
9.23 8.26 8.10 5/2974 32289
9.45 8.33 8.12 6/2974 32309
9.45 8.33 8.12 3/2973 32328
9.45 8.33 8.12 3/2974 32351
9.45 8.33 8.12 4/2974 32370
9.45 8.33 8.12 5/2974 32389
9.50 8.35 8.13 7/2974 32408
9.50 8.35 8.13 4/2973 32427
9.50 8.35 8.13 12/2973 32446
9.50 8.35 8.13 1/2980 32472
9.50 8.35 8.13 1/2980 32492
9.22 8.31 8.12 7/2973 32512
9.22 8.31 8.12 10/2973 32532
9.22 8.31 8.12 5/2973 32551
9.22 8.31 8.12 4/2973 32570
9.22 8.31 8.12 1/2973 32589
9.04 8.29 8.11 3/2973 32608
9.04 8.29 8.11 2/2973 32627
9.04 8.29 8.11 5/2969 32646
9.04 8.29 8.11 7/2969 32665
9.04 8.29 8.11 4/2969 32684
9.04 8.30 8.12 8/2969 32703
9.04 8.30 8.12 4/2969 32722
9.04 8.30 8.12 3/2967 32741
9.04 8.30 8.12 2/2967 32761
9.04 8.30 8.12 1/2967 472
8.79 8.27 8.11 1/2967 504
8.79 8.27 8.11 2/2967 524
8.79 8.27 8.11 1/2967 549
8.79 8.27 8.11 5/2966 583
8.79 8.27 8.11 7/2966 613
9.05 8.33 8.13 2/2973 763
9.05 8.33 8.13 6/2966 810
9.05 8.33 8.13 4/2966 850
9.05 8.33 8.13 4/2966 874
9.05 8.33 8.13 6/2966 933
8.97 8.32 8.13 1/2966 989
8.97 8.32 8.13 1/2965 1028
8.97 8.32 8.13 5/2965 1069
8.97 8.32 8.13 2/2965 1107
8.97 8.32 8.13 5/2965 1167
8.73 8.28 8.12 3/2965 1203
8.73 8.28 8.12 3/2964 1248
8.73 8.28 8.12 5/2963 1323
8.73 8.28 8.12 7/2959 1429
8.73 8.28 8.12 13/2959 1449
8.83 8.31 8.13 7/2957 1477
8.83 8.31 8.13 8/2957 1535
8.83 8.31 8.13 3/2952 1560
8.83 8.31 8.13 2/2950 1583
8.83 8.31 8.13 10/2950 1626
9.16 8.39 8.15 2/2950 1737
9.16 8.39 8.15 3/2957 1817
9.16 8.39 8.15 4/2954 1862
9.16 8.39 8.15 3/2947 1899
9.16 8.39 8.15 4/2947 1927
9.23 8.42 8.16 6/2947 1951
9.23 8.42 8.16 4/2947 2009
9.23 8.42 8.16 3/2947 2058
9.23 8.42 8.16 4/2947 2089
9.23 8.42 8.16 4/2947 2119
9.45 8.48 8.18 2/2947 2148
9.45 8.48 8.18 3/2947 2199
9.45 8.48 8.18 4/2947 2261
9.45 8.48 8.18 9/2947 2310
9.45 8.48 8.18 2/2947 2329
9.74 8.55 8.21 8/2947 2354
9.74 8.55 8.21 1/2947 2380
9.74 8.55 8.21 3/2947 2400
9.74 8.55 8.21 4/2947 2427
9.74 8.55 8.21 1/2947 2457
9.60 8.54 8.21 6/2948 2484
9.60 8.54 8.21 3/2948 2508
9.60 8.54 8.21 3/2954 2543
9.60 8.54 8.21 6/2955 2564
9.60 8.54 8.21 3/2948 2602
9.31 8.50 8.20 2/2948 2626
9.31 8.50 8.20 2/2948 2656
9.31 8.50 8.20 6/2948 2705
9.31 8.50 8.20 3/2948 2732
9.31 8.50 8.20 5/2948 2751
9.20 8.49 8.19 3/2948 2804
9.20 8.49 8.19 9/2948 2841
9.20 8.49 8.19 3/2948 2889
9.20 8.49 8.19 5/2948 2934
9.20 8.49 8.19 3/2948 2973
8.95 8.45 8.18 3/2948 3001
8.95 8.45 8.18 1/2948 3044
8.95 8.45 8.18 7/2948 3065
8.95 8.45 8.18 5/2948 3091
8.95 8.45 8.18 4/2948 3123
8.55 8.38 8.16 3/2948 3144
8.55 8.38 8.16 5/2948 3164
8.55 8.38 8.16 4/2948 3202
8.55 8.38 8.16 9/2947 3239
8.55 8.38 8.16 1/2954 3302
8.35 8.34 8.15 6/2947 3337
8.35 8.34 8.15 7/2947 3383
8.35 8.34 8.15 6/2947 3423
8.35 8.34 8.15 5/2947 3495
8.35 8.34 8.15 4/2947 3572
8.48 8.36 8.16 2/2947 3601
8.48 8.36 8.16 6/2947 3653
8.48 8.36 8.16 6/2947 3674
8.48 8.36 8.16 4/2947 3708
8.48 8.36 8.16 2/2947 3732
8.52 8.37 8.16 7/2946 3755
8.52 8.37 8.16 2/2947 3777
8.52 8.37 8.16 5/2947 3802
8.52 8.37 8.16 2/2947 3822
8.52 8.37 8.16 3/2947 3852
8.56 8.39 8.17 6/2947 3901
8.56 8.39 8.17 1/2947 3942
8.56 8.39 8.17 6/2949 3975
8.56 8.39 8.17 2/2949 4003
8.56 8.39 8.17 4/2949 4027
8.68 8.41 8.18 7/2956 4073
8.68 8.41 8.18 4/2895 4112
8.68 8.41 8.18 7/2910 4163
8.68 8.41 8.18 2/2903 4185
8.68 8.41 8.18 6/2903 4208
8.70 8.42 8.18 2/2903 4227
8.70 8.42 8.18 7/2903 4246
8.70 8.42 8.18 7/2899 4265
8.70 8.42 8.18 5/2899 4285
8.70 8.42 8.18 4/2899 4305
8.81 8.45 8.19 7/2899 4328
8.81 8.45 8.19 5/2899 4353
8.81 8.45 8.19 4/2939 4429
8.81 8.45 8.19 2/2938 4450
8.81 8.45 8.19 3/2938 4469
8.98 8.49 8.21 7/2938 4495
8.98 8.49 8.21 5/2938 4522
8.98 8.49 8.21 4/2934 4542
