25054.14 96166.56
25055.10 96169.65
25056.07 96173.19
25057.08 96177.17
25058.09 96181.09
25059.08 96185.34
25060.07 96189.45
25061.08 96193.49
25062.08 96197.37
25063.08 96201.20
25064.08 96204.69
25065.08 96208.29
25066.07 96211.89
25067.08 96215.47
25068.08 96219.00
25069.07 96222.61
25070.08 96226.42
25071.08 96230.12
25072.07 96233.79
25073.08 96237.55
25074.08 96241.26
25075.08 96245.04
25076.07 96248.79
25077.08 96252.39
25078.09 96256.20
25079.09 96259.56
25080.08 96263.04
25081.07 96266.73
25082.08 96270.44
25083.08 96274.17
25084.09 96277.96
25085.08 96281.61
25086.08 96285.32
25087.08 96288.95
25088.07 96292.69
25089.07 96296.42
25090.08 96300.17
25091.08 96303.85
25092.08 96307.63
25093.08 96311.28
25094.08 96315.03
25095.08 96318.72
25096.07 96322.38
25097.09 96326.11
25098.09 96329.70
25099.08 96333.43
25100.08 96336.89
25101.08 96340.22
25102.08 96343.84
25103.09 96347.55
25104.08 96351.15
25105.07 96354.83
25106.08 96358.46
25107.08 96362.14
25108.08 96365.88
25109.08 96369.44
25110.08 96373.10
25111.08 96376.69
25112.09 96380.37
25113.09 96384.10
25114.08 96387.67
25115.08 96391.37
25116.08 96395.05
25117.09 96398.60
25118.08 96402.24
25119.08 96405.83
25120.08 96409.38
25121.09 96412.88
25122.08 96416.08
25123.08 96419.60
25124.08 96423.28
25125.08 96426.91
25126.08 96430.58
25127.08 96434.17
25128.09 96437.82
25129.08 96441.50
25130.08 96445.12
25131.07 96448.71
25132.09 96452.39
25133.08 96455.94
25134.08 96459.51
25135.09 96463.10
25136.08 96466.70
25137.08 96470.28
25138.08 96473.84
25139.09 96477.50
25140.08 96481.07
25141.08 96484.61
25142.09 96488.25
25143.11 96491.57
25144.08 96494.82
25145.09 96498.44
25146.08 96501.98
25147.08 96505.47
25148.10 96509.17
25149.09 96512.72
25150.08 96516.29
25151.08 96519.79
25152.08 96523.31
25153.09 96526.97
25154.08 96530.54
25155.09 96534.14
25156.09 96537.75
25157.09 96541.16
25158.08 96544.72
25159.09 96548.31
25160.09 96551.87
25161.08 96555.40
25162.08 96558.88
25163.08 96562.42
25164.08 96565.74
25165.08 96568.91
25166.08 96572.40
25167.08 96575.91
25168.08 96579.44
25169.09 96583.02
25170.09 96586.51
25171.08 96589.90
25172.09 96593.46
25173.09 96596.89
25174.08 96600.29
25175.10 96603.76
25176.08 96607.16
25177.09 96610.61
25178.08 96613.97
25179.08 96617.53
25180.08 96620.86
25181.08 96624.15
25182.09 96627.60
25183.11 96631.18
25184.08 96634.63
25185.09 96637.97
25186.08 96639.56
25187.08 96642.62
25188.09 96646.12
25189.08 96649.59
25190.10 96653.07
25191.08 96656.43
25192.09 96659.98
25193.09 96663.50
25194.09 96666.95
25195.09 96670.50
25196.09 96673.98
25197.09 96676.62
25198.09 96680.07
25199.10 96683.60
25200.09 96686.97
25201.08 96690.19
25202.08 96693.58
