10.07 8.87 8.82 10/2917 31158
9.91 8.85 8.82 3/2937 31229
9.91 8.85 8.82 1/2927 31250
9.91 8.85 8.82 5/2927 31270
9.91 8.85 8.82 2/2926 31289
9.91 8.85 8.82 1/2916 31313
9.75 8.84 8.81 2/2916 31332
9.75 8.84 8.81 5/2919 31354
9.75 8.84 8.81 5/2921 31375
9.75 8.84 8.81 5/2922 31400
9.75 8.84 8.81 1/2922 31431
9.85 8.87 8.83 4/2922 31450
9.85 8.87 8.83 4/2921 31470
9.85 8.87 8.83 3/2920 31489
9.85 8.87 8.83 2/2920 31508
9.85 8.87 8.83 4/2927 31535
9.70 8.86 8.82 5/2927 31554
9.70 8.86 8.82 5/2920 31574
9.70 8.86 8.82 2/2922 31595
9.70 8.86 8.82 6/2922 31614
9.70 8.86 8.82 4/2922 31633
9.57 8.84 8.82 4/2922 31652
9.57 8.84 8.82 4/2921 31671
9.57 8.84 8.82 2/2921 31690
9.57 8.84 8.82 2/2921 31710
9.57 8.84 8.82 4/2921 31729
9.44 8.83 8.81 3/2921 31748
9.44 8.83 8.81 2/2921 31767
9.44 8.83 8.81 5/2921 31786
9.44 8.83 8.81 1/2921 31805
9.44 8.83 8.81 2/2921 31824
9.33 8.81 8.81 1/2918 31843
9.33 8.81 8.81 4/2912 31862
9.33 8.81 8.81 2/2912 31881
9.33 8.81 8.81 2/2912 31900
9.33 8.81 8.81 5/2912 31923
9.33 8.81 8.81 5/2910 31951
9.22 8.80 8.80 2/2912 31978
9.22 8.80 8.80 3/2905 31998
9.22 8.80 8.80 4/2904 32017
9.22 8.80 8.80 4/2904 32036
8.96 8.75 8.79 3/2904 32055
8.96 8.75 8.79 1/2904 32074
8.96 8.75 8.79 3/2904 32093
8.96 8.75 8.79 3/2903 32112
8.96 8.75 8.79 1/2903 32131
8.96 8.75 8.79 5/2903 32150
8.72 8.71 8.77 2/2903 32169
8.72 8.71 8.77 3/2903 32189
8.72 8.71 8.77 1/2903 32208
8.72 8.71 8.77 3/2903 32227
8.72 8.71 8.77 3/2902 32246
8.91 8.75 8.79 2/2902 32265
8.91 8.75 8.79 1/2902 32284
8.91 8.75 8.79 6/2902 32303
8.91 8.75 8.79 1/2902 32322
8.91 8.75 8.79 4/2902 32341
8.75 8.72 8.78 2/2900 32360
8.75 8.72 8.78 7/2904 32387
8.75 8.72 8.78 1/2899 32408
8.75 8.72 8.78 5/2892 32430
8.75 8.72 8.78 10/2891 32449
9.17 8.81 8.80 5/2888 32468
9.17 8.81 8.80 6/2883 32487
9.17 8.81 8.80 3/2883 32506
9.17 8.81 8.80 4/2883 32525
9.17 8.81 8.80 2/2883 32544
9.08 8.79 8.80 7/2883 32563
9.08 8.79 8.80 3/2881 32582
9.08 8.79 8.80 2/2881 32601
9.08 8.79 8.80 3/2881 32620
9.08 8.79 8.80 3/2881 32640
9.15 8.81 8.81 7/2881 32659
9.15 8.81 8.81 1/2881 32678
9.15 8.81 8.81 4/2881 32697
9.15 8.81 8.81 4/2881 32716
9.15 8.81 8.81 4/2881 32735
8.90 8.77 8.79 5/2880 32754
8.90 8.77 8.79 4/2880 364
8.90 8.77 8.79 2/2887 488
8.90 8.77 8.79 6/2885 509
8.90 8.77 8.79 6/2878 540
8.91 8.77 8.79 1/2878 571
8.91 8.77 8.79 3/2878 601
8.91 8.77 8.79 5/2878 718
8.91 8.77 8.79 4/2878 756
8.91 8.77 8.79 2/2878 793
9.96 8.99 8.86 4/2878 845
9.96 8.99 8.86 2/2879 882
9.96 8.99 8.86 7/2879 959
9.96 8.99 8.86 4/2879 995
9.96 8.99 8.86 4/2879 1043
10.20 9.06 8.89 4/2879 1073
10.20 9.06 8.89 2/2879 1139
10.20 9.06 8.89 1/2879 1181
10.20 9.06 8.89 6/2879 1237
10.20 9.06 8.89 7/2879 1380
10.75 9.19 8.93 4/2879 1422
10.75 9.19 8.93 3/2879 1446
10.75 9.19 8.93 4/2879 1477
10.75 9.19 8.93 6/2879 1520
10.75 9.19 8.93 4/2886 1564
10.93 9.25 8.95 7/2879 1601
10.93 9.25 8.95 4/2879 1659
10.93 9.25 8.95 7/2879 1705
10.93 9.25 8.95 5/2879 1777
10.93 9.25 8.95 5/2879 1812
10.53 9.20 8.94 5/2879 1837
10.53 9.20 8.94 4/2879 1874
10.53 9.20 8.94 4/2879 1901
10.53 9.20 8.94 5/2880 1957
10.53 9.20 8.94 5/2880 1999
10.17 9.14 8.92 6/2880 2031
10.17 9.14 8.92 1/2880 2072
10.17 9.14 8.92 4/2880 2115
10.17 9.14 8.92 3/2880 2152
10.17 9.14 8.92 7/2883 2199
12.08 9.56 9.06 9/2883 2266
12.08 9.56 9.06 4/2883 2306
12.08 9.56 9.06 4/2883 2339
12.08 9.56 9.06 4/2883 2371
12.08 9.56 9.06 2/2883 2400
11.75 9.53 9.05 6/2890 2458
11.75 9.53 9.05 4/2890 2483
11.75 9.53 9.05 3/2883 2523
11.75 9.53 9.05 2/2883 2566
11.75 9.53 9.05 2/2883 2589
11.53 9.52 9.05 2/2883 2609
11.53 9.52 9.05 4/2883 2647
11.53 9.52 9.05 4/2883 2677
11.53 9.52 9.05 9/2883 2711
11.53 9.52 9.05 5/2886 2753
11.33 9.51 9.05 3/2886 2785
11.33 9.51 9.05 4/2886 2848
11.33 9.51 9.05 8/2886 2879
11.33 9.51 9.05 4/2886 2924
11.33 9.51 9.05 6/2886 2946
10.98 9.47 9.04 2/2886 2975
10.98 9.47 9.04 8/2886 3000
10.98 9.47 9.04 4/2886 3041
10.98 9.47 9.04 6/2886 3064
10.98 9.47 9.04 5/2886 3099
10.82 9.46 9.04 6/2886 3120
10.82 9.46 9.04 6/2892 3150
10.82 9.46 9.04 2/2893 3179
10.82 9.46 9.04 9/2886 3220
10.82 9.46 9.04 8/2886 3253
10.68 9.45 9.04 7/2886 3329
10.68 9.45 9.04 2/2886 3359
10.68 9.45 9.04 2/2886 3433
10.68 9.45 9.04 3/2886 3523
10.68 9.45 9.04 4/2886 3571
10.38 9.41 9.02 1/2886 3610
10.38 9.41 9.02 3/2886 3637
10.38 9.41 9.02 5/2886 3675
10.38 9.41 9.02 3/2886 3707
10.38 9.41 9.02 3/2886 3745
10.03 9.36 9.01 5/2886 3769
10.03 9.36 9.01 6/2886 3788
10.03 9.36 9.01 4/2886 3821
10.03 9.36 9.01 3/2886 3855
10.03 9.36 9.01 5/2881 3899
9.87 9.33 9.00 4/2881 3934
9.87 9.33 9.00 3/2881 3977
9.87 9.33 9.00 6/2881 4000
9.87 9.33 9.00 11/2888 4029
9.87 9.33 9.00 6/2881 4057
10.20 9.41 9.03 4/2881 4087
10.20 9.41 9.03 4/2881 4115
10.20 9.41 9.03 3/2881 4135
10.20 9.41 9.03 5/2881 4154
10.20 9.41 9.03 11/2881 4177
9.86 9.35 9.01 4/2881 4201
9.86 9.35 9.01 4/2881 4228
9.86 9.35 9.01 2/2881 4248
9.86 9.35 9.01 2/2881 4272
9.86 9.35 9.01 5/2881 4292
9.79 9.35 9.01 6/2881 4315
9.79 9.35 9.01 3/2881 4336
9.79 9.35 9.01 4/2881 4355
9.79 9.35 9.01 5/2881 4375
9.79 9.35 9.01 4/2881 4395
9.81 9.36 9.02 8/2881 4417
9.81 9.36 9.02 3/2881 4440
9.81 9.36 9.02 2/2881 4460
9.81 9.36 9.02 4/2881 4486
9.81 9.36 9.02 2/2888 4516
9.99 9.40 9.03 4/2888 4535
9.99 9.40 9.03 5/2906 4580
9.99 9.40 9.03 6/2906 4601
9.99 9.40 9.03 10/2906 4623
9.99 9.40 9.03 5/2906 4642
10.07 9.43 9.04 4/2906 4661
10.07 9.43 9.04 6/2906 4680
10.07 9.43 9.04 4/2906 4699
10.07 9.43 9.04 6/2893 4723
10.07 9.43 9.04 5/2893 4745
9.98 9.42 9.04 4/2893 4768
9.98 9.42 9.04 6/2893 4795
9.98 9.42 9.04 4/2893 4819
9.98 9.42 9.04 9/2893 4838
9.98 9.42 9.04 4/2893 4860
9.74 9.38 9.03 4/2893 4884
9.74 9.38 9.03 2/2893 4903
9.74 9.38 9.03 5/2893 4922
9.74 9.38 9.03 1/2893 4941
9.74 9.38 9.03 2/2893 4962
9.52 9.34 9.02 2/2893 4982
9.52 9.34 9.02 7/2894 5009
9.52 9.34 9.02 6/2887 5030
9.52 9.34 9.02 4/2887 5052
9.52 9.34 9.02 4/2887 5073
9.24 9.29 9.00 6/2880 5093
9.24 9.29 9.00 3/2880 5114
9.24 9.29 9.00 4/2880 5133
9.24 9.29 9.00 7/2880 5157
9.24 9.29 9.00 7/2880 5186
9.30 9.30 9.01 4/2880 5213
9.30 9.30 9.01 5/2880 5232
9.30 9.30 9.01 4/2880 5252
9.30 9.30 9.01 3/2880 5271
9.30 9.30 9.01 5/2880 5292
9.36 9.31 9.02 5/2880 5312
9.36 9.31 9.02 4/2880 5332
9.36 9.31 9.02 4/2880 5352
9.36 9.31 9.02 2/2880 5372
9.36 9.31 9.02 4/2880 5392
9.57 9.36 9.03 2/2880 5413
9.57 9.36 9.03 4/2880 5432
9.57 9.36 9.03 2/2887 5463
9.57 9.36 9.03 8/2940 5558
9.57 9.36 9.03 4/2963 5603
9.28 9.30 9.02 2/2962 5623
9.28 9.30 9.02 3/2961 5642
9.28 9.30 9.02 3/2961 5661
9.28 9.30 9.02 5/2957 5681
9.28 9.30 9.02 5/2957 5700
9.34 9.31 9.02 8/2957 5719
9.34 9.31 9.02 3/2957 5739
9.34 9.31 9.02 3/2957 5759
9.34 9.31 9.02 3/2957 5779
9.34 9.31 9.02 2/2958 5800
9.39 9.32 9.03 4/2958 5819
9.39 9.32 9.03 3/2958 5838
9.39 9.32 9.03 4/2958 5858
9.39 9.32 9.03 6/2887 5881
9.39 9.32 9.03 2/2930 5973
9.20 9.28 9.01 9/2930 5993
9.20 9.28 9.01 5/2934 6018
