10312.23 35687.83
10313.20 35690.96
10314.15 35694.57
10315.15 35698.74
10316.15 35702.99
10317.15 35707.47
10318.16 35711.76
10319.16 35715.55
10320.15 35719.62
10321.16 35723.43
10322.16 35727.09
10323.16 35730.80
10324.15 35734.33
10325.19 35738.14
10326.15 35741.52
10327.15 35745.00
10328.15 35748.32
10329.16 35751.76
10330.15 35755.34
10331.16 35759.05
10332.16 35762.61
10333.16 35766.38
10334.16 35770.15
10335.15 35773.80
10336.15 35777.51
10337.16 35781.24
10338.15 35784.96
10339.16 35788.79
10340.16 35792.45
10341.16 35796.20
10342.15 35799.81
10343.16 35803.54
10344.16 35807.22
10345.16 35810.91
10346.16 35814.59
10347.16 35818.29
10348.16 35821.96
10349.15 35825.38
10350.16 35828.84
10351.16 35832.49
10352.15 35836.18
10353.16 35840.00
10354.15 35843.62
10355.15 35847.29
10356.16 35851.01
10357.16 35854.69
10358.16 35858.39
10359.15 35862.04
10360.15 35865.73
10361.15 35869.39
10362.16 35872.97
10363.15 35876.67
10364.16 35880.38
10365.15 35884.04
10366.15 35887.77
10367.16 35891.42
10368.15 35895.07
10369.16 35898.77
10370.15 35902.25
10371.16 35905.64
10372.16 35909.07
10373.16 35912.69
10374.15 35916.35
10375.15 35919.92
10376.16 35923.64
10377.16 35927.29
10378.15 35930.88
10379.16 35934.60
10380.16 35938.25
10381.15 35941.83
10382.15 35945.41
10383.16 35949.05
10384.16 35952.63
10385.16 35956.25
10386.16 35959.80
10387.15 35963.52
10388.16 35967.20
10389.16 35970.72
10390.16 35974.35
10391.15 35977.92
10392.15 35981.11
10393.15 35984.48
10394.16 35988.04
10395.15 35991.55
10396.15 35995.07
10397.16 35998.64
10398.16 36002.23
10399.16 36005.79
10400.16 36009.32
10401.16 36012.93
10402.15 36016.37
10403.16 36020.00
10404.16 36023.57
10405.16 36026.98
10406.16 36030.52
10407.16 36033.98
10408.16 36037.48
10409.16 36041.04
10410.15 36044.53
10411.16 36048.06
10412.15 36051.51
10413.16 36054.81
10414.17 36058.08
10415.16 36061.54
10416.16 36065.07
10417.15 36068.55
10418.15 36071.99
10419.17 36075.60
10420.16 36079.11
10421.17 36082.77
10422.16 36086.21
10423.15 36089.64
10424.16 36093.16
10425.17 36096.77
10426.16 36100.24
10427.16 36103.71
10428.17 36107.14
10429.17 36110.31
10430.16 36113.79
10431.16 36116.56
10432.16 36119.83
10433.16 36123.03
10434.17 36126.16
10435.16 36129.15
10436.16 36132.47
10437.16 36135.87
10438.16 36139.38
10439.16 36142.72
10440.16 36145.92
10441.17 36149.43
10442.17 36152.73
10443.16 36155.98
10444.17 36159.42
10445.17 36162.86
10446.16 36166.25
10447.16 36169.59
10448.15 36172.93
10449.16 36176.38
10450.16 36179.74
10451.16 36183.15
10452.16 36186.44
10453.17 36189.81
10454.16 36193.20
10455.16 36196.45
10456.15 36199.33
10457.16 36202.59
10458.16 36205.93
10459.16 36209.31
10460.17 36212.76
10461.16 36216.20
10462.17 36219.60
10463.16 36222.87
10464.17 36226.22
10465.16 36229.65
10466.17 36232.96
10467.17 36236.29
10468.17 36239.62
10469.15 36242.86
10470.16 36246.27
10471.16 36249.51
10472.17 36252.75
10473.16 36256.08
10474.16 36259.17
10475.16 36262.39
10476.17 36265.70
10477.17 36268.68
10478.17 36271.67
10479.16 36274.94
10480.16 36278.19
10481.16 36281.59
10482.16 36284.74
10483.17 36288.10
10484.16 36291.38
10485.16 36294.63
10486.16 36298.02
10487.17 36301.24
10488.16 36304.44
10489.16 36307.77
10490.16 36310.97
10491.16 36314.24
10492.16 36317.40
10493.17 36320.61
10494.17 36323.88
10495.17 36327.05
10496.17 36330.24
10497.16 36333.44
10498.16 36336.38
10499.16 36339.22
10500.17 36342.26
10501.16 36345.43
10502.17 36348.74
10503.16 36351.80
10504.17 36354.93
10505.17 36358.23
10506.16 36361.39
10507.17 36364.60
10508.17 36367.86
10509.17 36371.02
10510.16 36374.21
10511.17 36377.44
10512.16 36380.43
10513.16 36383.66
10514.17 36386.85
10515.16 36389.88
10516.17 36393.05
10517.17 36396.15
10518.16 36399.37
10519.16 36402.51
10520.16 36405.31
10521.16 36408.23
10522.16 36411.26
10523.16 36414.44
10524.17 36417.63
10525.17 36420.77
10526.17 36424.00
10527.17 36427.03
10528.16 36430.04
10529.16 36433.32
10530.16 36436.48
10531.16 36439.58
10532.17 36442.74
10533.16 36445.84
10534.17 36449.03
10535.16 36452.06
10536.17 36455.04
10537.17 36458.22
10538.17 36461.30
10539.17 36464.38
10540.17 36467.61
10541.18 36470.40
10542.18 36471.67
10543.17 36473.79
10544.16 36476.54
10545.16 36479.75
10546.16 36482.92
10547.17 36485.92
10548.17 36489.07
10549.16 36492.00
10550.17 36495.14
10551.16 36497.96
10552.16 36500.90
10553.17 36503.93
10554.17 36507.03
10555.17 36509.92
10556.17 36512.95
10557.17 36515.31
10558.16 36516.28
10559.17 36519.25
10560.16 36521.00
