10.22 9.39 7.10 4/3146 17024
10.22 9.39 7.10 1/3173 17092
10.22 9.39 7.10 1/3172 17127
10.22 9.39 7.10 2/3172 17146
9.96 9.35 7.10 2/3171 17165
9.96 9.35 7.10 1/3160 17189
9.96 9.35 7.10 5/3160 17208
9.96 9.35 7.10 4/3160 17227
9.96 9.35 7.10 3/3163 17249
9.89 9.34 7.11 10/3186 17295
9.89 9.34 7.11 5/3186 17322
9.89 9.34 7.11 1/3186 17341
9.89 9.34 7.11 1/3185 17360
9.89 9.34 7.11 3/3184 17379
9.65 9.30 7.11 8/3184 17398
9.65 9.30 7.11 4/3183 17419
9.65 9.30 7.11 1/3183 17439
9.65 9.30 7.11 11/3183 17458
9.65 9.30 7.11 5/3183 17477
10.08 9.40 7.16 5/3183 17496
10.08 9.40 7.16 2/3183 17515
10.08 9.40 7.16 2/3183 17534
10.08 9.40 7.16 4/3189 17561
10.08 9.40 7.16 4/3189 17580
9.84 9.36 7.15 2/3182 17600
9.84 9.36 7.15 15/3182 17619
9.84 9.36 7.15 3/3182 17638
9.84 9.36 7.15 3/3182 17657
9.84 9.36 7.15 4/3182 17677
9.77 9.35 7.16 3/3182 17696
9.77 9.35 7.16 11/3182 17717
9.77 9.35 7.16 3/3181 17736
9.77 9.35 7.16 4/3171 17755
9.77 9.35 7.16 6/3167 17775
9.47 9.29 7.16 1/3167 17794
9.47 9.29 7.16 3/3167 17813
9.47 9.29 7.16 3/3167 17832
9.47 9.29 7.16 6/3163 17851
9.47 9.29 7.16 4/3161 17882
9.19 9.24 7.15 2/3161 17901
9.19 9.24 7.15 5/3161 17921
9.19 9.24 7.15 7/3162 17941
9.19 9.24 7.15 4/3162 17960
9.19 9.24 7.15 6/3161 17981
9.41 9.29 7.18 2/3165 18006
9.41 9.29 7.18 5/3158 18028
9.41 9.29 7.18 3/3158 18047
9.41 9.29 7.18 5/3158 18066
9.41 9.29 7.18 8/3158 18085
9.38 9.28 7.19 7/3158 18104
9.38 9.28 7.19 4/3158 18123
9.38 9.28 7.19 6/3158 18143
9.38 9.28 7.19 6/3157 18162
9.38 9.28 7.19 8/3157 18181
9.19 9.24 7.19 3/3155 18200
9.19 9.24 7.19 4/3155 18219
9.19 9.24 7.19 2/3155 18238
9.19 9.24 7.19 5/3152 18257
9.19 9.24 7.19 4/3151 18276
9.09 9.22 7.19 6/3146 18295
9.09 9.22 7.19 4/3141 18316
9.09 9.22 7.19 4/3141 18335
9.09 9.22 7.19 5/3138 18354
9.09 9.22 7.19 6/3134 18374
8.85 9.17 7.18 3/3134 18393
8.85 9.17 7.18 6/3139 18420
8.85 9.17 7.18 2/3132 18440
8.85 9.17 7.18 7/3130 18459
8.85 9.17 7.18 5/3130 18478
8.78 9.15 7.19 5/3130 18497
8.78 9.15 7.19 4/3130 18516
8.78 9.15 7.19 8/3130 18535
8.78 9.15 7.19 4/3130 18554
8.78 9.15 7.19 8/3130 18573
8.64 9.11 7.19 4/3130 18593
8.64 9.11 7.19 8/3130 18614
8.64 9.11 7.19 10/3130 18633
8.64 9.11 7.19 2/3130 18652
8.64 9.11 7.19 5/3130 18671
8.83 9.14 7.21 5/3130 18690
8.83 9.14 7.21 5/3130 18709
8.83 9.14 7.21 5/3130 18728
8.83 9.14 7.21 2/3130 18747
8.83 9.14 7.21 5/3130 18766
9.16 9.21 7.24 3/3130 18785
9.16 9.21 7.24 4/3130 18805
9.16 9.21 7.24 3/3137 18831
9.16 9.21 7.24 5/3137 18851
9.16 9.21 7.24 8/3130 18871
8.99 9.17 7.24 2/3130 18890
8.99 9.17 7.24 6/3130 18911
8.99 9.17 7.24 4/3130 18930
8.99 9.17 7.24 2/3132 18951
8.99 9.17 7.24 10/3138 18979
9.07 9.19 7.25 2/3138 18998
9.07 9.19 7.25 6/3138 19020
9.07 9.19 7.25 5/3138 19039
9.07 9.19 7.25 5/3138 19059
9.07 9.19 7.25 4/3138 19090
8.82 9.13 7.25 11/3138 19109
8.82 9.13 7.25 8/3138 19128
8.82 9.13 7.25 3/3138 19147
8.82 9.13 7.25 2/3138 19166
8.82 9.13 7.25 7/3138 19185
8.60 9.08 7.24 2/3138 19204
8.60 9.08 7.24 9/3138 19225
8.60 9.08 7.24 5/3138 19244
8.60 9.08 7.24 5/3138 19263
8.60 9.08 7.24 11/3071 19291
9.43 9.25 7.30 4/2919 19314
9.43 9.25 7.30 5/2919 19333
9.43 9.25 7.30 8/2919 19352
9.43 9.25 7.30 5/2919 19371
9.43 9.25 7.30 8/2919 19390
9.80 9.32 7.34 2/2921 19412
9.80 9.32 7.34 12/2921 19431
9.80 9.32 7.34 3/2921 19450
9.80 9.32 7.34 7/2921 19469
9.80 9.32 7.34 4/2921 19488
9.65 9.30 7.34 5/2921 19507
9.65 9.30 7.34 6/2921 19529
9.65 9.30 7.34 3/2921 19548
9.65 9.30 7.34 5/2921 19567
9.65 9.30 7.34 3/2921 19586
9.68 9.31 7.36 6/2921 19605
9.68 9.31 7.36 4/2921 19624
9.68 9.31 7.36 3/2921 19643
9.68 9.31 7.36 4/2921 19662
9.68 9.31 7.36 5/2921 19681
9.38 9.26 7.35 1/2928 19708
9.38 9.26 7.35 3/2928 19727
9.38 9.26 7.35 9/2921 19748
9.38 9.26 7.35 4/2921 19767
9.38 9.26 7.35 4/2921 19786
9.35 9.25 7.36 6/2922 19806
9.35 9.25 7.36 4/2922 19827
9.35 9.25 7.36 4/2922 19846
9.35 9.25 7.36 2/2922 19865
9.35 9.25 7.36 6/2922 19884
9.41 9.27 7.37 5/2922 19903
9.41 9.27 7.37 2/2922 19922
9.41 9.27 7.37 6/2922 19941
9.41 9.27 7.37 9/2922 19960
9.41 9.27 7.37 9/2922 19979
9.21 9.23 7.37 5/2922 19998
9.21 9.23 7.37 5/2921 20018
9.21 9.23 7.37 7/2943 20062
9.21 9.23 7.37 6/2951 20090
9.21 9.23 7.37 6/2951 20109
