1367.53 4704.35
1368.47 4707.44
1369.46 4710.71
1370.46 4714.78
1371.46 4718.85
1372.44 4723.12
1373.45 4727.59
1374.45 4731.52
1375.45 4735.38
1376.46 4739.48
1377.46 4742.87
1378.46 4746.55
1379.46 4750.13
1380.46 4753.67
1381.45 4757.26
1382.45 4760.78
1383.46 4764.19
1384.45 4767.61
1385.46 4771.02
1386.45 4774.40
1387.46 4777.87
1388.46 4781.29
1389.46 4784.53
1390.45 4787.51
1391.46 4790.68
1392.46 4793.89
1393.49 4797.36
1394.47 4800.66
1395.45 4803.88
1396.46 4807.29
1397.45 4810.63
1398.46 4813.97
1399.45 4817.28
1400.46 4820.66
1401.45 4824.06
1402.46 4827.41
1403.45 4830.73
1404.45 4834.01
1405.46 4837.32
1406.45 4840.65
1407.46 4843.99
1408.46 4847.22
1409.46 4850.46
1410.46 4853.71
1411.46 4856.74
1412.45 4859.72
1413.45 4862.99
1414.46 4866.35
1415.45 4869.63
1416.46 4873.00
1417.45 4876.33
1418.46 4879.59
1419.46 4882.87
1420.46 4886.17
1421.45 4889.49
1422.45 4892.82
1423.46 4896.05
1424.45 4899.35
1425.46 4902.67
1426.45 4905.92
1427.46 4909.26
1428.45 4912.46
1429.46 4915.75
1430.45 4918.97
1431.46 4922.20
1432.45 4925.31
1433.46 4928.23
1434.46 4931.34
1435.46 4934.55
1436.45 4937.69
1437.46 4940.97
1438.45 4944.27
1439.46 4947.40
1440.45 4950.64
1441.46 4953.77
1442.46 4957.19
1443.45 4960.54
1444.46 4963.68
1445.46 4966.86
1446.45 4970.08
1447.46 4973.12
1448.45 4976.34
1449.45 4979.45
1450.46 4982.64
1451.46 4985.85
1452.51 4988.99
1453.46 4991.71
1454.46 4994.33
1455.46 4997.13
1456.46 5000.39
1457.45 5003.50
1458.45 5006.66
1459.46 5009.71
1460.45 5012.60
1461.45 5015.77
1462.45 5018.84
1463.46 5021.95
1464.46 5025.05
1465.47 5028.15
1466.46 5031.22
1467.45 5034.43
1468.46 5037.59
1469.45 5040.67
1470.46 5043.71
1471.45 5046.77
1472.45 5049.97
1473.46 5053.07
1474.46 5056.16
1475.50 5058.30
1476.46 5059.19
1477.46 5062.08
1478.46 5065.13
1479.46 5067.69
1480.45 5070.84
1481.46 5073.18
1482.45 5076.14
1483.46 5079.25
1484.46 5082.21
1485.47 5085.39
1486.46 5088.24
1487.46 5091.25
1488.46 5094.39
1489.46 5097.39
1490.46 5100.41
1491.46 5103.44
1492.46 5106.41
1493.47 5109.63
1494.52 5112.82
1495.46 5115.65
1496.45 5118.43
1497.46 5121.17
1498.46 5124.07
1499.47 5127.19
1500.46 5130.22
1501.47 5133.19
1502.46 5136.18
1503.45 5139.17
1504.45 5142.27
1505.47 5145.23
1506.45 5148.22
1507.46 5151.39
1508.46 5154.32
1509.45 5157.37
1510.46 5160.31
1511.47 5163.28
1512.46 5166.27
1513.47 5168.20
1514.46 5170.70
1515.47 5173.76
