10.65 10.58 9.63 4/2975 1520
10.65 10.58 9.63 4/3004 1650
10.65 10.58 9.63 5/3002 1734
10.43 10.54 9.62 4/3002 1796
10.43 10.54 9.62 11/3001 1841
10.43 10.54 9.62 3/3001 1866
10.43 10.54 9.62 3/3001 1902
10.43 10.54 9.62 2/3001 1931
10.48 10.54 9.63 5/3004 1969
10.48 10.54 9.63 6/3005 2009
10.48 10.54 9.63 3/3005 2072
10.48 10.54 9.63 5/3005 2129
10.48 10.54 9.63 8/3004 2156
10.36 10.52 9.63 6/3002 2205
10.36 10.52 9.63 5/3002 2237
10.36 10.52 9.63 3/3002 2267
10.36 10.52 9.63 4/3002 2291
10.36 10.52 9.63 5/3002 2327
10.41 10.53 9.63 4/3002 2362
10.41 10.53 9.63 3/3003 2385
10.41 10.53 9.63 2/3003 2425
10.41 10.53 9.63 4/3003 2451
10.41 10.53 9.63 3/3002 2479
10.14 10.47 9.62 2/3002 2502
10.14 10.47 9.62 9/3001 2527
10.14 10.47 9.62 1/2996 2547
10.14 10.47 9.62 4/2993 2586
10.14 10.47 9.62 2/2993 2624
10.29 10.49 9.63 4/2993 2667
10.29 10.49 9.63 5/2993 2698
10.29 10.49 9.63 5/2989 2764
10.29 10.49 9.63 9/2987 2797
10.29 10.49 9.63 10/2986 2864
10.18 10.47 9.63 12/2987 2931
10.18 10.47 9.63 7/2987 2952
10.18 10.47 9.63 7/2986 2983
10.18 10.47 9.63 5/2986 3011
10.18 10.47 9.63 4/2986 3030
10.33 10.50 9.64 6/2986 3075
10.33 10.50 9.64 12/2986 3098
10.33 10.50 9.64 5/2986 3132
10.33 10.50 9.64 10/2986 3181
10.33 10.50 9.64 5/2986 3269
10.22 10.47 9.64 5/2992 3310
10.22 10.47 9.64 3/2991 3333
10.22 10.47 9.64 5/2989 3368
10.22 10.47 9.64 4/2989 3412
10.22 10.47 9.64 5/2989 3453
10.29 10.48 9.65 4/2994 3564
10.29 10.48 9.65 6/2994 3591
10.29 10.48 9.65 5/2994 3620
10.29 10.48 9.65 6/2993 3663
10.29 10.48 9.65 3/2993 3706
10.82 10.59 9.69 11/2993 3739
10.82 10.59 9.69 8/2993 3771
10.82 10.59 9.69 5/2993 3802
10.82 10.59 9.69 5/2992 3824
10.82 10.59 9.69 10/2989 3847
10.76 10.58 9.69 11/2987 3869
10.76 10.58 9.69 4/2985 3888
10.76 10.58 9.69 8/2982 3907
10.76 10.58 9.69 4/2963 3930
10.76 10.58 9.69 8/2959 3950
11.42 10.72 9.74 9/2957 3979
11.42 10.72 9.74 8/2957 4010
11.42 10.72 9.74 4/2955 4043
11.42 10.72 9.74 7/2955 4075
11.42 10.72 9.74 3/2956 4105
11.14 10.67 9.73 5/2956 4136
11.14 10.67 9.73 7/2957 4196
11.14 10.67 9.73 11/2957 4221
11.14 10.67 9.73 2/2958 4244
11.14 10.67 9.73 4/2958 4264
11.45 10.75 9.76 7/2958 4289
11.45 10.75 9.76 6/2958 4311
11.45 10.75 9.76 6/2958 4336
11.45 10.75 9.76 9/2959 4361
11.45 10.75 9.76 14/2896 4388
11.58 10.78 9.77 6/2850 4417
11.58 10.78 9.77 4/2850 4440
11.58 10.78 9.77 5/2850 4461
11.58 10.78 9.77 7/2850 4482
11.58 10.78 9.77 7/2851 4502
11.29 10.74 9.76 5/2851 4533
11.29 10.74 9.76 6/2851 4560
11.29 10.74 9.76 6/2851 4579
11.29 10.74 9.76 6/2851 4605
11.29 10.74 9.76 4/2851 4627
11.83 10.86 9.81 8/2851 4651
11.83 10.86 9.81 18/2851 4675
11.83 10.86 9.81 10/2852 4695
11.83 10.86 9.81 10/2852 4722
11.83 10.86 9.81 4/2852 4742
11.68 10.84 9.81 5/2852 4761
11.68 10.84 9.81 4/2829 4786
11.68 10.84 9.81 9/2829 4805
11.68 10.84 9.81 2/2829 4825
11.68 10.84 9.81 12/2830 4847
11.79 10.88 9.83 8/2829 4867
11.79 10.88 9.83 6/2830 4888
11.79 10.88 9.83 13/2830 4915
11.79 10.88 9.83 10/2830 4941
11.79 10.88 9.83 6/2830 4962
11.80 10.90 9.84 3/2827 4983
11.80 10.90 9.84 6/2827 5003
11.80 10.90 9.84 2/2827 5022
11.80 10.90 9.84 5/2827 5041
11.80 10.90 9.84 5/2827 5075
12.06 10.97 9.87 4/2822 5100
12.06 10.97 9.87 5/2823 5126
12.06 10.97 9.87 3/2822 5145
12.06 10.97 9.87 4/2822 5170
12.06 10.97 9.87 6/2822 5189
12.14 11.00 9.88 5/2820 5225
12.14 11.00 9.88 12/2820 5244
12.14 11.00 9.88 6/2821 5265
12.14 11.00 9.88 3/2821 5284
12.14 11.00 9.88 3/2821 5306
11.96 10.98 9.89 4/2822 5335
11.96 10.98 9.89 6/2821 5359
11.96 10.98 9.89 3/2821 5380
11.96 10.98 9.89 4/2821 5403
11.96 10.98 9.89 7/2821 5422
12.05 11.02 9.90 6/2821 5443
12.05 11.02 9.90 6/2821 5467
12.05 11.02 9.90 4/2821 5486
12.05 11.02 9.90 10/2747 5507
12.05 11.02 9.90 29/2747 5542
14.37 11.52 10.07 8/2826 5663
14.37 11.52 10.07 15/2844 5708
14.37 11.52 10.07 3/2843 5729
14.37 11.52 10.07 3/2843 5748
14.37 11.52 10.07 5/2842 5770
13.70 11.42 10.05 1/2833 5797
13.70 11.42 10.05 5/2833 5820
13.70 11.42 10.05 4/2836 5843
13.70 11.42 10.05 10/2836 5865
13.70 11.42 10.05 6/2834 5889
13.16 11.35 10.03 2/2834 5928
13.16 11.35 10.03 3/2835 5957
13.16 11.35 10.03 4/2834 5979
13.16 11.35 10.03 10/2834 5998
13.16 11.35 10.03 2/2834 6018
13.15 11.38 10.05 7/2835 6038
13.15 11.38 10.05 11/2835 6057
13.15 11.38 10.05 11/2835 6076
13.15 11.38 10.05 13/2835 6095
13.15 11.38 10.05 5/2835 6117
12.57 11.29 10.03 2/2835 6139
