2975.08 10454.71
2976.03 10457.65
2977.02 10460.88
2978.00 10464.54
2979.01 10468.36
2980.01 10472.36
2981.01 10476.25
2982.00 10479.74
2983.02 10483.20
2984.00 10486.51
2985.02 10489.41
2986.02 10492.46
2987.02 10495.32
2988.01 10498.21
2989.02 10501.15
2990.03 10503.95
2991.01 10506.67
2992.02 10509.46
2993.00 10512.11
2994.02 10514.84
2995.00 10517.42
2996.01 10520.04
2997.02 10522.63
2998.01 10525.13
2999.01 10527.65
3000.02 10530.09
3001.01 10532.53
3002.02 10535.04
3003.02 10537.49
3004.01 10539.88
3005.03 10542.24
3006.01 10544.54
3007.01 10546.92
3008.01 10549.27
3009.02 10551.60
3010.01 10553.81
3011.01 10556.16
3012.01 10558.39
3013.02 10560.73
3014.01 10563.04
3015.01 10565.27
3016.02 10567.60
3017.02 10569.89
3018.01 10572.11
3019.01 10574.36
3020.01 10576.61
3021.03 10578.96
3022.01 10581.27
3023.00 10583.56
3024.01 10585.86
3025.00 10588.18
3026.01 10590.42
3027.02 10592.71
3028.01 10594.87
3029.01 10597.16
3030.02 10599.33
3031.01 10601.56
3032.02 10603.84
3033.01 10606.10
3034.00 10608.27
3035.01 10610.48
3036.02 10612.75
3037.01 10614.99
3038.03 10617.18
3039.06 10619.44
3040.03 10621.43
3041.02 10623.65
3042.01 10625.86
3043.01 10628.09
3044.02 10630.30
3045.01 10632.47
3046.02 10634.75
3047.01 10636.96
3048.01 10639.20
3049.03 10641.52
3050.01 10643.67
3051.01 10645.98
3052.05 10647.68
3053.02 10648.79
3054.01 10650.90
3055.02 10653.02
3056.01 10654.99
3057.02 10657.08
3058.01 10659.12
3059.02 10661.36
3060.02 10663.49
3061.01 10665.69
3062.03 10667.95
3063.05 10669.12
3064.02 10670.04
3065.01 10670.98
3066.02 10671.94
3067.01 10673.51
3068.02 10675.72
3069.02 10677.83
3070.03 10679.50
3071.02 10680.86
3072.02 10682.88
3073.01 10684.73
3074.03 10686.73
3075.01 10688.54
3076.01 10690.72
3077.02 10692.91
3078.02 10694.96
3079.03 10697.12
3080.01 10699.22
3081.01 10701.38
3082.03 10703.57
3083.02 10705.77
3084.02 10707.94
3085.02 10709.97
3086.01 10712.07
3087.02 10714.22
3088.02 10716.28
3089.01 10718.40
3090.02 10720.34
3091.02 10722.33
3092.03 10724.48
3093.03 10726.63
3094.03 10728.79
3095.03 10730.91
3096.02 10733.09
3097.02 10735.22
3098.02 10737.23
3099.03 10739.29
3100.03 10741.41
3101.01 10743.22
3102.05 10744.46
3103.03 10744.78
3104.02 10745.89
3105.02 10747.45
3106.02 10751.14
3107.01 10754.79
3108.01 10758.24
3109.02 10761.76
3110.01 10765.35
3111.01 10768.83
3112.02 10772.47
3113.01 10776.02
3114.01 10779.63
3115.03 10783.35
3116.01 10787.08
3117.03 10790.82
3118.02 10794.50
3119.02 10798.26
3120.02 10801.96
3121.01 10805.74
3122.01 10809.35
3123.01 10813.10
