8.35 6.87 3.49 2/3096 12335
8.24 6.87 3.51 3/3109 12396
8.24 6.87 3.51 2/3109 12416
8.24 6.87 3.51 3/3109 12435
8.24 6.87 3.51 1/3109 12455
8.24 6.87 3.51 5/3098 12480
8.14 6.88 3.53 2/3098 12499
8.14 6.88 3.53 6/3101 12521
8.14 6.88 3.53 5/3106 12546
8.14 6.88 3.53 2/3107 12577
8.14 6.88 3.53 5/3110 12600
8.05 6.88 3.55 1/3103 12620
8.05 6.88 3.55 2/3101 12639
8.05 6.88 3.55 6/3101 12658
8.05 6.88 3.55 5/3101 12678
8.05 6.88 3.55 6/3101 12697
8.13 6.91 3.58 6/3101 12716
8.13 6.91 3.58 3/3101 12735
8.13 6.91 3.58 5/3101 12754
8.13 6.91 3.58 7/3101 12773
8.13 6.91 3.58 3/3101 12792
7.95 6.90 3.59 3/3101 12813
7.95 6.90 3.59 1/3100 12832
7.95 6.90 3.59 9/3100 12851
7.95 6.90 3.59 5/3100 12870
7.95 6.90 3.59 4/3100 12890
7.88 6.90 3.61 4/3100 12909
7.88 6.90 3.61 4/3100 12928
7.88 6.90 3.61 1/3100 12947
7.88 6.90 3.61 3/3100 12966
7.88 6.90 3.61 4/3092 12985
8.05 6.95 3.65 3/3096 13012
8.05 6.95 3.65 1/3089 13032
8.05 6.95 3.65 2/3089 13051
8.05 6.95 3.65 8/3089 13070
8.05 6.95 3.65 3/3087 13089
8.04 6.97 3.67 2/3085 13110
8.04 6.97 3.67 4/3085 13142
8.04 6.97 3.67 4/3085 13161
8.04 6.97 3.67 3/3085 13180
8.04 6.97 3.67 2/3086 13200
7.96 6.97 3.69 3/3086 13219
7.96 6.97 3.69 5/3086 13238
7.96 6.97 3.69 6/3086 13258
7.96 6.97 3.69 3/3086 13277
7.96 6.97 3.69 1/3086 13296
8.04 7.00 3.72 2/3086 13315
8.04 7.00 3.72 8/3106 13354
8.04 7.00 3.72 5/3106 13373
8.04 7.00 3.72 2/3107 13394
8.04 7.00 3.72 4/3107 13413
8.12 7.04 3.75 7/3106 13434
8.12 7.04 3.75 5/3108 13461
8.12 7.04 3.75 3/3108 13480
8.12 7.04 3.75 5/3101 13500
8.12 7.04 3.75 3/3101 13519
7.87 7.00 3.75 4/3114 13552
7.87 7.00 3.75 2/3112 13571
7.87 7.00 3.75 11/3108 13590
7.87 7.00 3.75 5/3102 13609
7.87 7.00 3.75 4/3100 13629
7.88 7.02 3.77 4/3099 13648
7.88 7.02 3.77 2/3095 13667
7.88 7.02 3.77 2/3093 13686
7.88 7.02 3.77 3/3091 13705
7.88 7.02 3.77 7/3091 13724
7.97 7.05 3.80 2/3089 13745
7.97 7.05 3.80 5/3089 13764
7.97 7.05 3.80 3/3089 13783
7.97 7.05 3.80 5/3089 13802
7.97 7.05 3.80 4/3089 13821
7.81 7.04 3.82 7/3089 13840
7.81 7.04 3.82 4/3089 13860
7.81 7.04 3.82 4/3089 13879
7.81 7.04 3.82 5/3096 13906
7.81 7.04 3.82 3/3089 13926
7.67 7.02 3.83 6/3089 13945
7.67 7.02 3.83 6/3089 13964
7.67 7.02 3.83 1/3089 13983
7.67 7.02 3.83 4/3089 14002
7.67 7.02 3.83 6/3089 14021
8.01 7.10 3.87 6/3089 14042
8.01 7.10 3.87 4/3089 14061
8.01 7.10 3.87 3/3089 14080
8.01 7.10 3.87 4/3089 14100
8.01 7.10 3.87 7/3089 14119
8.01 7.12 3.89 5/3089 14138
8.01 7.12 3.89 2/3089 14157
8.01 7.12 3.89 6/3089 14176
8.01 7.12 3.89 6/3089 14195
8.01 7.12 3.89 7/3091 14216
8.09 7.15 3.92 3/3091 14235
8.09 7.15 3.92 5/3091 14254
8.09 7.15 3.92 5/3091 14276
8.09 7.15 3.92 2/3091 14295
8.09 7.15 3.92 6/3098 14322
8.16 7.18 3.95 5/3091 14345
8.16 7.18 3.95 6/3091 14376
8.16 7.18 3.95 5/3091 14395
8.16 7.18 3.95 7/3091 14414
8.16 7.18 3.95 6/3091 14433
8.15 7.19 3.97 9/3091 14452
8.15 7.19 3.97 6/3091 14471
8.15 7.19 3.97 6/3091 14490
8.15 7.19 3.97 2/3091 14509
8.15 7.19 3.97 3/3091 14528
7.98 7.17 3.98 6/3091 14547
7.98 7.17 3.98 3/3091 14567
7.98 7.17 3.98 4/3091 14586
7.98 7.17 3.98 9/3091 14605
7.98 7.17 3.98 4/3091 14624
8.46 7.29 4.04 5/3091 14645
8.46 7.29 4.04 4/3091 14664
8.46 7.29 4.04 2/3091 14683
8.46 7.29 4.04 3/3091 14702
8.46 7.29 4.04 5/3091 14721
8.50 7.32 4.06 7/3100 14750
8.50 7.32 4.06 4/3099 14769
8.50 7.32 4.06 10/3092 14789
8.50 7.32 4.06 2/3093 14810
8.50 7.32 4.06 4/3093 14829
8.54 7.34 4.09 2/3093 14848
8.54 7.34 4.09 5/3093 14867
8.54 7.34 4.09 3/3093 14886
8.54 7.34 4.09 5/3093 14905
8.54 7.34 4.09 7/3093 14924
8.50 7.35 4.11 8/3093 14945
8.50 7.35 4.11 7/3093 14964
8.50 7.35 4.11 4/3093 14983
8.50 7.35 4.11 2/3093 15002
8.50 7.35 4.11 5/3093 15021
8.46 7.37 4.13 9/3093 15041
8.46 7.37 4.13 2/3093 15060
8.46 7.37 4.13 5/3093 15079
8.46 7.37 4.13 4/3093 15098
8.46 7.37 4.13 3/3093 15117
8.74 7.44 4.18 2/3120 15163
8.74 7.44 4.18 4/3120 15182
8.74 7.44 4.18 4/3127 15209
8.74 7.44 4.18 4/3120 15229
8.74 7.44 4.18 5/3120 15248
8.84 7.49 4.21 3/3139 15288
8.84 7.49 4.21 2/3139 15308
8.84 7.49 4.21 5/3140 15328
8.84 7.49 4.21 5/3140 15347
8.84 7.49 4.21 6/3140 15366
8.94 7.53 4.24 4/3140 15385
8.94 7.53 4.24 1/3140 15404
8.94 7.53 4.24 6/3140 15423
