469.78 1599.18
470.74 1602.51
471.70 1606.35
472.70 1610.46
473.70 1614.67
474.72 1619.14
475.71 1623.00
476.71 1626.94
477.70 1630.96
478.71 1634.60
479.71 1637.89
480.70 1641.17
481.70 1644.77
482.70 1648.40
483.70 1651.83
484.71 1655.33
485.70 1658.76
486.71 1662.30
487.70 1665.79
488.70 1669.32
489.70 1672.90
490.70 1676.49
491.70 1680.16
492.70 1683.78
493.70 1687.39
494.70 1691.05
495.70 1694.61
496.70 1698.37
497.72 1702.05
498.71 1705.66
499.72 1709.41
500.70 1712.79
501.69 1716.05
502.70 1719.64
503.71 1723.34
504.71 1726.98
505.69 1730.51
506.71 1734.12
507.70 1737.73
508.71 1741.36
509.69 1744.92
510.71 1748.61
511.70 1752.19
512.70 1755.82
513.71 1759.47
514.72 1763.12
515.72 1766.74
516.71 1770.17
517.70 1773.68
518.70 1777.17
519.70 1780.75
520.70 1784.32
521.72 1787.86
522.70 1791.06
523.71 1794.42
524.70 1797.96
525.70 1801.41
526.70 1804.94
527.71 1808.45
528.70 1811.94
529.70 1815.39
530.71 1818.94
531.71 1822.46
532.71 1825.87
533.71 1829.37
534.70 1832.86
535.72 1836.37
536.71 1839.92
537.71 1843.37
538.71 1846.80
539.70 1850.25
540.71 1853.70
541.71 1857.14
542.71 1860.62
543.71 1863.80
544.71 1867.06
545.71 1870.37
546.71 1873.80
547.70 1877.23
548.70 1880.65
549.71 1884.14
550.71 1887.49
551.71 1890.90
552.71 1894.35
553.71 1897.81
554.71 1901.28
555.71 1904.77
556.72 1908.26
557.72 1911.75
558.72 1914.70
559.71 1917.86
560.71 1921.28
561.71 1924.13
562.71 1927.46
563.71 1930.91
564.72 1934.14
565.71 1937.08
566.71 1940.35
567.70 1943.85
568.72 1947.30
569.71 1950.63
570.70 1953.97
571.71 1957.44
572.70 1960.72
573.71 1964.14
574.70 1967.54
575.71 1971.00
576.71 1974.43
577.72 1977.80
578.70 1981.11
579.71 1984.57
580.72 1987.92
581.72 1991.32
582.72 1994.40
583.71 1997.53
584.71 2000.89
585.72 2003.63
586.71 2006.21
587.70 2009.33
588.73 2012.47
589.72 2015.76
590.71 2019.08
591.70 2022.38
592.70 2025.68
593.72 2029.07
594.70 2032.29
595.71 2035.27
596.71 2037.91
597.72 2041.28
598.71 2044.53
599.71 2047.83
600.71 2051.09
601.71 2054.36
602.71 2057.67
603.72 2061.02
604.71 2064.03
605.71 2067.24
606.72 2070.46
607.72 2073.38
608.70 2076.34
609.71 2079.63
610.71 2082.68
611.71 2085.91
612.71 2089.04
613.70 2092.30
614.72 2095.70
615.71 2098.78
616.70 2101.95
617.71 2105.25
