10.79 10.50 9.16 2/3080 26713
10.79 10.50 9.16 1/3109 26775
10.56 10.45 9.16 2/3117 26810
10.56 10.45 9.16 8/3117 26829
10.56 10.45 9.16 2/3116 26849
10.56 10.45 9.16 2/3116 26868
10.56 10.45 9.16 3/3116 26887
10.92 10.53 9.19 2/3116 26906
10.92 10.53 9.19 2/3119 26928
10.92 10.53 9.19 2/3120 26960
10.92 10.53 9.19 6/3121 26980
10.92 10.53 9.19 4/3120 26999
10.69 10.49 9.18 5/3119 27018
10.69 10.49 9.18 3/3120 27041
10.69 10.49 9.18 3/3118 27061
10.69 10.49 9.18 4/3117 27080
10.69 10.49 9.18 1/3117 27100
10.47 10.45 9.17 2/3118 27120
10.47 10.45 9.17 4/3118 27139
10.47 10.45 9.17 2/3118 27158
10.47 10.45 9.17 5/3118 27177
10.47 10.45 9.17 5/3118 27196
10.43 10.44 9.18 2/3117 27215
10.43 10.44 9.18 6/3116 27234
10.43 10.44 9.18 6/3116 27253
10.43 10.44 9.18 6/3116 27272
10.43 10.44 9.18 4/3116 27291
10.08 10.37 9.16 4/3116 27310
10.08 10.37 9.16 5/3116 27332
10.08 10.37 9.16 4/3116 27351
10.08 10.37 9.16 7/3116 27370
10.08 10.37 9.16 8/3113 27389
10.07 10.36 9.17 6/3112 27408
10.07 10.36 9.17 4/3112 27427
10.07 10.36 9.17 4/3113 27448
10.07 10.36 9.17 3/3112 27468
10.07 10.36 9.17 6/3110 27487
10.23 10.39 9.18 4/3108 27506
10.23 10.39 9.18 6/3107 27525
10.23 10.39 9.18 4/3107 27545
10.23 10.39 9.18 5/3107 27565
10.23 10.39 9.18 4/3107 27584
10.53 10.45 9.21 5/3107 27603
10.53 10.45 9.21 9/3107 27624
10.53 10.45 9.21 4/3106 27643
10.53 10.45 9.21 6/3106 27662
10.53 10.45 9.21 4/3107 27684
11.13 10.57 9.26 5/3111 27707
11.13 10.57 9.26 9/3111 27726
11.13 10.57 9.26 6/3111 27749
11.13 10.57 9.26 3/3111 27776
11.13 10.57 9.26 5/3111 27795
11.28 10.61 9.28 8/3110 27816
11.28 10.61 9.28 4/3110 27835
11.28 10.61 9.28 7/3110 27854
11.28 10.61 9.28 2/3111 27875
11.28 10.61 9.28 10/3110 27895
11.50 10.67 9.30 9/3109 27915
11.50 10.67 9.30 5/3108 27936
11.50 10.67 9.30 4/3103 27955
11.50 10.67 9.30 5/3101 27974
11.50 10.67 9.30 4/3100 27993
11.38 10.66 9.31 4/3098 28012
11.38 10.66 9.31 5/3094 28032
11.38 10.66 9.31 4/3094 28051
11.38 10.66 9.31 3/3092 28070
11.38 10.66 9.31 5/3090 28089
11.18 10.63 9.30 8/3090 28108
11.18 10.63 9.30 6/3090 28127
11.18 10.63 9.30 6/3090 28146
11.18 10.63 9.30 6/3090 28165
11.18 10.63 9.30 5/3090 28184
10.85 10.57 9.29 7/3090 28203
10.85 10.57 9.29 5/3090 28224
10.85 10.57 9.29 10/3090 28243
10.85 10.57 9.29 7/3090 28263
10.85 10.57 9.29 4/3091 28284
10.86 10.58 9.30 8/3090 28304
10.86 10.58 9.30 4/3090 28323
10.86 10.58 9.30 5/3090 28342
10.86 10.58 9.30 5/3090 28361
10.86 10.58 9.30 8/3090 28380
10.71 10.55 9.30 6/3090 28399
10.71 10.55 9.30 8/3090 28418
10.71 10.55 9.30 5/3090 28437
10.71 10.55 9.30 7/3090 28456
10.71 10.55 9.30 2/3090 28476
10.58 10.52 9.30 6/3090 28495
10.58 10.52 9.30 2/3090 28516
10.58 10.52 9.30 6/3090 28535
10.58 10.52 9.30 11/3090 28554
10.58 10.52 9.30 4/3090 28573
10.45 10.50 9.29 3/3090 28592
10.45 10.50 9.29 5/3081 28611
10.45 10.50 9.29 5/3081 28630
10.45 10.50 9.29 3/3081 28649
10.45 10.50 9.29 5/3095 28682
10.65 10.54 9.31 3/3096 28703
10.65 10.54 9.31 12/3095 28724
10.65 10.54 9.31 10/3095 28744
10.65 10.54 9.31 10/3095 28763
10.65 10.54 9.31 9/3095 28782
10.44 10.50 9.31 10/3095 28801
10.44 10.50 9.31 6/3095 28822
10.44 10.50 9.31 7/3095 28841
10.44 10.50 9.31 7/3095 28860
10.44 10.50 9.31 4/3113 28897
10.24 10.46 9.30 6/3108 28916
10.24 10.46 9.30 3/3109 28939
10.24 10.46 9.30 15/3107 28963
10.24 10.46 9.30 12/3107 28990
10.24 10.46 9.30 2/3107 29009
10.39 10.48 9.31 5/3105 29028
10.39 10.48 9.31 4/3106 29048
10.39 10.48 9.31 2/3106 29067
10.39 10.48 9.31 10/3106 29086
10.39 10.48 9.31 12/2954 29110
11.08 10.62 9.37 6/2855 29155
11.08 10.62 9.37 5/2856 29176
11.08 10.62 9.37 18/2855 29196
11.08 10.62 9.37 6/2855 29215
11.08 10.62 9.37 5/2855 29235
10.99 10.61 9.37 5/2870 29281
10.99 10.61 9.37 8/2870 29304
10.99 10.61 9.37 2/2869 29323
10.99 10.61 9.37 3/2869 29342
10.99 10.61 9.37 5/2869 29361
10.75 10.57 9.36 4/2869 29380
10.75 10.57 9.36 4/2869 29399
10.75 10.57 9.36 5/2869 29418
10.75 10.57 9.36 11/2869 29437
10.75 10.57 9.36 2/2869 29456
11.09 10.64 9.39 34/2869 29476
11.09 10.64 9.39 3/2869 29497
11.09 10.64 9.39 6/2869 29516
11.09 10.64 9.39 3/2869 29535
11.09 10.64 9.39 10/2869 29554
10.68 10.57 9.37 3/2869 29573
10.68 10.57 9.37 7/2869 29592
10.68 10.57 9.37 9/2870 29613
10.68 10.57 9.37 4/2869 29633
10.68 10.57 9.37 4/2869 29652
10.71 10.57 9.38 4/2869 29671
10.71 10.57 9.38 4/2869 29690
10.71 10.57 9.38 7/2869 29710
10.71 10.57 9.38 3/2869 29729
10.71 10.57 9.38 2/2869 29748
10.89 10.61 9.40 2/2869 29767
10.89 10.61 9.40 7/2869 29788
