2615.78 9564.40
2616.72 9567.36
2617.70 9570.40
2618.69 9573.96
2619.69 9577.59
2620.70 9581.51
2621.69 9585.47
2622.69 9589.06
2623.70 9592.55
2624.70 9596.03
2625.70 9598.99
2626.70 9602.07
2627.69 9605.15
2628.70 9608.09
2629.69 9610.94
2630.69 9613.90
2631.70 9616.81
2632.69 9619.61
2633.69 9622.44
2634.70 9625.23
2635.69 9627.87
2636.69 9630.59
2637.70 9633.21
2638.69 9635.77
2639.70 9638.35
2640.69 9640.95
2641.70 9643.57
2642.69 9646.08
2643.70 9648.63
2644.70 9651.08
2645.71 9653.61
2646.70 9656.04
2647.70 9658.53
2648.70 9661.01
2649.69 9663.38
2650.70 9665.90
2651.70 9668.26
2652.70 9670.71
2653.69 9673.14
2654.70 9675.51
2655.70 9677.90
2656.69 9680.41
2657.70 9682.81
2658.70 9685.21
2659.70 9687.44
2660.70 9689.79
2661.70 9692.20
2662.69 9694.55
2663.70 9696.97
2664.69 9699.36
2665.69 9701.64
2666.70 9704.03
2667.70 9706.36
2668.70 9708.43
2669.70 9710.72
2670.69 9713.00
2671.71 9715.28
2672.69 9717.58
2673.70 9719.90
2674.70 9722.21
2675.70 9724.52
2676.70 9726.86
2677.70 9729.15
2678.69 9731.41
2679.69 9733.63
2680.70 9735.97
2681.70 9738.32
2682.70 9740.67
2683.71 9742.77
2684.69 9745.03
2685.71 9747.16
2686.70 9748.97
2687.69 9751.22
2688.70 9753.39
2689.71 9755.43
2690.71 9757.70
2691.69 9760.11
2692.70 9762.34
2693.69 9764.66
2694.70 9766.89
2695.70 9769.20
2696.70 9771.47
2697.70 9773.84
2698.70 9776.12
2699.69 9778.29
2700.70 9780.63
2701.70 9782.82
2702.70 9785.09
2703.70 9787.38
2704.69 9789.65
2705.70 9791.93
2706.70 9794.15
2707.70 9796.36
2708.70 9798.67
2709.70 9800.86
2710.70 9803.17
2711.69 9805.37
2712.70 9807.65
2713.69 9809.87
2714.71 9811.96
2715.70 9814.20
2716.71 9816.62
2717.69 9818.87
2718.70 9821.18
2719.70 9823.35
2720.71 9825.60
2721.70 9827.76
2722.70 9830.06
2723.69 9832.21
2724.70 9834.51
2725.72 9836.78
2726.70 9839.07
2727.70 9841.44
2728.69 9843.75
2729.70 9846.02
2730.71 9848.23
2731.73 9849.01
2732.72 9849.87
2733.71 9851.18
2734.72 9852.39
2735.72 9853.60
2736.70 9854.95
2737.71 9856.20
2738.70 9858.13
2739.69 9860.26
2740.70 9862.66
2741.70 9864.80
2742.70 9867.08
2743.70 9869.44
2744.70 9871.74
2745.70 9874.10
2746.70 9876.40
2747.70 9878.56
2748.71 9880.83
2749.70 9883.12
2750.70 9885.44
2751.70 9887.72
2752.71 9890.04
2753.70 9892.25
2754.70 9894.56
2755.69 9896.83
2756.71 9899.18
2757.70 9901.53
2758.71 9903.85
2759.70 9905.96
2760.70 9908.31
2761.69 9910.67
2762.70 9912.99
2763.71 9915.32
