9.00 9.29 9.16 2/2970 15684
8.84 9.25 9.14 4/2987 15747
8.84 9.25 9.14 2/2993 15786
8.84 9.25 9.14 6/2993 15808
8.84 9.25 9.14 4/3000 15836
8.84 9.25 9.14 6/2982 15861
8.69 9.21 9.13 2/2982 15880
8.69 9.21 9.13 2/2982 15899
8.69 9.21 9.13 1/2985 15922
8.69 9.21 9.13 3/2985 15946
8.69 9.21 9.13 4/2986 15978
9.11 9.29 9.16 2/2986 15997
9.11 9.29 9.16 5/2986 16016
9.11 9.29 9.16 4/2985 16035
9.11 9.29 9.16 1/2984 16054
9.11 9.29 9.16 2/2984 16073
8.94 9.25 9.15 4/2984 16092
8.94 9.25 9.15 4/2984 16111
8.94 9.25 9.15 8/2984 16130
8.94 9.25 9.15 8/2984 16149
8.94 9.25 9.15 3/2984 16169
9.27 9.32 9.17 4/2984 16188
9.27 9.32 9.17 5/2984 16207
9.27 9.32 9.17 4/2983 16226
9.27 9.32 9.17 6/2983 16245
9.27 9.32 9.17 8/2990 16272
9.25 9.31 9.17 5/2990 16292
9.25 9.31 9.17 8/2983 16311
9.25 9.31 9.17 4/2983 16330
9.25 9.31 9.17 4/2983 16349
9.25 9.31 9.17 8/2983 16368
9.07 9.27 9.15 4/2983 16387
9.07 9.27 9.15 4/2983 16407
9.07 9.27 9.15 4/2983 16426
9.07 9.27 9.15 5/2983 16445
9.07 9.27 9.15 3/2982 16464
8.98 9.25 9.15 5/2982 16483
8.98 9.25 9.15 5/2982 16502
8.98 9.25 9.15 4/2982 16521
8.98 9.25 9.15 4/2982 16540
8.98 9.25 9.15 4/2982 16559
8.98 9.25 9.15 7/2982 16578
8.98 9.25 9.15 4/2982 16597
8.98 9.25 9.15 5/2982 16617
8.98 9.25 9.15 10/2981 16636
8.98 9.25 9.15 5/2981 16655
8.90 9.22 9.14 8/2984 16677
8.90 9.22 9.14 4/2988 16701
8.90 9.22 9.14 5/2981 16721
8.90 9.22 9.14 10/2981 16740
8.90 9.22 9.14 5/2981 16759
9.07 9.25 9.15 3/2981 16778
9.07 9.25 9.15 4/2980 16797
9.07 9.25 9.15 6/2980 16816
9.07 9.25 9.15 3/2980 16836
9.07 9.25 9.15 6/2979 16855
9.07 9.25 9.15 4/2979 16874
9.07 9.25 9.15 5/2977 16894
9.07 9.25 9.15 5/2976 16913
9.07 9.25 9.15 4/2972 16932
9.07 9.25 9.15 2/2972 16951
9.14 9.26 9.16 6/2971 16970
9.14 9.26 9.16 7/2966 16989
9.14 9.26 9.16 5/2965 17009
9.14 9.26 9.16 4/2965 17028
9.14 9.26 9.16 4/2964 17047
9.45 9.33 9.18 2/2964 17067
9.45 9.33 9.18 8/2964 17086
9.45 9.33 9.18 6/2971 17113
9.45 9.33 9.18 5/2807 17134
9.45 9.33 9.18 4/2807 17153
9.17 9.27 9.16 3/2806 17172
9.17 9.27 9.16 5/2806 17191
9.17 9.27 9.16 5/2806 17222
9.17 9.27 9.16 7/2806 17241
9.17 9.27 9.16 5/2810 17264
9.16 9.27 9.16 3/2810 17283
9.16 9.27 9.16 7/2810 17303
9.16 9.27 9.16 4/2660 17322
9.16 9.27 9.16 3/2660 17341
9.16 9.27 9.16 10/2660 17360
9.15 9.26 9.16 8/2660 17379
9.15 9.26 9.16 3/2660 17398
9.15 9.26 9.16 8/2660 17417
9.15 9.26 9.16 5/2660 17437
9.15 9.26 9.16 3/2660 17457
9.54 9.34 9.18 6/2660 17476
9.54 9.34 9.18 19/2660 17495
9.54 9.34 9.18 3/2662 17516
9.54 9.34 9.18 12/2669 17543
9.54 9.34 9.18 9/2662 17564
9.49 9.33 9.18 2/2662 17583
9.49 9.33 9.18 6/2662 17602
9.49 9.33 9.18 4/2662 17621
9.49 9.33 9.18 5/2663 17641
9.49 9.33 9.18 5/2663 17660
9.53 9.34 9.19 3/2663 17679
9.53 9.34 9.19 4/2679 17714
9.53 9.34 9.19 4/2679 17733
9.53 9.34 9.19 10/2680 17753
9.53 9.34 9.19 2/2680 17772
9.49 9.34 9.18 2/2680 17792
9.49 9.34 9.18 4/2680 17811
9.49 9.34 9.18 8/2680 17830
9.49 9.34 9.18 5/2680 17849
9.49 9.34 9.18 3/2680 17868
9.21 9.28 9.17 6/2680 17887
9.21 9.28 9.17 3/2680 17906
9.21 9.28 9.17 2/2680 17926
9.21 9.28 9.17 6/2680 17945
9.21 9.28 9.17 26/2604 17975
10.32 9.51 9.24 19/2773 18194
10.32 9.51 9.24 11/2849 18314
10.32 9.51 9.24 10/2873 18363
10.32 9.51 9.24 1/2872 18382
10.32 9.51 9.24 3/2872 18401
9.97 9.45 9.22 2/2855 18420
9.97 9.45 9.22 3/2851 18442
9.97 9.45 9.22 5/2847 18462
9.97 9.45 9.22 3/2833 18481
9.97 9.45 9.22 1/2833 18500
9.81 9.43 9.22 3/2833 18531
9.81 9.43 9.22 3/2833 18567
9.81 9.43 9.22 3/2835 18612
9.81 9.43 9.22 2/2835 18632
9.81 9.43 9.22 2/2835 18651
9.43 9.35 9.19 3/2835 18670
9.43 9.35 9.19 3/2835 18690
9.43 9.35 9.19 8/2835 18709
9.43 9.35 9.19 6/2835 18728
9.43 9.35 9.19 9/2835 18747
9.23 9.31 9.18 1/2836 18768
9.23 9.31 9.18 3/2841 18796
9.23 9.31 9.18 4/2841 18823
9.23 9.31 9.18 2/2841 18842
9.23 9.31 9.18 4/2823 18862
9.05 9.28 9.17 4/2823 18881
9.05 9.28 9.17 5/2823 18901
9.05 9.28 9.17 1/2824 18921
9.05 9.28 9.17 1/2824 18940
9.05 9.28 9.17 4/2824 18959
9.37 9.34 9.19 6/2824 18979
9.37 9.34 9.19 6/2824 18999
9.37 9.34 9.19 3/2824 19018
9.37 9.34 9.19 2/2824 19037
9.37 9.34 9.19 8/2824 19056
9.02 9.27 9.17 3/2824 19076
9.02 9.27 9.17 5/2824 19097
9.02 9.27 9.17 1/2824 19116
9.02 9.27 9.17 2/2824 19136
9.02 9.27 9.17 2/2824 19155
8.78 9.21 9.15 3/2823 19175
8.78 9.21 9.15 2/2824 19196
8.78 9.21 9.15 2/2824 19215
8.78 9.21 9.15 2/2823 19235
8.78 9.21 9.15 2/2823 19254
8.95 9.24 9.16 5/2823 19275
8.95 9.24 9.16 2/2823 19294
8.95 9.24 9.16 4/2823 19313
8.95 9.24 9.16 1/2823 19333
8.95 9.24 9.16 3/2823 19352
8.80 9.20 9.15 3/2823 19372
8.80 9.20 9.15 2/2824 19392
8.80 9.20 9.15 5/2846 19439
8.80 9.20 9.15 1/2853 19475
8.80 9.20 9.15 3/2851 19494
8.65 9.17 9.14 8/2852 19516
8.65 9.17 9.14 3/2852 19535
8.65 9.17 9.14 2/2852 19554
8.65 9.17 9.14 3/2852 19573
8.65 9.17 9.14 2/2852 19592
9.00 9.23 9.16 2/2846 19613
9.00 9.23 9.16 3/2832 19632
9.00 9.23 9.16 7/2832 19651
9.00 9.23 9.16 2/2833 19672
9.00 9.23 9.16 3/2832 19692
8.84 9.19 9.15 1/2832 19712
8.84 9.19 9.15 5/2821 19732
8.84 9.19 9.15 2/2821 19751
8.84 9.19 9.15 6/2820 19770
8.84 9.19 9.15 4/2820 19789
8.61 9.14 9.13 3/2820 19809
8.61 9.14 9.13 2/2818 19828
8.61 9.14 9.13 4/2818 19851
8.61 9.14 9.13 7/2818 19870
8.61 9.14 9.13 4/2818 19890
8.48 9.10 9.12 1/2818 19911
8.48 9.10 9.12 4/2818 19930
8.48 9.10 9.12 1/2818 19949
8.48 9.10 9.12 8/2818 19968
8.48 9.10 9.12 4/2818 19988
8.20 9.04 9.10 1/2818 20007
8.20 9.04 9.10 5/2818 20026
8.20 9.04 9.10 6/2818 20053
8.20 9.04 9.10 5/2818 20073
8.20 9.04 9.10 5/2819 20095
8.43 9.07 9.11 6/2818 20115
8.43 9.07 9.11 5/2818 20134
8.43 9.07 9.11 4/2818 20153
8.43 9.07 9.11 2/2818 20173
8.43 9.07 9.11 2/2818 20195
8.64 9.10 9.12 4/2815 20214
8.64 9.10 9.12 1/2814 20233
8.64 9.10 9.12 6/2814 20253
8.64 9.10 9.12 2/2814 20272
8.64 9.10 9.12 7/2814 20297
8.42 9.05 9.10 3/2814 20321
8.42 9.05 9.10 5/2814 20344
8.42 9.05 9.10 1/2814 20365
8.42 9.05 9.10 5/2814 20387
8.42 9.05 9.10 3/2814 20410
8.39 9.03 9.09 6/2814 20430
8.39 9.03 9.09 2/2814 20451
8.39 9.03 9.09 3/2814 20470
8.39 9.03 9.09 3/2814 20489
8.39 9.03 9.09 10/2814 20509
8.28 9.00 9.08 2/2815 20530
8.28 9.00 9.08 5/2814 20556
8.28 9.00 9.08 2/2814 20575
8.28 9.00 9.08 5/2814 20594
8.28 9.00 9.08 6/2814 20615
8.26 8.98 9.08 2/2814 20634
8.26 8.98 9.08 9/2814 20656
8.26 8.98 9.08 2/2813 20676
8.26 8.98 9.08 5/2811 20695
8.26 8.98 9.08 8/2811 20717
8.00 8.91 9.05 1/2811 20738
8.00 8.91 9.05 4/2811 20757
8.00 8.91 9.05 3/2811 20776
8.00 8.91 9.05 2/2811 20795
8.00 8.91 9.05 8/2809 20815
8.32 8.97 9.07 1/2809 20835
8.32 8.97 9.07 2/2809 20854
8.32 8.97 9.07 2/2809 20874
8.32 8.97 9.07 1/2809 20893
8.32 8.97 9.07 4/2809 20914
8.29 8.95 9.06 2/2809 20933
8.29 8.95 9.06 2/2810 20955
8.29 8.95 9.06 4/2809 20975
8.29 8.95 9.06 7/2809 20995
8.29 8.95 9.06 1/2810 21015
8.35 8.95 9.06 4/2810 21034
8.35 8.95 9.06 3/2810 21053
8.35 8.95 9.06 4/2810 21072
8.35 8.95 9.06 4/2810 21092
8.35 8.95 9.06 3/2810 21111
8.16 8.90 9.05 1/2810 21130
8.16 8.90 9.05 1/2810 21150
8.16 8.90 9.05 2/2810 21169
8.16 8.90 9.05 4/2810 21189
8.16 8.90 9.05 3/2810 21208
7.99 8.85 9.03 3/2810 21227
7.99 8.85 9.03 4/2810 21246
7.99 8.85 9.03 7/2810 21265
7.99 8.85 9.03 3/2810 21285
7.99 8.85 9.03 3/2810 21304
7.99 8.84 9.02 1/2810 21327
7.99 8.84 9.02 2/2810 21354
7.99 8.84 9.02 2/2811 21375
7.99 8.84 9.02 2/2810 21397
7.99 8.84 9.02 12/2810 21416
7.91 8.81 9.01 3/2810 21435
7.91 8.81 9.01 3/2810 21454
7.91 8.81 9.01 8/2810 21473
7.91 8.81 9.01 4/2810 21493
7.91 8.81 9.01 3/2810 21512
7.68 8.74 8.99 6/2810 21531
7.68 8.74 8.99 3/2810 21550
7.68 8.74 8.99 1/2810 21569
7.68 8.74 8.99 1/2810 21589
7.68 8.74 8.99 6/2810 21609
7.70 8.73 8.99 2/2810 21628
7.70 8.73 8.99 1/2810 21648
7.70 8.73 8.99 6/2810 21667
7.70 8.73 8.99 2/2810 21687
7.70 8.73 8.99 1/2810 21706
8.05 8.79 9.00 5/2810 21725
8.05 8.79 9.00 8/2810 21744
8.05 8.79 9.00 6/2810 21763
8.05 8.79 9.00 8/2811 21785
8.05 8.79 9.00 4/2810 21805
7.88 8.74 8.99 2/2810 21824
7.88 8.74 8.99 2/2810 21843
7.88 8.74 8.99 5/2810 21863
7.88 8.74 8.99 2/2810 21883
7.88 8.74 8.99 6/2810 21902
8.13 8.78 9.00 1/2810 21921
8.13 8.78 9.00 5/2810 21940
8.13 8.78 9.00 3/2810 21960
8.13 8.78 9.00 1/2810 21979
8.13 8.78 9.00 6/2810 21998
8.12 8.76 8.99 4/2810 22018
8.12 8.76 8.99 4/2810 22037
8.12 8.76 8.99 2/2810 22057
8.12 8.76 8.99 1/2810 22076
8.12 8.76 8.99 4/2810 22096
8.27 8.79 9.00 6/2810 22115
8.27 8.79 9.00 1/2810 22135
8.27 8.79 9.00 5/2810 22155
8.27 8.79 9.00 9/2810 22174
8.27 8.79 9.00 2/2811 22195
8.09 8.74 8.98 2/2810 22215
8.09 8.74 8.98 5/2810 22234
8.09 8.74 8.98 1/2810 22254
8.09 8.74 8.98 6/2810 22273
8.09 8.74 8.98 7/2810 22292
8.00 8.71 8.97 3/2810 22311
8.00 8.71 8.97 3/2810 22331
8.00 8.71 8.97 1/2810 22351
8.00 8.71 8.97 3/2810 22370
8.00 8.71 8.97 2/2810 22389
7.84 8.66 8.95 9/2810 22408
7.84 8.66 8.95 3/2810 22427
7.84 8.66 8.95 4/2810 22447
7.84 8.66 8.95 2/2810 22466
7.84 8.66 8.95 4/2802 22485
7.93 8.67 8.95 1/2802 22508
7.93 8.67 8.95 4/2802 22535
7.93 8.67 8.95 3/2802 22556
7.93 8.67 8.95 1/2802 22575
7.93 8.67 8.95 1/2802 22596
7.86 8.64 8.94 1/2803 22621
7.86 8.64 8.94 5/2803 22640
7.86 8.64 8.94 5/2802 22661
7.86 8.64 8.94 3/2802 22680
7.86 8.64 8.94 5/2802 22699
8.27 8.72 8.97 1/2802 22718
8.27 8.72 8.97 3/2802 22737
8.27 8.72 8.97 3/2802 22757
8.27 8.72 8.97 4/2802 22776
8.27 8.72 8.97 4/2802 22796
8.89 8.84 9.00 1/2802 22815
8.89 8.84 9.00 8/2802 22837
8.89 8.84 9.00 2/2802 22857
8.89 8.84 9.00 1/2802 22876
8.89 8.84 9.00 9/2802 22895
8.58 8.77 8.98 3/2802 22914
8.58 8.77 8.98 3/2802 22934
8.58 8.77 8.98 4/2802 22953
8.58 8.77 8.98 4/2802 22972
8.58 8.77 8.98 5/2802 22991
9.09 8.88 9.02 2/2802 23010
9.09 8.88 9.02 3/2802 23030
9.09 8.88 9.02 7/2803 23052
9.09 8.88 9.02 2/2802 23072
9.09 8.88 9.02 4/2802 23091
8.85 8.83 9.00 2/2802 23110
8.85 8.83 9.00 2/2802 23131
8.85 8.83 9.00 2/2802 23150
8.85 8.83 9.00 4/2802 23169
8.85 8.83 9.00 3/2802 23189
8.62 8.78 8.98 3/2802 23209
8.62 8.78 8.98 6/2802 23229
8.62 8.78 8.98 4/2802 23248
8.62 8.78 8.98 4/2802 23267
8.62 8.78 8.98 2/2802 23289
8.41 8.73 8.97 1/2802 23308
8.41 8.73 8.97 3/2802 23329
8.41 8.73 8.97 1/2802 23348
8.41 8.73 8.97 5/2802 23367
8.41 8.73 8.97 2/2802 23386
8.21 8.69 8.95 3/2802 23405
8.21 8.69 8.95 3/2802 23425
8.21 8.69 8.95 8/2802 23447
8.21 8.69 8.95 1/2803 23468
8.21 8.69 8.95 3/2802 23488
8.12 8.66 8.94 1/2802 23507
8.12 8.66 8.94 4/2802 23528
8.12 8.66 8.94 5/2802 23547
8.12 8.66 8.94 5/2802 23566
8.12 8.66 8.94 3/2802 23585
8.27 8.68 8.95 3/2802 23604
8.27 8.68 8.95 3/2802 23624
8.27 8.68 8.95 2/2802 23643
8.27 8.68 8.95 4/2802 23662
8.27 8.68 8.95 2/2802 23681
8.17 8.65 8.93 3/2802 23700
8.17 8.65 8.93 4/2802 23732
8.17 8.65 8.93 1/2802 23751
8.17 8.65 8.93 4/2802 23771
8.17 8.65 8.93 3/2802 23790
8.39 8.69 8.95 2/2768 23810
8.39 8.69 8.95 1/2768 23830
8.39 8.69 8.95 2/2768 23849
8.39 8.69 8.95 1/2768 23869
8.39 8.69 8.95 1/2769 23890
8.52 8.72 8.95 2/2768 23911
8.52 8.72 8.95 10/2768 23930
8.52 8.72 8.95 1/2764 23949
8.52 8.72 8.95 2/2764 23969
8.52 8.72 8.95 4/2764 23988
8.32 8.67 8.94 2/2764 24009
8.32 8.67 8.94 7/2764 24028
8.32 8.67 8.94 5/2764 24047
8.32 8.67 8.94 5/2764 24066
8.32 8.67 8.94 7/2763 24085
8.13 8.63 8.92 2/2763 24105
8.13 8.63 8.92 5/2758 24124
8.13 8.63 8.92 4/2758 24143
8.13 8.63 8.92 6/2758 24162
8.13 8.63 8.92 7/2758 24181
8.12 8.62 8.91 5/2757 24201
8.12 8.62 8.91 2/2757 24220
8.12 8.62 8.91 6/2757 24240
8.12 8.62 8.91 5/2758 24261
8.12 8.62 8.91 2/2758 24280
8.27 8.64 8.92 2/2760 24303
8.27 8.64 8.92 1/2759 24323
8.27 8.64 8.92 1/2759 24343
8.27 8.64 8.92 4/2745 24362
8.27 8.64 8.92 3/2745 24381
8.25 8.63 8.91 4/2734 24401
8.25 8.63 8.91 2/2734 24421
8.25 8.63 8.91 4/2734 24440
8.25 8.63 8.91 5/2708 24459
8.25 8.63 8.91 2/2708 24479
8.07 8.58 8.90 2/2708 24499
8.07 8.58 8.90 3/2708 24519
8.07 8.58 8.90 6/2708 24538
8.07 8.58 8.90 6/2708 24557
8.07 8.58 8.90 3/2708 24576
8.15 8.59 8.90 2/2708 24596
8.15 8.59 8.90 2/2708 24615
8.15 8.59 8.90 5/2702 24634
8.15 8.59 8.90 8/2702 24653
8.15 8.59 8.90 5/2702 24672
7.97 8.55 8.88 1/2702 24692
7.97 8.55 8.88 4/2703 24714
7.97 8.55 8.88 4/2702 24734
7.97 8.55 8.88 6/2702 24753
7.97 8.55 8.88 3/2702 24772
7.90 8.52 8.87 5/2702 24792
7.90 8.52 8.87 4/2702 24811
7.90 8.52 8.87 5/2702 24830
7.90 8.52 8.87 2/2702 24849
7.90 8.52 8.87 2/2702 24869
7.90 8.51 8.87 2/2702 24888
7.90 8.51 8.87 8/2702 24919
7.90 8.51 8.87 6/2702 24938
7.90 8.51 8.87 7/2702 24958
7.90 8.51 8.87 2/2702 24978
8.31 8.59 8.89 4/2702 24997
8.31 8.59 8.89 5/2702 25016
8.31 8.59 8.89 4/2702 25035
8.31 8.59 8.89 3/2702 25054
8.31 8.59 8.89 9/2702 25074
8.21 8.56 8.88 4/2701 25093
8.21 8.56 8.88 8/2701 25112
8.21 8.56 8.88 6/2702 25133
8.21 8.56 8.88 5/2701 25153
8.21 8.56 8.88 3/2701 25173
8.11 8.54 8.87 7/2701 25193
8.11 8.54 8.87 1/2701 25212
8.11 8.54 8.87 2/2701 25231
8.11 8.54 8.87 4/2701 25250
8.11 8.54 8.87 6/2701 25270
8.10 8.53 8.87 5/2701 25289
8.10 8.53 8.87 5/2701 25308
8.10 8.53 8.87 1/2702 25328
8.10 8.53 8.87 9/2702 25347
8.10 8.53 8.87 2/2707 25374
8.01 8.50 8.86 3/2708 25394
8.01 8.50 8.86 3/2708 25413
8.01 8.50 8.86 1/2707 25433
8.01 8.50 8.86 3/2707 25452
8.01 8.50 8.86 6/2707 25472
7.93 8.47 8.85 3/2707 25491
7.93 8.47 8.85 2/2707 25510
7.93 8.47 8.85 1/2707 25529
7.93 8.47 8.85 6/2708 25550
7.93 8.47 8.85 3/2707 25571
8.02 8.48 8.85 1/2707 25590
8.02 8.48 8.85 1/2703 25610
8.02 8.48 8.85 2/2703 25629
8.02 8.48 8.85 1/2703 25648
8.02 8.48 8.85 3/2703 25669
8.02 8.48 8.84 7/2703 25688
8.02 8.48 8.84 3/2703 25708
8.02 8.48 8.84 3/2703 25727
8.02 8.48 8.84 2/2703 25746
8.02 8.48 8.84 5/2704 25767
8.09 8.48 8.84 7/2704 25786
8.09 8.48 8.84 7/2704 25805
8.09 8.48 8.84 4/2704 25824
8.09 8.48 8.84 6/2704 25844
8.09 8.48 8.84 2/2704 25863
8.57 8.58 8.87 2/2704 25882
8.57 8.58 8.87 2/2704 25901
8.57 8.58 8.87 5/2704 25921
8.57 8.58 8.87 2/2704 25941
8.57 8.58 8.87 6/2705 25962
8.36 8.53 8.85 2/2705 25981
8.36 8.53 8.85 5/2704 26001
8.36 8.53 8.85 12/2704 26020
8.36 8.53 8.85 6/2704 26040
8.36 8.53 8.85 3/2704 26059
8.25 8.51 8.84 4/2704 26078
8.25 8.51 8.84 2/2704 26106
8.25 8.51 8.84 3/2704 26129
8.25 8.51 8.84 1/2704 26150
8.25 8.51 8.84 2/2704 26169
8.15 8.48 8.83 5/2704 26188
8.15 8.48 8.83 3/2704 26207
8.15 8.48 8.83 5/2704 26226
8.15 8.48 8.83 2/2704 26246
8.15 8.48 8.83 3/2704 26265
7.98 8.44 8.82 6/2704 26284
7.98 8.44 8.82 1/2704 26303
7.98 8.44 8.82 4/2704 26322
7.98 8.44 8.82 4/2704 26342
7.98 8.44 8.82 4/2704 26361
7.90 8.42 8.81 9/2706 26383
7.90 8.42 8.81 6/2704 26402
7.90 8.42 8.81 2/2703 26422
7.90 8.42 8.81 10/2703 26442
7.90 8.42 8.81 5/2703 26461
7.83 8.39 8.80 2/2703 26480
7.83 8.39 8.80 8/2703 26499
7.83 8.39 8.80 3/2703 26518
7.83 8.39 8.80 4/2703 26538
7.83 8.39 8.80 2/2702 26557
7.68 8.35 8.78 6/2700 26576
7.68 8.35 8.78 4/2700 26595
7.68 8.35 8.78 5/2700 26615
7.68 8.35 8.78 3/2699 26635
7.68 8.35 8.78 4/2697 26654
7.71 8.35 8.78 3/2697 26674
7.71 8.35 8.78 2/2697 26693
7.71 8.35 8.78 3/2697 26712
7.71 8.35 8.78 5/2697 26732
7.71 8.35 8.78 1/2697 26751
7.57 8.31 8.76 2/2697 26770
7.57 8.31 8.76 4/2697 26790
7.57 8.31 8.76 3/2698 26812
7.57 8.31 8.76 3/2697 26833
7.57 8.31 8.76 2/2697 26852
7.77 8.34 8.77 3/2697 26871
7.77 8.34 8.77 3/2697 26891
7.77 8.34 8.77 9/2697 26911
7.77 8.34 8.77 2/2697 26930
7.77 8.34 8.77 4/2697 26949
8.43 8.46 8.81 1/2697 26968
8.43 8.46 8.81 3/2697 26988
8.43 8.46 8.81 3/2696 27008
8.43 8.46 8.81 1/2697 27031
8.43 8.46 8.81 6/2696 27050
8.15 8.41 8.79 4/2696 27070
8.15 8.41 8.79 1/2696 27089
8.15 8.41 8.79 7/2696 27109
8.15 8.41 8.79 2/2696 27128
8.15 8.41 8.79 3/2696 27147
8.06 8.38 8.78 2/2696 27167
8.06 8.38 8.78 4/2696 27186
8.06 8.38 8.78 11/2696 27206
8.06 8.38 8.78 2/2697 27227
8.06 8.38 8.78 7/2696 27247
8.21 8.41 8.79 3/2696 27266
8.21 8.41 8.79 3/2696 27289
8.21 8.41 8.79 3/2696 27317
8.21 8.41 8.79 4/2696 27337
8.21 8.41 8.79 1/2696 27357
8.20 8.40 8.78 10/2696 27376
8.20 8.40 8.78 6/2696 27395
8.20 8.40 8.78 10/2696 27415
8.20 8.40 8.78 4/2696 27434
8.20 8.40 8.78 2/2696 27453
8.02 8.36 8.77 8/2696 27472
8.02 8.36 8.77 5/2696 27491
8.02 8.36 8.77 3/2696 27511
8.02 8.36 8.77 4/2696 27530
8.02 8.36 8.77 3/2696 27549
8.10 8.37 8.77 4/2696 27568
8.10 8.37 8.77 4/2696 27589
8.10 8.37 8.77 6/2696 27609
8.10 8.37 8.77 2/2696 27629
8.10 8.37 8.77 6/2697 27650
8.01 8.35 8.76 2/2696 27671
8.01 8.35 8.76 5/2694 27690
8.01 8.35 8.76 3/2694 27710
8.01 8.35 8.76 3/2694 27729
8.01 8.35 8.76 1/2694 27748
7.77 8.29 8.74 7/2694 27767
7.77 8.29 8.74 2/2694 27787
7.77 8.29 8.74 3/2694 27807
7.77 8.29 8.74 2/2694 27826
7.77 8.29 8.74 3/2694 27845
7.87 8.31 8.74 4/2694 27864
7.87 8.31 8.74 3/2694 27884
7.87 8.31 8.74 1/2694 27903
7.87 8.31 8.74 2/2694 27922
7.87 8.31 8.74 2/2694 27941
8.20 8.37 8.76 3/2694 27960
8.20 8.37 8.76 4/2694 27981
8.20 8.37 8.76 4/2695 28001
8.20 8.37 8.76 1/2695 28020
8.20 8.37 8.76 2/2695 28040
8.42 8.41 8.77 6/2696 28061
8.42 8.41 8.77 2/2696 28084
8.42 8.41 8.77 4/2696 28103
8.42 8.41 8.77 1/2696 28122
8.42 8.41 8.77 5/2696 28141
8.15 8.35 8.75 6/2696 28160
8.15 8.35 8.75 2/2696 28180
8.15 8.35 8.75 6/2696 28199
8.15 8.35 8.75 1/2696 28218
8.15 8.35 8.75 6/2696 28238
8.14 8.35 8.74 7/2697 28258
8.14 8.35 8.74 5/2696 28278
8.14 8.35 8.74 4/2696 28297
8.14 8.35 8.74 7/2696 28316
8.14 8.35 8.74 3/2696 28335
7.97 8.31 8.73 4/2696 28354
7.97 8.31 8.73 1/2696 28374
7.97 8.31 8.73 5/2696 28394
7.97 8.31 8.73 3/2696 28413
7.97 8.31 8.73 3/2696 28434
8.21 8.35 8.74 7/2696 28453
8.21 8.35 8.74 12/2697 28480
8.21 8.35 8.74 2/2696 28508
8.21 8.35 8.74 1/2696 28527
8.21 8.35 8.74 1/2696 28547
8.11 8.33 8.73 3/2696 28566
8.11 8.33 8.73 3/2696 28586
8.11 8.33 8.73 2/2696 28605
8.11 8.33 8.73 4/2696 28624
8.11 8.33 8.73 7/2696 28643
8.02 8.31 8.72 2/2696 28662
8.02 8.31 8.72 1/2696 28682
8.02 8.31 8.72 9/2696 28702
8.02 8.31 8.72 1/2696 28721
8.02 8.31 8.72 1/2696 28740
7.94 8.29 8.71 4/2696 28760
7.94 8.29 8.71 2/2696 28779
7.94 8.29 8.71 7/2696 28798
7.94 8.29 8.71 6/2696 28817
7.94 8.29 8.71 1/2696 28836
7.95 8.28 8.71 2/2696 28856
7.95 8.28 8.71 8/2696 28875
7.95 8.28 8.71 10/2697 28896
7.95 8.28 8.71 2/2696 28916
7.95 8.28 8.71 5/2696 28935
8.19 8.33 8.72 4/2696 28956
8.19 8.33 8.72 1/2696 28975
8.19 8.33 8.72 4/2696 28994
8.19 8.33 8.72 3/2696 29014
8.19 8.33 8.72 3/2696 29033
8.41 8.37 8.73 3/2696 29053
8.41 8.37 8.73 5/2696 29072
8.41 8.37 8.73 2/2696 29091
8.41 8.37 8.73 3/2696 29110
8.41 8.37 8.73 1/2697 29130
8.22 8.33 8.72 6/2697 29150
8.22 8.33 8.72 3/2697 29170
8.22 8.33 8.72 2/2697 29190
8.22 8.33 8.72 1/2697 29209
8.22 8.33 8.72 3/2697 29229
8.28 8.34 8.72 2/2697 29249
8.28 8.34 8.72 2/2697 29269
8.28 8.34 8.72 6/2697 29288
8.28 8.34 8.72 5/2698 29309
8.28 8.34 8.72 2/2697 29330
8.26 8.34 8.72 3/2697 29350
8.26 8.34 8.72 1/2697 29369
8.26 8.34 8.72 3/2697 29388
8.26 8.34 8.72 2/2697 29407
8.26 8.34 8.72 4/2697 29426
8.24 8.33 8.71 2/2697 29447
8.24 8.33 8.71 7/2697 29467
8.24 8.33 8.71 3/2697 29486
8.24 8.33 8.71 3/2697 29505
8.24 8.33 8.71 7/2697 29524
8.14 8.31 8.70 9/2697 29544
8.14 8.31 8.70 3/2697 29563
8.14 8.31 8.70 4/2697 29583
8.14 8.31 8.70 2/2697 29602
8.14 8.31 8.70 5/2697 29621
7.89 8.25 8.68 5/2697 29641
7.89 8.25 8.68 3/2701 29665
7.89 8.25 8.68 5/2697 29692
7.89 8.25 8.68 1/2697 29711
7.89 8.25 8.68 3/2698 29733
7.66 8.20 8.66 5/2698 29752
7.66 8.20 8.66 2/2697 29772
7.66 8.20 8.66 5/2697 29791
7.66 8.20 8.66 5/2697 29810
7.66 8.20 8.66 1/2697 29830
8.01 8.26 8.68 5/2697 29849
8.01 8.26 8.68 6/2697 29868
8.01 8.26 8.68 7/2697 29887
8.01 8.26 8.68 6/2697 29907
8.01 8.26 8.68 4/2697 29927
8.00 8.26 8.68 9/2697 29946
8.00 8.26 8.68 1/2697 29965
8.00 8.26 8.68 3/2697 29984
8.00 8.26 8.68 2/2697 30003
8.00 8.26 8.68 3/2697 30023
8.08 8.27 8.68 1/2697 30042
8.08 8.27 8.68 5/2697 30061
8.08 8.27 8.68 2/2697 30080
8.08 8.27 8.68 3/2697 30099
8.08 8.27 8.68 5/2697 30120
7.84 8.22 8.66 6/2697 30139
7.84 8.22 8.66 5/2698 30160
7.84 8.22 8.66 11/2693 30181
7.85 8.21 8.66 1/2692 30200
7.85 8.21 8.66 3/2692 30219
7.85 8.21 8.66 12/2692 30238
7.85 8.21 8.66 3/2692 30257
7.85 8.21 8.66 10/2692 30277
8.02 8.24 8.66 3/2692 30296
8.02 8.24 8.66 4/2692 30317
8.02 8.24 8.66 2/2692 30336
8.02 8.24 8.66 2/2692 30355
8.02 8.24 8.66 3/2692 30375
0.23 2.49 2.71 3/656 5397
0.23 2.49 2.71 2/657 5588
0.77 2.57 2.73 15/658 5779
0.77 2.57 2.73 3/660 5971
0.79 2.54 2.72 2/660 6161
0.79 2.54 2.72 3/661 6352
1.77 2.71 2.78 14/659 6542
2.83 2.92 2.84 15/659 6732
2.83 2.92 2.84 14/661 6924
2.83 2.92 2.84 4/662 7115
3.72 3.10 2.90 3/665 7308
3.72 3.10 2.90 13/665 7498
3.99 3.17 2.93 15/666 7689
3.99 3.17 2.93 13/666 7879
3.99 3.17 2.93 3/666 8069
3.83 3.15 2.92 14/666 8259
3.83 3.15 2.92 15/666 8449
4.32 3.26 2.96 3/666 8639
4.22 3.26 2.96 4/666 8829
4.22 3.26 2.96 14/666 9019
4.76 3.39 3.00 3/666 9209
