15156.74 52848.61
15157.69 52851.89
15158.69 52855.43
15159.69 52859.57
15160.68 52863.57
15161.67 52867.47
15162.67 52872.01
15163.68 52876.21
15164.67 52880.20
15165.68 52884.39
15166.68 52888.21
15167.68 52892.08
15168.67 52895.80
15169.68 52899.20
15170.68 52902.25
15171.68 52905.31
15172.68 52908.44
15173.67 52911.53
15174.68 52914.60
15175.69 52917.62
15176.68 52920.57
15177.68 52923.52
15178.68 52926.47
15179.67 52929.36
15180.68 52932.29
15181.67 52935.09
15182.68 52937.70
15183.67 52940.48
15184.68 52943.41
15185.69 52946.34
15186.68 52949.20
15187.67 52951.98
15188.69 52954.96
15189.69 52957.85
15190.68 52960.78
15191.68 52963.70
15192.68 52966.58
15193.68 52969.48
15194.68 52972.34
15195.69 52975.24
15196.68 52978.11
15197.68 52981.00
15198.67 52983.86
15199.67 52986.63
15200.68 52989.50
15201.69 52992.38
15202.68 52995.23
15203.68 52997.81
15204.68 53000.47
15205.68 53003.44
15206.69 53006.36
15207.69 53009.21
15208.68 53012.10
15209.69 53014.96
15210.69 53017.73
15211.73 53020.73
15212.69 53023.49
15213.68 53026.25
15214.69 53029.16
15215.69 53032.08
15216.69 53034.89
15217.68 53037.74
15218.68 53040.62
15219.68 53043.43
15220.69 53046.37
15221.68 53049.27
15222.68 53052.14
15223.69 53055.05
15224.69 53057.42
15225.69 53059.16
15226.68 53061.27
15227.68 53064.09
15228.68 53066.98
15229.68 53069.59
15230.69 53072.34
15231.69 53074.81
15232.68 53076.47
15233.73 53078.60
15234.69 53080.07
15235.69 53082.11
15236.70 53084.37
15237.68 53086.12
15238.67 53088.61
15239.69 53090.47
15240.68 53092.38
15241.68 53094.50
15242.69 53097.29
15243.68 53100.03
15244.68 53101.61
15245.72 53103.32
15246.69 53104.58
15247.68 53106.63
15248.68 53109.61
15249.68 53112.51
15250.68 53115.42
15251.69 53118.32
15252.69 53121.10
15253.68 53123.81
15254.68 53126.59
15255.69 53129.44
15256.68 53132.28
15257.68 53135.04
15258.67 53137.83
15259.68 53140.52
15260.68 53143.44
15261.68 53146.32
15262.69 53149.07
15263.69 53151.86
15264.68 53154.73
15265.69 53157.43
15266.68 53159.00
15267.69 53159.25
15268.69 53159.62
15269.68 53160.83
15270.68 53163.81
15271.69 53167.62
15272.68 53171.17
15273.68 53174.65
15274.68 53178.46
15275.68 53182.09
15276.70 53185.95
15277.69 53189.57
15278.68 53193.23
15279.68 53196.91
15280.68 53200.71
15281.69 53204.61
15282.69 53208.42
15283.69 53212.26
15284.68 53216.05
15285.68 53219.94
15286.69 53223.85
15287.69 53227.66
15288.68 53231.35
15289.68 53235.12
15290.68 53238.97
15291.69 53242.80
15292.69 53246.58
15293.68 53250.32
15294.68 53253.92
15295.68 53257.53
15296.69 53261.12
15297.69 53264.79
15298.70 53268.62
15299.70 53272.48
15300.69 53276.30
15301.68 53280.11
15302.69 53283.88
15303.69 53287.59
15304.68 53291.34
15305.70 53295.27
15306.68 53299.02
15307.69 53302.78
15308.68 53306.54
15309.70 53310.28
15310.68 53314.02
15311.68 53317.88
15312.69 53321.68
15313.69 53325.53
15314.69 53329.34
15315.70 53333.02
15316.69 53336.73
15317.69 53340.40
15318.69 53344.01
15319.70 53347.55
15320.69 53350.74
15321.68 53354.44
15322.68 53358.19
15323.70 53362.09
15324.70 53365.93
15325.69 53369.77
15326.69 53373.52
15327.69 53377.14
15328.69 53381.00
15329.69 53384.77
15330.69 53388.51
15331.68 53392.26
15332.68 53396.05
15333.68 53399.87
15334.69 53403.73
15335.69 53407.57
15336.68 53411.31
15337.69 53415.06
15338.71 53418.94
15339.68 53422.50
15340.69 53426.37
15341.69 53430.19
15342.69 53434.00
15343.69 53437.82
15344.68 53441.65
15345.68 53445.52
15346.69 53449.47
15347.68 53453.20
15348.69 53457.04
15349.69 53460.82
15350.68 53464.61
15351.68 53468.40
15352.69 53472.17
15353.69 53475.76
15354.69 53479.55
15355.69 53483.18
15356.68 53486.81
15357.69 53490.48
15358.69 53494.27
15359.70 53498.16
15360.70 53502.03
15361.69 53505.83
15362.70 53509.62
15363.69 53513.41
15364.69 53517.18
15365.71 53521.10
15366.69 53524.87
15367.69 53528.70
15368.69 53532.41
15369.68 53536.16
15370.70 53540.09
15371.70 53543.97
15372.69 53547.69
15373.69 53551.46
15374.69 53555.25
15375.69 53558.90
15376.69 53562.64
15377.69 53566.32
15378.70 53569.91
15379.70 53573.60
15380.69 53577.20
15381.68 53580.97
15382.70 53584.60
15383.69 53588.30
15384.69 53592.12
15385.69 53595.99
15386.69 53599.81
15387.68 53603.49
15388.68 53607.40
15389.68 53611.27
15390.70 53615.08
15391.70 53618.89
15392.69 53622.58
15393.70 53626.48
15394.69 53630.29
15395.69 53634.20
15396.69 53637.81
15397.70 53641.68
15398.69 53645.47
15399.69 53649.39
15400.69 53653.37
15401.70 53657.23
15402.69 53660.98
15403.69 53664.67
15404.69 53668.47
15405.70 53672.40
15406.70 53676.26
15407.69 53680.07
15408.69 53683.93
15409.68 53687.67
15410.69 53691.42
15411.70 53695.25
15412.69 53699.12
15413.69 53703.00
15414.68 53706.84
15415.69 53710.67
15416.69 53714.36
15417.69 53718.09
15418.69 53721.94
15419.70 53725.84
15420.70 53729.75
15421.70 53733.58
15422.69 53737.30
15423.74 53741.19
15424.69 53744.88
15425.70 53748.79
15426.69 53752.40
15427.72 53756.15
15428.70 53759.67
15429.69 53763.53
15430.70 53767.44
15431.70 53771.29
15432.69 53774.99
15433.70 53778.86
15434.69 53782.52
15435.69 53786.35
15436.68 53790.14
15437.70 53794.00
15438.70 53797.81
15439.69 53801.63
15440.69 53805.51
15441.69 53809.40
15442.70 53813.21
15443.69 53817.03
15444.70 53820.94
15445.70 53824.77
15446.71 53828.57
15447.70 53832.18
15448.70 53836.00
15449.69 53839.80
15450.75 53843.84
15451.69 53847.24
15452.70 53850.94
15453.69 53854.68
15454.69 53858.45
15455.70 53862.12
15456.70 53865.91
15457.69 53869.66
15458.69 53873.57
15459.70 53877.42
15460.69 53881.25
15461.69 53885.13
15462.69 53888.99
15463.70 53892.92
15464.70 53896.79
15465.69 53900.63
15466.70 53904.57
15467.69 53908.28
15468.70 53912.13
15469.70 53915.92
15470.70 53919.73
15471.69 53923.44
15472.70 53927.35
15473.69 53931.10
15474.69 53934.69
15475.71 53938.35
15476.70 53942.15
15477.69 53945.93
15478.69 53949.75
15479.69 53953.58
15480.70 53957.27
15481.69 53961.04
15482.70 53964.98
15483.70 53968.79
15484.69 53972.38
15485.69 53976.12
15486.70 53979.90
15487.70 53983.67
15488.69 53987.44
15489.69 53991.27
15490.70 53995.07
15491.69 53998.87
15492.70 54002.59
15493.70 54006.46
15494.69 54010.23
15495.71 54014.13
15496.71 54017.92
15497.69 54021.65
15498.69 54025.48
15499.71 54029.32
15500.70 54033.08
15501.70 54036.89
15502.70 54040.76
15503.71 54044.58
15504.70 54048.41
15505.70 54052.25
15506.70 54056.10
15507.69 54059.78
15508.70 54063.58
15509.70 54067.38
15510.70 54071.17
15511.69 54074.96
15512.69 54078.89
15513.69 54082.70
15514.69 54086.38
15515.70 54090.24
15516.69 54093.81
15517.71 54097.44
15518.69 54101.11
15519.69 54104.99
15520.70 54108.88
15521.71 54112.81
15522.70 54116.52
15523.70 54120.31
15524.70 54124.21
15525.69 54128.00
15526.70 54131.86
15527.69 54135.56
15528.70 54139.40
15529.70 54143.20
15530.69 54147.03
15531.70 54150.95
15532.70 54154.73
15533.70 54158.25
15534.70 54161.88
15535.70 54165.64
15536.69 54169.45
15537.69 54173.25
15538.70 54177.15
15539.70 54181.00
15540.70 54184.83
15541.70 54188.64
15542.70 54192.45
15543.70 54196.15
15544.69 54199.96
15545.70 54203.96
15546.70 54207.82
15547.70 54211.60
15548.71 54215.37
15549.70 54219.14
15550.70 54222.89
15551.69 54226.77
15552.70 54230.68
15553.70 54234.51
15554.69 54238.26
15555.70 54241.98
15556.70 54245.79
15557.70 54249.49
15558.71 54253.40
15559.71 54257.22
15560.70 54261.05
15561.70 54264.85
15562.71 54268.69
15563.71 54272.50
15564.70 54276.34
15565.70 54280.21
15566.70 54283.90
15567.69 54287.52
15568.71 54291.46
15569.70 54295.26
15570.70 54299.06
15571.70 54302.83
15572.70 54306.73
15573.70 54310.52
15574.71 54314.31
15575.71 54318.18
15576.70 54321.99
15577.70 54325.76
15578.69 54329.67
15579.71 54333.49
15580.70 54337.34
15581.70 54341.13
15582.69 54345.01
15583.70 54348.92
15584.70 54352.79
15585.70 54356.55
15586.70 54360.25
15587.70 54364.02
15588.69 54367.95
15589.70 54371.84
15590.71 54375.73
15591.71 54379.42
15592.71 54383.22
15593.70 54387.00
15594.69 54390.90
15595.70 54394.86
15596.70 54398.77
15597.70 54402.47
15598.71 54406.42
15599.70 54410.26
15600.69 54414.11
15601.71 54418.07
15602.70 54421.96
15603.70 54425.78
15604.70 54429.57
15605.70 54433.40
15606.70 54437.23
15607.71 54441.08
15608.70 54444.91
15609.71 54448.79
15610.70 54452.67
15611.70 54456.37
15612.71 54460.13
15613.70 54464.05
15614.70 54467.95
15615.70 54471.89
15616.71 54475.51
15617.70 54479.34
15618.71 54483.24
15619.71 54487.07
15620.70 54490.94
15621.71 54494.75
15622.70 54498.58
15623.70 54502.41
15624.71 54506.40
15625.71 54510.31
15626.70 54513.98
15627.70 54517.79
15628.71 54521.72
15629.71 54525.53
15630.70 54529.17
15631.71 54532.90
15632.70 54536.60
15633.71 54540.20
15634.71 54543.99
15635.70 54547.72
15636.70 54551.54
15637.71 54555.27
15638.71 54559.03
15639.71 54562.69
15640.70 54566.47
15641.71 54570.10
15642.71 54573.67
15643.70 54577.43
15644.70 54581.33
15645.70 54585.14
15646.71 54588.85
15647.70 54592.47
15648.71 54596.09
15649.70 54599.75
15650.70 54603.45
15651.71 54607.08
15652.71 54610.86
15653.70 54614.59
15654.71 54618.44
15655.71 54622.24
15656.71 54626.05
15657.70 54629.74
15658.71 54633.61
15659.71 54637.41
15660.70 54641.13
15661.70 54644.92
15662.70 54648.66
15663.70 54652.48
15664.71 54656.36
15665.70 54660.12
15666.70 54663.91
15667.70 54667.54
15668.71 54671.25
15669.71 54674.83
15670.70 54678.57
15671.70 54682.24
15672.70 54686.02
15673.70 54689.78
15674.70 54693.48
15675.71 54697.23
15676.71 54700.97
15677.70 54704.60
15678.72 54708.18
15679.71 54711.83
15680.71 54715.60
15681.71 54719.43
15682.70 54723.17
15683.70 54726.97
15684.71 54730.86
15685.71 54734.56
15686.71 54738.28
15687.70 54741.97
15688.71 54745.78
15689.70 54749.48
15690.71 54753.18
15691.70 54756.86
15692.71 54760.72
15693.71 54764.40
15694.70 54768.13
15695.71 54771.96
15696.71 54775.61
15697.71 54779.24
15698.71 54783.02
15699.70 54786.71
15700.71 54790.42
15701.70 54794.12
15702.71 54797.83
15703.70 54801.55
15704.70 54805.36
15705.70 54809.18
15706.71 54813.07
15707.71 54816.86
15708.71 54820.69
15709.71 54824.37
15710.70 54828.08
15711.72 54831.83
15712.71 54835.58
15713.70 54839.31
15714.72 54843.16
15715.71 54846.90
15716.71 54850.62
15717.70 54854.29
15718.72 54858.07
15719.71 54861.61
15720.71 54865.42
15721.71 54869.16
15722.70 54872.89
15723.70 54876.73
15724.71 54880.53
15725.71 54884.29
15726.70 54888.10
15727.70 54891.62
15728.71 54895.34
15729.71 54898.98
15730.70 54902.74
15731.71 54906.67
15732.71 54910.40
15733.71 54914.13
15734.72 54917.96
15735.71 54921.64
15736.70 54925.36
15737.71 54929.18
15738.71 54932.98
15739.71 54936.63
15740.70 54940.40
15741.72 54944.18
15742.71 54947.94
15743.72 54951.69
15744.71 54955.38
15745.70 54959.08
15746.72 54962.78
15747.71 54966.50
15748.71 54970.24
15749.70 54973.97
15750.70 54977.58
15751.71 54981.36
15752.71 54985.14
15753.71 54988.87
15754.71 54992.54
15755.70 54996.16
15756.70 54999.90
15757.71 55003.76
15758.71 55007.54
15759.71 55011.25
15760.72 55014.81
15761.72 55018.56
15762.71 55022.31
15763.71 55026.00
15764.71 55029.75
15765.71 55033.46
15766.71 55037.26
15767.71 55041.01
15768.70 55044.71
15769.72 55048.57
15770.71 55052.25
15771.70 55055.78
15772.70 55059.56
15773.70 55063.28
15774.71 55066.92
15775.71 55070.74
15776.73 55074.46
15777.71 55078.10
15778.72 55081.87
15779.71 55085.57
15780.72 55089.18
15781.71 55092.94
15782.71 55096.72
15783.71 55100.44
15784.72 55104.10
15785.72 55107.89
15786.72 55111.71
15787.71 55115.42
15788.72 55119.15
15789.72 55122.93
15790.71 55126.65
15791.71 55130.34
15792.71 55133.90
15793.71 55137.70
15794.71 55141.52
15795.71 55145.29
15796.71 55148.91
15797.71 55152.69
15798.72 55156.42
15799.71 55160.08
15800.71 55163.94
15801.71 55167.76
15802.72 55171.51
15803.72 55175.35
15804.72 55179.11
15805.71 55182.84
15806.71 55186.68
15807.72 55190.48
15808.71 55194.14
15809.70 55197.89
15810.72 55201.80
15811.71 55205.66
15812.71 55209.43
15813.71 55213.07
15814.72 55216.93
15815.72 55220.67
15816.72 55224.43
15817.71 55228.14
15818.70 55231.95
15819.72 55235.89
15820.71 55239.70
15821.71 55243.41
15822.71 55247.05
15823.72 55250.83
15824.71 55254.57
15825.72 55258.20
15826.72 55261.86
15827.71 55265.66
15828.72 55269.54
15829.72 55273.34
15830.71 55277.10
15831.71 55280.86
15832.71 55284.61
15833.72 55288.24
15834.72 55291.95
15835.73 55295.82
15836.72 55299.56
15837.72 55303.23
15838.71 55306.91
15839.71 55310.49
15840.71 55314.27
15841.72 55318.14
15842.71 55321.88
15843.72 55325.66
15844.72 55329.43
15845.72 55333.17
15846.71 55336.83
15847.71 55340.55
15848.72 55344.41
15849.72 55348.17
15850.71 55351.94
15851.72 55355.76
15852.71 55359.47
15853.72 55363.28
15854.72 55367.08
15855.71 55370.81
15856.73 55374.66
15857.72 55378.43
15858.74 55382.25
15861.90 55394.14
15862.72 55397.25
15863.71 55401.04
15864.74 55404.83
15865.72 55408.40
15866.73 55412.03
15867.73 55415.51
15868.72 55419.29
15869.74 55423.16
15870.71 55426.97
15871.72 55430.83
766.38 6527.06
768.39 6546.53
770.39 6565.05
772.43 6576.89
775.45 6593.50
778.63 6610.34
781.63 6625.34
784.42 6638.28
786.40 6646.80
788.45 6655.05
790.40 6662.76
792.39 6670.47
794.43 6677.91
796.43 6685.14
798.47 6692.26
800.46 6699.01
803.46 6709.47
806.49 6719.64
809.45 6729.65
811.48 6736.21
814.46 6746.07
817.46 6755.66
