9.10 8.61 6.89 3/2833 22857
9.10 8.61 6.89 3/2854 22930
8.94 8.58 6.89 4/2852 22954
8.94 8.58 6.89 4/2853 22974
8.94 8.58 6.89 2/2853 22993
8.94 8.58 6.89 3/2842 23017
8.94 8.58 6.89 4/2841 23036
8.86 8.57 6.89 3/2841 23067
8.86 8.57 6.89 1/2844 23093
8.86 8.57 6.89 5/2845 23114
8.86 8.57 6.89 10/2845 23133
8.86 8.57 6.89 3/2845 23152
8.87 8.58 6.90 8/2845 23171
8.87 8.58 6.90 2/2844 23190
8.87 8.58 6.90 3/2843 23209
8.87 8.58 6.90 4/2844 23229
8.87 8.58 6.90 4/2844 23248
8.80 8.57 6.91 2/2844 23268
8.80 8.57 6.91 4/2844 23287
8.80 8.57 6.91 7/2844 23306
8.80 8.57 6.91 7/2844 23325
8.80 8.57 6.91 5/2851 23352
8.74 8.56 6.92 3/2851 23372
8.74 8.56 6.92 2/2844 23391
8.74 8.56 6.92 2/2843 23410
8.74 8.56 6.92 5/2843 23429
8.74 8.56 6.92 12/2875 23482
8.60 8.53 6.92 5/2916 23547
8.60 8.53 6.92 2/2915 23567
8.60 8.53 6.92 3/2912 23586
8.60 8.53 6.92 4/2904 23605
8.60 8.53 6.92 4/2900 23624
8.55 8.53 6.92 4/2900 23644
8.55 8.53 6.92 4/2900 23663
8.55 8.53 6.92 7/2898 23682
8.55 8.53 6.92 4/2894 23701
8.55 8.53 6.92 4/2894 23720
8.67 8.55 6.94 7/2894 23740
8.67 8.55 6.94 6/2894 23760
8.67 8.55 6.94 5/2894 23779
8.67 8.55 6.94 4/2894 23799
8.67 8.55 6.94 3/2894 23818
8.93 8.61 6.97 8/2899 23842
8.93 8.61 6.97 7/2901 23864
8.93 8.61 6.97 4/2892 23884
8.93 8.61 6.97 7/2892 23903
8.93 8.61 6.97 5/2892 23922
8.70 8.56 6.96 5/2892 23941
8.70 8.56 6.96 7/2892 23960
8.70 8.56 6.96 4/2892 23979
8.70 8.56 6.96 3/2891 23998
8.70 8.56 6.96 4/2891 24019
8.80 8.59 6.98 9/2891 24038
8.80 8.59 6.98 2/2891 24057
8.80 8.59 6.98 3/2891 24076
8.80 8.59 6.98 5/2890 24095
8.80 8.59 6.98 9/2888 24114
8.82 8.60 6.99 5/2888 24133
8.82 8.60 6.99 2/2887 24152
8.82 8.60 6.99 4/2882 24171
8.82 8.60 6.99 4/2878 24190
8.82 8.60 6.99 5/2874 24209
8.91 8.62 7.01 3/2874 24229
8.91 8.62 7.01 6/2874 24249
8.91 8.62 7.01 5/2881 24276
8.91 8.62 7.01 5/2872 24296
8.91 8.62 7.01 6/2872 24315
8.68 8.57 7.00 9/2871 24346
8.68 8.57 7.00 3/2871 24369
8.68 8.57 7.00 5/2871 24388
8.68 8.57 7.00 4/2871 24407
8.68 8.57 7.00 6/2871 24426
8.79 8.60 7.02 5/2871 24445
8.79 8.60 7.02 6/2871 24464
8.79 8.60 7.02 5/2870 24483
8.79 8.60 7.02 6/2869 24503
8.79 8.60 7.02 5/2869 24522
8.96 8.64 7.04 13/2869 24541
8.96 8.64 7.04 4/2869 24560
8.96 8.64 7.04 9/2869 24579
8.96 8.64 7.04 6/2869 24598
8.96 8.64 7.04 5/2869 24617
8.97 8.64 7.05 8/2870 24637
8.97 8.64 7.05 3/2870 24656
8.97 8.64 7.05 3/2756 24679
8.97 8.64 7.05 4/2722 24706
8.97 8.64 7.05 6/2722 24726
9.05 8.67 7.06 11/2707 24747
9.05 8.67 7.06 3/2707 24766
9.05 8.67 7.06 3/2708 24786
9.05 8.67 7.06 9/2708 24805
9.05 8.67 7.06 12/2708 24824
9.13 8.69 7.08 5/2674 24843
9.13 8.69 7.08 6/2674 24862
9.13 8.69 7.08 4/2677 24884
9.13 8.69 7.08 4/2677 24903
9.13 8.69 7.08 5/2677 24922
9.36 8.75 7.11 3/2677 24941
9.36 8.75 7.11 3/2670 24961
9.36 8.75 7.11 4/2670 24980
9.36 8.75 7.11 3/2675 25004
9.36 8.75 7.11 4/2675 25023
9.25 8.73 7.11 5/2676 25043
9.25 8.73 7.11 3/2675 25062
9.25 8.73 7.11 5/2675 25081
9.25 8.73 7.11 5/2675 25100
9.25 8.73 7.11 4/2675 25119
9.47 8.79 7.14 7/2682 25146
9.47 8.79 7.14 5/2682 25166
9.47 8.79 7.14 6/2675 25186
9.47 8.79 7.14 7/2675 25205
9.47 8.79 7.14 7/2675 25224
9.51 8.81 7.15 4/2675 25243
9.51 8.81 7.15 9/2675 25262
9.51 8.81 7.15 5/2675 25281
9.51 8.81 7.15 17/2620 25332
9.51 8.81 7.15 14/2747 25508
9.95 8.91 7.20 13/2779 25568
9.95 8.91 7.20 3/2785 25598
9.95 8.91 7.20 2/2785 25617
9.95 8.91 7.20 2/2785 25636
9.95 8.91 7.20 2/2772 25656
9.63 8.86 7.19 1/2772 25678
9.63 8.86 7.19 6/2767 25697
9.63 8.86 7.19 2/2769 25721
9.63 8.86 7.19 1/2769 25740
9.63 8.86 7.19 5/2769 25775
9.34 8.81 7.18 2/2769 25815
9.34 8.81 7.18 4/2770 25848
9.34 8.81 7.18 5/2770 25867
9.34 8.81 7.18 1/2769 25887
9.34 8.81 7.18 6/2769 25906
9.48 8.85 7.20 6/2769 25927
9.48 8.85 7.20 2/2769 25946
9.48 8.85 7.20 2/2769 25967
9.48 8.85 7.20 1/2769 25986
9.48 8.85 7.20 1/2769 26005
9.12 8.79 7.19 2/2769 26025
9.12 8.79 7.19 2/2769 26044
9.12 8.79 7.19 1/2769 26063
9.12 8.79 7.19 4/2769 26082
9.12 8.79 7.19 1/2769 26101
8.95 8.76 7.19 6/2769 26121
8.95 8.76 7.19 1/2770 26141
8.95 8.76 7.19 7/2770 26161
8.95 8.76 7.19 2/2770 26180
8.95 8.76 7.19 2/2770 26199
9.19 8.81 7.22 2/2770 26219
9.19 8.81 7.22 4/2770 26238
