1519.62 5300.08
1520.56 5303.21
1521.56 5306.82
1522.54 5310.84
1523.54 5314.96
1524.54 5319.30
1525.54 5323.65
1526.54 5327.66
1527.54 5331.61
1528.53 5335.42
1529.53 5339.09
1530.54 5342.71
1531.54 5346.26
1532.53 5349.77
1533.54 5353.26
1534.54 5356.71
1535.54 5360.19
1536.54 5363.56
1537.55 5367.00
1538.54 5370.33
1539.54 5373.69
1540.54 5376.88
1541.55 5379.80
1542.54 5382.84
1543.54 5386.02
1544.54 5389.13
1545.55 5391.96
1546.54 5393.99
1547.53 5396.76
1548.54 5399.77
1549.54 5402.85
1550.54 5405.84
1551.54 5408.93
1552.53 5412.02
1553.53 5414.98
1554.55 5418.03
1555.54 5421.07
1556.53 5424.10
1557.54 5427.09
1558.54 5430.08
1559.54 5433.03
1560.55 5436.10
1561.54 5439.00
1562.54 5441.64
1563.55 5444.34
1564.55 5447.32
1565.53 5450.19
1566.53 5453.12
1567.55 5456.12
1568.54 5458.96
1569.54 5461.93
1570.54 5464.83
1571.55 5467.61
1572.55 5470.53
1573.54 5473.27
1574.54 5476.13
1575.55 5479.07
1576.55 5481.95
1577.54 5484.79
1578.54 5487.65
1579.54 5490.50
1580.55 5493.41
1581.54 5496.22
1582.54 5499.02
1583.55 5501.64
1584.58 5504.22
1585.54 5506.97
1586.60 5509.79
1587.54 5512.50
1588.54 5515.34
1589.54 5518.14
1590.54 5521.01
1591.54 5523.82
1592.54 5526.66
1593.54 5529.39
1594.55 5532.23
1595.55 5535.03
1596.54 5537.85
1597.54 5540.67
1598.54 5543.48
1599.55 5546.37
1600.54 5549.21
1601.54 5551.80
1602.54 5554.55
1603.58 5556.79
1604.56 5558.46
1605.54 5560.49
1606.54 5562.99
1607.54 5565.82
1608.55 5568.66
1609.55 5571.38
1610.54 5574.12
1611.55 5576.91
1612.55 5579.72
1613.55 5582.42
1614.55 5585.12
1615.56 5587.93
1616.55 5590.69
1617.54 5593.48
1618.55 5596.26
1619.55 5599.04
1620.54 5601.87
1621.54 5604.71
1622.56 5607.47
1623.55 5610.28
1624.54 5613.05
1625.54 5615.80
1626.67 5617.71
1627.54 5619.18
1628.55 5621.46
1629.54 5624.22
1630.55 5626.68
1631.55 5628.46
1632.57 5630.56
1633.55 5631.99
1634.54 5633.86
1635.56 5634.13
1636.54 5635.15
1637.54 5636.07
1638.54 5639.72
1639.55 5643.27
1640.55 5646.67
1641.55 5650.27
1642.55 5653.93
1643.54 5657.04
1644.56 5660.71
1645.55 5664.22
1646.54 5667.83
1647.55 5671.47
1648.55 5675.10
1649.54 5678.72
1650.54 5682.40
1651.55 5686.11
1652.55 5689.78
1653.54 5693.32
1654.55 5697.01
1655.55 5700.66
1656.55 5704.36
1657.55 5707.94
1658.55 5711.58
1659.55 5715.21
1660.55 5718.86
1661.55 5722.43
1662.55 5726.08
1663.54 5729.72
1664.55 5733.53
1665.55 5737.22
1666.55 5740.98
1667.55 5744.73
