10.30 10.52 9.41 15/3039 30234
10.30 10.52 9.41 11/3071 30302
10.03 10.46 9.40 2/3063 30327
10.03 10.46 9.40 1/3062 30348
10.03 10.46 9.40 5/3061 30367
10.03 10.46 9.40 1/3061 30386
10.03 10.46 9.40 3/3061 30405
9.87 10.42 9.39 2/3061 30424
9.87 10.42 9.39 1/3064 30446
9.87 10.42 9.39 2/3065 30475
9.87 10.42 9.39 5/3065 30499
9.87 10.42 9.39 2/3065 30518
9.80 10.39 9.39 1/3064 30537
9.80 10.39 9.39 6/3063 30558
9.80 10.39 9.39 5/3063 30577
9.80 10.39 9.39 4/3063 30596
9.80 10.39 9.39 7/3064 30616
10.22 10.47 9.42 4/3064 30635
10.22 10.47 9.42 2/3064 30654
10.22 10.47 9.42 4/3064 30673
10.22 10.47 9.42 7/3064 30692
10.22 10.47 9.42 3/3064 30711
10.52 10.53 9.44 4/3063 30731
10.52 10.53 9.44 4/3064 30752
10.52 10.53 9.44 3/3063 30772
10.52 10.53 9.44 4/3063 30791
10.52 10.53 9.44 5/3063 30810
10.40 10.50 9.44 4/3063 30829
10.40 10.50 9.44 2/3063 30850
10.40 10.50 9.44 4/3063 30869
10.40 10.50 9.44 5/3063 30888
10.40 10.50 9.44 6/3061 30907
10.36 10.49 9.47 8/3037 30944
10.36 10.49 9.47 5/3037 30963
10.36 10.49 9.47 7/3037 30983
10.33 10.48 9.47 7/3035 31002
10.33 10.48 9.47 5/3034 31023
10.33 10.48 9.47 3/3028 31042
10.33 10.48 9.47 4/3026 31061
10.33 10.48 9.47 4/3024 31080
10.23 10.46 9.47 2/3022 31099
10.23 10.46 9.47 4/3015 31118
10.23 10.46 9.47 3/3013 31137
10.23 10.46 9.47 5/3014 31158
10.23 10.46 9.47 4/3013 31178
10.37 10.49 9.48 3/3013 31197
10.37 10.49 9.48 3/3013 31217
10.37 10.49 9.48 5/3011 31236
10.37 10.49 9.48 7/3011 31255
10.37 10.49 9.48 11/3011 31274
10.42 10.49 9.49 5/3011 31293
10.42 10.49 9.49 6/3011 31314
10.42 10.49 9.49 11/3011 31333
10.42 10.49 9.49 8/3011 31352
10.42 10.49 9.49 5/3011 31371
10.79 10.57 9.52 2/3010 31390
10.79 10.57 9.52 7/3010 31409
10.79 10.57 9.52 7/3010 31428
10.79 10.57 9.52 3/3010 31448
10.79 10.57 9.52 8/3010 31467
10.96 10.61 9.54 17/2973 31492
10.96 10.61 9.54 13/2837 31511
10.96 10.61 9.54 6/2837 31530
10.96 10.61 9.54 8/2837 31549
10.96 10.61 9.54 8/2838 31570
10.81 10.58 9.53 10/2837 31590
10.81 10.58 9.53 3/2837 31611
10.81 10.58 9.53 8/2853 31646
10.81 10.58 9.53 4/2853 31665
10.81 10.58 9.53 6/2853 31684
10.66 10.56 9.53 7/2851 31704
10.66 10.56 9.53 9/2852 31724
10.66 10.56 9.53 10/2852 31743
10.66 10.56 9.53 7/2852 31762
10.66 10.56 9.53 5/2852 31781
10.69 10.56 9.54 6/2852 31800
10.69 10.56 9.54 13/2852 31819
10.69 10.56 9.54 9/2854 31841
10.69 10.56 9.54 3/2853 31860
10.69 10.56 9.54 7/2860 31888
10.55 10.54 9.54 7/2860 31907
10.55 10.54 9.54 6/2860 31928
10.55 10.54 9.54 9/2860 31948
10.55 10.54 9.54 4/2860 31967
10.55 10.54 9.54 14/2860 31986
10.27 10.48 9.52 16/2866 32014
10.27 10.48 9.52 4/2866 32033
10.27 10.48 9.52 16/2864 32056
10.27 10.48 9.52 4/2863 32075
10.27 10.48 9.52 5/2863 32102
10.57 10.54 9.55 22/2863 32125
10.57 10.54 9.55 9/2863 32144
10.57 10.54 9.55 9/2863 32163
10.57 10.54 9.55 5/2863 32183
10.57 10.54 9.55 5/2863 32202
10.60 10.55 9.55 7/2863 32221
10.60 10.55 9.55 7/2863 32242
10.60 10.55 9.55 3/2862 32261
10.60 10.55 9.55 5/2862 32280
10.60 10.55 9.55 7/2862 32299
10.63 10.55 9.56 9/2862 32318
10.63 10.55 9.56 5/2862 32337
10.63 10.55 9.56 6/2862 32356
10.63 10.55 9.56 6/2862 32375
10.63 10.55 9.56 5/2862 32394
10.82 10.59 9.58 3/2862 32414
10.82 10.59 9.58 5/2862 32433
10.82 10.59 9.58 8/2863 32454
10.82 10.59 9.58 2/2862 32474
10.82 10.59 9.58 9/2862 32497
11.00 10.63 9.60 6/2862 32516
11.00 10.63 9.60 5/2862 32537
11.00 10.63 9.60 12/2862 32556
11.00 10.63 9.60 4/2862 32575
11.00 10.63 9.60 4/2862 32594
11.16 10.67 9.62 6/2862 32613
11.16 10.67 9.62 4/2862 32633
11.16 10.67 9.62 5/2862 32652
11.16 10.67 9.62 4/2862 32671
11.16 10.67 9.62 3/2862 32690
10.91 10.63 9.61 7/2862 32709
10.91 10.63 9.61 8/2790 32729
10.91 10.63 9.61 7/2823 509
10.91 10.63 9.61 5/2866 615
10.91 10.63 9.61 11/2889 779
10.99 10.65 9.62 6/2889 821
10.99 10.65 9.62 7/2889 887
