2795.46 10007.84
2796.39 10010.66
2797.38 10013.90
2798.39 10017.50
2799.39 10021.22
2800.39 10025.14
2801.38 10028.99
2802.38 10032.55
2803.40 10035.93
2804.38 10039.10
2805.39 10042.16
2806.38 10045.08
2807.39 10048.08
2808.38 10050.95
2809.39 10053.86
2810.38 10056.64
2811.39 10059.45
2812.39 10062.21
2813.38 10064.87
2814.38 10067.57
2815.39 10070.17
2816.40 10072.83
2817.39 10075.31
2818.39 10077.79
2819.39 10080.26
2820.40 10082.75
2821.39 10085.23
2822.39 10087.73
2823.39 10090.16
2824.39 10092.67
2825.39 10095.13
2826.39 10097.43
2827.39 10099.86
2850.39 10155.78
2851.39 10158.08
2852.39 10160.36
2853.39 10162.67
2854.39 10164.89
2855.39 10167.16
2856.40 10169.44
2857.39 10171.70
2858.40 10173.95
2859.39 10176.17
2860.40 10178.49
2861.40 10180.72
2862.47 10183.06
2863.39 10185.06
2864.40 10187.33
2865.41 10189.48
2866.40 10191.69
2867.40 10193.96
2868.39 10196.17
2869.39 10198.30
2870.39 10200.89
2871.40 10203.22
2872.40 10205.49
2873.39 10207.74
2874.39 10209.94
2875.40 10212.20
2876.39 10214.40
2877.40 10216.30
2878.41 10216.87
2879.40 10217.98
2880.41 10219.48
2881.39 10221.46
2882.39 10223.63
2883.39 10225.82
2884.40 10227.88
2885.39 10230.00
2886.40 10232.15
2887.40 10234.28
2888.40 10236.44
2889.39 10238.50
2890.39 10240.72
2891.40 10242.93
2892.39 10245.04
2893.39 10246.42
2894.39 10248.04
2895.40 10250.25
2896.39 10251.84
2897.40 10254.06
2898.39 10256.08
2899.39 10257.65
2900.40 10259.62
2901.40 10261.68
2902.40 10263.68
2903.39 10265.29
2904.40 10267.37
2905.39 10269.61
2906.40 10271.59
2907.40 10273.81
2908.40 10275.97
2909.40 10278.10
2910.39 10280.26
2911.40 10282.49
2912.41 10284.73
2913.39 10286.94
2914.39 10289.10
2915.40 10291.36
2916.40 10293.58
2917.39 10295.73
2918.40 10297.88
2919.40 10299.97
2920.40 10302.18
2921.39 10304.40
2922.39 10306.59
2923.39 10308.83
2924.40 10311.00
2925.40 10313.18
2926.41 10315.34
2927.40 10317.51
2928.40 10319.65
2929.40 10321.81
2930.42 10324.00
2931.39 10326.15
2932.40 10328.42
2933.40 10330.60
2934.39 10332.77
2935.40 10334.95
2936.40 10337.05
2937.40 10339.20
2938.40 10340.73
2939.41 10341.30
2940.40 10341.93
2941.40 10342.99
2942.39 10345.73
2943.39 10349.48
