8.47 8.31 5.27 4/3226 7124
8.47 8.31 5.27 2/3210 7148
8.47 8.31 5.27 4/3205 7167
8.47 8.31 5.27 6/3201 7198
8.27 8.27 5.28 2/3201 7218
8.27 8.27 5.28 3/3195 7241
8.27 8.27 5.28 3/3188 7261
8.27 8.27 5.28 1/3188 7293
8.27 8.27 5.28 5/3188 7316
8.65 8.35 5.32 5/3187 7335
8.65 8.35 5.32 3/3186 7356
8.65 8.35 5.32 4/3166 7376
8.65 8.35 5.32 7/3166 7395
8.65 8.35 5.32 5/3166 7414
8.60 8.34 5.33 1/3166 7433
8.60 8.34 5.33 3/3166 7452
8.60 8.34 5.33 8/3166 7471
8.60 8.34 5.33 5/3166 7491
8.60 8.34 5.33 4/3166 7510
8.95 8.42 5.37 3/3165 7529
8.95 8.42 5.37 2/3165 7548
8.95 8.42 5.37 1/3165 7567
8.95 8.42 5.37 3/3165 7586
8.95 8.42 5.37 3/3165 7605
8.63 8.36 5.37 2/3172 7631
8.63 8.36 5.37 2/3172 7653
8.63 8.36 5.37 10/3165 7673
8.63 8.36 5.37 3/3150 7692
8.63 8.36 5.37 2/3155 7719
8.98 8.44 5.41 9/3136 7740
8.98 8.44 5.41 2/3135 7759
8.98 8.44 5.41 4/3135 7778
8.98 8.44 5.41 9/3135 7797
8.98 8.44 5.41 3/3135 7828
8.74 8.40 5.42 11/3135 7847
8.74 8.40 5.42 4/3135 7866
8.74 8.40 5.42 6/3135 7885
8.74 8.40 5.42 3/3135 7904
8.74 8.40 5.42 3/3135 7923
8.52 8.36 5.42 3/3135 7942
8.52 8.36 5.42 6/3135 7964
8.52 8.36 5.42 3/3135 7983
8.52 8.36 5.42 2/3134 8002
8.52 8.36 5.42 3/3134 8021
8.32 8.32 5.42 1/3134 8040
8.32 8.32 5.42 3/3134 8059
8.32 8.32 5.42 1/3141 8086
8.32 8.32 5.42 3/3134 8106
8.32 8.32 5.42 10/3134 8125
8.29 8.31 5.44 4/3119 8144
8.29 8.31 5.44 5/3119 8163
8.29 8.31 5.44 3/3119 8182
8.29 8.31 5.44 2/3119 8202
8.29 8.31 5.44 1/3119 8221
8.27 8.31 5.45 2/3119 8240
8.27 8.31 5.45 3/3116 8261
8.27 8.31 5.45 4/3115 8280
8.27 8.31 5.45 5/3109 8299
8.27 8.31 5.45 6/3109 8318
8.25 8.30 5.46 2/3109 8337
8.25 8.30 5.46 2/3103 8356
8.25 8.30 5.46 2/3102 8375
8.25 8.30 5.46 7/3100 8394
8.25 8.30 5.46 4/3100 8414
8.07 8.27 5.47 6/3100 8433
8.07 8.27 5.47 5/3100 8452
8.07 8.27 5.47 2/3098 8471
8.07 8.27 5.47 5/3105 8498
8.07 8.27 5.47 3/3105 8518
8.06 8.26 5.48 1/3098 8537
8.06 8.26 5.48 7/3098 8558
8.06 8.26 5.48 2/3098 8577
8.06 8.26 5.48 4/3098 8596
8.06 8.26 5.48 6/3098 8615
7.98 8.24 5.49 2/3098 8634
7.98 8.24 5.49 2/3098 8654
7.98 8.24 5.49 5/3098 8673
7.98 8.24 5.49 1/3098 8692
7.98 8.24 5.49 7/3098 8711
8.14 8.27 5.51 2/3098 8730
8.14 8.27 5.51 9/3098 8749
8.14 8.27 5.51 4/3098 8768
8.14 8.27 5.51 2/3098 8787
8.14 8.27 5.51 1/3098 8806
7.97 8.23 5.52 4/3098 8825
7.97 8.23 5.52 5/3098 8846
7.97 8.23 5.52 1/3103 8893
7.97 8.23 5.52 3/3103 8920
7.97 8.23 5.52 9/3104 8945
7.81 8.19 5.52 4/3106 8967
7.81 8.19 5.52 6/3100 8991
7.81 8.19 5.52 10/3100 9010
7.81 8.19 5.52 3/3100 9029
7.81 8.19 5.52 2/3098 9056
7.83 8.19 5.53 3/3098 9075
7.83 8.19 5.53 3/3098 9094
7.83 8.19 5.53 7/3098 9113
7.83 8.19 5.53 8/3098 9132
7.83 8.19 5.53 3/3098 9152
7.60 8.14 5.53 1/3098 9171
7.60 8.14 5.53 2/3098 9192
7.60 8.14 5.53 6/3098 9211
7.60 8.14 5.53 6/3098 9230
7.60 8.14 5.53 4/3098 9249
7.47 8.10 5.53 7/3098 9268
7.47 8.10 5.53 6/3098 9287
7.47 8.10 5.53 4/3098 9306
7.47 8.10 5.53 2/3098 9325
7.47 8.10 5.53 4/3098 9344
7.67 8.13 5.56 4/3098 9363
7.67 8.13 5.56 2/3105 9391
7.67 8.13 5.56 1/3098 9411
7.67 8.13 5.56 4/3098 9430
7.67 8.13 5.56 5/3099 9450
8.26 8.25 5.61 9/3099 9469
8.26 8.25 5.61 6/3099 9490
8.26 8.25 5.61 7/3099 9509
8.26 8.25 5.61 5/3099 9528
8.26 8.25 5.61 2/3099 9547
9.12 8.43 5.68 8/3101 9568
9.12 8.43 5.68 5/3101 9587
9.12 8.43 5.68 2/3102 9610
9.12 8.43 5.68 4/3106 9633
9.12 8.43 5.68 6/3106 9652
9.19 8.45 5.70 2/3103 9671
9.19 8.45 5.70 7/3103 9690
9.19 8.45 5.70 8/3103 9709
9.19 8.45 5.70 3/3103 9728
9.19 8.45 5.70 5/3103 9747
9.26 8.48 5.73 6/3103 9766
9.26 8.48 5.73 6/3104 9788
9.26 8.48 5.73 8/3113 9817
9.26 8.48 5.73 5/3113 9836
9.26 8.48 5.73 3/3112 9863
9.00 8.44 5.73 6/3112 9882
9.00 8.44 5.73 4/3112 9901
9.00 8.44 5.73 5/3112 9920
9.00 8.44 5.73 4/3112 9939
9.00 8.44 5.73 5/3112 9958
9.00 8.45 5.75 5/3113 9978
9.00 8.45 5.75 3/3113 9997
9.00 8.45 5.75 5/3113 10016
9.00 8.45 5.75 12/3113 10035
9.00 8.45 5.75 4/3119 10060
9.32 8.52 5.79 3/3120 10080
9.32 8.52 5.79 7/3119 10101
9.32 8.52 5.79 7/3124 10126
9.32 8.52 5.79 1/3124 10145
