831.30 2890.42
833.18 2898.09
834.13 2902.08
835.12 2906.39
836.13 2910.33
837.12 2914.18
838.13 2918.05
839.12 2921.63
840.13 2925.29
841.12 2928.93
842.12 2932.69
843.12 2936.41
844.12 2940.05
845.13 2943.78
846.12 2947.62
847.16 2951.53
848.13 2955.19
849.13 2958.89
850.12 2962.59
851.14 2966.36
852.13 2970.09
853.13 2973.79
854.12 2977.51
855.13 2981.25
856.12 2984.94
857.12 2988.40
858.13 2991.93
859.14 2995.68
860.13 2999.32
861.13 3003.07
862.13 3006.87
863.13 3010.59
864.13 3014.31
865.13 3018.09
866.13 3021.81
867.13 3025.61
868.14 3029.35
869.12 3033.01
870.12 3036.73
871.13 3040.50
872.12 3044.21
873.13 3048.03
874.13 3051.71
875.14 3055.55
876.12 3059.18
877.12 3062.95
878.14 3066.53
879.14 3069.84
880.12 3073.43
881.13 3077.16
882.12 3080.84
883.12 3084.57
884.13 3088.27
885.13 3091.96
886.12 3095.73
887.13 3099.45
888.13 3103.18
889.12 3106.77
890.13 3110.41
891.13 3114.16
892.13 3117.83
893.13 3121.52
894.12 3125.20
895.15 3128.91
896.13 3132.55
897.12 3136.23
898.12 3139.90
899.13 3143.53
900.12 3146.88
901.13 3150.36
902.13 3154.05
903.15 3157.79
904.13 3161.42
905.14 3165.15
906.14 3168.77
907.12 3172.33
908.15 3176.05
909.14 3179.68
910.16 3183.47
911.13 3186.91
912.13 3190.55
913.12 3194.18
914.13 3197.81
915.13 3201.46
916.12 3205.03
917.13 3208.68
918.14 3212.08
919.13 3215.45
920.13 3219.06
921.12 3222.37
922.13 3225.68
923.13 3229.31
924.13 3232.96
925.13 3236.56
926.13 3240.27
927.12 3243.84
928.13 3247.51
929.12 3251.02
930.12 3254.54
931.12 3258.14
932.13 3261.74
933.13 3265.32
934.12 3268.90
935.12 3272.49
936.12 3276.05
937.14 3279.73
938.13 3283.25
939.12 3286.79
940.13 3290.38
941.12 3293.97
942.13 3297.32
943.12 3300.52
944.12 3303.98
945.13 3307.65
946.13 3311.19
947.13 3314.72
948.13 3318.27
949.13 3321.75
950.12 3325.32
951.15 3328.81
952.12 3332.27
953.13 3335.73
954.13 3339.14
955.13 3342.71
956.13 3345.97
957.12 3349.37
958.13 3353.01
959.12 3355.82
960.12 3359.34
961.13 3362.97
962.13 3366.45
963.12 3369.77
964.13 3373.02
965.12 3376.13
966.12 3379.66
967.12 3383.20
968.13 3386.71
969.13 3390.16
970.13 3393.66
971.13 3397.17
972.12 3400.50
973.13 3404.00
974.13 3407.48
975.12 3410.92
976.13 3414.46
977.13 3417.94
978.14 3421.40
979.14 3424.82
