10.39 10.93 10.27 14/2960 12724
10.39 10.93 10.27 1/2988 12784
10.39 10.93 10.27 2/2987 12817
10.39 10.93 10.27 13/2986 12837
10.39 10.93 10.27 10/2985 12856
10.28 10.89 10.26 3/2985 12875
10.28 10.89 10.26 3/2985 12894
10.28 10.89 10.26 4/2985 12913
10.28 10.89 10.26 5/2988 12935
10.28 10.89 10.26 3/2990 12965
10.18 10.86 10.25 3/2990 12988
10.18 10.86 10.25 3/2990 13007
10.18 10.86 10.25 7/2989 13028
10.18 10.86 10.25 3/2988 13047
10.18 10.86 10.25 2/2988 13066
9.92 10.80 10.24 5/2976 13087
9.92 10.80 10.24 2/2976 13106
9.92 10.80 10.24 3/2976 13125
9.92 10.80 10.24 2/2976 13144
9.92 10.80 10.24 6/2976 13163
9.77 10.75 10.22 4/2976 13182
9.77 10.75 10.22 6/2976 13201
9.77 10.75 10.22 4/2975 13220
9.77 10.75 10.22 11/2976 13242
9.77 10.75 10.22 10/2975 13262
10.27 10.84 10.25 8/2974 13281
10.27 10.84 10.25 4/2974 13300
10.27 10.84 10.25 7/2974 13320
10.27 10.84 10.25 7/2974 13339
10.27 10.84 10.25 3/2974 13358
10.25 10.83 10.25 9/2974 13379
10.25 10.83 10.25 5/2971 13398
10.25 10.83 10.25 8/2971 13417
10.25 10.83 10.25 11/2971 13436
10.25 10.83 10.25 4/2971 13455
10.07 10.78 10.24 5/2972 13475
10.07 10.78 10.24 3/2971 13494
10.07 10.78 10.24 10/2971 13513
10.07 10.78 10.24 5/2971 13532
10.07 10.78 10.24 10/2971 13552
10.38 10.83 10.26 5/2971 13571
10.38 10.83 10.26 7/2971 13591
10.38 10.83 10.26 7/2971 13610
10.38 10.83 10.26 8/2971 13629
10.38 10.83 10.26 2/2971 13650
10.43 10.83 10.27 9/2971 13671
10.43 10.83 10.27 4/2970 13691
10.43 10.83 10.27 5/2970 13711
10.43 10.83 10.27 5/2968 13730
10.43 10.83 10.27 4/2968 13749
10.40 10.82 10.26 7/2968 13768
10.40 10.82 10.26 7/2965 13787
10.40 10.82 10.26 6/2955 13806
10.40 10.82 10.26 4/2955 13825
10.40 10.82 10.26 3/2955 13844
10.68 10.87 10.29 11/2955 13880
10.68 10.87 10.29 6/2953 13908
10.68 10.87 10.29 4/2951 13927
10.68 10.87 10.29 6/2951 13947
10.68 10.87 10.29 10/2947 13967
10.47 10.83 10.27 8/2945 13990
10.47 10.83 10.27 11/2944 14009
10.47 10.83 10.27 3/2942 14028
10.47 10.83 10.27 5/2938 14047
10.47 10.83 10.27 7/2938 14066
10.19 10.76 10.25 6/2938 14086
10.19 10.76 10.25 6/2937 14107
10.19 10.76 10.25 4/2936 14127
10.19 10.76 10.25 3/2936 14157
10.19 10.76 10.25 6/2936 14176
10.10 10.73 10.25 4/2936 14196
10.10 10.73 10.25 5/2936 14215
10.10 10.73 10.25 10/2936 14234
10.10 10.73 10.25 16/2835 14256
10.10 10.73 10.25 11/2835 14275
10.41 10.79 10.27 6/2835 14297
10.41 10.79 10.27 7/2835 14316
10.41 10.79 10.27 6/2835 14335
10.41 10.79 10.27 8/2835 14354
10.41 10.79 10.27 11/2835 14373
10.54 10.81 10.28 3/2823 14392
10.54 10.81 10.28 8/2823 14411
10.54 10.81 10.28 6/2823 14431
10.54 10.81 10.28 9/2823 14450
10.54 10.81 10.28 14/2823 14469
10.41 10.78 10.27 7/2823 14488
10.41 10.78 10.27 12/2823 14507
10.41 10.78 10.27 15/2824 14528
10.41 10.78 10.27 11/2823 14548
10.41 10.78 10.27 4/2823 14567
10.38 10.76 10.27 10/2823 14588
10.38 10.76 10.27 4/2823 14607
10.38 10.76 10.27 5/2824 14627
10.38 10.76 10.27 11/2823 14649
10.38 10.76 10.27 13/2823 14668
10.27 10.73 10.26 4/2823 14687
10.27 10.73 10.26 7/2823 14706
10.27 10.73 10.26 6/2823 14725
10.27 10.73 10.26 15/2823 14744
10.27 10.73 10.26 7/2823 14763
10.41 10.76 10.27 6/2842 14811
10.41 10.76 10.27 13/2841 14839
10.41 10.76 10.27 5/2841 14858
10.41 10.76 10.27 7/2841 14877
10.41 10.76 10.27 3/2841 14896
10.94 10.86 10.31 5/2841 14918
10.94 10.86 10.31 5/2841 14938
10.94 10.86 10.31 7/2841 14957
10.94 10.86 10.31 4/2842 14978
10.94 10.86 10.31 5/2841 14998
10.94 10.86 10.31 9/2841 15017
10.94 10.86 10.31 12/2846 15043
10.94 10.86 10.31 7/2846 15065
10.94 10.86 10.31 3/2837 15084
10.94 10.86 10.31 4/2837 15103
10.87 10.85 10.31 3/2837 15126
10.87 10.85 10.31 5/2837 15150
10.87 10.85 10.31 5/2837 15169
10.87 10.85 10.31 12/2837 15188
10.87 10.85 10.31 6/2837 15207
10.72 10.82 10.30 5/2837 15228
10.72 10.82 10.30 13/2837 15247
10.72 10.82 10.30 4/2837 15266
10.72 10.82 10.30 7/2837 15285
10.72 10.82 10.30 8/2837 15304
10.34 10.74 10.28 2/2837 15323
10.34 10.74 10.28 5/2837 15342
10.34 10.74 10.28 11/2838 15362
10.34 10.74 10.28 3/2837 15381
10.34 10.74 10.28 7/2839 15403
10.47 10.76 10.29 3/2838 15423
10.47 10.76 10.29 9/2838 15442
10.47 10.76 10.29 6/2838 15461
10.47 10.76 10.29 10/2838 15480
10.47 10.76 10.29 6/2838 15499
10.19 10.70 10.27 7/2838 15522
10.19 10.70 10.27 6/2838 15541
10.19 10.70 10.27 3/2838 15560
10.19 10.70 10.27 5/2838 15579
10.19 10.70 10.27 5/2838 15599
10.02 10.65 10.26 7/2838 15618
10.02 10.65 10.26 18/2782 15655
10.02 10.65 10.26 26/2794 15699
10.02 10.65 10.26 11/2847 15786
10.34 10.71 10.28 21/2872 15836
10.34 10.71 10.28 2/2881 15868
10.34 10.71 10.28 3/2882 15888
10.34 10.71 10.28 1/2881 15907
