3513.22 11901.62
3514.15 11904.37
3515.15 11907.67
3516.15 11911.34
3517.15 11914.93
3518.14 11918.88
3519.14 11922.83
3520.14 11926.35
3521.14 11929.76
3522.14 11933.29
3523.15 11936.27
3524.14 11939.26
3525.14 11942.07
3526.14 11945.00
3527.14 11947.82
3528.14 11950.61
3529.14 11953.39
3530.14 11956.02
3531.15 11958.68
3532.14 11961.23
3533.14 11963.82
3534.14 11966.38
3535.14 11968.89
3536.16 11971.28
3537.15 11973.51
3538.15 11975.89
3539.14 11978.26
3540.14 11980.62
3541.16 11983.02
3542.14 11985.31
3543.16 11987.67
3544.15 11989.95
3545.15 11992.29
3546.15 11994.59
3547.14 11996.83
3548.15 11999.18
3549.15 12001.46
3550.14 12003.71
3551.15 12006.03
3552.14 12008.29
3553.16 12010.48
3554.15 12012.74
3555.14 12014.96
3556.14 12017.18
3557.14 12019.43
3558.15 12021.70
3559.14 12023.89
3560.15 12026.05
3561.15 12028.30
3562.14 12030.49
3563.15 12032.77
3564.15 12035.00
3565.15 12037.25
3566.14 12039.46
3567.15 12041.73
3568.15 12043.95
3569.14 12046.09
3570.15 12048.26
3571.15 12050.40
3572.15 12052.41
3573.16 12054.63
3574.15 12056.80
3575.15 12058.96
3576.14 12061.07
3577.15 12063.30
3578.14 12065.40
3579.14 12067.54
3580.14 12069.54
3581.15 12071.82
3582.15 12074.05
3583.15 12076.23
3584.16 12078.41
3585.14 12080.54
3586.16 12082.04
3587.18 12082.56
3588.15 12083.92
3589.15 12085.36
3590.16 12086.65
3591.15 12088.77
3592.14 12090.90
3593.15 12092.98
3594.16 12095.11
3595.16 12097.16
3596.16 12099.23
3597.15 12101.41
3598.15 12103.57
3599.15 12105.78
3600.15 12107.72
3601.15 12109.66
3602.14 12111.77
3603.14 12113.96
3604.15 12116.18
3605.14 12117.75
3606.14 12119.57
3607.16 12121.59
3608.14 12123.36
3609.15 12125.46
3610.15 12127.55
3611.15 12129.62
3612.14 12131.68
3613.15 12133.25
3614.16 12135.08
3615.15 12136.91
3616.16 12138.99
3617.15 12141.13
3618.14 12143.11
3619.15 12145.06
3620.15 12147.15
3621.16 12149.33
3622.15 12151.20
3623.16 12153.38
3624.15 12155.53
3625.15 12157.68
3626.16 12159.88
3627.15 12162.11
3628.16 12164.29
3629.14 12166.34
3630.15 12168.44
3631.16 12170.57
3632.14 12172.68
3633.15 12174.83
3634.16 12176.73
3635.15 12178.80
3636.15 12180.83
3637.14 12182.95
3638.15 12185.11
3639.16 12187.18
3640.15 12188.93
3641.15 12190.84
3642.16 12192.91
3643.15 12194.79
3644.16 12196.90
3645.15 12199.04
3646.15 12201.15
3647.21 12203.10
3648.16 12205.02
3649.15 12207.15
3650.15 12209.27
3651.15 12211.38
3652.17 12213.52
3653.16 12215.60
3654.31 12217.44
3656.15 12219.31
3657.16 12219.80
3658.16 12220.75
3659.15 12221.88
3660.16 12225.49
3661.15 12229.09
