8.72 8.16 5.52 7/3064 12842
8.72 8.16 5.52 4/3084 12912
8.72 8.16 5.52 2/3080 12933
8.72 8.16 5.52 3/3081 12954
8.58 8.14 5.53 3/3081 12975
8.58 8.14 5.53 2/3070 12998
8.58 8.14 5.53 4/3070 13019
8.58 8.14 5.53 5/3068 13038
8.58 8.14 5.53 8/3071 13060
8.38 8.11 5.53 5/3080 13093
8.38 8.11 5.53 5/3073 13125
8.38 8.11 5.53 4/3073 13144
8.38 8.11 5.53 5/3072 13164
8.38 8.11 5.53 7/3071 13183
8.43 8.12 5.55 5/3071 13202
8.43 8.12 5.55 6/3070 13221
8.43 8.12 5.55 4/3070 13240
8.43 8.12 5.55 6/3070 13259
8.43 8.12 5.55 6/3070 13278
8.39 8.12 5.57 2/3070 13297
8.39 8.12 5.57 2/3070 13316
8.39 8.12 5.57 4/3070 13337
8.39 8.12 5.57 2/3069 13356
8.39 8.12 5.57 6/3069 13375
8.20 8.09 5.57 1/3069 13395
8.20 8.09 5.57 4/3069 13414
8.20 8.09 5.57 5/3069 13433
8.20 8.09 5.57 7/3069 13452
8.20 8.09 5.57 2/3069 13471
8.10 8.07 5.58 3/3069 13490
8.10 8.07 5.58 4/3076 13516
8.10 8.07 5.58 5/3073 13536
8.10 8.07 5.58 2/3065 13556
8.10 8.07 5.58 4/3065 13575
7.94 8.03 5.58 3/3065 13594
7.94 8.03 5.58 4/3065 13613
7.94 8.03 5.58 6/3063 13635
7.94 8.03 5.58 1/3063 13654
7.94 8.03 5.58 6/3063 13673
7.70 7.98 5.58 12/3063 13692
7.70 7.98 5.58 5/3063 13711
7.70 7.98 5.58 5/3063 13730
7.70 7.98 5.58 2/3063 13749
7.70 7.98 5.58 5/3063 13768
7.72 7.98 5.59 6/3062 13787
7.72 7.98 5.59 4/3062 13806
7.72 7.98 5.59 3/3062 13825
7.72 7.98 5.59 4/3062 13845
7.72 7.98 5.59 2/3062 13864
8.07 8.05 5.62 5/3062 13883
8.07 8.05 5.62 4/3076 13917
8.07 8.05 5.62 2/3076 13938
8.07 8.05 5.62 1/3082 13965
8.07 8.05 5.62 3/3075 13985
7.82 8.00 5.62 2/3075 14004
7.82 8.00 5.62 5/3075 14023
7.82 8.00 5.62 8/3075 14042
7.82 8.00 5.62 4/3073 14061
7.82 8.00 5.62 3/3072 14080
8.00 8.03 5.64 3/3066 14100
8.00 8.03 5.64 3/3064 14119
8.00 8.03 5.64 6/3064 14138
8.00 8.03 5.64 4/3060 14157
8.00 8.03 5.64 3/3058 14176
8.24 8.08 5.67 2/3056 14196
8.24 8.08 5.67 6/3056 14215
8.24 8.08 5.67 4/3056 14236
8.24 8.08 5.67 4/3056 14255
8.24 8.08 5.67 4/3054 14274
8.14 8.06 5.68 4/3053 14297
8.14 8.06 5.68 3/3053 14324
8.14 8.06 5.68 6/3053 14344
8.14 8.06 5.68 6/3053 14363
8.14 8.06 5.68 7/3060 14390
8.53 8.15 5.72 3/3059 14410
8.53 8.15 5.72 3/3053 14429
8.53 8.15 5.72 2/3053 14448
8.53 8.15 5.72 2/3053 14467
8.53 8.15 5.72 6/3053 14486
8.48 8.14 5.73 2/3052 14505
8.48 8.14 5.73 2/3052 14524
8.48 8.14 5.73 7/3052 14545
8.48 8.14 5.73 3/3052 14564
8.48 8.14 5.73 11/3052 14583
8.29 8.11 5.73 8/3052 14603
8.29 8.11 5.73 3/3052 14622
8.29 8.11 5.73 6/3052 14641
8.29 8.11 5.73 5/3052 14660
8.29 8.11 5.73 8/3052 14679
8.10 8.07 5.73 6/3052 14698
8.10 8.07 5.73 3/3052 14717
8.10 8.07 5.73 3/3052 14736
8.10 8.07 5.73 5/3052 14755
8.10 8.07 5.73 5/3050 14774
8.17 8.09 5.75 6/3057 14800
8.17 8.09 5.75 9/3057 14821
8.17 8.09 5.75 4/3050 14843
8.17 8.09 5.75 6/3050 14862
8.17 8.09 5.75 2/3050 14881
8.08 8.07 5.76 3/3050 14900
8.08 8.07 5.76 5/3050 14919
8.08 8.07 5.76 1/3050 14938
8.08 8.07 5.76 6/3050 14957
8.08 8.07 5.76 6/3050 14976
7.99 8.05 5.77 5/3050 14995
7.99 8.05 5.77 2/3050 15014
7.99 8.05 5.77 5/3050 15033
7.99 8.05 5.77 8/3050 15053
7.99 8.05 5.77 9/3050 15072
8.07 8.07 5.78 11/3050 15091
8.07 8.07 5.78 2/3049 15110
8.07 8.07 5.78 4/3049 15131
8.07 8.07 5.78 4/3049 15150
8.07 8.07 5.78 5/3049 15169
8.23 8.10 5.81 1/3049 15188
8.23 8.10 5.81 8/3049 15207
8.23 8.10 5.81 5/3056 15234
8.23 8.10 5.81 9/3049 15254
8.23 8.10 5.81 2/3049 15274
8.05 8.06 5.81 9/3049 15293
8.05 8.06 5.81 3/3049 15312
8.05 8.06 5.81 5/3049 15331
8.05 8.06 5.81 4/3049 15350
8.05 8.06 5.81 2/3049 15369
8.13 8.08 5.83 2/3049 15389
8.13 8.08 5.83 4/3049 15408
8.13 8.08 5.83 7/3049 15432
8.13 8.08 5.83 8/3049 15451
8.13 8.08 5.83 5/3049 15470
8.28 8.11 5.85 4/3049 15497
8.28 8.11 5.85 5/3050 15522
8.28 8.11 5.85 3/3050 15541
8.28 8.11 5.85 3/3050 15560
8.28 8.11 5.85 3/3050 15579
8.01 8.06 5.84 6/3050 15598
8.01 8.06 5.84 6/3050 15617
8.01 8.06 5.84 3/3050 15636
8.01 8.06 5.84 3/3057 15663
8.01 8.06 5.84 3/3057 15683
7.85 8.03 5.84 3/3050 15702
7.85 8.03 5.84 3/3050 15721
7.85 8.03 5.84 5/3050 15743
7.85 8.03 5.84 5/3050 15762
7.85 8.03 5.84 8/3050 15781
7.94 8.04 5.86 2/3050 15800
7.94 8.04 5.86 3/3050 15819
7.94 8.04 5.86 1/3050 15838
7.94 8.04 5.86 6/3050 15857
7.94 8.04 5.86 4/3050 15876
