977.04 3562.64
977.97 3565.68
978.95 3569.29
979.96 3573.40
980.96 3577.54
981.95 3581.92
982.95 3586.13
983.95 3590.16
984.95 3594.15
985.95 3597.80
986.96 3601.09
987.95 3604.62
988.95 3608.13
989.95 3611.68
990.95 3615.18
991.95 3618.68
992.95 3622.19
993.95 3625.77
994.96 3629.37
995.96 3633.03
996.95 3636.65
997.95 3640.32
998.96 3644.09
999.95 3647.68
1000.95 3651.25
1001.95 3654.93
1002.95 3658.46
1003.95 3662.12
1004.96 3665.88
1005.96 3669.56
1006.95 3673.19
1007.96 3676.50
1008.95 3679.92
1009.95 3683.61
1010.95 3687.28
1011.95 3690.95
1012.95 3694.49
1013.96 3698.15
1014.95 3701.81
1015.95 3705.47
1016.96 3709.13
1017.95 3712.75
1018.95 3716.28
1019.96 3719.95
1020.95 3723.59
1021.96 3727.25
1022.95 3730.85
1023.95 3734.43
1024.95 3738.05
1025.95 3741.71
1026.95 3745.22
1027.96 3748.93
1028.96 3752.26
1029.95 3755.53
1030.96 3759.18
1031.95 3762.74
1032.95 3766.28
1033.96 3769.91
1034.95 3773.49
1035.96 3777.10
1036.96 3780.69
1037.96 3784.33
1038.96 3787.91
1039.95 3791.36
1040.96 3794.99
1041.95 3798.58
1042.96 3802.14
1043.96 3805.72
1044.96 3809.32
1045.95 3812.84
1046.96 3816.47
1047.96 3819.97
1048.95 3823.46
1049.95 3826.88
1050.95 3830.04
1051.96 3833.63
1052.96 3837.07
1053.96 3840.57
1054.95 3844.09
1055.96 3847.61
1056.96 3851.03
1057.96 3854.50
1058.95 3857.95
1059.96 3861.41
1060.96 3864.89
1061.96 3868.42
1062.96 3871.91
1063.95 3875.40
1064.95 3878.90
1065.96 3882.50
1066.96 3886.00
1067.96 3889.50
1068.96 3893.00
1069.95 3896.44
1070.96 3900.04
1071.96 3902.94
1072.95 3905.83
1073.95 3909.34
1074.96 3912.65
1075.96 3916.17
1076.95 3919.30
1077.97 3922.47
1078.96 3925.90
1079.96 3928.80
1080.96 3932.02
1081.96 3935.51
1082.95 3938.32
1083.96 3941.77
1084.96 3944.81
1085.97 3948.01
1086.96 3951.51
1087.96 3954.61
1088.96 3957.99
1089.97 3961.32
1090.96 3964.41
1091.97 3967.91
1092.97 3970.53
1093.95 3973.09
1094.96 3976.54
1095.96 3979.89
1096.97 3983.32
1097.96 3986.75
1098.95 3990.14
1099.95 3993.42
1100.96 3996.82
1101.96 4000.18
1102.96 4003.50
1103.95 4006.71
1104.96 4010.09
1105.96 4013.48
1106.96 4016.81
1107.96 4020.17
1108.96 4023.55
1109.95 4026.77
1110.95 4030.20
1111.96 4033.35
1112.96 4036.55
1113.96 4039.78
1114.95 4042.67
1115.96 4045.88
1116.96 4049.23
1117.96 4052.49
1118.97 4055.91
1119.96 4059.05
1120.96 4062.32
1121.96 4065.68
1122.96 4068.92
1123.97 4072.30
1124.97 4075.53
