9.18 7.99 4.91 3/3010 9468
9.18 7.99 4.91 6/3031 9539
9.18 7.99 4.91 6/3027 9560
9.18 7.99 4.91 4/3027 9579
8.92 7.95 4.92 4/3027 9599
8.92 7.95 4.92 1/3016 9624
8.92 7.95 4.92 3/3016 9643
8.92 7.95 4.92 3/3019 9665
8.92 7.95 4.92 4/3019 9686
8.77 7.94 4.93 1/3020 9714
8.77 7.94 4.93 7/3020 9741
8.77 7.94 4.93 2/3020 9760
8.77 7.94 4.93 3/3020 9779
8.77 7.94 4.93 7/3019 9798
8.71 7.94 4.95 2/3019 9817
8.71 7.94 4.95 6/3019 9836
8.71 7.94 4.95 6/3018 9855
8.71 7.94 4.95 9/3018 9874
8.71 7.94 4.95 6/3025 9901
8.81 7.97 4.97 2/3025 9921
8.81 7.97 4.97 3/3018 9943
8.81 7.97 4.97 5/3018 9962
8.81 7.97 4.97 2/3018 9981
8.81 7.97 4.97 3/3018 10000
8.51 7.92 4.97 6/3018 10019
8.51 7.92 4.97 4/3018 10038
8.51 7.92 4.97 2/3017 10057
8.51 7.92 4.97 6/3017 10076
8.51 7.92 4.97 4/3017 10095
8.46 7.92 4.99 1/3017 10114
8.46 7.92 4.99 4/3013 10133
8.46 7.92 4.99 2/3009 10153
8.46 7.92 4.99 6/3009 10172
8.46 7.92 4.99 3/3009 10191
8.43 7.93 5.01 4/3009 10210
8.43 7.93 5.01 8/3005 10231
8.43 7.93 5.01 6/3005 10250
8.43 7.93 5.01 4/3005 10269
8.43 7.93 5.01 9/3005 10288
8.79 8.01 5.05 3/3012 10314
8.79 8.01 5.05 4/3012 10334
8.79 8.01 5.05 3/3005 10354
8.79 8.01 5.05 1/3005 10373
8.79 8.01 5.05 6/3005 10393
8.65 7.99 5.06 1/3004 10413
8.65 7.99 5.06 6/3004 10432
8.65 7.99 5.06 5/3004 10451
8.65 7.99 5.06 2/3004 10470
8.65 7.99 5.06 3/3006 10491
8.84 8.04 5.09 5/3006 10510
8.84 8.04 5.09 5/3006 10531
8.84 8.04 5.09 4/3005 10550
8.84 8.04 5.09 2/3005 10569
8.84 8.04 5.09 8/3005 10588
8.53 7.99 5.09 5/3005 10608
8.53 7.99 5.09 6/3005 10627
8.53 7.99 5.09 2/3005 10646
8.53 7.99 5.09 4/3002 10665
8.53 7.99 5.09 3/3001 10685
8.49 7.99 5.11 2/2994 10704
8.49 7.99 5.11 4/2992 10723
8.49 7.99 5.11 4/2999 10750
8.49 7.99 5.11 4/2987 10770
8.49 7.99 5.11 2/2985 10789
8.53 8.01 5.13 5/2983 10809
8.53 8.01 5.13 5/2983 10831
8.53 8.01 5.13 7/2983 10850
8.53 8.01 5.13 4/2981 10869
8.53 8.01 5.13 2/2981 10888
8.25 7.96 5.13 1/2981 10915
8.25 7.96 5.13 4/2981 10938
8.25 7.96 5.13 3/2981 10957
8.25 7.96 5.13 2/2981 10976
8.25 7.96 5.13 8/2981 10995
8.47 8.01 5.16 2/2981 11014
8.47 8.01 5.16 8/2981 11033
8.47 8.01 5.16 4/2981 11052
8.47 8.01 5.16 2/2981 11072
8.47 8.01 5.16 2/2981 11091
8.43 8.01 5.18 3/2981 11110
8.43 8.01 5.18 6/2981 11131
8.43 8.01 5.18 3/2981 11150
8.43 8.01 5.18 4/2988 11177
8.43 8.01 5.18 2/2988 11196
8.23 7.98 5.18 4/2981 11216
8.23 7.98 5.18 5/2980 11235
8.23 7.98 5.18 6/2980 11254
8.23 7.98 5.18 2/2980 11273
8.23 7.98 5.18 1/2980 11293
8.38 8.01 5.21 1/2980 11312
8.38 8.01 5.21 3/2980 11331
8.38 8.01 5.21 1/2980 11350
8.38 8.01 5.21 2/2980 11369
8.38 8.01 5.21 7/2980 11388
8.51 8.04 5.23 4/2980 11407
8.51 8.04 5.23 4/2980 11428
8.51 8.04 5.23 7/2980 11447
8.51 8.04 5.23 3/2980 11466
8.51 8.04 5.23 3/2980 11485
8.55 8.06 5.25 3/2980 11504
8.55 8.06 5.25 2/2980 11524
8.55 8.06 5.25 6/2980 11543
8.55 8.06 5.25 10/2980 11562
8.55 8.06 5.25 7/2980 11581
8.34 8.03 5.26 1/2987 11608
8.34 8.03 5.26 2/2980 11628
8.34 8.03 5.26 2/2980 11647
8.34 8.03 5.26 3/2980 11666
8.34 8.03 5.26 2/2980 11685
8.23 8.01 5.27 2/2980 11704
8.23 8.01 5.27 2/2980 11725
8.23 8.01 5.27 2/2980 11744
8.23 8.01 5.27 3/2980 11764
8.23 8.01 5.27 5/2980 11783
8.30 8.02 5.29 5/2980 11802
8.30 8.02 5.29 4/2986 11827
8.30 8.02 5.29 4/2985 11846
8.30 8.02 5.29 5/2986 11866
8.30 8.02 5.29 7/2986 11885
8.67 8.11 5.33 1/2995 11941
8.67 8.11 5.33 1/2993 11960
8.67 8.11 5.33 7/2993 11979
8.67 8.11 5.33 5/3000 12007
8.67 8.11 5.33 5/3000 12027
8.46 8.07 5.33 3/3000 12047
8.46 8.07 5.33 6/3007 12079
8.46 8.07 5.33 5/2993 12100
8.46 8.07 5.33 1/2991 12119
8.46 8.07 5.33 3/2991 12138
8.26 8.04 5.34 6/2991 12169
8.26 8.04 5.34 1/2990 12188
8.26 8.04 5.34 4/2990 12207
8.26 8.04 5.34 4/2990 12226
8.26 8.04 5.34 3/2990 12245
8.16 8.02 5.35 2/2990 12264
8.16 8.02 5.35 7/2990 12284
8.16 8.02 5.35 6/2990 12303
8.16 8.02 5.35 2/2990 12322
8.16 8.02 5.35 3/2990 12341
8.07 8.00 5.36 6/2990 12360
8.07 8.00 5.36 9/2989 12381
8.07 8.00 5.36 5/2989 12400
8.07 8.00 5.36 3/2990 12420
8.07 8.00 5.36 7/2990 12439
7.98 7.99 5.37 3/2990 12458
7.98 7.99 5.37 5/2990 12477
7.98 7.99 5.37 6/2997 12504
7.98 7.99 5.37 5/2997 12524
7.98 7.99 5.37 1/2990 12544
