797.15 2931.63
798.07 2934.85
799.06 2938.70
800.06 2942.78
801.05 2946.94
802.07 2951.43
803.06 2955.58
804.05 2959.51
805.05 2963.56
806.06 2967.27
807.06 2970.93
808.05 2974.57
809.06 2978.19
810.05 2981.79
811.05 2985.36
812.06 2989.08
813.05 2992.81
814.07 2996.65
815.06 3000.31
816.05 3003.72
817.06 3007.24
818.06 3010.99
819.07 3014.77
820.14 3018.79
821.05 3022.17
822.05 3025.90
823.05 3029.64
824.05 3033.43
825.05 3037.12
826.18 3041.45
827.05 3044.71
828.12 3048.71
829.08 3052.34
830.06 3055.93
831.05 3059.65
832.06 3063.47
833.05 3067.07
834.07 3070.85
835.06 3074.52
836.06 3078.20
837.07 3081.73
838.05 3085.11
839.05 3088.87
840.05 3092.60
841.05 3096.23
842.05 3099.98
843.07 3103.69
844.05 3107.26
845.06 3110.94
846.05 3114.54
847.11 3118.47
848.06 3121.99
849.06 3125.66
850.05 3129.34
851.07 3132.85
852.06 3136.51
853.07 3140.21
854.06 3143.81
855.06 3147.38
856.07 3151.07
857.06 3154.66
858.06 3158.09
859.05 3161.45
860.06 3165.12
861.06 3168.66
862.05 3172.31
863.05 3175.90
864.06 3179.64
865.06 3183.24
866.05 3186.82
867.05 3190.42
868.05 3194.05
869.05 3197.72
870.05 3201.29
871.06 3204.99
872.06 3208.74
873.06 3212.32
874.06 3215.90
875.05 3219.48
876.05 3223.03
877.05 3226.59
878.06 3230.18
879.05 3233.68
880.06 3236.96
881.07 3240.37
882.06 3243.94
883.05 3247.52
884.06 3251.08
885.05 3254.70
886.05 3258.21
887.06 3261.88
888.06 3265.50
889.05 3269.07
890.05 3272.72
891.07 3276.39
892.06 3279.94
893.06 3283.46
894.05 3286.97
895.05 3290.57
896.07 3294.23
897.06 3297.37
898.06 3300.95
899.05 3304.43
900.05 3307.66
901.07 3310.92
902.06 3314.14
903.06 3317.71
904.05 3321.29
905.07 3324.79
906.06 3328.24
907.07 3331.83
908.06 3335.29
909.07 3338.84
910.05 3342.29
911.06 3345.55
912.06 3349.09
913.06 3352.48
914.06 3356.02
915.06 3359.58
916.06 3362.33
917.07 3365.87
918.06 3369.37
919.06 3372.61
920.06 3376.07
921.06 3379.59
922.05 3382.90
923.06 3386.03
924.07 3389.43
925.07 3392.93
926.11 3396.50
927.06 3399.72
928.05 3403.21
929.07 3406.73
930.06 3410.21
931.06 3413.64
932.06 3417.01
933.06 3420.43
934.06 3423.86
935.06 3427.33
936.07 3430.90
937.06 3434.27
938.06 3437.71
939.06 3441.17
940.06 3444.61
941.06 3447.93
942.06 3451.42
943.05 3454.81
944.07 3457.99
945.06 3461.14
