9.20 8.68 5.02 23/3065 15754
9.20 8.68 5.02 13/3100 15841
9.34 8.72 5.05 7/3093 15864
9.34 8.72 5.05 6/3094 15886
9.34 8.72 5.05 4/3093 15905
9.34 8.72 5.05 5/3083 15937
9.34 8.72 5.05 3/3082 15957
9.32 8.72 5.07 2/3082 15976
9.32 8.72 5.07 5/3082 15998
9.32 8.72 5.07 8/3084 16023
9.32 8.72 5.07 3/3084 16050
9.32 8.72 5.07 3/3084 16069
9.13 8.69 5.08 5/3083 16088
9.13 8.69 5.08 2/3082 16107
9.13 8.69 5.08 5/3082 16126
9.13 8.69 5.08 7/3081 16145
9.13 8.69 5.08 3/3074 16164
9.12 8.70 5.10 8/3073 16192
9.12 8.70 5.10 6/3065 16214
9.12 8.70 5.10 5/3065 16233
9.12 8.70 5.10 8/3062 16252
9.12 8.70 5.10 3/3055 16271
9.35 8.75 5.14 4/3051 16290
9.35 8.75 5.14 4/3051 16309
9.35 8.75 5.14 4/3050 16328
9.35 8.75 5.14 8/3050 16348
9.35 8.75 5.14 6/3050 16367
9.56 8.81 5.18 5/3041 16387
9.56 8.81 5.18 6/3041 16406
9.56 8.81 5.18 3/3041 16425
9.56 8.81 5.18 9/3041 16444
9.56 8.81 5.18 4/3041 16463
9.84 8.88 5.22 7/3041 16482
9.84 8.88 5.22 4/3041 16503
9.84 8.88 5.22 3/3041 16522
9.84 8.88 5.22 4/3041 16541
9.84 8.88 5.22 7/3041 16560
10.41 9.01 5.28 2/3041 16579
10.41 9.01 5.28 7/3047 16607
10.41 9.01 5.28 4/3047 16626
10.41 9.01 5.28 6/3040 16646
10.41 9.01 5.28 10/3040 16665
10.06 8.96 5.29 5/3040 16684
10.06 8.96 5.29 3/3040 16703
10.06 8.96 5.29 4/3039 16722
10.06 8.96 5.29 4/3039 16741
10.06 8.96 5.29 5/3037 16760
9.89 8.95 5.30 4/3032 16780
9.89 8.95 5.30 5/3032 16802
9.89 8.95 5.30 5/3029 16821
9.89 8.95 5.30 6/3029 16840
9.89 8.95 5.30 4/3029 16859
9.98 8.98 5.33 3/3028 16890
9.98 8.98 5.33 4/3028 16909
9.40 8.92 5.39 5/3000 16971
9.40 8.92 5.39 6/3000 16992
9.93 9.04 5.45 16/3001 17012
9.93 9.04 5.45 6/3001 17033
9.93 9.04 5.45 6/3001 17052
9.93 9.04 5.45 7/3001 17072
9.93 9.04 5.45 4/3008 17099
9.94 9.05 5.47 4/3008 17119
9.94 9.05 5.47 9/3001 17138
9.94 9.05 5.47 7/3001 17157
9.94 9.05 5.47 4/3001 17176
9.94 9.05 5.47 6/3001 17195
9.94 9.07 5.50 6/3001 17214
9.94 9.07 5.50 9/3002 17234
9.94 9.07 5.50 7/3002 17253
9.94 9.07 5.50 5/3002 17272
9.94 9.07 5.50 8/3002 17292
9.79 9.05 5.51 6/3002 17311
9.79 9.05 5.51 2/3002 17332
9.79 9.05 5.51 6/3002 17351
9.79 9.05 5.51 3/3002 17370
9.79 9.05 5.51 6/3002 17389
9.72 9.05 5.53 3/3002 17408
9.72 9.05 5.53 3/3002 17427
9.72 9.05 5.53 3/3002 17446
9.72 9.05 5.53 6/3002 17465
9.72 9.05 5.53 4/3002 17485
9.83 9.08 5.56 10/3006 17508
9.83 9.08 5.56 8/3009 17531
9.83 9.08 5.56 6/3002 17551
9.83 9.08 5.56 5/3002 17570
9.83 9.08 5.56 6/3002 17589
9.84 9.10 5.58 5/3002 17609
9.84 9.10 5.58 5/3002 17630
9.84 9.10 5.58 5/3002 17649
9.84 9.10 5.58 7/3003 17672
9.84 9.10 5.58 5/3003 17691
9.77 9.09 5.60 6/3003 17723
9.77 9.09 5.60 5/3003 17742
9.77 9.09 5.60 6/3003 17761
9.77 9.09 5.60 5/3003 17780
9.77 9.09 5.60 5/3003 17799
9.55 9.06 5.61 9/3003 17818
9.55 9.06 5.61 4/3003 17837
9.55 9.06 5.61 3/3003 17856
9.55 9.06 5.61 18/2932 17877
9.55 9.06 5.61 5/2985 17994
9.27 9.01 5.61 11/2986 18014
9.27 9.01 5.61 4/2985 18036
9.27 9.01 5.61 3/2986 18057
9.27 9.01 5.61 5/2983 18077
9.27 9.01 5.61 4/2981 18097
9.00 8.96 5.61 4/2981 18116
9.00 8.96 5.61 3/2981 18135
9.00 8.96 5.61 4/2982 18155
9.00 8.96 5.61 4/2982 18174
9.00 8.96 5.61 3/2982 18202
9.00 8.96 5.63 2/2982 18225
9.00 8.96 5.63 6/2982 18245
9.00 8.96 5.63 3/2982 18264
9.00 8.96 5.63 5/2982 18283
9.00 8.96 5.63 5/2982 18303
8.68 8.89 5.63 2/2982 18322
8.68 8.89 5.63 2/2982 18343
8.68 8.89 5.63 3/2982 18362
8.68 8.89 5.63 5/2982 18381
8.68 8.89 5.63 4/2981 18401
8.87 8.93 5.66 3/2981 18420
8.87 8.93 5.66 1/2981 18439
8.87 8.93 5.66 3/2981 18459
8.87 8.93 5.66 15/2982 18481
8.87 8.93 5.66 3/2981 18501
8.88 8.93 5.68 5/2981 18520
8.88 8.93 5.68 3/2981 18539
