634.14 1837.05
635.09 1839.41
636.05 1842.22
637.05 1845.59
638.06 1849.04
639.05 1852.56
640.05 1856.30
641.05 1860.40
642.05 1864.35
643.06 1868.19
644.06 1871.89
645.05 1875.59
646.05 1879.07
647.05 1882.07
648.05 1885.00
649.04 1887.92
650.05 1890.95
651.04 1893.72
652.06 1896.40
653.05 1899.20
654.06 1902.08
655.05 1904.92
656.05 1907.74
657.04 1910.45
658.05 1913.34
659.06 1916.23
660.05 1919.07
661.05 1921.89
662.05 1924.72
663.05 1927.46
664.06 1930.31
665.05 1933.06
666.05 1935.76
667.06 1938.60
668.05 1941.38
669.05 1944.18
670.06 1947.06
671.06 1949.89
672.05 1952.51
673.06 1954.97
674.05 1957.58
675.06 1960.38
676.06 1963.18
677.06 1965.90
678.05 1968.60
679.06 1971.37
680.06 1974.25
681.05 1977.11
682.06 1980.07
683.05 1982.89
684.05 1985.78
685.06 1988.71
686.06 1991.64
687.05 1994.37
688.08 1997.16
710.05 2060.60
711.05 2063.43
712.06 2066.35
713.06 2069.07
714.05 2071.91
715.05 2074.60
716.06 2077.26
717.05 2080.02
718.05 2082.82
719.06 2085.67
720.05 2088.46
721.05 2091.15
722.05 2094.06
723.06 2096.85
724.06 2099.79
725.05 2102.65
726.06 2105.62
727.05 2108.59
728.05 2111.48
729.06 2114.42
730.05 2117.26
731.05 2120.11
732.06 2122.96
733.05 2125.82
734.05 2128.73
735.05 2131.58
736.05 2134.50
737.05 2136.96
738.06 2139.44
739.06 2142.25
740.05 2145.09
741.05 2147.94
742.05 2150.90
743.06 2153.88
744.05 2156.73
745.05 2159.70
746.06 2162.67
747.06 2165.60
748.05 2168.56
749.05 2171.51
750.06 2174.58
751.06 2177.55
752.06 2180.47
753.07 2183.33
754.06 2185.33
755.08 2185.82
756.06 2188.41
757.05 2190.15
758.06 2193.78
759.07 2197.42
760.06 2200.73
761.06 2204.43
762.06 2208.09
763.07 2211.76
764.06 2215.45
765.06 2218.99
766.06 2222.56
767.06 2226.16
768.05 2229.85
769.07 2233.60
770.06 2237.16
771.06 2240.85
772.06 2244.50
773.06 2248.09
774.05 2251.77
775.07 2255.47
776.06 2259.15
777.06 2262.78
778.06 2266.42
779.07 2270.13
780.06 2273.68
781.06 2277.42
782.05 2281.11
