8.69 10.48 9.99 5/3029 9338
8.69 10.48 9.99 2/3056 9406
8.69 10.48 9.99 2/3053 9427
8.69 10.48 9.99 1/3053 9447
8.56 10.42 9.97 2/3053 9466
8.56 10.42 9.97 2/3053 9485
8.56 10.42 9.97 3/3053 9504
8.56 10.42 9.97 6/3054 9525
8.56 10.42 9.97 7/3056 9547
8.51 10.38 9.96 1/3058 9580
8.51 10.38 9.96 3/3058 9604
8.51 10.38 9.96 6/3058 9624
8.51 10.38 9.96 10/3058 9643
8.51 10.38 9.96 7/3057 9664
8.63 10.38 9.96 4/3055 9684
8.63 10.38 9.96 4/3055 9705
8.63 10.38 9.96 3/3054 9724
8.63 10.38 9.96 6/3054 9743
8.63 10.38 9.96 12/3054 9762
8.74 10.37 9.96 3/3054 9781
8.74 10.37 9.96 7/3054 9800
8.74 10.37 9.96 3/3054 9819
8.74 10.37 9.96 4/3054 9839
8.74 10.37 9.96 9/3054 9858
9.00 10.40 9.97 6/3054 9879
9.00 10.40 9.97 5/3054 9899
9.00 10.40 9.97 7/3053 9918
9.00 10.40 9.97 10/3053 9937
9.00 10.40 9.97 4/3053 9956
8.92 10.36 9.96 9/3053 9975
8.92 10.36 9.96 3/3053 9996
8.92 10.36 9.96 4/3053 10015
8.92 10.36 9.96 3/3053 10034
8.92 10.36 9.96 4/3053 10053
9.01 10.35 9.96 5/3054 10075
9.01 10.35 9.96 4/3053 10095
9.01 10.35 9.96 4/3053 10114
9.01 10.35 9.96 9/3053 10133
9.01 10.35 9.96 2/3053 10152
9.41 10.41 9.98 4/3053 10171
9.41 10.41 9.98 4/3053 10190
9.41 10.41 9.98 5/3053 10210
9.41 10.41 9.98 9/3053 10229
9.41 10.41 9.98 4/3053 10248
9.29 10.37 9.97 4/3051 10267
9.29 10.37 9.97 2/3051 10288
9.29 10.37 9.97 3/3051 10308
9.29 10.37 9.97 5/3050 10327
9.29 10.37 9.97 4/3050 10346
9.19 10.33 9.96 11/3050 10365
9.19 10.33 9.96 9/3055 10391
9.19 10.33 9.96 2/3054 10410
9.19 10.33 9.96 4/3054 10429
9.19 10.33 9.96 4/3054 10448
9.01 10.28 9.95 9/3054 10467
9.01 10.28 9.95 2/3055 10500
9.01 10.28 9.95 5/3054 10520
9.01 10.28 9.95 4/3041 10540
9.01 10.28 9.95 2/3039 10559
8.93 10.24 9.94 8/3037 10578
8.93 10.24 9.94 12/3035 10599
8.93 10.24 9.94 3/3035 10618
8.93 10.24 9.94 11/3017 10637
8.93 10.24 9.94 3/3014 10656
9.02 10.23 9.94 2/3013 10675
9.02 10.23 9.94 3/3014 10695
9.02 10.23 9.94 7/3014 10714
9.02 10.23 9.94 4/3014 10733
9.02 10.23 9.94 4/3012 10752
9.10 10.23 9.94 3/3012 10772
9.10 10.23 9.94 7/3012 10791
9.10 10.23 9.94 5/3012 10810
9.10 10.23 9.94 6/3012 10829
9.10 10.23 9.94 57/2986 10848
13.17 11.06 10.21 4/2856 10867
13.17 11.06 10.21 3/2856 10888
13.17 11.06 10.21 6/2857 10909
13.17 11.06 10.21 4/2856 10929
13.17 11.06 10.21 5/2856 10948
13.80 11.22 10.26 4/2856 10967
13.80 11.22 10.26 3/2856 10986
13.80 11.22 10.26 6/2856 11006
13.80 11.22 10.26 4/2856 11025
13.80 11.22 10.26 13/2856 11044
13.82 11.27 10.29 6/2856 11063
13.82 11.27 10.29 10/2856 11082
13.82 11.27 10.29 5/2856 11101
13.82 11.27 10.29 11/2856 11120
13.82 11.27 10.29 5/2857 11140
14.15 11.38 10.33 8/2857 11159
14.15 11.38 10.33 8/2857 11180
14.15 11.38 10.33 8/2857 11199
14.15 11.38 10.33 8/2857 11219
14.15 11.38 10.33 11/2857 11238
13.74 11.34 10.32 8/2857 11257
13.74 11.34 10.32 5/2857 11276
13.74 11.34 10.32 5/2856 11295
13.74 11.34 10.32 5/2857 11316
13.74 11.34 10.32 2/2856 11336
13.44 11.32 10.32 3/2856 11355
13.44 11.32 10.32 13/2856 11374
13.44 11.32 10.32 6/2856 11394
13.44 11.32 10.32 6/2857 11414
13.44 11.32 10.32 8/2857 11434
13.40 11.35 10.33 6/2857 11454
13.40 11.35 10.33 3/2857 11475
13.40 11.35 10.33 8/2857 11494
13.40 11.35 10.33 8/2857 11513
13.40 11.35 10.33 4/2857 11532
13.29 11.36 10.34 3/2857 11551
13.29 11.36 10.34 6/2854 11570
13.29 11.36 10.34 6/2854 11593
13.29 11.36 10.34 14/2780 11612
13.29 11.36 10.34 49/2798 11667
13.59 11.45 10.38 8/2852 11752
13.59 11.45 10.38 10/2869 11806
13.59 11.45 10.38 1/2874 11849
13.59 11.45 10.38 1/2874 11868
13.59 11.45 10.38 2/2875 11889
13.06 11.38 10.36 2/2869 11910
13.06 11.38 10.36 2/2869 11931
13.06 11.38 10.36 5/2866 11952
13.06 11.38 10.36 4/2866 11971
13.06 11.38 10.36 1/2866 11990
12.82 11.35 10.36 2/2866 12009
12.82 11.35 10.36 2/2866 12028
12.82 11.35 10.36 22/2866 12048
12.82 11.35 10.36 8/2866 12069
12.82 11.35 10.36 3/2866 12088
12.35 11.28 10.34 2/2866 12107
12.35 11.28 10.34 5/2866 12126
12.35 11.28 10.34 2/2866 12146
12.35 11.28 10.34 6/2866 12165
12.35 11.28 10.34 3/2866 12184
11.84 11.19 10.32 3/2866 12203
11.84 11.19 10.32 3/2866 12224
11.84 11.19 10.32 2/2866 12244
11.84 11.19 10.32 3/2866 12263
11.84 11.19 10.32 5/2866 12282
11.53 11.14 10.30 4/2867 12303
11.53 11.14 10.30 8/2866 12323
11.53 11.14 10.30 2/2866 12343
11.53 11.14 10.30 3/2866 12362
11.53 11.14 10.30 6/2866 12382
11.25 11.09 10.29 3/2866 12401
11.25 11.09 10.29 5/2866 12421
11.25 11.09 10.29 4/2866 12440
11.25 11.09 10.29 3/2866 12460
11.25 11.09 10.29 7/2866 12479
