3333.96 11421.86
3334.90 11424.78
3335.88 11428.12
3336.89 11431.79
3337.88 11435.54
3338.89 11439.48
3339.87 11443.20
3340.88 11446.76
3341.88 11450.15
3342.89 11453.39
3343.88 11456.22
3344.89 11459.25
3345.89 11462.12
3346.89 11464.92
3347.89 11467.70
3348.88 11470.49
3349.88 11473.16
3350.88 11475.81
3351.90 11478.50
3352.88 11481.09
3353.88 11483.65
3354.88 11486.24
3355.88 11488.72
3356.90 11491.24
3357.88 11493.67
3358.88 11496.10
3359.88 11498.44
3360.89 11500.89
3361.88 11503.17
3362.89 11505.54
3363.88 11507.87
3364.89 11510.24
3365.88 11512.49
3366.88 11514.76
3367.88 11516.98
3368.88 11519.28
3369.88 11521.50
3370.89 11523.84
3371.88 11526.13
3372.89 11528.34
3373.88 11530.48
3374.89 11532.76
3375.88 11535.01
3376.88 11537.24
3377.89 11539.56
3378.88 11541.76
3379.89 11543.97
3380.88 11546.25
3381.88 11548.54
3382.89 11550.82
3383.89 11553.02
3384.88 11555.25
3385.89 11557.52
3386.88 11559.75
3387.88 11561.98
3388.88 11564.13
3389.89 11566.30
3390.89 11568.53
3391.89 11570.81
3392.91 11572.96
3393.89 11574.94
3394.88 11577.14
3395.88 11579.35
3396.90 11581.58
3397.88 11583.76
3398.89 11586.04
3399.89 11588.21
3400.88 11590.49
3401.89 11592.72
3402.89 11594.98
3403.89 11597.18
3404.89 11599.33
3405.88 11601.53
3406.89 11603.54
3407.89 11604.14
3408.89 11605.85
3409.89 11607.55
3410.89 11609.04
3411.89 11611.26
3412.89 11613.23
3413.89 11615.36
3414.88 11617.47
3415.89 11619.69
3416.90 11621.41
3417.90 11622.39
3418.89 11623.81
3419.90 11625.81
3420.91 11627.74
3421.90 11628.78
3422.89 11630.31
3423.90 11631.59
3424.88 11633.09
3425.90 11635.24
3426.88 11637.34
3427.89 11639.35
3428.88 11641.43
3429.90 11643.47
3430.89 11645.64
3431.89 11647.71
3432.88 11649.70
3433.89 11651.78
3434.89 11653.52
3435.90 11655.65
3436.89 11657.74
3437.89 11659.89
3438.89 11662.00
3439.89 11664.14
3440.89 11666.26
3441.89 11668.44
3442.89 11670.60
3443.89 11672.74
3444.89 11674.62
3445.90 11676.61
3446.90 11677.83
3447.89 11678.55
3448.89 11679.55
3449.89 11680.88
3450.89 11684.69
3451.89 11688.19
3452.89 11691.72
3453.88 11695.44
3454.89 11698.88
3455.89 11702.39
3456.89 11705.99
3457.89 11709.66
3458.89 11713.32
3459.88 11716.98
3460.89 11720.72
3461.89 11724.35
3462.89 11727.93
3463.88 11731.66
3464.89 11735.35
3465.90 11738.90
3466.89 11742.54
3467.89 11746.32
3468.89 11749.99
3469.89 11753.65
3470.88 11757.40
3471.89 11761.18
3472.88 11764.90
3473.88 11768.58
3474.89 11772.30
3475.89 11775.93
3476.89 11779.62
3477.88 11783.36
3478.89 11787.14
3479.88 11790.76
3480.89 11794.49
3481.90 11798.06
