9.37 9.36 9.02 13/3113 18474
9.37 9.36 9.02 4/3115 18496
9.37 9.36 9.02 9/3115 18515
9.34 9.35 9.02 8/3115 18535
9.34 9.35 9.02 2/3115 18562
9.34 9.35 9.02 5/3115 18581
9.34 9.35 9.02 7/3115 18600
9.34 9.35 9.02 5/3115 18619
9.72 9.43 9.05 4/3115 18638
9.72 9.43 9.05 4/3115 18657
9.72 9.43 9.05 1/3115 18676
9.72 9.43 9.05 2/3114 18695
9.72 9.43 9.05 6/3114 18714
9.50 9.39 9.04 6/3114 18733
9.50 9.39 9.04 8/3114 18753
9.50 9.39 9.04 3/3114 18772
9.50 9.39 9.04 3/3121 18799
9.50 9.39 9.04 6/3121 18819
9.86 9.47 9.06 2/3114 18838
9.86 9.47 9.06 7/3114 18857
9.86 9.47 9.06 4/3114 18876
9.86 9.47 9.06 3/3114 18895
9.86 9.47 9.06 7/3114 18914
9.71 9.44 9.06 2/3113 18933
9.71 9.44 9.06 3/3113 18952
9.71 9.44 9.06 7/3113 18971
9.71 9.44 9.06 8/3113 18991
9.71 9.44 9.06 4/3113 19010
9.65 9.44 9.06 9/3112 19029
9.65 9.44 9.06 2/3112 19048
9.65 9.44 9.06 6/3114 19070
9.65 9.44 9.06 2/3113 19089
9.65 9.44 9.06 8/3113 19108
9.60 9.43 9.06 5/3113 19127
9.60 9.43 9.06 6/3113 19146
9.60 9.43 9.06 4/3113 19165
9.60 9.43 9.06 6/3112 19184
9.60 9.43 9.06 6/3117 19211
9.31 9.37 9.04 3/3115 19231
9.31 9.37 9.04 4/3104 19251
9.31 9.37 9.04 6/3104 19270
9.31 9.37 9.04 4/3102 19289
9.31 9.37 9.04 2/3098 19308
9.21 9.35 9.03 2/3097 19327
9.21 9.35 9.03 2/3097 19346
9.21 9.35 9.03 4/3097 19365
9.21 9.35 9.03 2/3097 19384
9.21 9.35 9.03 7/3097 19403
9.51 9.41 9.06 4/3095 19435
9.51 9.41 9.06 2/3095 19454
9.51 9.41 9.06 4/3095 19473
9.51 9.41 9.06 5/3095 19492
9.51 9.41 9.06 5/3095 19511
9.47 9.40 9.06 3/3095 19530
9.47 9.40 9.06 1/3095 19549
9.47 9.40 9.06 3/3095 19568
9.47 9.40 9.06 3/3095 19587
9.47 9.40 9.06 2/3095 19606
9.67 9.45 9.07 2/3096 19629
9.67 9.45 9.07 4/3102 19656
9.67 9.45 9.07 5/3095 19677
9.67 9.45 9.07 1/3094 19696
9.67 9.45 9.07 5/3094 19715
9.62 9.44 9.07 3/3094 19734
9.62 9.44 9.07 2/3094 19753
9.62 9.44 9.07 3/3094 19772
9.62 9.44 9.07 5/3094 19791
9.62 9.44 9.07 3/3094 19810
9.57 9.43 9.07 5/3094 19829
9.57 9.43 9.07 7/3094 19848
9.57 9.43 9.07 3/3094 19867
9.57 9.43 9.07 5/3094 19887
9.57 9.43 9.07 3/3094 19906
9.84 9.49 9.09 5/3094 19926
9.84 9.49 9.09 4/3094 19945
9.84 9.49 9.09 6/3094 19964
9.84 9.49 9.09 13/3094 19983
9.84 9.49 9.09 3/3094 20002
10.26 9.58 9.12 6/3094 20021
10.26 9.58 9.12 5/3094 20040
10.26 9.58 9.12 6/3101 20069
10.26 9.58 9.12 3/3101 20090
10.26 9.58 9.12 3/3094 20110
10.00 9.54 9.11 4/3094 20130
10.00 9.54 9.11 2/3094 20149
10.00 9.54 9.11 6/3093 20169
10.00 9.54 9.11 7/3093 20188
10.00 9.54 9.11 6/3093 20207
9.75 9.50 9.10 2/3084 20226
9.75 9.50 9.10 2/3084 20245
9.75 9.50 9.10 6/3084 20265
9.75 9.50 9.10 7/3084 20284
9.75 9.50 9.10 4/3084 20303
9.85 9.52 9.11 2/3084 20322
9.85 9.52 9.11 6/3053 20342
9.85 9.52 9.11 2/3053 20361
9.85 9.52 9.11 7/3053 20380
9.85 9.52 9.11 2/3053 20399
10.19 9.60 9.14 7/3053 20418
10.19 9.60 9.14 6/3053 20437
10.19 9.60 9.14 7/3054 20457
10.19 9.60 9.14 4/3057 20479
10.19 9.60 9.14 5/3061 20503
10.01 9.57 9.13 7/3054 20523
10.01 9.57 9.13 4/3053 20542
10.01 9.57 9.13 3/3054 20562
10.01 9.57 9.13 3/3054 20582
10.01 9.57 9.13 4/3054 20605
9.93 9.56 9.13 6/3054 20636
9.93 9.56 9.13 5/3054 20655
9.93 9.56 9.13 5/3051 20674
9.93 9.56 9.13 6/3051 20694
9.93 9.56 9.13 2/3051 20713
9.70 9.52 9.12 3/3051 20733
9.70 9.52 9.12 7/3051 20752
9.70 9.52 9.12 7/3051 20771
9.70 9.52 9.12 1/3051 20790
9.70 9.52 9.12 5/3051 20810
9.48 9.47 9.11 3/3051 20829
9.48 9.47 9.11 4/3051 20848
9.48 9.47 9.11 3/3051 20867
9.48 9.47 9.11 6/3051 20886
9.48 9.47 9.11 4/3051 20905
9.52 9.48 9.11 5/3058 20932
9.52 9.48 9.11 4/3051 20952
9.52 9.48 9.11 3/3051 20971
9.52 9.48 9.11 4/3051 20990
9.40 9.46 9.10 6/3051 21010
9.40 9.46 9.10 2/3051 21029
9.40 9.46 9.10 4/3051 21048
9.40 9.46 9.10 2/3051 21067
9.40 9.46 9.10 2/3051 21086
9.61 9.50 9.12 5/3051 21105
9.61 9.50 9.12 5/3051 21124
9.61 9.50 9.12 4/3051 21143
9.61 9.50 9.12 4/3051 21162
9.61 9.50 9.12 3/3051 21181
9.72 9.53 9.13 6/3051 21200
9.72 9.53 9.13 5/3051 21219
9.72 9.53 9.13 5/3051 21239
9.72 9.53 9.13 4/3051 21258
9.72 9.53 9.13 2/3051 21277
9.58 9.50 9.12 3/3051 21296
9.58 9.50 9.12 7/3058 21323
9.58 9.50 9.12 7/3058 21342
9.58 9.50 9.12 3/3051 21362
9.58 9.50 9.12 8/3038 21381
9.37 9.46 9.11 7/3038 21400
9.37 9.46 9.11 4/3038 21419
9.37 9.46 9.11 6/3038 21439
9.37 9.46 9.11 9/3038 21459
9.37 9.46 9.11 4/3038 21478
9.58 9.50 9.13 6/3038 21497
9.58 9.50 9.13 6/3038 21516
9.58 9.50 9.13 5/3038 21535
9.58 9.50 9.13 2/3038 21554
9.58 9.50 9.13 2/3038 21573
9.58 9.50 9.13 7/3038 21592
9.38 9.46 9.12 2/3037 21611
9.38 9.46 9.12 4/3037 21630
9.38 9.46 9.12 5/3037 21649
9.38 9.46 9.12 7/3037 21668
9.27 9.43 9.11 1/3038 21689
9.27 9.43 9.11 6/3038 21708
9.27 9.43 9.11 5/3038 21727
9.27 9.43 9.11 6/3045 21754
9.27 9.43 9.11 8/3038 21774
9.01 9.38 9.09 3/3038 21809
9.01 9.38 9.09 4/3038 21828
9.01 9.38 9.09 9/3038 21847
9.01 9.38 9.09 3/3038 21866
9.01 9.38 9.09 5/3038 21885
8.93 9.35 9.09 11/3038 21904
8.93 9.35 9.09 13/3038 21924
8.93 9.35 9.09 3/3038 21943
8.93 9.35 9.09 4/3038 21962
8.93 9.35 9.09 5/3038 21981
8.93 9.35 9.09 8/3038 22000
9.25 9.42 9.11 1/3038 22019
9.25 9.42 9.11 3/3038 22038
9.25 9.42 9.11 4/3038 22057
9.25 9.42 9.11 7/3038 22076
9.25 9.42 9.11 4/3038 22095
9.07 9.37 9.10 2/3038 22114
9.07 9.37 9.10 5/3038 22134
9.07 9.37 9.10 8/3038 22153
9.07 9.37 9.10 7/3045 22180
9.07 9.37 9.10 6/3038 22200
9.07 9.37 9.10 6/3038 22219
9.07 9.37 9.10 2/3038 22238
9.07 9.37 9.10 2/3037 22257
9.07 9.37 9.10 3/3036 22276
9.07 9.37 9.10 2/3036 22295
8.82 9.31 9.08 6/3036 22315
8.82 9.31 9.08 3/3036 22334
8.82 9.31 9.08 4/3034 22353
8.82 9.31 9.08 3/3034 22373
8.82 9.31 9.08 7/3034 22392
