14198.45 51265.73
14199.33 51268.35
14200.33 51271.42
14201.32 51274.61
14202.32 51277.79
14203.32 51281.14
14204.32 51284.46
14205.33 51287.76
14206.32 51291.05
14207.32 51294.30
14208.33 51297.50
14209.32 51300.73
14210.31 51304.10
14211.32 51307.46
14212.32 51310.78
14213.32 51314.14
14214.32 51317.37
14215.32 51320.33
14216.32 51323.45
14217.32 51326.69
14218.33 51329.91
14219.31 51333.07
14220.33 51336.58
14221.34 51339.93
14222.32 51343.14
14223.32 51346.40
14224.32 51349.62
14225.32 51352.86
14226.33 51356.11
14227.32 51359.28
14228.33 51362.46
14229.31 51365.60
14230.32 51368.88
14231.32 51372.12
14232.34 51375.42
14233.32 51378.56
14234.33 51381.78
14235.30 51384.90
14236.34 51387.86
14237.32 51390.72
14238.31 51393.77
14239.31 51396.84
14240.32 51400.05
14241.33 51403.26
14242.31 51406.40
14243.32 51409.60
14244.32 51412.72
14245.31 51415.88
14246.34 51419.02
14247.33 51422.14
14248.31 51425.16
14249.33 51428.37
14250.31 51431.50
14251.33 51434.78
14252.33 51437.98
14253.31 51441.08
14254.33 51444.29
14255.31 51447.42
14256.33 51450.68
14257.32 51453.54
14258.33 51456.26
14259.33 51459.36
14260.31 51462.46
14261.33 51465.72
14262.32 51468.90
14263.31 51472.07
14264.31 51475.22
14265.32 51478.41
14266.33 51481.66
14267.31 51484.81
14268.33 51488.06
14269.33 51491.07
14270.34 51494.32
14271.32 51497.32
14272.32 51500.55
14273.35 51503.93
14274.33 51507.08
14275.31 51510.24
14276.31 51513.41
14277.31 51516.57
14278.32 51519.69
14279.31 51522.41
14280.32 51525.49
14281.32 51528.68
14282.32 51531.90
14283.33 51535.13
14284.31 51538.27
14285.33 51541.51
14286.39 51544.90
14287.32 51547.92
14288.34 51550.99
14289.31 51554.02
14290.31 51557.21
14291.32 51560.45
14292.32 51563.57
14293.33 51566.79
14294.32 51569.80
14295.32 51572.96
14296.32 51576.15
14297.31 51579.29
14298.31 51582.48
14299.34 51585.57
14300.30 51588.32
14301.33 51591.36
14302.33 51594.53
14303.32 51597.71
14304.32 51600.83
14305.34 51604.08
14306.34 51607.19
14307.34 51610.35
14308.32 51613.46
14309.33 51616.46
14310.31 51619.55
14311.33 51622.82
14312.32 51625.93
14313.33 51629.16
14314.31 51632.28
14315.35 51635.55
14316.33 51638.60
14317.32 51641.73
14318.32 51644.89
14319.34 51647.99
14320.31 51651.08
14321.32 51654.12
14322.32 51656.97
14324.35 51663.71
14325.34 51666.91
14326.34 51670.07
14327.32 51673.16
14328.33 51676.31
14329.31 51679.26
14330.31 51682.43
14331.31 51685.61
14332.34 51688.87
14333.32 51691.91
14334.33 51695.10
14335.31 51698.23
14336.32 51701.43
14337.34 51704.61
14338.32 51707.69
14339.34 51710.79
14340.32 51713.89
14341.35 51717.21
14342.32 51720.19
14343.32 51723.05
14344.34 51726.09
14345.31 51729.12
14346.32 51732.25
14347.32 51735.37
14348.34 51738.55
14349.31 51741.48
14350.32 51744.63
14351.32 51747.78
14352.31 51750.96
14353.31 51754.08
14354.31 51757.19
14355.31 51760.37
14356.30 51763.48
14357.34 51766.74
14358.35 51769.90
14359.33 51772.80
14360.35 51775.99
14361.32 51778.89
14362.31 51782.06
14363.31 51785.18
14364.33 51788.10
14365.35 51790.98
14366.32 51793.95
14367.35 51797.18
14368.31 51800.19
14369.33 51803.26
14370.31 51806.36
14371.32 51809.51
14372.32 51812.67
14373.33 51815.86
14374.32 51818.99
14375.34 51822.25
14376.31 51825.24
14377.32 51828.43
14378.32 51831.57
14379.32 51834.57
14380.34 51837.77
14381.32 51840.85
14382.32 51844.01
14383.33 51847.18
14384.32 51850.30
14385.34 51853.38
14386.32 51856.09
14387.32 51859.13
14388.32 51862.28
14389.32 51865.27
14390.31 51868.45
14391.33 51871.65
14392.35 51874.91
14393.33 51878.01
14394.32 51881.14
14395.32 51884.23
14396.32 51887.37
